/global/u1/s/ssingh79/convolutional_autoencoder-master/Models/embed_tsne.py:46: VisibleDeprecationWarning: using a non-integer number instead of an integer will result in an error in the future
  if(G[embed_x,embed_y]!=0):
/global/u1/s/ssingh79/convolutional_autoencoder-master/Models/embed_tsne.py:58: VisibleDeprecationWarning: using a non-integer number instead of an integer will result in an error in the future
  G[embed_x:embed_x+s, embed_y:embed_y+s] = I
Loading data...
('Calling ', 'train_data_64k.h5', '......')
('Printing Train set ', array([[-0.01032324,  0.00679525,  0.0022744 , ..., -0.00186596,
        -0.00139782, -0.00295408],
       [ 0.03064897,  0.00953815,  0.03919139, ..., -0.04416131,
        -0.01501628, -0.03169146],
       [-0.00054488,  0.03779386,  0.03071115, ...,  0.03494589,
        -0.00192948, -0.01491482],
       ..., 
       [-0.01792001, -0.0332757 , -0.03511935, ..., -0.02660589,
        -0.02870286, -0.0296263 ],
       [-0.01097497, -0.01258439, -0.03759458, ...,  0.01413019,
        -0.02485162, -0.02055037],
       [-0.04255074, -0.04967483, -0.02673387, ...,  0.01248583,
         0.0289001 , -0.00986743]]))
('X_train shape ', (64000, 16384))
('Training Set : ', array([[ -4.36438695e-02,  -4.12517227e-02,  -3.93467359e-02, ...,
         -1.82720032e-02,  -5.42672526e-04,  -1.57596767e-02],
       [  1.12507790e-02,   9.37433739e-04,   5.37144626e-03, ...,
         -2.89962683e-02,  -1.75747219e-02,   4.94573684e-03],
       [ -1.24526588e-04,  -3.42291011e-03,   1.94246601e-02, ...,
         -2.82146037e-02,  -1.61250234e-02,  -4.74361256e-02],
       ..., 
       [ -4.00856137e-03,  -1.59146935e-02,  -1.89487264e-02, ...,
          1.18542938e-02,  -2.45835911e-03,  -1.77346002e-02],
       [ -1.19444006e-03,   1.18994437e-01,   3.94489849e-03, ...,
          1.80751197e-02,  -1.00119477e-02,  -1.31847858e-02],
       [  4.58091907e-02,   9.46497843e-02,   1.39139071e-01, ...,
          3.81357805e-03,   1.58328470e-02,   1.68596837e-03]]))
(800, 16384)
('Validation Set : ', array([[-0.01332434, -0.00455561,  0.00204018, ...,  0.02240178,
         0.04924744,  0.01653862],
       [-0.02316356, -0.02170055, -0.03103018, ...,  0.01667225,
         0.00198876,  0.0040469 ],
       [ 0.00323355,  0.01663766,  0.06691073, ..., -0.00505085,
        -0.00947964, -0.03724942],
       ..., 
       [ 0.07216591,  0.05886417,  0.01119034, ...,  0.00574207,
        -0.00518448,  0.006256  ],
       [-0.02018602, -0.03135945, -0.01026317, ..., -0.00864748,
        -0.02411048, -0.01773736],
       [-0.00443866, -0.0176265 , -0.02691837, ..., -0.01053506,
         0.00420894,  0.02246577]]))
(100, 16384)
('Test Set : ', array([[ 0.02230994,  0.04582466,  0.05403462, ...,  0.03418215,
         0.04192598,  0.05443716],
       [-0.01408168, -0.00365062,  0.00035774, ..., -0.02634001,
        -0.03452135, -0.00159596],
       [ 0.02709548,  0.00278512,  0.01933478, ..., -0.05142241,
        -0.04614708, -0.04716168],
       ..., 
       [-0.01196613, -0.01492568, -0.00414533, ..., -0.0146745 ,
         0.03573522,  0.04995654],
       [-0.03880448, -0.04598095, -0.02979158, ..., -0.00700288,
        -0.01376712,  0.00738359],
       [-0.02899988, -0.03114453, -0.03422605, ..., -0.00460682,
        -0.00082168,  0.0012304 ]]))
(100, 16384)
Saving Training image .............
Saving histogram of raw image.....
('Normalized Training data : ', array([[ -4.27177644e-02,  -4.24666908e-02,  -3.72223453e-02, ...,
         -1.61606752e-02,  -8.20575607e-05,  -1.51841862e-02],
       [  1.34229515e-02,   2.77596716e-03,   7.11376588e-03, ...,
         -2.59674573e-02,  -1.65681348e-02,   5.18015417e-03],
       [  1.78943499e-03,  -1.89996291e-03,   2.10469095e-02, ...,
         -2.52526657e-02,  -1.51649072e-02,  -4.63388399e-02],
       ..., 
       [ -2.18276447e-03,  -1.52958572e-02,  -1.69986158e-02, ...,
          1.13882549e-02,  -1.93633571e-03,  -1.71265775e-02],
       [  6.95235286e-04,   1.29377518e-01,   5.69940650e-03, ...,
          1.70768764e-02,  -9.24778967e-03,  -1.26517107e-02],
       [  4.87658133e-02,   1.03270885e-01,   1.39738484e-01, ...,
          4.03543901e-03,   1.57685352e-02,   1.97408273e-03]]))
('Mean : ', 1.6534083130403942e-19)
('min : ', -0.091325259000487852)
('max : ', 0.67761797790000089)
('Valid set min : ', -0.089120303143829613)
('Valid set max : ', 0.83316991223613535)
('Test set min : ', -0.0872037474473535)
('Test set max : ', 0.83681046437120221)
(800, 1, 128, 128)
(100, 1, 128, 128)
(100, 1, 128, 128)
Saving sampled training images.......
Building model and compiling functions.........
('Input shape : ', (None, 1, 128, 128))
('Conv layer 1 : ', (None, 64, 64, 64))
('Conv layer 2 : ', (None, 32, 32, 32))
('Conv layer 3 : ', (None, 16, 16, 16))
('Bottleneck layer: ', (None, 4096))
('Reshape Layer : ', (None, 16, 16, 16))
('Deconv layer 1 : ', (None, 32, 32, 32))
('Deconv layer 2 : ', (None, 64, 64, 64))
('Deconv layer 3 : ', (None, 1, 128, 128))
('Final layer Shape : ', (None, 1, 128, 128))
Created Lasagne Layers & Network established !!! 
('Get the output layer : ', Elemwise{mul,no_inplace}.0)
('Get all the parameters : ', [W, b, W, b, W, b, W, b, W, b, W, b, W, b])
Starting training...
Epoch 1 of 400 took 37.767s
  training loss:		0.001254
  validation loss:		0.001251
('Average Reconstruction Error -- ', 0.001254446790426463)
Plotting the learning curve .........
Network Parameters saved!!!!!!!!
Running prediction function on Validation data
Saving reconstructed images .........
Saving histogram of reconstructed image.....
Epoch 2 of 400 took 34.035s
  training loss:		0.001250
  validation loss:		0.001251
Epoch 3 of 400 took 34.038s
  training loss:		0.001249
  validation loss:		0.001251
Epoch 4 of 400 took 33.958s
  training loss:		0.001251
  validation loss:		0.001251
Epoch 5 of 400 took 33.403s
  training loss:		0.001250
  validation loss:		0.001251
Epoch 6 of 400 took 33.276s
  training loss:		0.001250
  validation loss:		0.001251
Epoch 7 of 400 took 33.304s
  training loss:		0.001252
  validation loss:		0.001251
Epoch 8 of 400 took 33.300s
  training loss:		0.001251
  validation loss:		0.001251
Epoch 9 of 400 took 33.295s
  training loss:		0.001249
  validation loss:		0.001251
Epoch 10 of 400 took 33.310s
  training loss:		0.001249
  validation loss:		0.001251
Epoch 11 of 400 took 33.307s
  training loss:		0.001251
  validation loss:		0.001251
('Average Reconstruction Error -- ', 0.001250645423139996)
Plotting the learning curve .........
Network Parameters saved!!!!!!!!
Running prediction function on Validation data
Saving reconstructed images .........
Saving histogram of reconstructed image.....
Epoch 12 of 400 took 34.842s
  training loss:		0.001250
  validation loss:		0.001251
Epoch 13 of 400 took 33.058s
  training loss:		0.001249
  validation loss:		0.001251
Epoch 14 of 400 took 33.104s
  training loss:		0.001250
  validation loss:		0.001251
Epoch 15 of 400 took 33.020s
  training loss:		0.001248
  validation loss:		0.001251
Epoch 16 of 400 took 33.042s
  training loss:		0.001249
  validation loss:		0.001251
Epoch 17 of 400 took 33.065s
  training loss:		0.001249
  validation loss:		0.001251
Epoch 18 of 400 took 33.039s
  training loss:		0.001246
  validation loss:		0.001251
Epoch 19 of 400 took 33.064s
  training loss:		0.001247
  validation loss:		0.001251
Epoch 20 of 400 took 33.038s
  training loss:		0.001247
  validation loss:		0.001251
Epoch 21 of 400 took 33.000s
  training loss:		0.001249
  validation loss:		0.001251
('Average Reconstruction Error -- ', 0.0012496384164609842)
Plotting the learning curve .........
Network Parameters saved!!!!!!!!
Running prediction function on Validation data
Saving reconstructed images .........
Saving histogram of reconstructed image.....
Epoch 22 of 400 took 39.432s
  training loss:		0.001249
  validation loss:		0.001251
Epoch 23 of 400 took 35.203s
  training loss:		0.001250
  validation loss:		0.001251
Epoch 24 of 400 took 34.096s
  training loss:		0.001251
  validation loss:		0.001251
Epoch 25 of 400 took 34.117s
  training loss:		0.001252
  validation loss:		0.001251
Epoch 26 of 400 took 33.746s
  training loss:		0.001253
  validation loss:		0.001251
Epoch 27 of 400 took 33.125s
  training loss:		0.001250
  validation loss:		0.001251
Epoch 28 of 400 took 33.146s
  training loss:		0.001254
  validation loss:		0.001251
Epoch 29 of 400 took 33.169s
  training loss:		0.001250
  validation loss:		0.001251
Epoch 30 of 400 took 33.390s
  training loss:		0.001252
  validation loss:		0.001251
Epoch 31 of 400 took 33.105s
  training loss:		0.001250
  validation loss:		0.001251
('Average Reconstruction Error -- ', 0.0012500722293199886)
Plotting the learning curve .........
Network Parameters saved!!!!!!!!
Running prediction function on Validation data
Saving reconstructed images .........
Saving histogram of reconstructed image.....
Epoch 32 of 400 took 34.233s
  training loss:		0.001249
  validation loss:		0.001251
Epoch 33 of 400 took 34.157s
  training loss:		0.001252
  validation loss:		0.001251
Epoch 34 of 400 took 34.140s
  training loss:		0.001250
  validation loss:		0.001251
Epoch 35 of 400 took 34.160s
  training loss:		0.001253
  validation loss:		0.001251
Epoch 36 of 400 took 33.666s
  training loss:		0.001251
  validation loss:		0.001251
Epoch 37 of 400 took 33.122s
  training loss:		0.001246
  validation loss:		0.001251
Epoch 38 of 400 took 33.109s
  training loss:		0.001250
  validation loss:		0.001251
Epoch 39 of 400 took 33.122s
  training loss:		0.001248
  validation loss:		0.001251
Epoch 40 of 400 took 33.078s
  training loss:		0.001250
  validation loss:		0.001251
Epoch 41 of 400 took 33.062s
  training loss:		0.001251
  validation loss:		0.001251
('Average Reconstruction Error -- ', 0.0012500972424173975)
Plotting the learning curve .........
Network Parameters saved!!!!!!!!
Running prediction function on Validation data
Saving reconstructed images .........
Saving histogram of reconstructed image.....
Epoch 42 of 400 took 34.208s
  training loss:		0.001249
  validation loss:		0.001251
Epoch 43 of 400 took 33.452s
  training loss:		0.001250
  validation loss:		0.001251
Epoch 44 of 400 took 33.049s
  training loss:		0.001247
  validation loss:		0.001251
Epoch 45 of 400 took 33.072s
  training loss:		0.001251
  validation loss:		0.001251
Epoch 46 of 400 took 33.044s
  training loss:		0.001249
  validation loss:		0.001251
Epoch 47 of 400 took 33.048s
  training loss:		0.001250
  validation loss:		0.001251
Epoch 48 of 400 took 32.967s
  training loss:		0.001248
  validation loss:		0.001251
Epoch 49 of 400 took 33.026s
  training loss:		0.001249
  validation loss:		0.001251
Epoch 50 of 400 took 33.022s
  training loss:		0.001247
  validation loss:		0.001251
Epoch 51 of 400 took 33.047s
  training loss:		0.001249
  validation loss:		0.001251
('Average Reconstruction Error -- ', 0.0012498563612006509)
Plotting the learning curve .........
Network Parameters saved!!!!!!!!
Running prediction function on Validation data
Saving reconstructed images .........
Saving histogram of reconstructed image.....
Epoch 52 of 400 took 34.401s
  training loss:		0.001250
  validation loss:		0.001251
Epoch 53 of 400 took 34.298s
  training loss:		0.001251
  validation loss:		0.001251
Epoch 54 of 400 took 34.307s
  training loss:		0.001254
  validation loss:		0.001251
Epoch 55 of 400 took 34.331s
  training loss:		0.001248
  validation loss:		0.001251
Epoch 56 of 400 took 34.369s
  training loss:		0.001251
  validation loss:		0.001251
Epoch 57 of 400 took 34.009s
  training loss:		0.001249
  validation loss:		0.001251
Epoch 58 of 400 took 34.274s
  training loss:		0.001248
  validation loss:		0.001251
Epoch 59 of 400 took 33.583s
  training loss:		0.001250
  validation loss:		0.001251
Epoch 60 of 400 took 33.056s
  training loss:		0.001249
  validation loss:		0.001251
Epoch 61 of 400 took 33.052s
  training loss:		0.001247
  validation loss:		0.001251
('Average Reconstruction Error -- ', 0.0012498112304904592)
Plotting the learning curve .........
Network Parameters saved!!!!!!!!
Running prediction function on Validation data
Saving reconstructed images .........
Saving histogram of reconstructed image.....
Epoch 62 of 400 took 33.826s
  training loss:		0.001251
  validation loss:		0.001251
Epoch 63 of 400 took 34.129s
  training loss:		0.001250
  validation loss:		0.001251
Epoch 64 of 400 took 34.111s
  training loss:		0.001247
  validation loss:		0.001251
Epoch 65 of 400 took 34.180s
  training loss:		0.001251
  validation loss:		0.001251
Epoch 66 of 400 took 34.099s
  training loss:		0.001251
  validation loss:		0.001251
Epoch 67 of 400 took 34.151s
  training loss:		0.001247
  validation loss:		0.001251
Epoch 68 of 400 took 34.122s
  training loss:		0.001246
  validation loss:		0.001251
Epoch 69 of 400 took 34.084s
  training loss:		0.001249
  validation loss:		0.001251
Epoch 70 of 400 took 34.071s
  training loss:		0.001243
  validation loss:		0.001251
Epoch 71 of 400 took 34.120s
  training loss:		0.001250
  validation loss:		0.001251
('Average Reconstruction Error -- ', 0.001249621339485726)
Plotting the learning curve .........
Network Parameters saved!!!!!!!!
Running prediction function on Validation data
Saving reconstructed images .........
Saving histogram of reconstructed image.....
Epoch 72 of 400 took 35.252s
  training loss:		0.001249
  validation loss:		0.001251
Epoch 73 of 400 took 32.865s
  training loss:		0.001252
  validation loss:		0.001251
Epoch 74 of 400 took 32.884s
  training loss:		0.001248
  validation loss:		0.001251
Epoch 75 of 400 took 32.847s
  training loss:		0.001255
  validation loss:		0.001251
Epoch 76 of 400 took 32.881s
  training loss:		0.001251
  validation loss:		0.001251
Epoch 77 of 400 took 32.842s
  training loss:		0.001249
  validation loss:		0.001251
Epoch 78 of 400 took 32.904s
  training loss:		0.001245
  validation loss:		0.001251
Epoch 79 of 400 took 32.891s
  training loss:		0.001252
  validation loss:		0.001251
Epoch 80 of 400 took 32.876s
  training loss:		0.001250
  validation loss:		0.001251
Epoch 81 of 400 took 32.891s
  training loss:		0.001247
  validation loss:		0.001251
('Average Reconstruction Error -- ', 0.0012496441238238191)
Plotting the learning curve .........
Network Parameters saved!!!!!!!!
Running prediction function on Validation data
Saving reconstructed images .........
Saving histogram of reconstructed image.....
Epoch 82 of 400 took 32.862s
  training loss:		0.001247
  validation loss:		0.001251
Epoch 83 of 400 took 32.792s
  training loss:		0.001251
  validation loss:		0.001251
Epoch 84 of 400 took 32.797s
  training loss:		0.001249
  validation loss:		0.001251
Epoch 85 of 400 took 32.792s
  training loss:		0.001249
  validation loss:		0.001251
Epoch 86 of 400 took 32.854s
  training loss:		0.001252
  validation loss:		0.001251
Epoch 87 of 400 took 32.812s
  training loss:		0.001245
  validation loss:		0.001251
Epoch 88 of 400 took 32.767s
  training loss:		0.001248
  validation loss:		0.001251
Epoch 89 of 400 took 32.846s
  training loss:		0.001250
  validation loss:		0.001251
Epoch 90 of 400 took 32.856s
  training loss:		0.001249
  validation loss:		0.001251
Epoch 91 of 400 took 32.814s
  training loss:		0.001248
  validation loss:		0.001251
('Average Reconstruction Error -- ', 0.0012495381283707903)
Plotting the learning curve .........
Network Parameters saved!!!!!!!!
Running prediction function on Validation data
Saving reconstructed images .........
Saving histogram of reconstructed image.....
Epoch 92 of 400 took 33.387s
  training loss:		0.001252
  validation loss:		0.001251
Epoch 93 of 400 took 33.123s
  training loss:		0.001251
  validation loss:		0.001251
Epoch 94 of 400 took 32.819s
  training loss:		0.001252
  validation loss:		0.001251
Epoch 95 of 400 took 32.822s
  training loss:		0.001249
  validation loss:		0.001251
Epoch 96 of 400 took 32.820s
  training loss:		0.001248
  validation loss:		0.001251
Epoch 97 of 400 took 32.860s
  training loss:		0.001251
  validation loss:		0.001251
Epoch 98 of 400 took 32.804s
  training loss:		0.001252
  validation loss:		0.001251
Epoch 99 of 400 took 32.834s
  training loss:		0.001250
  validation loss:		0.001251
Epoch 100 of 400 took 32.869s
  training loss:		0.001245
  validation loss:		0.001251
Epoch 101 of 400 took 32.846s
  training loss:		0.001251
  validation loss:		0.001251
('Average Reconstruction Error -- ', 0.001249598607388987)
Plotting the learning curve .........
Network Parameters saved!!!!!!!!
Running prediction function on Validation data
Saving reconstructed images .........
Saving histogram of reconstructed image.....
Epoch 102 of 400 took 33.716s
  training loss:		0.001247
  validation loss:		0.001251
Epoch 103 of 400 took 33.726s
  training loss:		0.001249
  validation loss:		0.001251
Epoch 104 of 400 took 33.756s
  training loss:		0.001253
  validation loss:		0.001251
Epoch 105 of 400 took 33.727s
  training loss:		0.001248
  validation loss:		0.001251
Epoch 106 of 400 took 33.734s
  training loss:		0.001248
  validation loss:		0.001251
Epoch 107 of 400 took 33.482s
  training loss:		0.001251
  validation loss:		0.001251
Epoch 108 of 400 took 32.876s
  training loss:		0.001252
  validation loss:		0.001251
Epoch 109 of 400 took 32.604s
  training loss:		0.001251
  validation loss:		0.001251
Epoch 110 of 400 took 32.567s
  training loss:		0.001250
  validation loss:		0.001251
Epoch 111 of 400 took 32.556s
  training loss:		0.001252
  validation loss:		0.001251
('Average Reconstruction Error -- ', 0.0012496561777816007)
Plotting the learning curve .........
Network Parameters saved!!!!!!!!
Running prediction function on Validation data
Saving reconstructed images .........
Saving histogram of reconstructed image.....
Epoch 112 of 400 took 32.997s
  training loss:		0.001248
  validation loss:		0.001251
Epoch 113 of 400 took 32.822s
  training loss:		0.001250
  validation loss:		0.001251
Epoch 114 of 400 took 32.825s
  training loss:		0.001248
  validation loss:		0.001251
Epoch 115 of 400 took 32.811s
  training loss:		0.001247
  validation loss:		0.001251
Epoch 116 of 400 took 32.846s
  training loss:		0.001249
  validation loss:		0.001251
Epoch 117 of 400 took 32.866s
  training loss:		0.001249
  validation loss:		0.001251
Epoch 118 of 400 took 32.807s
  training loss:		0.001250
  validation loss:		0.001251
Epoch 119 of 400 took 32.822s
  training loss:		0.001246
  validation loss:		0.001251
Epoch 120 of 400 took 32.827s
  training loss:		0.001249
  validation loss:		0.001251
Epoch 121 of 400 took 32.828s
  training loss:		0.001249
  validation loss:		0.001251
('Average Reconstruction Error -- ', 0.0012495451302942213)
Plotting the learning curve .........
Network Parameters saved!!!!!!!!
Running prediction function on Validation data
Saving reconstructed images .........
Saving histogram of reconstructed image.....
Epoch 122 of 400 took 33.347s
  training loss:		0.001252
  validation loss:		0.001251
Epoch 123 of 400 took 33.371s
  training loss:		0.001253
  validation loss:		0.001251
Epoch 124 of 400 took 33.371s
  training loss:		0.001248
  validation loss:		0.001251
Epoch 125 of 400 took 32.853s
  training loss:		0.001247
  validation loss:		0.001251
Epoch 126 of 400 took 32.804s
  training loss:		0.001250
  validation loss:		0.001251
Epoch 127 of 400 took 32.842s
  training loss:		0.001252
  validation loss:		0.001251
Epoch 128 of 400 took 32.821s
  training loss:		0.001248
  validation loss:		0.001251
Epoch 129 of 400 took 32.802s
  training loss:		0.001250
  validation loss:		0.001251
Epoch 130 of 400 took 32.811s
  training loss:		0.001251
  validation loss:		0.001251
Epoch 131 of 400 took 32.768s
  training loss:		0.001251
  validation loss:		0.001251
('Average Reconstruction Error -- ', 0.0012495836630866152)
Plotting the learning curve .........
Network Parameters saved!!!!!!!!
Running prediction function on Validation data
Saving reconstructed images .........
Saving histogram of reconstructed image.....
Epoch 132 of 400 took 33.037s
  training loss:		0.001249
  validation loss:		0.001251
Epoch 133 of 400 took 32.945s
  training loss:		0.001253
  validation loss:		0.001251
Epoch 134 of 400 took 32.908s
  training loss:		0.001248
  validation loss:		0.001251
Epoch 135 of 400 took 32.877s
  training loss:		0.001249
  validation loss:		0.001251
Epoch 136 of 400 took 32.926s
  training loss:		0.001248
  validation loss:		0.001251
Epoch 137 of 400 took 32.868s
  training loss:		0.001252
  validation loss:		0.001251
Epoch 138 of 400 took 32.857s
  training loss:		0.001248
  validation loss:		0.001251
Epoch 139 of 400 took 32.880s
  training loss:		0.001250
  validation loss:		0.001251
Epoch 140 of 400 took 32.910s
  training loss:		0.001250
  validation loss:		0.001251
Epoch 141 of 400 took 32.907s
  training loss:		0.001250
  validation loss:		0.001251
('Average Reconstruction Error -- ', 0.0012495861173755628)
Plotting the learning curve .........
Network Parameters saved!!!!!!!!
Running prediction function on Validation data
Saving reconstructed images .........
Saving histogram of reconstructed image.....
Epoch 142 of 400 took 33.467s
  training loss:		0.001247
  validation loss:		0.001251
Epoch 143 of 400 took 33.751s
  training loss:		0.001251
  validation loss:		0.001251
Epoch 144 of 400 took 33.786s
  training loss:		0.001252
  validation loss:		0.001251
Epoch 145 of 400 took 33.757s
  training loss:		0.001246
  validation loss:		0.001251
Epoch 146 of 400 took 33.797s
  training loss:		0.001252
  validation loss:		0.001251
Epoch 147 of 400 took 32.857s
  training loss:		0.001250
  validation loss:		0.001251
Epoch 148 of 400 took 32.908s
  training loss:		0.001248
  validation loss:		0.001251
Epoch 149 of 400 took 32.742s
  training loss:		0.001254
  validation loss:		0.001251
Epoch 150 of 400 took 32.746s
  training loss:		0.001251
  validation loss:		0.001251
Epoch 151 of 400 took 32.740s
  training loss:		0.001249
  validation loss:		0.001251
('Average Reconstruction Error -- ', 0.0012496071669630294)
Plotting the learning curve .........
Network Parameters saved!!!!!!!!
Running prediction function on Validation data
Saving reconstructed images .........
Saving histogram of reconstructed image.....
Epoch 152 of 400 took 32.774s
  training loss:		0.001250
  validation loss:		0.001251
Epoch 153 of 400 took 32.772s
  training loss:		0.001249
  validation loss:		0.001251
Epoch 154 of 400 took 32.781s
  training loss:		0.001251
  validation loss:		0.001251
Epoch 155 of 400 took 32.766s
  training loss:		0.001248
  validation loss:		0.001251
Epoch 156 of 400 took 32.727s
  training loss:		0.001249
  validation loss:		0.001251
Epoch 157 of 400 took 32.770s
  training loss:		0.001252
  validation loss:		0.001251
Epoch 158 of 400 took 32.741s
  training loss:		0.001249
  validation loss:		0.001251
Epoch 159 of 400 took 32.753s
  training loss:		0.001248
  validation loss:		0.001251
Epoch 160 of 400 took 32.748s
  training loss:		0.001249
  validation loss:		0.001251
Epoch 161 of 400 took 32.785s
  training loss:		0.001254
  validation loss:		0.001251
('Average Reconstruction Error -- ', 0.0012496272614856262)
Plotting the learning curve .........
Network Parameters saved!!!!!!!!
Running prediction function on Validation data
Saving reconstructed images .........
Saving histogram of reconstructed image.....
Epoch 162 of 400 took 33.577s
  training loss:		0.001251
  validation loss:		0.001251
Epoch 163 of 400 took 33.597s
  training loss:		0.001247
  validation loss:		0.001251
Epoch 164 of 400 took 33.659s
  training loss:		0.001250
  validation loss:		0.001251
Epoch 165 of 400 took 33.611s
  training loss:		0.001249
  validation loss:		0.001251
Epoch 166 of 400 took 33.100s
  training loss:		0.001248
  validation loss:		0.001251
Epoch 167 of 400 took 32.829s
  training loss:		0.001253
  validation loss:		0.001251
Epoch 168 of 400 took 32.868s
  training loss:		0.001250
  validation loss:		0.001251
Epoch 169 of 400 took 32.868s
  training loss:		0.001254
  validation loss:		0.001251
Epoch 170 of 400 took 32.866s
  training loss:		0.001250
  validation loss:		0.001251
Epoch 171 of 400 took 32.824s
  training loss:		0.001253
  validation loss:		0.001251
('Average Reconstruction Error -- ', 0.00124967853683047)
Plotting the learning curve .........
Network Parameters saved!!!!!!!!
Running prediction function on Validation data
Saving reconstructed images .........
Saving histogram of reconstructed image.....
Epoch 172 of 400 took 36.131s
  training loss:		0.001250
  validation loss:		0.001251
Epoch 173 of 400 took 32.761s
  training loss:		0.001251
  validation loss:		0.001251
Epoch 174 of 400 took 32.786s
  training loss:		0.001250
  validation loss:		0.001251
Epoch 175 of 400 took 32.767s
  training loss:		0.001248
  validation loss:		0.001251
Epoch 176 of 400 took 32.753s
  training loss:		0.001250
  validation loss:		0.001251
Epoch 177 of 400 took 32.810s
  training loss:		0.001252
  validation loss:		0.001251
Epoch 178 of 400 took 32.782s
  training loss:		0.001252
  validation loss:		0.001251
Epoch 179 of 400 took 32.741s
  training loss:		0.001250
  validation loss:		0.001251
Epoch 180 of 400 took 32.851s
  training loss:		0.001249
  validation loss:		0.001251
Epoch 181 of 400 took 32.822s
  training loss:		0.001248
  validation loss:		0.001251
('Average Reconstruction Error -- ', 0.0012497034068374004)
Plotting the learning curve .........
Network Parameters saved!!!!!!!!
Running prediction function on Validation data
Saving reconstructed images .........
Saving histogram of reconstructed image.....
Epoch 182 of 400 took 33.119s
  training loss:		0.001252
  validation loss:		0.001251
Epoch 183 of 400 took 33.084s
  training loss:		0.001248
  validation loss:		0.001251
Epoch 184 of 400 took 33.104s
  training loss:		0.001253
  validation loss:		0.001251
Epoch 185 of 400 took 33.135s
  training loss:		0.001251
  validation loss:		0.001251
Epoch 186 of 400 took 33.105s
  training loss:		0.001247
  validation loss:		0.001251
Epoch 187 of 400 took 33.119s
  training loss:		0.001248
  validation loss:		0.001251
Epoch 188 of 400 took 33.102s
  training loss:		0.001250
  validation loss:		0.001251
Epoch 189 of 400 took 33.139s
  training loss:		0.001248
  validation loss:		0.001251
Epoch 190 of 400 took 33.134s
  training loss:		0.001251
  validation loss:		0.001251
Epoch 191 of 400 took 33.067s
  training loss:		0.001243
  validation loss:		0.001251
('Average Reconstruction Error -- ', 0.001249670716198048)
Plotting the learning curve .........
Network Parameters saved!!!!!!!!
Running prediction function on Validation data
Saving reconstructed images .........
Saving histogram of reconstructed image.....
Epoch 192 of 400 took 38.611s
  training loss:		0.001250
  validation loss:		0.001251
Epoch 193 of 400 took 32.732s
  training loss:		0.001250
  validation loss:		0.001251
Epoch 194 of 400 took 32.776s
  training loss:		0.001253
  validation loss:		0.001251
Epoch 195 of 400 took 32.712s
  training loss:		0.001245
  validation loss:		0.001251
Epoch 196 of 400 took 32.791s
  training loss:		0.001249
  validation loss:		0.001251
Epoch 197 of 400 took 32.777s
  training loss:		0.001250
  validation loss:		0.001251
Epoch 198 of 400 took 32.738s
  training loss:		0.001250
  validation loss:		0.001251
Epoch 199 of 400 took 32.866s
  training loss:		0.001249
  validation loss:		0.001251
Epoch 200 of 400 took 32.712s
  training loss:		0.001252
  validation loss:		0.001251
Epoch 201 of 400 took 32.680s
  training loss:		0.001246
  validation loss:		0.001251
('Average Reconstruction Error -- ', 0.0012496565278469608)
Plotting the learning curve .........
Network Parameters saved!!!!!!!!
Running prediction function on Validation data
Saving reconstructed images .........
Saving histogram of reconstructed image.....
Epoch 202 of 400 took 32.838s
  training loss:		0.001249
  validation loss:		0.001251
Epoch 203 of 400 took 32.651s
  training loss:		0.001248
  validation loss:		0.001251
Epoch 204 of 400 took 32.653s
  training loss:		0.001249
  validation loss:		0.001251
Epoch 205 of 400 took 32.662s
  training loss:		0.001250
  validation loss:		0.001251
Epoch 206 of 400 took 32.607s
  training loss:		0.001249
  validation loss:		0.001251
Epoch 207 of 400 took 32.624s
  training loss:		0.001250
  validation loss:		0.001251
Epoch 208 of 400 took 32.671s
  training loss:		0.001250
  validation loss:		0.001251
Epoch 209 of 400 took 32.602s
  training loss:		0.001250
  validation loss:		0.001251
Epoch 210 of 400 took 32.604s
  training loss:		0.001251
  validation loss:		0.001251
Epoch 211 of 400 took 32.610s
  training loss:		0.001251
  validation loss:		0.001251
('Average Reconstruction Error -- ', 0.0012496610312232581)
Plotting the learning curve .........
Network Parameters saved!!!!!!!!
Running prediction function on Validation data
Saving reconstructed images .........
Saving histogram of reconstructed image.....
Epoch 212 of 400 took 32.449s
  training loss:		0.001248
  validation loss:		0.001251
Epoch 213 of 400 took 32.429s
  training loss:		0.001249
  validation loss:		0.001251
Epoch 214 of 400 took 32.430s
  training loss:		0.001247
  validation loss:		0.001251
Epoch 215 of 400 took 32.384s
  training loss:		0.001249
  validation loss:		0.001251
Epoch 216 of 400 took 32.422s
  training loss:		0.001249
  validation loss:		0.001251
Epoch 217 of 400 took 32.404s
  training loss:		0.001249
  validation loss:		0.001251
Epoch 218 of 400 took 32.412s
  training loss:		0.001248
  validation loss:		0.001251
Epoch 219 of 400 took 32.457s
  training loss:		0.001250
  validation loss:		0.001251
Epoch 220 of 400 took 32.383s
  training loss:		0.001250
  validation loss:		0.001251
Epoch 221 of 400 took 32.390s
  training loss:		0.001252
  validation loss:		0.001251
('Average Reconstruction Error -- ', 0.0012496374194093582)
Plotting the learning curve .........
Network Parameters saved!!!!!!!!
Running prediction function on Validation data
Saving reconstructed images .........
Saving histogram of reconstructed image.....
Epoch 222 of 400 took 33.142s
  training loss:		0.001251
  validation loss:		0.001251
Epoch 223 of 400 took 32.705s
  training loss:		0.001248
  validation loss:		0.001251
Epoch 224 of 400 took 32.710s
  training loss:		0.001252
  validation loss:		0.001251
Epoch 225 of 400 took 32.724s
  training loss:		0.001252
  validation loss:		0.001251
Epoch 226 of 400 took 32.699s
  training loss:		0.001252
  validation loss:		0.001251
Epoch 227 of 400 took 32.708s
  training loss:		0.001252
  validation loss:		0.001251
Epoch 228 of 400 took 32.752s
  training loss:		0.001252
  validation loss:		0.001251
Epoch 229 of 400 took 32.735s
  training loss:		0.001250
  validation loss:		0.001251
Epoch 230 of 400 took 32.765s
  training loss:		0.001252
  validation loss:		0.001251
Epoch 231 of 400 took 32.743s
  training loss:		0.001249
  validation loss:		0.001251
('Average Reconstruction Error -- ', 0.0012496919270963017)
Plotting the learning curve .........
Network Parameters saved!!!!!!!!
Running prediction function on Validation data
Saving reconstructed images .........
Saving histogram of reconstructed image.....
Epoch 232 of 400 took 33.683s
  training loss:		0.001254
  validation loss:		0.001251
Epoch 233 of 400 took 32.950s
  training loss:		0.001249
  validation loss:		0.001251
Epoch 234 of 400 took 32.737s
  training loss:		0.001249
  validation loss:		0.001251
Epoch 235 of 400 took 32.690s
  training loss:		0.001248
  validation loss:		0.001251
Epoch 236 of 400 took 32.650s
  training loss:		0.001252
  validation loss:		0.001251
Epoch 237 of 400 took 32.666s
  training loss:		0.001250
  validation loss:		0.001251
Epoch 238 of 400 took 32.700s
  training loss:		0.001247
  validation loss:		0.001251
Epoch 239 of 400 took 32.715s
  training loss:		0.001251
  validation loss:		0.001251
Epoch 240 of 400 took 32.745s
  training loss:		0.001250
  validation loss:		0.001251
Epoch 241 of 400 took 32.720s
  training loss:		0.001252
  validation loss:		0.001251
('Average Reconstruction Error -- ', 0.0012497130476604192)
Plotting the learning curve .........
Network Parameters saved!!!!!!!!
Running prediction function on Validation data
Saving reconstructed images .........
Saving histogram of reconstructed image.....
Epoch 242 of 400 took 32.540s
  training loss:		0.001250
  validation loss:		0.001251
Epoch 243 of 400 took 32.535s
  training loss:		0.001253
  validation loss:		0.001251
Epoch 244 of 400 took 32.553s
  training loss:		0.001247
  validation loss:		0.001251
Epoch 245 of 400 took 32.523s
  training loss:		0.001252
  validation loss:		0.001251
Epoch 246 of 400 took 32.515s
  training loss:		0.001250
  validation loss:		0.001251
Epoch 247 of 400 took 32.570s
  training loss:		0.001251
  validation loss:		0.001251
Epoch 248 of 400 took 32.575s
  training loss:		0.001246
  validation loss:		0.001251
Epoch 249 of 400 took 32.523s
  training loss:		0.001248
  validation loss:		0.001251
Epoch 250 of 400 took 32.557s
  training loss:		0.001251
  validation loss:		0.001251
Epoch 251 of 400 took 32.535s
  training loss:		0.001251
  validation loss:		0.001251
('Average Reconstruction Error -- ', 0.001249720526069171)
Plotting the learning curve .........
Network Parameters saved!!!!!!!!
Running prediction function on Validation data
Saving reconstructed images .........
Saving histogram of reconstructed image.....
Epoch 252 of 400 took 32.632s
  training loss:		0.001252
  validation loss:		0.001251
Epoch 253 of 400 took 32.575s
  training loss:		0.001250
  validation loss:		0.001251
Epoch 254 of 400 took 32.649s
  training loss:		0.001251
  validation loss:		0.001251
Epoch 255 of 400 took 32.658s
  training loss:		0.001251
  validation loss:		0.001251
Epoch 256 of 400 took 32.595s
  training loss:		0.001251
  validation loss:		0.001251
Epoch 257 of 400 took 32.630s
  training loss:		0.001245
  validation loss:		0.001251
Epoch 258 of 400 took 32.661s
  training loss:		0.001247
  validation loss:		0.001251
Epoch 259 of 400 took 32.626s
  training loss:		0.001249
  validation loss:		0.001251
Epoch 260 of 400 took 32.624s
  training loss:		0.001251
  validation loss:		0.001251
Epoch 261 of 400 took 32.616s
  training loss:		0.001250
  validation loss:		0.001251
('Average Reconstruction Error -- ', 0.0012497222411397633)
Plotting the learning curve .........
Network Parameters saved!!!!!!!!
Running prediction function on Validation data
Saving reconstructed images .........
Saving histogram of reconstructed image.....
Epoch 262 of 400 took 33.889s
  training loss:		0.001255
  validation loss:		0.001251
Epoch 263 of 400 took 32.527s
  training loss:		0.001250
  validation loss:		0.001251
Epoch 264 of 400 took 32.556s
  training loss:		0.001249
  validation loss:		0.001251
Epoch 265 of 400 took 32.575s
  training loss:		0.001249
  validation loss:		0.001251
Epoch 266 of 400 took 32.566s
  training loss:		0.001252
  validation loss:		0.001251
Epoch 267 of 400 took 32.551s
  training loss:		0.001249
  validation loss:		0.001251
Epoch 268 of 400 took 32.551s
  training loss:		0.001246
  validation loss:		0.001251
Epoch 269 of 400 took 32.554s
  training loss:		0.001252
  validation loss:		0.001251
Epoch 270 of 400 took 32.562s
  training loss:		0.001248
  validation loss:		0.001251
Epoch 271 of 400 took 32.530s
  training loss:		0.001249
  validation loss:		0.001251
('Average Reconstruction Error -- ', 0.001249727452582298)
Plotting the learning curve .........
Network Parameters saved!!!!!!!!
Running prediction function on Validation data
Saving reconstructed images .........
Saving histogram of reconstructed image.....
Epoch 272 of 400 took 34.594s
  training loss:		0.001249
  validation loss:		0.001251
Epoch 273 of 400 took 32.647s
  training loss:		0.001246
  validation loss:		0.001251
Epoch 274 of 400 took 32.659s
  training loss:		0.001251
  validation loss:		0.001251
Epoch 275 of 400 took 32.669s
  training loss:		0.001248
  validation loss:		0.001251
Epoch 276 of 400 took 32.633s
  training loss:		0.001250
  validation loss:		0.001251
Epoch 277 of 400 took 32.660s
  training loss:		0.001249
  validation loss:		0.001251
Epoch 278 of 400 took 32.664s
  training loss:		0.001249
  validation loss:		0.001251
Epoch 279 of 400 took 32.665s
  training loss:		0.001250
  validation loss:		0.001251
Epoch 280 of 400 took 32.647s
  training loss:		0.001246
  validation loss:		0.001251
Epoch 281 of 400 took 32.691s
  training loss:		0.001248
  validation loss:		0.001251
('Average Reconstruction Error -- ', 0.0012496912060870173)
Plotting the learning curve .........
Network Parameters saved!!!!!!!!
Running prediction function on Validation data
Saving reconstructed images .........
Saving histogram of reconstructed image.....
Epoch 282 of 400 took 33.331s
  training loss:		0.001251
  validation loss:		0.001251
Epoch 283 of 400 took 33.185s
  training loss:		0.001250
  validation loss:		0.001251
Epoch 284 of 400 took 32.822s
  training loss:		0.001249
  validation loss:		0.001251
Epoch 285 of 400 took 32.937s
  training loss:		0.001251
  validation loss:		0.001251
Epoch 286 of 400 took 32.931s
  training loss:		0.001248
  validation loss:		0.001251
Epoch 287 of 400 took 32.957s
  training loss:		0.001250
  validation loss:		0.001251
Epoch 288 of 400 took 32.906s
  training loss:		0.001251
  validation loss:		0.001251
Epoch 289 of 400 took 32.957s
  training loss:		0.001251
  validation loss:		0.001251
Epoch 290 of 400 took 32.923s
  training loss:		0.001248
  validation loss:		0.001251
Epoch 291 of 400 took 32.947s
  training loss:		0.001250
  validation loss:		0.001251
('Average Reconstruction Error -- ', 0.0012496955195247024)
Plotting the learning curve .........
Network Parameters saved!!!!!!!!
Running prediction function on Validation data
Saving reconstructed images .........
Saving histogram of reconstructed image.....
Epoch 292 of 400 took 33.652s
  training loss:		0.001251
  validation loss:		0.001251
Epoch 293 of 400 took 32.557s
  training loss:		0.001250
  validation loss:		0.001251
Epoch 294 of 400 took 32.541s
  training loss:		0.001249
  validation loss:		0.001251
Epoch 295 of 400 took 32.539s
  training loss:		0.001251
  validation loss:		0.001251
Epoch 296 of 400 took 32.936s
  training loss:		0.001248
  validation loss:		0.001251
Epoch 297 of 400 took 32.669s
  training loss:		0.001249
  validation loss:		0.001251
Epoch 298 of 400 took 33.584s
  training loss:		0.001251
  validation loss:		0.001251
Epoch 299 of 400 took 33.467s
  training loss:		0.001251
  validation loss:		0.001251
Epoch 300 of 400 took 32.839s
  training loss:		0.001253
  validation loss:		0.001251
Epoch 301 of 400 took 32.812s
  training loss:		0.001250
  validation loss:		0.001251
('Average Reconstruction Error -- ', 0.0012497119715047047)
Plotting the learning curve .........
Network Parameters saved!!!!!!!!
Running prediction function on Validation data
Saving reconstructed images .........
Saving histogram of reconstructed image.....
Epoch 302 of 400 took 32.586s
  training loss:		0.001251
  validation loss:		0.001251
Epoch 303 of 400 took 32.592s
  training loss:		0.001250
  validation loss:		0.001251
Epoch 304 of 400 took 32.606s
  training loss:		0.001250
  validation loss:		0.001251
Epoch 305 of 400 took 32.601s
  training loss:		0.001248
  validation loss:		0.001251
Epoch 306 of 400 took 32.545s
  training loss:		0.001250
  validation loss:		0.001251
Epoch 307 of 400 took 32.558s
  training loss:		0.001251
  validation loss:		0.001251
Epoch 308 of 400 took 32.567s
  training loss:		0.001247
  validation loss:		0.001251
Epoch 309 of 400 took 32.605s
  training loss:		0.001251
  validation loss:		0.001251
Epoch 310 of 400 took 32.578s
  training loss:		0.001248
  validation loss:		0.001251
Epoch 311 of 400 took 32.586s
  training loss:		0.001248
  validation loss:		0.001251
('Average Reconstruction Error -- ', 0.0012497011109684636)
Plotting the learning curve .........
Network Parameters saved!!!!!!!!
Running prediction function on Validation data
Saving reconstructed images .........
Saving histogram of reconstructed image.....
Epoch 312 of 400 took 33.954s
  training loss:		0.001248
  validation loss:		0.001251
Epoch 313 of 400 took 32.627s
  training loss:		0.001250
  validation loss:		0.001251
Epoch 314 of 400 took 32.587s
  training loss:		0.001248
  validation loss:		0.001251
Epoch 315 of 400 took 32.641s
  training loss:		0.001248
  validation loss:		0.001251
Epoch 316 of 400 took 32.591s
  training loss:		0.001250
  validation loss:		0.001251
Epoch 317 of 400 took 32.596s
  training loss:		0.001248
  validation loss:		0.001251
Epoch 318 of 400 took 32.575s
  training loss:		0.001248
  validation loss:		0.001251
Epoch 319 of 400 took 32.604s
  training loss:		0.001251
  validation loss:		0.001251
Epoch 320 of 400 took 32.606s
  training loss:		0.001253
  validation loss:		0.001251
Epoch 321 of 400 took 32.590s
  training loss:		0.001252
  validation loss:		0.001251
('Average Reconstruction Error -- ', 0.0012496984525333034)
Plotting the learning curve .........
Network Parameters saved!!!!!!!!
Running prediction function on Validation data
Saving reconstructed images .........
Saving histogram of reconstructed image.....
Epoch 322 of 400 took 34.458s
  training loss:		0.001248
  validation loss:		0.001251
Epoch 323 of 400 took 32.650s
  training loss:		0.001252
  validation loss:		0.001251
Epoch 324 of 400 took 32.652s
  training loss:		0.001248
  validation loss:		0.001251
Epoch 325 of 400 took 32.663s
  training loss:		0.001251
  validation loss:		0.001251
Epoch 326 of 400 took 32.650s
  training loss:		0.001254
  validation loss:		0.001251
Epoch 327 of 400 took 32.672s
  training loss:		0.001250
  validation loss:		0.001251
Epoch 328 of 400 took 32.690s
  training loss:		0.001252
  validation loss:		0.001251
Epoch 329 of 400 took 32.652s
  training loss:		0.001253
  validation loss:		0.001251
Epoch 330 of 400 took 32.643s
  training loss:		0.001252
  validation loss:		0.001251
Epoch 331 of 400 took 32.642s
  training loss:		0.001252
  validation loss:		0.001251
('Average Reconstruction Error -- ', 0.0012497398890918276)
Plotting the learning curve .........
Network Parameters saved!!!!!!!!
Running prediction function on Validation data
Saving reconstructed images .........
Saving histogram of reconstructed image.....
Epoch 332 of 400 took 33.174s
  training loss:		0.001250
  validation loss:		0.001251
Epoch 333 of 400 took 33.202s
  training loss:		0.001251
  validation loss:		0.001251
Epoch 334 of 400 took 33.230s
  training loss:		0.001251
  validation loss:		0.001251
Epoch 335 of 400 took 33.211s
  training loss:		0.001250
  validation loss:		0.001251
Epoch 336 of 400 took 33.256s
  training loss:		0.001253
  validation loss:		0.001251
Epoch 337 of 400 took 33.222s
  training loss:		0.001246
  validation loss:		0.001251
Epoch 338 of 400 took 33.277s
  training loss:		0.001256
  validation loss:		0.001251
Epoch 339 of 400 took 33.234s
  training loss:		0.001251
  validation loss:		0.001251
Epoch 340 of 400 took 33.227s
  training loss:		0.001250
  validation loss:		0.001251
Epoch 341 of 400 took 33.260s
  training loss:		0.001250
  validation loss:		0.001251
('Average Reconstruction Error -- ', 0.0012497704891225308)
Plotting the learning curve .........
Network Parameters saved!!!!!!!!
Running prediction function on Validation data
Saving reconstructed images .........
Saving histogram of reconstructed image.....
Epoch 342 of 400 took 33.245s
  training loss:		0.001248
  validation loss:		0.001251
Epoch 343 of 400 took 32.505s
  training loss:		0.001245
  validation loss:		0.001251
Epoch 344 of 400 took 32.515s
  training loss:		0.001253
  validation loss:		0.001251
Epoch 345 of 400 took 32.572s
  training loss:		0.001247
  validation loss:		0.001251
Epoch 346 of 400 took 32.504s
  training loss:		0.001249
  validation loss:		0.001251
Epoch 347 of 400 took 32.568s
  training loss:		0.001245
  validation loss:		0.001251
Epoch 348 of 400 took 32.537s
  training loss:		0.001246
  validation loss:		0.001251
Epoch 349 of 400 took 32.554s
  training loss:		0.001252
  validation loss:		0.001251
Epoch 350 of 400 took 32.539s
  training loss:		0.001251
  validation loss:		0.001251
Epoch 351 of 400 took 32.544s
  training loss:		0.001252
  validation loss:		0.001251
('Average Reconstruction Error -- ', 0.0012497429150468021)
Plotting the learning curve .........
Network Parameters saved!!!!!!!!
Running prediction function on Validation data
Saving reconstructed images .........
Saving histogram of reconstructed image.....
Epoch 352 of 400 took 33.581s
  training loss:		0.001253
  validation loss:		0.001251
Epoch 353 of 400 took 33.524s
  training loss:		0.001252
  validation loss:		0.001251
Epoch 354 of 400 took 33.010s
  training loss:		0.001251
  validation loss:		0.001251
Epoch 355 of 400 took 32.996s
  training loss:		0.001249
  validation loss:		0.001251
Epoch 356 of 400 took 32.967s
  training loss:		0.001250
  validation loss:		0.001251
Epoch 357 of 400 took 32.994s
  training loss:		0.001248
  validation loss:		0.001251
Epoch 358 of 400 took 32.970s
  training loss:		0.001248
  validation loss:		0.001251
Epoch 359 of 400 took 33.018s
  training loss:		0.001252
  validation loss:		0.001251
Epoch 360 of 400 took 32.968s
  training loss:		0.001251
  validation loss:		0.001251
Epoch 361 of 400 took 33.008s
  training loss:		0.001251
  validation loss:		0.001251
('Average Reconstruction Error -- ', 0.0012497687543855599)
Plotting the learning curve .........
Network Parameters saved!!!!!!!!
Running prediction function on Validation data
Saving reconstructed images .........
Saving histogram of reconstructed image.....
Epoch 362 of 400 took 33.687s
  training loss:		0.001253
  validation loss:		0.001251
Epoch 363 of 400 took 33.338s
  training loss:		0.001253
  validation loss:		0.001251
Epoch 364 of 400 took 33.304s
  training loss:		0.001251
  validation loss:		0.001251
Epoch 365 of 400 took 33.287s
  training loss:		0.001249
  validation loss:		0.001251
Epoch 366 of 400 took 32.648s
  training loss:		0.001247
  validation loss:		0.001251
Epoch 367 of 400 took 32.633s
  training loss:		0.001250
  validation loss:		0.001251
Epoch 368 of 400 took 32.655s
  training loss:		0.001251
  validation loss:		0.001251
Epoch 369 of 400 took 32.641s
  training loss:		0.001250
  validation loss:		0.001251
Epoch 370 of 400 took 32.678s
  training loss:		0.001249
  validation loss:		0.001251
Epoch 371 of 400 took 32.654s
  training loss:		0.001251
  validation loss:		0.001251
('Average Reconstruction Error -- ', 0.0012497882635065965)
Plotting the learning curve .........
Network Parameters saved!!!!!!!!
Running prediction function on Validation data
Saving reconstructed images .........
Saving histogram of reconstructed image.....
Epoch 372 of 400 took 33.004s
  training loss:		0.001252
  validation loss:		0.001251
Epoch 373 of 400 took 32.912s
  training loss:		0.001246
  validation loss:		0.001251
Epoch 374 of 400 took 32.682s
  training loss:		0.001251
  validation loss:		0.001251
Epoch 375 of 400 took 32.423s
  training loss:		0.001246
  validation loss:		0.001251
Epoch 376 of 400 took 32.430s
  training loss:		0.001254
  validation loss:		0.001251
Epoch 377 of 400 took 32.411s
  training loss:		0.001250
  validation loss:		0.001251
Epoch 378 of 400 took 32.402s
  training loss:		0.001250
  validation loss:		0.001251
Epoch 379 of 400 took 32.426s
  training loss:		0.001248
  validation loss:		0.001251
Epoch 380 of 400 took 32.423s
  training loss:		0.001250
  validation loss:		0.001251
Epoch 381 of 400 took 32.416s
  training loss:		0.001248
  validation loss:		0.001251
('Average Reconstruction Error -- ', 0.0012497823453529746)
Plotting the learning curve .........
Network Parameters saved!!!!!!!!
Running prediction function on Validation data
Saving reconstructed images .........
Saving histogram of reconstructed image.....
Epoch 382 of 400 took 34.355s
  training loss:		0.001253
  validation loss:		0.001251
Epoch 383 of 400 took 33.188s
  training loss:		0.001247
  validation loss:		0.001251
Epoch 384 of 400 took 32.857s
  training loss:		0.001246
  validation loss:		0.001251
Epoch 385 of 400 took 32.640s
  training loss:		0.001252
  validation loss:		0.001251
Epoch 386 of 400 took 32.655s
  training loss:		0.001252
  validation loss:		0.001251
Epoch 387 of 400 took 32.679s
  training loss:		0.001246
  validation loss:		0.001251
Epoch 388 of 400 took 32.663s
  training loss:		0.001250
  validation loss:		0.001251
Epoch 389 of 400 took 32.659s
  training loss:		0.001253
  validation loss:		0.001251
Epoch 390 of 400 took 32.668s
  training loss:		0.001251
  validation loss:		0.001251
Epoch 391 of 400 took 32.691s
  training loss:		0.001250
  validation loss:		0.001251
('Average Reconstruction Error -- ', 0.0012497826718562393)
Plotting the learning curve .........
Network Parameters saved!!!!!!!!
Running prediction function on Validation data
Saving reconstructed images .........
Saving histogram of reconstructed image.....
Epoch 392 of 400 took 33.419s
  training loss:		0.001250
  validation loss:		0.001251
Epoch 393 of 400 took 33.774s
  training loss:		0.001251
  validation loss:		0.001251
Epoch 394 of 400 took 32.829s
  training loss:		0.001253
  validation loss:		0.001251
Epoch 395 of 400 took 32.727s
  training loss:		0.001251
  validation loss:		0.001251
Epoch 396 of 400 took 32.635s
  training loss:		0.001254
  validation loss:		0.001251
Epoch 397 of 400 took 32.678s
  training loss:		0.001253
  validation loss:		0.001251
Epoch 398 of 400 took 32.639s
  training loss:		0.001253
  validation loss:		0.001251
Epoch 399 of 400 took 32.657s
  training loss:		0.001251
  validation loss:		0.001251
Epoch 400 of 400 took 32.662s
  training loss:		0.001246
  validation loss:		0.001251
Creating hdf5 file for 100 pred images and saving to ./output_files/.......
Visualizing Saliency map .........
Saving T-sne vector
Visualizing t-sne
('BN VECTOR ------', (800, 4096))
('Tsne vector shape ----------- ', (800, 2))
('Done -- ', 0, '/', 800)
('Done -- ', 100, '/', 800)
('Done -- ', 200, '/', 800)
('Done -- ', 300, '/', 800)
('Done -- ', 400, '/', 800)
('Done -- ', 500, '/', 800)
('Done -- ', 600, '/', 800)
('Done -- ', 700, '/', 800)
