0.01
50
submitted a job
Submitted batch job 2773317
0.01
60
submitted a job
Submitted batch job 2773318
0.01
70
submitted a job
Submitted batch job 2773319
0.01
80
submitted a job
Submitted batch job 2773320
0.01
90
submitted a job
Submitted batch job 2773321
0.01
100
submitted a job
Submitted batch job 2773322
0.1
50
submitted a job
Submitted batch job 2773323
0.1
60
submitted a job
Submitted batch job 2773324
0.1
70
submitted a job
Submitted batch job 2773325
0.1
80
submitted a job
Submitted batch job 2773326
0.1
90
submitted a job
Submitted batch job 2773327
0.1
100
submitted a job
Submitted batch job 2773328
1.
50
submitted a job
Submitted batch job 2773329
1.
60
submitted a job
Submitted batch job 2773330
1.
70
submitted a job
Submitted batch job 2773331
1.
80
submitted a job
Submitted batch job 2773332
1.
90
submitted a job
Submitted batch job 2773333
1.
100
submitted a job
Submitted batch job 2773334
10
50
submitted a job
Submitted batch job 2773335
10
60
submitted a job
Submitted batch job 2773336
10
70
submitted a job
Submitted batch job 2773337
10
80
submitted a job
Submitted batch job 2773338
10
90
submitted a job
Submitted batch job 2773339
10
100
submitted a job
Submitted batch job 2773340
