('exiting Iteration', 1)
('exiting Iteration', 2)
('exiting Iteration', 3)
('exiting Iteration', 4)
('exiting Iteration', 5)
('exiting Iteration', 6)
('exiting Iteration', 7)
('exiting Iteration', 8)
('exiting Iteration', 9)
('exiting Iteration', 10)
('exiting Iteration', 11)
('exiting Iteration', 12)
('exiting Iteration', 13)
('exiting Iteration', 14)
('exiting Iteration', 15)
('exiting Iteration', 16)
('exiting Iteration', 17)
('exiting Iteration', 18)
('exiting Iteration', 19)
('exiting Iteration', 20)
('exiting Iteration', 21)
('exiting Iteration', 22)
('exiting Iteration', 23)
('exiting Iteration', 24)
('exiting Iteration', 25)
('exiting Iteration', 26)
('exiting Iteration', 27)
('exiting Iteration', 28)
('exiting Iteration', 29)
('exiting Iteration', 30)
('exiting Iteration', 31)
('exiting Iteration', 32)
('exiting Iteration', 33)
('exiting Iteration', 34)
('exiting Iteration', 35)
('exiting Iteration', 36)
('exiting Iteration', 37)
('exiting Iteration', 38)
('exiting Iteration', 39)
('exiting Iteration', 40)
('exiting Iteration', 41)
('exiting Iteration', 42)
('exiting Iteration', 43)
('exiting Iteration', 44)
('exiting Iteration', 45)
('exiting Iteration', 46)
('exiting Iteration', 47)
('exiting Iteration', 48)
('exiting Iteration', 49)
('exiting Iteration', 50)
('exiting Iteration', 51)
('exiting Iteration', 52)
('exiting Iteration', 53)
('exiting Iteration', 54)
('exiting Iteration', 55)
('exiting Iteration', 56)
('exiting Iteration', 57)
('exiting Iteration', 58)
('exiting Iteration', 59)
('exiting Iteration', 60)
('exiting Iteration', 61)
('exiting Iteration', 62)
('exiting Iteration', 63)
('exiting Iteration', 64)
('exiting Iteration', 65)
('exiting Iteration', 66)
('exiting Iteration', 67)
('exiting Iteration', 68)
('exiting Iteration', 69)
('exiting Iteration', 70)
('exiting Iteration', 71)
('exiting Iteration', 72)
('exiting Iteration', 73)
('exiting Iteration', 74)
('exiting Iteration', 75)
('exiting Iteration', 76)
('exiting Iteration', 77)
('exiting Iteration', 78)
('exiting Iteration', 79)
('exiting Iteration', 80)
('exiting Iteration', 81)
('exiting Iteration', 82)
('exiting Iteration', 83)
('exiting Iteration', 84)
('exiting Iteration', 85)
('exiting Iteration', 86)
('exiting Iteration', 87)
('exiting Iteration', 88)
('exiting Iteration', 89)
('exiting Iteration', 90)
('exiting Iteration', 91)
('exiting Iteration', 92)
('exiting Iteration', 93)
('exiting Iteration', 94)
('exiting Iteration', 95)
('exiting Iteration', 96)
('exiting Iteration', 97)
('exiting Iteration', 98)
('exiting Iteration', 99)
('exiting Iteration', 100)
('exiting Iteration', 101)
('exiting Iteration', 102)
('exiting Iteration', 103)
('exiting Iteration', 104)
('exiting Iteration', 105)
('exiting Iteration', 106)
('exiting Iteration', 107)
('exiting Iteration', 108)
('exiting Iteration', 109)
('exiting Iteration', 110)
('exiting Iteration', 111)
('exiting Iteration', 112)
('exiting Iteration', 113)
('exiting Iteration', 114)
('exiting Iteration', 115)
('exiting Iteration', 116)
('exiting Iteration', 117)
('exiting Iteration', 118)
('exiting Iteration', 119)
('exiting Iteration', 120)
('exiting Iteration', 121)
('exiting Iteration', 122)
('exiting Iteration', 123)
('exiting Iteration', 124)
('exiting Iteration', 125)
('exiting Iteration', 126)
('exiting Iteration', 127)
('exiting Iteration', 128)
('exiting Iteration', 129)
('exiting Iteration', 130)
('exiting Iteration', 131)
('exiting Iteration', 132)
('exiting Iteration', 133)
('exiting Iteration', 134)
('exiting Iteration', 135)
('exiting Iteration', 136)
('exiting Iteration', 137)
('exiting Iteration', 138)
('exiting Iteration', 139)
('exiting Iteration', 140)
('exiting Iteration', 141)
('exiting Iteration', 142)
('exiting Iteration', 143)
('exiting Iteration', 144)
('exiting Iteration', 145)
('exiting Iteration', 146)
('exiting Iteration', 147)
('exiting Iteration', 148)
('exiting Iteration', 149)
('exiting Iteration', 150)
('exiting Iteration', 151)
('exiting Iteration', 152)
('exiting Iteration', 153)
('exiting Iteration', 154)
('exiting Iteration', 155)
('exiting Iteration', 156)
('exiting Iteration', 157)
('exiting Iteration', 158)
('exiting Iteration', 159)
('exiting Iteration', 160)
('exiting Iteration', 161)
('exiting Iteration', 162)
('exiting Iteration', 163)
('exiting Iteration', 164)
('exiting Iteration', 165)
('exiting Iteration', 166)
('exiting Iteration', 167)
('exiting Iteration', 168)
('exiting Iteration', 169)
('exiting Iteration', 170)
('exiting Iteration', 171)
('exiting Iteration', 172)
('exiting Iteration', 173)
('exiting Iteration', 174)
('exiting Iteration', 175)
('exiting Iteration', 176)
('exiting Iteration', 177)
('exiting Iteration', 178)
('exiting Iteration', 179)
('exiting Iteration', 180)
('exiting Iteration', 181)
('exiting Iteration', 182)
('exiting Iteration', 183)
('exiting Iteration', 184)
('exiting Iteration', 185)
('exiting Iteration', 186)
('exiting Iteration', 187)
('exiting Iteration', 188)
('exiting Iteration', 189)
('exiting Iteration', 190)
('exiting Iteration', 191)
('exiting Iteration', 192)
('exiting Iteration', 193)
('exiting Iteration', 194)
('exiting Iteration', 195)
('exiting Iteration', 196)
('exiting Iteration', 197)
('exiting Iteration', 198)
('exiting Iteration', 199)
('exiting Iteration', 200)
('exiting Iteration', 201)
('exiting Iteration', 202)
('exiting Iteration', 203)
('exiting Iteration', 204)
('exiting Iteration', 205)
('exiting Iteration', 206)
('exiting Iteration', 207)
('exiting Iteration', 208)
('exiting Iteration', 209)
('exiting Iteration', 210)
('exiting Iteration', 211)
('exiting Iteration', 212)
('exiting Iteration', 213)
('exiting Iteration', 214)
('exiting Iteration', 215)
('exiting Iteration', 216)
('exiting Iteration', 217)
('exiting Iteration', 218)
('exiting Iteration', 219)
('exiting Iteration', 220)
('exiting Iteration', 221)
('exiting Iteration', 222)
('exiting Iteration', 223)
('exiting Iteration', 224)
('exiting Iteration', 225)
('exiting Iteration', 226)
('exiting Iteration', 227)
('exiting Iteration', 228)
('exiting Iteration', 229)
('exiting Iteration', 230)
('exiting Iteration', 231)
('exiting Iteration', 232)
('exiting Iteration', 233)
('exiting Iteration', 234)
('exiting Iteration', 235)
('exiting Iteration', 236)
('exiting Iteration', 237)
('exiting Iteration', 238)
('exiting Iteration', 239)
('exiting Iteration', 240)
('exiting Iteration', 241)
('exiting Iteration', 242)
('exiting Iteration', 243)
('exiting Iteration', 244)
('exiting Iteration', 245)
('exiting Iteration', 246)
('exiting Iteration', 247)
('exiting Iteration', 248)
('exiting Iteration', 249)
('exiting Iteration', 250)
('exiting Iteration', 251)
('exiting Iteration', 252)
('exiting Iteration', 253)
('exiting Iteration', 254)
('exiting Iteration', 255)
('exiting Iteration', 256)
('exiting Iteration', 257)
('exiting Iteration', 258)
('exiting Iteration', 259)
('exiting Iteration', 260)
('exiting Iteration', 261)
('exiting Iteration', 262)
('exiting Iteration', 263)
('exiting Iteration', 264)
('exiting Iteration', 265)
('exiting Iteration', 266)
('exiting Iteration', 267)
('exiting Iteration', 268)
('exiting Iteration', 269)
('exiting Iteration', 270)
('exiting Iteration', 271)
('exiting Iteration', 272)
('exiting Iteration', 273)
('exiting Iteration', 274)
('exiting Iteration', 275)
('exiting Iteration', 276)
('exiting Iteration', 277)
('exiting Iteration', 278)
('exiting Iteration', 279)
('exiting Iteration', 280)
('exiting Iteration', 281)
('exiting Iteration', 282)
('exiting Iteration', 283)
('exiting Iteration', 284)
('exiting Iteration', 285)
('exiting Iteration', 286)
('exiting Iteration', 287)
('exiting Iteration', 288)
('exiting Iteration', 289)
('exiting Iteration', 290)
('exiting Iteration', 291)
('exiting Iteration', 292)
('exiting Iteration', 293)
('exiting Iteration', 294)
('exiting Iteration', 295)
('exiting Iteration', 296)
('exiting Iteration', 297)
('exiting Iteration', 298)
('exiting Iteration', 299)
('exiting Iteration', 300)
('exiting Iteration', 301)
('exiting Iteration', 302)
('exiting Iteration', 303)
('exiting Iteration', 304)
('exiting Iteration', 305)
('exiting Iteration', 306)
('exiting Iteration', 307)
('exiting Iteration', 308)
('exiting Iteration', 309)
('exiting Iteration', 310)
('exiting Iteration', 311)
('exiting Iteration', 312)
('exiting Iteration', 313)
('exiting Iteration', 314)
('exiting Iteration', 315)
('exiting Iteration', 316)
('exiting Iteration', 317)
('exiting Iteration', 318)
('exiting Iteration', 319)
('exiting Iteration', 320)
('exiting Iteration', 321)
('exiting Iteration', 322)
('exiting Iteration', 323)
('exiting Iteration', 324)
('exiting Iteration', 325)
('exiting Iteration', 326)
('exiting Iteration', 327)
('exiting Iteration', 328)
('exiting Iteration', 329)
('exiting Iteration', 330)
('exiting Iteration', 331)
('exiting Iteration', 332)
('exiting Iteration', 333)
('exiting Iteration', 334)
('exiting Iteration', 335)
('exiting Iteration', 336)
('exiting Iteration', 337)
('exiting Iteration', 338)
('exiting Iteration', 339)
('exiting Iteration', 340)
('exiting Iteration', 341)
('exiting Iteration', 342)
('exiting Iteration', 343)
('exiting Iteration', 344)
('exiting Iteration', 345)
('exiting Iteration', 346)
('exiting Iteration', 347)
('exiting Iteration', 348)
('exiting Iteration', 349)
('exiting Iteration', 350)
('exiting Iteration', 351)
('exiting Iteration', 352)
('exiting Iteration', 353)
('exiting Iteration', 354)
('exiting Iteration', 355)
('exiting Iteration', 356)
('exiting Iteration', 357)
('exiting Iteration', 358)
('exiting Iteration', 359)
('exiting Iteration', 360)
('exiting Iteration', 361)
('exiting Iteration', 362)
('exiting Iteration', 363)
('exiting Iteration', 364)
('exiting Iteration', 365)
('exiting Iteration', 366)
('exiting Iteration', 367)
('exiting Iteration', 368)
('exiting Iteration', 369)
('exiting Iteration', 370)
('exiting Iteration', 371)
('exiting Iteration', 372)
('exiting Iteration', 373)
('exiting Iteration', 374)
('exiting Iteration', 375)
('exiting Iteration', 376)
('exiting Iteration', 377)
('exiting Iteration', 378)
('exiting Iteration', 379)
('exiting Iteration', 380)
('exiting Iteration', 381)
('exiting Iteration', 382)
('exiting Iteration', 383)
('exiting Iteration', 384)
('exiting Iteration', 385)
('exiting Iteration', 386)
('exiting Iteration', 387)
('exiting Iteration', 388)
('exiting Iteration', 389)
('exiting Iteration', 390)
('exiting Iteration', 391)
('exiting Iteration', 392)
('exiting Iteration', 393)
('exiting Iteration', 394)
('exiting Iteration', 395)
('exiting Iteration', 396)
('exiting Iteration', 397)
('exiting Iteration', 398)
('exiting Iteration', 399)
('exiting Iteration', 400)
('exiting Iteration', 401)
('exiting Iteration', 402)
('exiting Iteration', 403)
('exiting Iteration', 404)
('exiting Iteration', 405)
('exiting Iteration', 406)
('exiting Iteration', 407)
('exiting Iteration', 408)
('exiting Iteration', 409)
('exiting Iteration', 410)
('exiting Iteration', 411)
('exiting Iteration', 412)
('exiting Iteration', 413)
('exiting Iteration', 414)
('exiting Iteration', 415)
('exiting Iteration', 416)
('exiting Iteration', 417)
('exiting Iteration', 418)
('exiting Iteration', 419)
('exiting Iteration', 420)
('exiting Iteration', 421)
('exiting Iteration', 422)
('exiting Iteration', 423)
('exiting Iteration', 424)
('exiting Iteration', 425)
('exiting Iteration', 426)
('exiting Iteration', 427)
('exiting Iteration', 428)
('exiting Iteration', 429)
('exiting Iteration', 430)
('exiting Iteration', 431)
('exiting Iteration', 432)
('exiting Iteration', 433)
('exiting Iteration', 434)
('exiting Iteration', 435)
('exiting Iteration', 436)
('exiting Iteration', 437)
('exiting Iteration', 438)
('exiting Iteration', 439)
('exiting Iteration', 440)
('exiting Iteration', 441)
('exiting Iteration', 442)
('exiting Iteration', 443)
('exiting Iteration', 444)
('exiting Iteration', 445)
('exiting Iteration', 446)
('exiting Iteration', 447)
('exiting Iteration', 448)
('exiting Iteration', 449)
('exiting Iteration', 450)
('exiting Iteration', 451)
('exiting Iteration', 452)
('exiting Iteration', 453)
('exiting Iteration', 454)
('exiting Iteration', 455)
('exiting Iteration', 456)
('exiting Iteration', 457)
('exiting Iteration', 458)
('exiting Iteration', 459)
('exiting Iteration', 460)
('exiting Iteration', 461)
('exiting Iteration', 462)
('exiting Iteration', 463)
('exiting Iteration', 464)
('exiting Iteration', 465)
('exiting Iteration', 466)
('exiting Iteration', 467)
('exiting Iteration', 468)
('exiting Iteration', 469)
('exiting Iteration', 470)
('exiting Iteration', 471)
('exiting Iteration', 472)
('exiting Iteration', 473)
('exiting Iteration', 474)
('exiting Iteration', 475)
('exiting Iteration', 476)
('exiting Iteration', 477)
('exiting Iteration', 478)
('exiting Iteration', 479)
('exiting Iteration', 480)
('exiting Iteration', 481)
('exiting Iteration', 482)
('exiting Iteration', 483)
('exiting Iteration', 484)
('exiting Iteration', 485)
('exiting Iteration', 486)
('exiting Iteration', 487)
('exiting Iteration', 488)
('exiting Iteration', 489)
('exiting Iteration', 490)
('exiting Iteration', 491)
('exiting Iteration', 492)
('exiting Iteration', 493)
('exiting Iteration', 494)
('exiting Iteration', 495)
('exiting Iteration', 496)
('exiting Iteration', 497)
('exiting Iteration', 498)
('exiting Iteration', 499)
('exiting Iteration', 500)
('exiting Iteration', 501)
('exiting Iteration', 502)
('exiting Iteration', 503)
('exiting Iteration', 504)
('exiting Iteration', 505)
('exiting Iteration', 506)
('exiting Iteration', 507)
('exiting Iteration', 508)
('exiting Iteration', 509)
('exiting Iteration', 510)
('exiting Iteration', 511)
('exiting Iteration', 512)
('exiting Iteration', 513)
('exiting Iteration', 514)
('exiting Iteration', 515)
('exiting Iteration', 516)
('exiting Iteration', 517)
('exiting Iteration', 518)
('exiting Iteration', 519)
('exiting Iteration', 520)
('exiting Iteration', 521)
('exiting Iteration', 522)
('exiting Iteration', 523)
('exiting Iteration', 524)
('exiting Iteration', 525)
('exiting Iteration', 526)
('exiting Iteration', 527)
('exiting Iteration', 528)
('exiting Iteration', 529)
('exiting Iteration', 530)
('exiting Iteration', 531)
('exiting Iteration', 532)
('exiting Iteration', 533)
('exiting Iteration', 534)
('exiting Iteration', 535)
('exiting Iteration', 536)
('exiting Iteration', 537)
('exiting Iteration', 538)
('exiting Iteration', 539)
('exiting Iteration', 540)
('exiting Iteration', 541)
('exiting Iteration', 542)
('exiting Iteration', 543)
('exiting Iteration', 544)
('exiting Iteration', 545)
('exiting Iteration', 546)
('exiting Iteration', 547)
('exiting Iteration', 548)
('exiting Iteration', 549)
('exiting Iteration', 550)
('exiting Iteration', 551)
('exiting Iteration', 552)
('exiting Iteration', 553)
('exiting Iteration', 554)
('exiting Iteration', 555)
('exiting Iteration', 556)
('exiting Iteration', 557)
('exiting Iteration', 558)
('exiting Iteration', 559)
('exiting Iteration', 560)
('exiting Iteration', 561)
('exiting Iteration', 562)
('exiting Iteration', 563)
('exiting Iteration', 564)
('exiting Iteration', 565)
('exiting Iteration', 566)
('exiting Iteration', 567)
('exiting Iteration', 568)
('exiting Iteration', 569)
('exiting Iteration', 570)
('exiting Iteration', 571)
('exiting Iteration', 572)
('exiting Iteration', 573)
('exiting Iteration', 574)
('exiting Iteration', 575)
('exiting Iteration', 576)
('exiting Iteration', 577)
('exiting Iteration', 578)
('exiting Iteration', 579)
('exiting Iteration', 580)
('exiting Iteration', 581)
('exiting Iteration', 582)
('exiting Iteration', 583)
('exiting Iteration', 584)
('exiting Iteration', 585)
('exiting Iteration', 586)
('exiting Iteration', 587)
('exiting Iteration', 588)
('exiting Iteration', 589)
('exiting Iteration', 590)
('exiting Iteration', 591)
('exiting Iteration', 592)
('exiting Iteration', 593)
('exiting Iteration', 594)
('exiting Iteration', 595)
('exiting Iteration', 596)
('exiting Iteration', 597)
('exiting Iteration', 598)
('exiting Iteration', 599)
('exiting Iteration', 600)
('exiting Iteration', 601)
('exiting Iteration', 602)
('exiting Iteration', 603)
('exiting Iteration', 604)
('exiting Iteration', 605)
('exiting Iteration', 606)
('exiting Iteration', 607)
('exiting Iteration', 608)
('exiting Iteration', 609)
('exiting Iteration', 610)
('exiting Iteration', 611)
('exiting Iteration', 612)
('exiting Iteration', 613)
('exiting Iteration', 614)
('exiting Iteration', 615)
('exiting Iteration', 616)
('exiting Iteration', 617)
('exiting Iteration', 618)
('exiting Iteration', 619)
('exiting Iteration', 620)
('exiting Iteration', 621)
('exiting Iteration', 622)
('exiting Iteration', 623)
('exiting Iteration', 624)
('exiting Iteration', 625)
('exiting Iteration', 626)
('exiting Iteration', 627)
('exiting Iteration', 628)
('exiting Iteration', 629)
('exiting Iteration', 630)
('exiting Iteration', 631)
('exiting Iteration', 632)
('exiting Iteration', 633)
('exiting Iteration', 634)
('exiting Iteration', 635)
('exiting Iteration', 636)
('exiting Iteration', 637)
('exiting Iteration', 638)
('exiting Iteration', 639)
('exiting Iteration', 640)
('exiting Iteration', 641)
('exiting Iteration', 642)
('exiting Iteration', 643)
('exiting Iteration', 644)
('exiting Iteration', 645)
('exiting Iteration', 646)
('exiting Iteration', 647)
('exiting Iteration', 648)
('exiting Iteration', 649)
('exiting Iteration', 650)
('exiting Iteration', 651)
('exiting Iteration', 652)
('exiting Iteration', 653)
('exiting Iteration', 654)
('exiting Iteration', 655)
('exiting Iteration', 656)
('exiting Iteration', 657)
('exiting Iteration', 658)
('exiting Iteration', 659)
('exiting Iteration', 660)
('exiting Iteration', 661)
('exiting Iteration', 662)
('exiting Iteration', 663)
('exiting Iteration', 664)
('exiting Iteration', 665)
('exiting Iteration', 666)
('exiting Iteration', 667)
('exiting Iteration', 668)
('exiting Iteration', 669)
('exiting Iteration', 670)
('exiting Iteration', 671)
('exiting Iteration', 672)
('exiting Iteration', 673)
('exiting Iteration', 674)
('exiting Iteration', 675)
('exiting Iteration', 676)
('exiting Iteration', 677)
('exiting Iteration', 678)
('exiting Iteration', 679)
('exiting Iteration', 680)
('exiting Iteration', 681)
('exiting Iteration', 682)
('exiting Iteration', 683)
('exiting Iteration', 684)
('exiting Iteration', 685)
('exiting Iteration', 686)
('exiting Iteration', 687)
('exiting Iteration', 688)
('exiting Iteration', 689)
('exiting Iteration', 690)
('exiting Iteration', 691)
('exiting Iteration', 692)
('exiting Iteration', 693)
('exiting Iteration', 694)
('exiting Iteration', 695)
('exiting Iteration', 696)
('exiting Iteration', 697)
('exiting Iteration', 698)
('exiting Iteration', 699)
('exiting Iteration', 700)
('exiting Iteration', 701)
('exiting Iteration', 702)
('exiting Iteration', 703)
('exiting Iteration', 704)
('exiting Iteration', 705)
('exiting Iteration', 706)
('exiting Iteration', 707)
('exiting Iteration', 708)
('exiting Iteration', 709)
('exiting Iteration', 710)
('exiting Iteration', 711)
('exiting Iteration', 712)
('exiting Iteration', 713)
('exiting Iteration', 714)
('exiting Iteration', 715)
('exiting Iteration', 716)
('exiting Iteration', 717)
('exiting Iteration', 718)
('exiting Iteration', 719)
('exiting Iteration', 720)
('exiting Iteration', 721)
('exiting Iteration', 722)
('exiting Iteration', 723)
('exiting Iteration', 724)
('exiting Iteration', 725)
('exiting Iteration', 726)
('exiting Iteration', 727)
('exiting Iteration', 728)
('exiting Iteration', 729)
('exiting Iteration', 730)
('exiting Iteration', 731)
('exiting Iteration', 732)
('exiting Iteration', 733)
('exiting Iteration', 734)
('exiting Iteration', 735)
('exiting Iteration', 736)
('exiting Iteration', 737)
('exiting Iteration', 738)
('exiting Iteration', 739)
('exiting Iteration', 740)
('exiting Iteration', 741)
('exiting Iteration', 742)
('exiting Iteration', 743)
('exiting Iteration', 744)
('exiting Iteration', 745)
('exiting Iteration', 746)
('exiting Iteration', 747)
('exiting Iteration', 748)
('exiting Iteration', 749)
('exiting Iteration', 750)
('exiting Iteration', 751)
('exiting Iteration', 752)
('exiting Iteration', 753)
('exiting Iteration', 754)
('exiting Iteration', 755)
('exiting Iteration', 756)
('exiting Iteration', 757)
('exiting Iteration', 758)
('exiting Iteration', 759)
('exiting Iteration', 760)
('exiting Iteration', 761)
('exiting Iteration', 762)
('exiting Iteration', 763)
('exiting Iteration', 764)
('exiting Iteration', 765)
('exiting Iteration', 766)
('exiting Iteration', 767)
('exiting Iteration', 768)
('exiting Iteration', 769)
('exiting Iteration', 770)
('exiting Iteration', 771)
('exiting Iteration', 772)
('exiting Iteration', 773)
('exiting Iteration', 774)
('exiting Iteration', 775)
('exiting Iteration', 776)
('exiting Iteration', 777)
('exiting Iteration', 778)
('exiting Iteration', 779)
('exiting Iteration', 780)
('exiting Iteration', 781)
('exiting Iteration', 782)
('exiting Iteration', 783)
('exiting Iteration', 784)
('exiting Iteration', 785)
('exiting Iteration', 786)
('exiting Iteration', 787)
('exiting Iteration', 788)
('exiting Iteration', 789)
('exiting Iteration', 790)
('exiting Iteration', 791)
('exiting Iteration', 792)
('exiting Iteration', 793)
('exiting Iteration', 794)
('exiting Iteration', 795)
('exiting Iteration', 796)
('exiting Iteration', 797)
('exiting Iteration', 798)
('exiting Iteration', 799)
('exiting Iteration', 800)
('exiting Iteration', 801)
('exiting Iteration', 802)
('exiting Iteration', 803)
('exiting Iteration', 804)
('exiting Iteration', 805)
('exiting Iteration', 806)
('exiting Iteration', 807)
('exiting Iteration', 808)
('exiting Iteration', 809)
('exiting Iteration', 810)
('exiting Iteration', 811)
('exiting Iteration', 812)
('exiting Iteration', 813)
('exiting Iteration', 814)
('exiting Iteration', 815)
('exiting Iteration', 816)
('exiting Iteration', 817)
('exiting Iteration', 818)
('exiting Iteration', 819)
('exiting Iteration', 820)
('exiting Iteration', 821)
('exiting Iteration', 822)
('exiting Iteration', 823)
('exiting Iteration', 824)
('exiting Iteration', 825)
('exiting Iteration', 826)
('exiting Iteration', 827)
('exiting Iteration', 828)
('exiting Iteration', 829)
('exiting Iteration', 830)
('exiting Iteration', 831)
('exiting Iteration', 832)
('exiting Iteration', 833)
('exiting Iteration', 834)
('exiting Iteration', 835)
('exiting Iteration', 836)
('exiting Iteration', 837)
('exiting Iteration', 838)
('exiting Iteration', 839)
('exiting Iteration', 840)
('exiting Iteration', 841)
('exiting Iteration', 842)
('exiting Iteration', 843)
('exiting Iteration', 844)
('exiting Iteration', 845)
('exiting Iteration', 846)
('exiting Iteration', 847)
('exiting Iteration', 848)
('exiting Iteration', 849)
('exiting Iteration', 850)
('exiting Iteration', 851)
('exiting Iteration', 852)
('exiting Iteration', 853)
('exiting Iteration', 854)
('exiting Iteration', 855)
('exiting Iteration', 856)
('exiting Iteration', 857)
('exiting Iteration', 858)
('exiting Iteration', 859)
('exiting Iteration', 860)
('exiting Iteration', 861)
('exiting Iteration', 862)
('exiting Iteration', 863)
('exiting Iteration', 864)
('exiting Iteration', 865)
('exiting Iteration', 866)
('exiting Iteration', 867)
('exiting Iteration', 868)
('exiting Iteration', 869)
('exiting Iteration', 870)
('exiting Iteration', 871)
('exiting Iteration', 872)
('exiting Iteration', 873)
('exiting Iteration', 874)
('exiting Iteration', 875)
('exiting Iteration', 876)
('exiting Iteration', 877)
('exiting Iteration', 878)
('exiting Iteration', 879)
('exiting Iteration', 880)
('exiting Iteration', 881)
('exiting Iteration', 882)
('exiting Iteration', 883)
('exiting Iteration', 884)
('exiting Iteration', 885)
('exiting Iteration', 886)
('exiting Iteration', 887)
('exiting Iteration', 888)
('exiting Iteration', 889)
('exiting Iteration', 890)
('exiting Iteration', 891)
('exiting Iteration', 892)
('exiting Iteration', 893)
('exiting Iteration', 894)
('exiting Iteration', 895)
('exiting Iteration', 896)
('exiting Iteration', 897)
('exiting Iteration', 898)
('exiting Iteration', 899)
('exiting Iteration', 900)
('exiting Iteration', 901)
('exiting Iteration', 902)
('exiting Iteration', 903)
('exiting Iteration', 904)
('exiting Iteration', 905)
('exiting Iteration', 906)
('exiting Iteration', 907)
('exiting Iteration', 908)
('exiting Iteration', 909)
('exiting Iteration', 910)
('exiting Iteration', 911)
('exiting Iteration', 912)
('exiting Iteration', 913)
('exiting Iteration', 914)
('exiting Iteration', 915)
('exiting Iteration', 916)
('exiting Iteration', 917)
('exiting Iteration', 918)
('exiting Iteration', 919)
('exiting Iteration', 920)
('exiting Iteration', 921)
('exiting Iteration', 922)
('exiting Iteration', 923)
('exiting Iteration', 924)
('exiting Iteration', 925)
('exiting Iteration', 926)
('exiting Iteration', 927)
('exiting Iteration', 928)
('exiting Iteration', 929)
('exiting Iteration', 930)
('exiting Iteration', 931)
('exiting Iteration', 932)
('exiting Iteration', 933)
('exiting Iteration', 934)
('exiting Iteration', 935)
('exiting Iteration', 936)
('exiting Iteration', 937)
('exiting Iteration', 938)
('exiting Iteration', 939)
('exiting Iteration', 940)
('exiting Iteration', 941)
('exiting Iteration', 942)
('exiting Iteration', 943)
('exiting Iteration', 944)
('exiting Iteration', 945)
('exiting Iteration', 946)
('exiting Iteration', 947)
('exiting Iteration', 948)
('exiting Iteration', 949)
('exiting Iteration', 950)
('exiting Iteration', 951)
('exiting Iteration', 952)
('exiting Iteration', 953)
('exiting Iteration', 954)
('exiting Iteration', 955)
('exiting Iteration', 956)
('exiting Iteration', 957)
('exiting Iteration', 958)
('exiting Iteration', 959)
('exiting Iteration', 960)
('exiting Iteration', 961)
('exiting Iteration', 962)
('exiting Iteration', 963)
('exiting Iteration', 964)
('exiting Iteration', 965)
('exiting Iteration', 966)
('exiting Iteration', 967)
('exiting Iteration', 968)
('exiting Iteration', 969)
('exiting Iteration', 970)
('exiting Iteration', 971)
('exiting Iteration', 972)
('exiting Iteration', 973)
('exiting Iteration', 974)
('exiting Iteration', 975)
('exiting Iteration', 976)
('exiting Iteration', 977)
('exiting Iteration', 978)
('exiting Iteration', 979)
('exiting Iteration', 980)
('exiting Iteration', 981)
('exiting Iteration', 982)
('exiting Iteration', 983)
('exiting Iteration', 984)
('exiting Iteration', 985)
('exiting Iteration', 986)
('exiting Iteration', 987)
('exiting Iteration', 988)
('exiting Iteration', 989)
('exiting Iteration', 990)
('exiting Iteration', 991)
('exiting Iteration', 992)
('exiting Iteration', 993)
('exiting Iteration', 994)
('exiting Iteration', 995)
('exiting Iteration', 996)
('exiting Iteration', 997)
('exiting Iteration', 998)
('exiting Iteration', 999)
('exiting Iteration', 1000)
[[-0.02895022 -0.01645519  0.01197478 ..., -0.0233346  -0.03077814
  -0.04729836]
 [-0.02675832  0.00606215  0.02035911 ..., -0.01084692  0.0117653
   0.0039445 ]
 [-0.00147234  0.02924118  0.01575851 ..., -0.00439961 -0.00433493
   0.02596476]
 ..., 
 [ 0.03667051 -0.00791827 -0.00350763 ..., -0.01043318 -0.01340233
  -0.0288955 ]
 [-0.01338192 -0.01624284 -0.0027624  ..., -0.01677677 -0.02763342
  -0.0286947 ]
 [-0.00963582 -0.03365181 -0.04468522 ...,  0.00902891 -0.01940044
  -0.0294812 ]]
(1000, 1048576)
('Mean = ', 8.8831412320875902e-06)
('Min = ', -0.09722224622964859)
('Max = ', 1.2183793783187866)
Creating h5py data files and saving to ./data/si75_z02.h5.......
