Loading data...
('Calling ', 'train_data_64k.h5', '......')
('Printing Train set ', array([[-0.01032324,  0.00679525,  0.0022744 , ..., -0.00186596,
        -0.00139782, -0.00295408],
       [ 0.03064897,  0.00953815,  0.03919139, ..., -0.04416131,
        -0.01501628, -0.03169146],
       [-0.00054488,  0.03779386,  0.03071115, ...,  0.03494589,
        -0.00192948, -0.01491482],
       ..., 
       [-0.01792001, -0.0332757 , -0.03511935, ..., -0.02660589,
        -0.02870286, -0.0296263 ],
       [-0.01097497, -0.01258439, -0.03759458, ...,  0.01413019,
        -0.02485162, -0.02055037],
       [-0.04255074, -0.04967483, -0.02673387, ...,  0.01248583,
         0.0289001 , -0.00986743]]))
('X_train 1 shape ', (64000, 16384))
('Printing Train set ', array([[-0.02512396, -0.03287205, -0.03316736, ...,  0.10065543,
         0.02794481,  0.00411595],
       [ 0.02518618,  0.00925795,  0.0307598 , ..., -0.03124851,
        -0.03897436, -0.03171649],
       [ 0.05087735,  0.06243372,  0.09598123, ..., -0.01340537,
         0.02301167,  0.05911352],
       ..., 
       [ 0.01281872, -0.00571466, -0.03530059, ..., -0.02591705,
        -0.0062293 ,  0.01869127],
       [-0.05095224, -0.0446883 , -0.04354183, ..., -0.01251224,
        -0.01232889,  0.03422774],
       [-0.0315671 , -0.03121806, -0.03767376, ..., -0.00516524,
         0.00659046, -0.00170965]]))
('X_train 2 shape ', (64000, 16384))
('Theoretical model 1', (50, 16384))
('Theoretical model 1', (50, 16384))
('Training Set : ', array([[-0.04037854, -0.00905954,  0.01544773, ...,  0.01655414,
         0.03133465,  0.04661018],
       [-0.01299089, -0.01587455, -0.01278103, ..., -0.01109698,
        -0.01177961, -0.03668843],
       [-0.03793254, -0.04429633, -0.05357283, ..., -0.02196557,
        -0.02652333, -0.01211854],
       ..., 
       [ 0.09130533,  0.00815888,  0.00909311, ...,  0.00771898,
         0.03575625,  0.02624916],
       [ 0.07609761,  0.11171139,  0.06457869, ..., -0.03786493,
        -0.00934926,  0.03239303],
       [ 0.01453848, -0.00864299, -0.02242585, ...,  0.03463123,
         0.04576975,  0.0574634 ]]))
((80, 16384), (80,))
('Validation Set : ', array([[-0.00410226,  0.0043451 , -0.00977422, ..., -0.03941265,
        -0.03570166, -0.04348684],
       [-0.00365344,  0.00865463,  0.02788382, ..., -0.01599222,
        -0.01804777,  0.02100682],
       [ 0.03292651,  0.01623235, -0.01540497, ...,  0.06054814,
         0.0566275 ,  0.04764019],
       ..., 
       [-0.00902845,  0.01398091, -0.00901145, ...,  0.02380077,
         0.02327299,  0.03405311],
       [-0.03147681, -0.02652677, -0.03259861, ...,  0.04295094,
         0.03959261,  0.04879161],
       [ 0.03036207,  0.07582933,  0.02482565, ..., -0.01416388,
        -0.01185756, -0.02966247]]))
((10, 16384), (10,))
('Test Set : ', array([[-0.04977224, -0.04312053, -0.02737825, ..., -0.00450956,
         0.00346002,  0.04322459],
       [-0.03679464, -0.03924506, -0.03321748, ..., -0.00910447,
        -0.0197535 , -0.0037588 ],
       [-0.04884784, -0.02236255, -0.00276894, ..., -0.01259784,
        -0.02342253, -0.01856339],
       ..., 
       [-0.01564137, -0.00337039,  0.02511911, ...,  0.0137082 ,
         0.03940191,  0.06991769],
       [-0.01758454, -0.03538658, -0.04251321, ..., -0.0205398 ,
        -0.00935691, -0.01900905],
       [ 0.03036207,  0.07582933,  0.02482565, ..., -0.01416388,
        -0.01185756, -0.02966247]]))
((10, 16384), (10,))
[-0.00278098 -0.00384053 -0.00421606 ...,  0.00091883  0.00364741
  0.01020875]
[ 0.00111218  0.00089708  0.0007982  ...,  0.0012576   0.00197157
  0.00555201]
('Normalized Training data : ', array([[-1.12738281, -0.17424966,  0.69600273, ...,  0.44089543,
         0.62355386,  0.48853223],
       [-0.30614966, -0.40178541, -0.30315798, ..., -0.33883002,
        -0.34743751, -0.62939237],
       [-1.05403831, -1.35071671, -1.74698932, ..., -0.64531006,
        -0.67948595, -0.29964753],
       ..., 
       [ 2.82122848,  0.40062973,  0.47107988, ...,  0.19175538,
         0.72313442,  0.21527336],
       [ 2.36521677,  3.85798521,  2.43499956, ..., -1.09365129,
        -0.29270259,  0.29772827],
       [ 0.51933325, -0.16034208, -0.64453795, ...,  0.95064581,
         0.94865185,  0.63418989]]))
('Mean : ', 4.1633363423443369e-18)
('min : ', -2.996774655285388)
('max : ', 8.3092601820969438)
('Valid set min : ', -3.014875371895104)
('Valid set max : ', 13.822498068357756)
('Test set min : ', -2.996774655285388)
('Test set max : ', 13.38726566090558)
((80, 1, 128, 128), (80,))
((10, 1, 128, 128), (10,))
((10, 1, 128, 128), (10,))
Saving sampled training images.......
Building model and compiling functions.........
('Input shape : ', (None, 1, 128, 128))
('Conv layer 1 : ', (None, 32, 128, 128))
('Max pool 1 : ', (None, 32, 64, 64))
('Conv layer 2 : ', (None, 32, 64, 64))
('Max pool 2 : ', (None, 32, 32, 32))
('Conv layer 3 : ', (None, 64, 32, 32))
('Max pool 3 : ', (None, 64, 16, 16))
('Conv layer 4 : ', (None, 64, 16, 16))
('Max pool 4 : ', (None, 64, 8, 8))
('Fully Connected layer: ', (None, 2048))
('Softmax layer: ', (None, 2))
Created Lasagne Layers & Network established !!! 
('Get the output layer : ', Softmax.0)
('Get all the parameters : ', [W, b, W, b, W, b, W, b, W, b, W, b])
Starting training...
Epoch 1 of 500 took 6.522s
  training loss:		0.699585
  validation loss:		0.700624
  validation accuracy:		55.00 %
('Average Reconstruction Error -- ', 0.69958458102603982)
Plotting the learning curve .........
Plotting the valid learning curve .........
Plotting the accuracy curve .........
Network Parameters saved!!!!!!!!
Running prediction function on Validation data
Epoch 2 of 500 took 5.633s
  training loss:		0.693306
  validation loss:		0.690289
  validation accuracy:		46.25 %
Epoch 3 of 500 took 5.927s
  training loss:		0.690703
  validation loss:		0.682985
  validation accuracy:		52.50 %
Epoch 4 of 500 took 5.833s
  training loss:		0.681303
  validation loss:		0.659862
  validation accuracy:		60.00 %
Epoch 5 of 500 took 5.856s
  training loss:		0.658178
  validation loss:		0.630148
  validation accuracy:		60.00 %
Epoch 6 of 500 took 5.764s
  training loss:		0.624932
  validation loss:		0.631889
  validation accuracy:		67.50 %
Epoch 7 of 500 took 6.044s
  training loss:		0.625446
  validation loss:		0.609887
  validation accuracy:		66.25 %
Epoch 8 of 500 took 5.902s
  training loss:		0.602689
  validation loss:		0.590861
  validation accuracy:		75.00 %
Epoch 9 of 500 took 5.940s
  training loss:		0.593777
  validation loss:		0.574625
  validation accuracy:		73.75 %
Epoch 10 of 500 took 5.638s
  training loss:		0.570330
  validation loss:		0.576966
  validation accuracy:		75.00 %
Epoch 11 of 500 took 5.576s
  training loss:		0.563588
  validation loss:		0.559819
  validation accuracy:		73.75 %
('Average Reconstruction Error -- ', 0.63671240072084145)
Plotting the learning curve .........
Plotting the valid learning curve .........
Plotting the accuracy curve .........
Network Parameters saved!!!!!!!!
Running prediction function on Validation data
Epoch 12 of 500 took 5.537s
  training loss:		0.557328
  validation loss:		0.545951
  validation accuracy:		75.00 %
Epoch 13 of 500 took 5.604s
  training loss:		0.520856
  validation loss:		0.524963
  validation accuracy:		77.50 %
Epoch 14 of 500 took 5.605s
  training loss:		0.523269
  validation loss:		0.501563
  validation accuracy:		83.75 %
Epoch 15 of 500 took 5.592s
  training loss:		0.502323
  validation loss:		0.509799
  validation accuracy:		76.25 %
Epoch 16 of 500 took 5.604s
  training loss:		0.514258
  validation loss:		0.511507
  validation accuracy:		80.00 %
Epoch 17 of 500 took 5.603s
  training loss:		0.502410
  validation loss:		0.507473
  validation accuracy:		71.25 %
Epoch 18 of 500 took 5.598s
  training loss:		0.510749
  validation loss:		0.517009
  validation accuracy:		72.50 %
Epoch 19 of 500 took 5.605s
  training loss:		0.520115
  validation loss:		0.549391
  validation accuracy:		61.25 %
Epoch 20 of 500 took 5.598s
  training loss:		0.545088
  validation loss:		0.577950
  validation accuracy:		63.75 %
Epoch 21 of 500 took 5.607s
  training loss:		0.591034
  validation loss:		0.614550
  validation accuracy:		57.50 %
('Average Reconstruction Error -- ', 0.5852983560825219)
Plotting the learning curve .........
Plotting the valid learning curve .........
Plotting the accuracy curve .........
Network Parameters saved!!!!!!!!
Running prediction function on Validation data
Epoch 22 of 500 took 5.498s
  training loss:		0.615343
  validation loss:		0.538437
  validation accuracy:		67.50 %
Epoch 23 of 500 took 5.595s
  training loss:		0.530677
  validation loss:		0.486562
  validation accuracy:		71.25 %
Epoch 24 of 500 took 5.601s
  training loss:		0.499337
  validation loss:		0.431686
  validation accuracy:		77.50 %
Epoch 25 of 500 took 5.603s
  training loss:		0.441058
  validation loss:		0.382952
  validation accuracy:		88.75 %
Epoch 26 of 500 took 5.599s
  training loss:		0.388749
  validation loss:		0.372651
  validation accuracy:		95.00 %
Epoch 27 of 500 took 5.602s
  training loss:		0.383117
  validation loss:		0.358298
  validation accuracy:		93.75 %
Epoch 28 of 500 took 5.606s
  training loss:		0.349811
  validation loss:		0.345996
  validation accuracy:		96.25 %
Epoch 29 of 500 took 5.598s
  training loss:		0.357663
  validation loss:		0.337745
  validation accuracy:		95.00 %
Epoch 30 of 500 took 5.602s
  training loss:		0.333835
  validation loss:		0.328936
  validation accuracy:		97.50 %
Epoch 31 of 500 took 5.601s
  training loss:		0.324293
  validation loss:		0.313825
  validation accuracy:		93.75 %
('Average Reconstruction Error -- ', 0.53274675845076425)
Plotting the learning curve .........
Plotting the valid learning curve .........
Plotting the accuracy curve .........
Network Parameters saved!!!!!!!!
Running prediction function on Validation data
Epoch 32 of 500 took 5.515s
  training loss:		0.319596
  validation loss:		0.300426
  validation accuracy:		97.50 %
Epoch 33 of 500 took 5.588s
  training loss:		0.321053
  validation loss:		0.290945
  validation accuracy:		96.25 %
Epoch 34 of 500 took 5.638s
  training loss:		0.285608
  validation loss:		0.281889
  validation accuracy:		98.75 %
Epoch 35 of 500 took 5.579s
  training loss:		0.280730
  validation loss:		0.272649
  validation accuracy:		93.75 %
Epoch 36 of 500 took 5.598s
  training loss:		0.271719
  validation loss:		0.262810
  validation accuracy:		98.75 %
Epoch 37 of 500 took 5.597s
  training loss:		0.252879
  validation loss:		0.246090
  validation accuracy:		96.25 %
Epoch 38 of 500 took 5.635s
  training loss:		0.248354
  validation loss:		0.232605
  validation accuracy:		98.75 %
Epoch 39 of 500 took 5.567s
  training loss:		0.237749
  validation loss:		0.227917
  validation accuracy:		98.75 %
Epoch 40 of 500 took 5.608s
  training loss:		0.231554
  validation loss:		0.222859
  validation accuracy:		98.75 %
Epoch 41 of 500 took 5.596s
  training loss:		0.221015
  validation loss:		0.205954
  validation accuracy:		98.75 %
('Average Reconstruction Error -- ', 0.46793676436663545)
Plotting the learning curve .........
Plotting the valid learning curve .........
Plotting the accuracy curve .........
Network Parameters saved!!!!!!!!
Running prediction function on Validation data
Epoch 42 of 500 took 5.518s
  training loss:		0.216064
  validation loss:		0.204921
  validation accuracy:		100.00 %
Epoch 43 of 500 took 5.608s
  training loss:		0.207604
  validation loss:		0.199102
  validation accuracy:		98.75 %
Epoch 44 of 500 took 5.594s
  training loss:		0.188756
  validation loss:		0.182235
  validation accuracy:		98.75 %
Epoch 45 of 500 took 5.602s
  training loss:		0.187280
  validation loss:		0.172773
  validation accuracy:		98.75 %
Epoch 46 of 500 took 5.601s
  training loss:		0.172878
  validation loss:		0.161662
  validation accuracy:		98.75 %
Epoch 47 of 500 took 5.602s
  training loss:		0.161175
  validation loss:		0.148344
  validation accuracy:		100.00 %
Epoch 48 of 500 took 5.602s
  training loss:		0.160845
  validation loss:		0.150376
  validation accuracy:		100.00 %
Epoch 49 of 500 took 5.599s
  training loss:		0.144576
  validation loss:		0.139552
  validation accuracy:		98.75 %
Epoch 50 of 500 took 5.603s
  training loss:		0.138052
  validation loss:		0.135744
  validation accuracy:		100.00 %
Epoch 51 of 500 took 5.599s
  training loss:		0.138867
  validation loss:		0.124238
  validation accuracy:		98.75 %
('Average Reconstruction Error -- ', 0.4098334233575629)
Plotting the learning curve .........
Plotting the valid learning curve .........
Plotting the accuracy curve .........
Network Parameters saved!!!!!!!!
Running prediction function on Validation data
Epoch 52 of 500 took 5.631s
  training loss:		0.130052
  validation loss:		0.121631
  validation accuracy:		100.00 %
Epoch 53 of 500 took 5.605s
  training loss:		0.129786
  validation loss:		0.131259
  validation accuracy:		98.75 %
Epoch 54 of 500 took 5.499s
  training loss:		0.124444
  validation loss:		0.132039
  validation accuracy:		100.00 %
Epoch 55 of 500 took 5.593s
  training loss:		0.126575
  validation loss:		0.139230
  validation accuracy:		97.50 %
Epoch 56 of 500 took 5.602s
  training loss:		0.143548
  validation loss:		0.165095
  validation accuracy:		96.25 %
Epoch 57 of 500 took 5.605s
  training loss:		0.171205
  validation loss:		0.241847
  validation accuracy:		88.75 %
Epoch 58 of 500 took 5.596s
  training loss:		0.234715
  validation loss:		0.497073
  validation accuracy:		67.50 %
Epoch 59 of 500 took 5.607s
  training loss:		0.496990
  validation loss:		1.237609
  validation accuracy:		55.00 %
Epoch 60 of 500 took 5.608s
  training loss:		1.219741
  validation loss:		1.671980
  validation accuracy:		52.50 %
Epoch 61 of 500 took 5.598s
  training loss:		1.657304
  validation loss:		0.187939
  validation accuracy:		93.75 %
('Average Reconstruction Error -- ', 0.4153420552658379)
Plotting the learning curve .........
Plotting the valid learning curve .........
Plotting the accuracy curve .........
Network Parameters saved!!!!!!!!
Running prediction function on Validation data
Epoch 62 of 500 took 5.736s
  training loss:		0.175978
  validation loss:		0.129538
  validation accuracy:		100.00 %
Epoch 63 of 500 took 5.502s
  training loss:		0.136696
  validation loss:		0.127833
  validation accuracy:		100.00 %
Epoch 64 of 500 took 5.589s
  training loss:		0.123973
  validation loss:		0.131597
  validation accuracy:		100.00 %
Epoch 65 of 500 took 5.605s
  training loss:		0.132648
  validation loss:		0.142639
  validation accuracy:		100.00 %
Epoch 66 of 500 took 5.602s
  training loss:		0.139043
  validation loss:		0.140337
  validation accuracy:		100.00 %
Epoch 67 of 500 took 5.605s
  training loss:		0.140023
  validation loss:		0.139575
  validation accuracy:		100.00 %
Epoch 68 of 500 took 5.598s
  training loss:		0.140176
  validation loss:		0.144205
  validation accuracy:		100.00 %
Epoch 69 of 500 took 5.597s
  training loss:		0.141287
  validation loss:		0.135308
  validation accuracy:		100.00 %
Epoch 70 of 500 took 5.610s
  training loss:		0.134698
  validation loss:		0.136695
  validation accuracy:		100.00 %
Epoch 71 of 500 took 5.599s
  training loss:		0.131430
  validation loss:		0.128897
  validation accuracy:		100.00 %
('Average Reconstruction Error -- ', 0.37650447462771136)
Plotting the learning curve .........
Plotting the valid learning curve .........
Plotting the accuracy curve .........
Network Parameters saved!!!!!!!!
Running prediction function on Validation data
Epoch 72 of 500 took 5.617s
  training loss:		0.132819
  validation loss:		0.124978
  validation accuracy:		100.00 %
Epoch 73 of 500 took 5.595s
  training loss:		0.124866
  validation loss:		0.123924
  validation accuracy:		100.00 %
Epoch 74 of 500 took 5.609s
  training loss:		0.121418
  validation loss:		0.107044
  validation accuracy:		100.00 %
Epoch 75 of 500 took 5.601s
  training loss:		0.109265
  validation loss:		0.105419
  validation accuracy:		100.00 %
Epoch 76 of 500 took 5.606s
  training loss:		0.099071
  validation loss:		0.095614
  validation accuracy:		100.00 %
Epoch 77 of 500 took 5.594s
  training loss:		0.096419
  validation loss:		0.087551
  validation accuracy:		100.00 %
Epoch 78 of 500 took 5.606s
  training loss:		0.089845
  validation loss:		0.082705
  validation accuracy:		100.00 %
Epoch 79 of 500 took 5.600s
  training loss:		0.080483
  validation loss:		0.077557
  validation accuracy:		100.00 %
Epoch 80 of 500 took 5.610s
  training loss:		0.074906
  validation loss:		0.073599
  validation accuracy:		100.00 %
Epoch 81 of 500 took 5.592s
  training loss:		0.071468
  validation loss:		0.064446
  validation accuracy:		100.00 %
('Average Reconstruction Error -- ', 0.3423750551753536)
Plotting the learning curve .........
Plotting the valid learning curve .........
Plotting the accuracy curve .........
Network Parameters saved!!!!!!!!
Running prediction function on Validation data
Epoch 82 of 500 took 5.528s
  training loss:		0.069142
  validation loss:		0.063796
  validation accuracy:		100.00 %
Epoch 83 of 500 took 5.596s
  training loss:		0.063109
  validation loss:		0.059430
  validation accuracy:		100.00 %
Epoch 84 of 500 took 5.600s
  training loss:		0.059829
  validation loss:		0.058537
  validation accuracy:		100.00 %
Epoch 85 of 500 took 5.598s
  training loss:		0.055600
  validation loss:		0.049984
  validation accuracy:		100.00 %
Epoch 86 of 500 took 5.600s
  training loss:		0.049160
  validation loss:		0.042278
  validation accuracy:		100.00 %
Epoch 87 of 500 took 5.601s
  training loss:		0.044766
  validation loss:		0.046831
  validation accuracy:		100.00 %
Epoch 88 of 500 took 5.606s
  training loss:		0.042605
  validation loss:		0.042340
  validation accuracy:		100.00 %
Epoch 89 of 500 took 5.606s
  training loss:		0.039769
  validation loss:		0.039824
  validation accuracy:		100.00 %
Epoch 90 of 500 took 5.593s
  training loss:		0.038978
  validation loss:		0.037394
  validation accuracy:		100.00 %
Epoch 91 of 500 took 5.605s
  training loss:		0.035999
  validation loss:		0.035021
  validation accuracy:		100.00 %
('Average Reconstruction Error -- ', 0.31023447373090723)
Plotting the learning curve .........
Plotting the valid learning curve .........
Plotting the accuracy curve .........
Network Parameters saved!!!!!!!!
Running prediction function on Validation data
Epoch 92 of 500 took 5.550s
  training loss:		0.033382
  validation loss:		0.032971
  validation accuracy:		100.00 %
Epoch 93 of 500 took 5.606s
  training loss:		0.032855
  validation loss:		0.030438
  validation accuracy:		100.00 %
Epoch 94 of 500 took 5.594s
  training loss:		0.031389
  validation loss:		0.029498
  validation accuracy:		100.00 %
Epoch 95 of 500 took 5.606s
  training loss:		0.031163
  validation loss:		0.029168
  validation accuracy:		100.00 %
Epoch 96 of 500 took 5.603s
  training loss:		0.029434
  validation loss:		0.027782
  validation accuracy:		100.00 %
Epoch 97 of 500 took 5.601s
  training loss:		0.026008
  validation loss:		0.026857
  validation accuracy:		100.00 %
Epoch 98 of 500 took 5.600s
  training loss:		0.026165
  validation loss:		0.022001
  validation accuracy:		100.00 %
Epoch 99 of 500 took 5.596s
  training loss:		0.024387
  validation loss:		0.023312
  validation accuracy:		100.00 %
Epoch 100 of 500 took 5.609s
  training loss:		0.023159
  validation loss:		0.022821
  validation accuracy:		100.00 %
Epoch 101 of 500 took 5.605s
  training loss:		0.026778
  validation loss:		0.021764
  validation accuracy:		100.00 %
('Average Reconstruction Error -- ', 0.28233719905646543)
Plotting the learning curve .........
Plotting the valid learning curve .........
Plotting the accuracy curve .........
Network Parameters saved!!!!!!!!
Running prediction function on Validation data
Epoch 102 of 500 took 5.509s
  training loss:		0.023074
  validation loss:		0.020747
  validation accuracy:		100.00 %
Epoch 103 of 500 took 5.600s
  training loss:		0.019795
  validation loss:		0.020530
  validation accuracy:		100.00 %
Epoch 104 of 500 took 5.598s
  training loss:		0.021137
  validation loss:		0.018534
  validation accuracy:		100.00 %
Epoch 105 of 500 took 5.604s
  training loss:		0.021979
  validation loss:		0.019015
  validation accuracy:		100.00 %
Epoch 106 of 500 took 5.603s
  training loss:		0.018854
  validation loss:		0.017449
  validation accuracy:		100.00 %
Epoch 107 of 500 took 5.599s
  training loss:		0.020474
  validation loss:		0.018257
  validation accuracy:		100.00 %
Epoch 108 of 500 took 5.606s
  training loss:		0.017101
  validation loss:		0.015969
  validation accuracy:		100.00 %
Epoch 109 of 500 took 5.601s
  training loss:		0.017269
  validation loss:		0.015549
  validation accuracy:		100.00 %
Epoch 110 of 500 took 5.597s
  training loss:		0.017176
  validation loss:		0.015998
  validation accuracy:		100.00 %
Epoch 111 of 500 took 5.609s
  training loss:		0.016325
  validation loss:		0.014653
  validation accuracy:		100.00 %
('Average Reconstruction Error -- ', 0.25864182012522141)
Plotting the learning curve .........
Plotting the valid learning curve .........
Plotting the accuracy curve .........
Network Parameters saved!!!!!!!!
Running prediction function on Validation data
Epoch 112 of 500 took 5.663s
  training loss:		0.014097
  validation loss:		0.016515
  validation accuracy:		100.00 %
Epoch 113 of 500 took 5.606s
  training loss:		0.014124
  validation loss:		0.013189
  validation accuracy:		100.00 %
Epoch 114 of 500 took 5.603s
  training loss:		0.015113
  validation loss:		0.016510
  validation accuracy:		100.00 %
Epoch 115 of 500 took 5.607s
  training loss:		0.014008
  validation loss:		0.014270
  validation accuracy:		100.00 %
Epoch 116 of 500 took 5.594s
  training loss:		0.014651
  validation loss:		0.014641
  validation accuracy:		100.00 %
Epoch 117 of 500 took 5.601s
  training loss:		0.013746
  validation loss:		0.012074
  validation accuracy:		100.00 %
Epoch 118 of 500 took 5.602s
  training loss:		0.013818
  validation loss:		0.011511
  validation accuracy:		100.00 %
Epoch 119 of 500 took 5.598s
  training loss:		0.013422
  validation loss:		0.014272
  validation accuracy:		100.00 %
Epoch 120 of 500 took 5.608s
  training loss:		0.012959
  validation loss:		0.012048
  validation accuracy:		100.00 %
Epoch 121 of 500 took 5.599s
  training loss:		0.012813
  validation loss:		0.011545
  validation accuracy:		100.00 %
('Average Reconstruction Error -- ', 0.23841315509137959)
Plotting the learning curve .........
Plotting the valid learning curve .........
Plotting the accuracy curve .........
Network Parameters saved!!!!!!!!
Running prediction function on Validation data
Epoch 122 of 500 took 5.567s
  training loss:		0.012428
  validation loss:		0.010214
  validation accuracy:		100.00 %
Epoch 123 of 500 took 5.524s
  training loss:		0.010398
  validation loss:		0.010119
  validation accuracy:		100.00 %
Epoch 124 of 500 took 5.579s
  training loss:		0.011935
  validation loss:		0.012316
  validation accuracy:		100.00 %
Epoch 125 of 500 took 5.597s
  training loss:		0.011017
  validation loss:		0.011052
  validation accuracy:		100.00 %
Epoch 126 of 500 took 5.611s
  training loss:		0.010615
  validation loss:		0.011298
  validation accuracy:		100.00 %
Epoch 127 of 500 took 5.600s
  training loss:		0.010796
  validation loss:		0.011807
  validation accuracy:		100.00 %
Epoch 128 of 500 took 5.600s
  training loss:		0.009874
  validation loss:		0.010086
  validation accuracy:		100.00 %
Epoch 129 of 500 took 5.595s
  training loss:		0.010269
  validation loss:		0.010581
  validation accuracy:		100.00 %
Epoch 130 of 500 took 5.606s
  training loss:		0.008677
  validation loss:		0.009512
  validation accuracy:		100.00 %
Epoch 131 of 500 took 5.604s
  training loss:		0.009889
  validation loss:		0.010089
  validation accuracy:		100.00 %
('Average Reconstruction Error -- ', 0.22102205341116657)
Plotting the learning curve .........
Plotting the valid learning curve .........
Plotting the accuracy curve .........
Network Parameters saved!!!!!!!!
Running prediction function on Validation data
Epoch 132 of 500 took 5.508s
  training loss:		0.009595
  validation loss:		0.009528
  validation accuracy:		100.00 %
Epoch 133 of 500 took 5.598s
  training loss:		0.009885
  validation loss:		0.008841
  validation accuracy:		100.00 %
Epoch 134 of 500 took 5.599s
  training loss:		0.009637
  validation loss:		0.009370
  validation accuracy:		100.00 %
Epoch 135 of 500 took 5.603s
  training loss:		0.009542
  validation loss:		0.008796
  validation accuracy:		100.00 %
Epoch 136 of 500 took 5.600s
  training loss:		0.008605
  validation loss:		0.008873
  validation accuracy:		100.00 %
Epoch 137 of 500 took 5.603s
  training loss:		0.008266
  validation loss:		0.008116
  validation accuracy:		100.00 %
Epoch 138 of 500 took 5.597s
  training loss:		0.008561
  validation loss:		0.008959
  validation accuracy:		100.00 %
Epoch 139 of 500 took 5.607s
  training loss:		0.008167
  validation loss:		0.008417
  validation accuracy:		100.00 %
Epoch 140 of 500 took 5.594s
  training loss:		0.007511
  validation loss:		0.008610
  validation accuracy:		100.00 %
Epoch 141 of 500 took 5.606s
  training loss:		0.007453
  validation loss:		0.007888
  validation accuracy:		100.00 %
('Average Reconstruction Error -- ', 0.20596532221148645)
Plotting the learning curve .........
Plotting the valid learning curve .........
Plotting the accuracy curve .........
Network Parameters saved!!!!!!!!
Running prediction function on Validation data
Epoch 142 of 500 took 5.520s
  training loss:		0.007819
  validation loss:		0.007955
  validation accuracy:		100.00 %
Epoch 143 of 500 took 5.590s
  training loss:		0.008353
  validation loss:		0.007135
  validation accuracy:		100.00 %
Epoch 144 of 500 took 5.604s
  training loss:		0.008336
  validation loss:		0.007883
  validation accuracy:		100.00 %
Epoch 145 of 500 took 5.594s
  training loss:		0.007777
  validation loss:		0.007321
  validation accuracy:		100.00 %
Epoch 146 of 500 took 5.606s
  training loss:		0.007137
  validation loss:		0.007770
  validation accuracy:		100.00 %
Epoch 147 of 500 took 5.612s
  training loss:		0.008375
  validation loss:		0.007499
  validation accuracy:		100.00 %
Epoch 148 of 500 took 5.591s
  training loss:		0.007605
  validation loss:		0.007667
  validation accuracy:		100.00 %
Epoch 149 of 500 took 5.606s
  training loss:		0.006322
  validation loss:		0.006478
  validation accuracy:		100.00 %
Epoch 150 of 500 took 5.600s
  training loss:		0.006916
  validation loss:		0.006586
  validation accuracy:		100.00 %
Epoch 151 of 500 took 5.599s
  training loss:		0.007024
  validation loss:		0.007625
  validation accuracy:		100.00 %
('Average Reconstruction Error -- ', 0.19282632900498767)
Plotting the learning curve .........
Plotting the valid learning curve .........
Plotting the accuracy curve .........
Network Parameters saved!!!!!!!!
Running prediction function on Validation data
Epoch 152 of 500 took 5.514s
  training loss:		0.007818
  validation loss:		0.005838
  validation accuracy:		100.00 %
Epoch 153 of 500 took 5.601s
  training loss:		0.006720
  validation loss:		0.006007
  validation accuracy:		100.00 %
Epoch 154 of 500 took 5.598s
  training loss:		0.006430
  validation loss:		0.007087
  validation accuracy:		100.00 %
Epoch 155 of 500 took 5.606s
  training loss:		0.006484
  validation loss:		0.006203
  validation accuracy:		100.00 %
Epoch 156 of 500 took 5.604s
  training loss:		0.006655
  validation loss:		0.006404
  validation accuracy:		100.00 %
Epoch 157 of 500 took 5.597s
  training loss:		0.006376
  validation loss:		0.006954
  validation accuracy:		100.00 %
Epoch 158 of 500 took 5.600s
  training loss:		0.006566
  validation loss:		0.005964
  validation accuracy:		100.00 %
Epoch 159 of 500 took 5.600s
  training loss:		0.006812
  validation loss:		0.006050
  validation accuracy:		100.00 %
Epoch 160 of 500 took 5.608s
  training loss:		0.006332
  validation loss:		0.006224
  validation accuracy:		100.00 %
Epoch 161 of 500 took 5.600s
  training loss:		0.006444
  validation loss:		0.006011
  validation accuracy:		100.00 %
('Average Reconstruction Error -- ', 0.18126343035529155)
Plotting the learning curve .........
Plotting the valid learning curve .........
Plotting the accuracy curve .........
Network Parameters saved!!!!!!!!
Running prediction function on Validation data
Epoch 162 of 500 took 5.505s
  training loss:		0.005585
  validation loss:		0.005686
  validation accuracy:		100.00 %
Epoch 163 of 500 took 5.601s
  training loss:		0.006332
  validation loss:		0.005652
  validation accuracy:		100.00 %
Epoch 164 of 500 took 5.597s
  training loss:		0.005413
  validation loss:		0.005629
  validation accuracy:		100.00 %
Epoch 165 of 500 took 5.424s
  training loss:		0.006118
  validation loss:		0.005909
  validation accuracy:		100.00 %
Epoch 166 of 500 took 5.580s
  training loss:		0.005575
  validation loss:		0.005476
  validation accuracy:		100.00 %
Epoch 167 of 500 took 5.421s
  training loss:		0.005000
  validation loss:		0.005482
  validation accuracy:		100.00 %
Epoch 168 of 500 took 5.603s
  training loss:		0.005434
  validation loss:		0.006194
  validation accuracy:		100.00 %
Epoch 169 of 500 took 5.580s
  training loss:		0.005551
  validation loss:		0.005340
  validation accuracy:		100.00 %
Epoch 170 of 500 took 5.421s
  training loss:		0.005697
  validation loss:		0.004824
  validation accuracy:		100.00 %
Epoch 171 of 500 took 5.586s
  training loss:		0.005600
  validation loss:		0.005502
  validation accuracy:		100.00 %
('Average Reconstruction Error -- ', 0.17099250238770763)
Plotting the learning curve .........
Plotting the valid learning curve .........
Plotting the accuracy curve .........
Network Parameters saved!!!!!!!!
Running prediction function on Validation data
Epoch 172 of 500 took 5.715s
  training loss:		0.005706
  validation loss:		0.005381
  validation accuracy:		100.00 %
Epoch 173 of 500 took 5.602s
  training loss:		0.004900
  validation loss:		0.004341
  validation accuracy:		100.00 %
Epoch 174 of 500 took 5.608s
  training loss:		0.005652
  validation loss:		0.005422
  validation accuracy:		100.00 %
Epoch 175 of 500 took 5.599s
  training loss:		0.005405
  validation loss:		0.005043
  validation accuracy:		100.00 %
Epoch 176 of 500 took 5.605s
  training loss:		0.004686
  validation loss:		0.004692
  validation accuracy:		100.00 %
Epoch 177 of 500 took 5.596s
  training loss:		0.005088
  validation loss:		0.004798
  validation accuracy:		100.00 %
Epoch 178 of 500 took 5.606s
  training loss:		0.005099
  validation loss:		0.004658
  validation accuracy:		100.00 %
Epoch 179 of 500 took 5.600s
  training loss:		0.004349
  validation loss:		0.004125
  validation accuracy:		100.00 %
Epoch 180 of 500 took 5.613s
  training loss:		0.005022
  validation loss:		0.005134
  validation accuracy:		100.00 %
Epoch 181 of 500 took 5.591s
  training loss:		0.004368
  validation loss:		0.005181
  validation accuracy:		100.00 %
('Average Reconstruction Error -- ', 0.16182316215334033)
Plotting the learning curve .........
Plotting the valid learning curve .........
Plotting the accuracy curve .........
Network Parameters saved!!!!!!!!
Running prediction function on Validation data
Epoch 182 of 500 took 5.538s
  training loss:		0.004229
  validation loss:		0.004307
  validation accuracy:		100.00 %
Epoch 183 of 500 took 5.603s
  training loss:		0.004668
  validation loss:		0.004687
  validation accuracy:		100.00 %
Epoch 184 of 500 took 5.598s
  training loss:		0.004597
  validation loss:		0.004824
  validation accuracy:		100.00 %
Epoch 185 of 500 took 5.602s
  training loss:		0.004807
  validation loss:		0.004382
  validation accuracy:		100.00 %
Epoch 186 of 500 took 5.604s
  training loss:		0.004404
  validation loss:		0.004836
  validation accuracy:		100.00 %
Epoch 187 of 500 took 5.602s
  training loss:		0.004372
  validation loss:		0.004859
  validation accuracy:		100.00 %
Epoch 188 of 500 took 5.603s
  training loss:		0.004110
  validation loss:		0.004592
  validation accuracy:		100.00 %
Epoch 189 of 500 took 5.600s
  training loss:		0.004457
  validation loss:		0.004571
  validation accuracy:		100.00 %
Epoch 190 of 500 took 5.600s
  training loss:		0.004308
  validation loss:		0.004116
  validation accuracy:		100.00 %
Epoch 191 of 500 took 5.605s
  training loss:		0.004335
  validation loss:		0.004082
  validation accuracy:		100.00 %
('Average Reconstruction Error -- ', 0.15358261489293654)
Plotting the learning curve .........
Plotting the valid learning curve .........
Plotting the accuracy curve .........
Network Parameters saved!!!!!!!!
Running prediction function on Validation data
Epoch 192 of 500 took 5.455s
  training loss:		0.004204
  validation loss:		0.004370
  validation accuracy:		100.00 %
Epoch 193 of 500 took 5.597s
  training loss:		0.004678
  validation loss:		0.004483
  validation accuracy:		100.00 %
Epoch 194 of 500 took 5.602s
  training loss:		0.004731
  validation loss:		0.004511
  validation accuracy:		100.00 %
Epoch 195 of 500 took 5.602s
  training loss:		0.003982
  validation loss:		0.004477
  validation accuracy:		100.00 %
Epoch 196 of 500 took 5.601s
  training loss:		0.004011
  validation loss:		0.003984
  validation accuracy:		100.00 %
Epoch 197 of 500 took 5.596s
  training loss:		0.003607
  validation loss:		0.003670
  validation accuracy:		100.00 %
Epoch 198 of 500 took 5.604s
  training loss:		0.003954
  validation loss:		0.004208
  validation accuracy:		100.00 %
Epoch 199 of 500 took 5.604s
  training loss:		0.003835
  validation loss:		0.003660
  validation accuracy:		100.00 %
Epoch 200 of 500 took 5.597s
  training loss:		0.003421
  validation loss:		0.003624
  validation accuracy:		100.00 %
Epoch 201 of 500 took 5.606s
  training loss:		0.004035
  validation loss:		0.003666
  validation accuracy:		100.00 %
('Average Reconstruction Error -- ', 0.14614296968934534)
Plotting the learning curve .........
Plotting the valid learning curve .........
Plotting the accuracy curve .........
Network Parameters saved!!!!!!!!
Running prediction function on Validation data
Epoch 202 of 500 took 5.556s
  training loss:		0.003497
  validation loss:		0.003456
  validation accuracy:		100.00 %
Epoch 203 of 500 took 5.415s
  training loss:		0.003766
  validation loss:		0.004101
  validation accuracy:		100.00 %
Epoch 204 of 500 took 5.584s
  training loss:		0.003986
  validation loss:		0.003793
  validation accuracy:		100.00 %
Epoch 205 of 500 took 5.419s
  training loss:		0.003600
  validation loss:		0.004011
  validation accuracy:		100.00 %
Epoch 206 of 500 took 5.586s
  training loss:		0.003806
  validation loss:		0.003961
  validation accuracy:		100.00 %
Epoch 207 of 500 took 5.420s
  training loss:		0.003478
  validation loss:		0.003358
  validation accuracy:		100.00 %
Epoch 208 of 500 took 5.595s
  training loss:		0.003601
  validation loss:		0.003605
  validation accuracy:		100.00 %
Epoch 209 of 500 took 5.591s
  training loss:		0.003466
  validation loss:		0.003873
  validation accuracy:		100.00 %
Epoch 210 of 500 took 5.418s
  training loss:		0.004194
  validation loss:		0.003490
  validation accuracy:		100.00 %
Epoch 211 of 500 took 5.589s
  training loss:		0.003257
  validation loss:		0.003564
  validation accuracy:		100.00 %
('Average Reconstruction Error -- ', 0.13939046611398004)
Plotting the learning curve .........
Plotting the valid learning curve .........
Plotting the accuracy curve .........
Network Parameters saved!!!!!!!!
Running prediction function on Validation data
Epoch 212 of 500 took 5.665s
  training loss:		0.003396
  validation loss:		0.003667
  validation accuracy:		100.00 %
Epoch 213 of 500 took 5.603s
  training loss:		0.003397
  validation loss:		0.003509
  validation accuracy:		100.00 %
Epoch 214 of 500 took 5.600s
  training loss:		0.003209
  validation loss:		0.003544
  validation accuracy:		100.00 %
Epoch 215 of 500 took 5.604s
  training loss:		0.003354
  validation loss:		0.003280
  validation accuracy:		100.00 %
Epoch 216 of 500 took 5.597s
  training loss:		0.003491
  validation loss:		0.003435
  validation accuracy:		100.00 %
Epoch 217 of 500 took 5.609s
  training loss:		0.003981
  validation loss:		0.003424
  validation accuracy:		100.00 %
Epoch 218 of 500 took 5.614s
  training loss:		0.003521
  validation loss:		0.003462
  validation accuracy:		100.00 %
Epoch 219 of 500 took 5.585s
  training loss:		0.003594
  validation loss:		0.003397
  validation accuracy:		100.00 %
Epoch 220 of 500 took 5.603s
  training loss:		0.003310
  validation loss:		0.003638
  validation accuracy:		100.00 %
Epoch 221 of 500 took 5.602s
  training loss:		0.003610
  validation loss:		0.003260
  validation accuracy:		100.00 %
('Average Reconstruction Error -- ', 0.13324095494123386)
Plotting the learning curve .........
Plotting the valid learning curve .........
Plotting the accuracy curve .........
Network Parameters saved!!!!!!!!
Running prediction function on Validation data
Epoch 222 of 500 took 5.496s
  training loss:		0.003796
  validation loss:		0.003507
  validation accuracy:		100.00 %
Epoch 223 of 500 took 5.597s
  training loss:		0.003110
  validation loss:		0.002995
  validation accuracy:		100.00 %
Epoch 224 of 500 took 5.601s
  training loss:		0.003241
  validation loss:		0.003411
  validation accuracy:		100.00 %
Epoch 225 of 500 took 5.601s
  training loss:		0.003108
  validation loss:		0.003525
  validation accuracy:		100.00 %
Epoch 226 of 500 took 5.601s
  training loss:		0.003149
  validation loss:		0.002759
  validation accuracy:		100.00 %
Epoch 227 of 500 took 5.605s
  training loss:		0.003569
  validation loss:		0.002997
  validation accuracy:		100.00 %
Epoch 228 of 500 took 5.602s
  training loss:		0.003301
  validation loss:		0.002989
  validation accuracy:		100.00 %
Epoch 229 of 500 took 5.609s
  training loss:		0.003387
  validation loss:		0.003015
  validation accuracy:		100.00 %
Epoch 230 of 500 took 5.595s
  training loss:		0.003231
  validation loss:		0.003170
  validation accuracy:		100.00 %
Epoch 231 of 500 took 5.599s
  training loss:		0.003025
  validation loss:		0.002958
  validation accuracy:		100.00 %
('Average Reconstruction Error -- ', 0.12761545184171316)
Plotting the learning curve .........
Plotting the valid learning curve .........
Plotting the accuracy curve .........
Network Parameters saved!!!!!!!!
Running prediction function on Validation data
Epoch 232 of 500 took 5.511s
  training loss:		0.003129
  validation loss:		0.003141
  validation accuracy:		100.00 %
Epoch 233 of 500 took 5.591s
  training loss:		0.003178
  validation loss:		0.003034
  validation accuracy:		100.00 %
Epoch 234 of 500 took 5.608s
  training loss:		0.003088
  validation loss:		0.002772
  validation accuracy:		100.00 %
Epoch 235 of 500 took 5.598s
  training loss:		0.003561
  validation loss:		0.003109
  validation accuracy:		100.00 %
Epoch 236 of 500 took 5.605s
  training loss:		0.003600
  validation loss:		0.002859
  validation accuracy:		100.00 %
Epoch 237 of 500 took 5.601s
  training loss:		0.003186
  validation loss:		0.002896
  validation accuracy:		100.00 %
Epoch 238 of 500 took 5.600s
  training loss:		0.003446
  validation loss:		0.003374
  validation accuracy:		100.00 %
Epoch 239 of 500 took 5.606s
  training loss:		0.002835
  validation loss:		0.003031
  validation accuracy:		100.00 %
Epoch 240 of 500 took 5.595s
  training loss:		0.002570
  validation loss:		0.003014
  validation accuracy:		100.00 %
Epoch 241 of 500 took 5.603s
  training loss:		0.002725
  validation loss:		0.002818
  validation accuracy:		100.00 %
('Average Reconstruction Error -- ', 0.12245015044235752)
Plotting the learning curve .........
Plotting the valid learning curve .........
Plotting the accuracy curve .........
Network Parameters saved!!!!!!!!
Running prediction function on Validation data
Epoch 242 of 500 took 5.572s
  training loss:		0.002710
  validation loss:		0.002679
  validation accuracy:		100.00 %
Epoch 243 of 500 took 5.594s
  training loss:		0.003045
  validation loss:		0.002751
  validation accuracy:		100.00 %
Epoch 244 of 500 took 5.607s
  training loss:		0.002698
  validation loss:		0.002759
  validation accuracy:		100.00 %
Epoch 245 of 500 took 5.603s
  training loss:		0.002416
  validation loss:		0.002766
  validation accuracy:		100.00 %
Epoch 246 of 500 took 5.599s
  training loss:		0.002771
  validation loss:		0.002697
  validation accuracy:		100.00 %
Epoch 247 of 500 took 5.604s
  training loss:		0.002958
  validation loss:		0.002710
  validation accuracy:		100.00 %
Epoch 248 of 500 took 5.596s
  training loss:		0.002774
  validation loss:		0.002645
  validation accuracy:		100.00 %
Epoch 249 of 500 took 5.604s
  training loss:		0.002883
  validation loss:		0.002466
  validation accuracy:		100.00 %
Epoch 250 of 500 took 5.602s
  training loss:		0.002912
  validation loss:		0.002461
  validation accuracy:		100.00 %
Epoch 251 of 500 took 5.599s
  training loss:		0.003367
  validation loss:		0.002700
  validation accuracy:		100.00 %
('Average Reconstruction Error -- ', 0.11768533950179709)
Plotting the learning curve .........
Plotting the valid learning curve .........
Plotting the accuracy curve .........
Network Parameters saved!!!!!!!!
Running prediction function on Validation data
Epoch 252 of 500 took 5.537s
  training loss:		0.003164
  validation loss:		0.002505
  validation accuracy:		100.00 %
Epoch 253 of 500 took 5.596s
  training loss:		0.002865
  validation loss:		0.002986
  validation accuracy:		100.00 %
Epoch 254 of 500 took 5.605s
  training loss:		0.002486
  validation loss:		0.002799
  validation accuracy:		100.00 %
Epoch 255 of 500 took 5.599s
  training loss:		0.002694
  validation loss:		0.002929
  validation accuracy:		100.00 %
Epoch 256 of 500 took 5.605s
  training loss:		0.002686
  validation loss:		0.002720
  validation accuracy:		100.00 %
Epoch 257 of 500 took 5.606s
  training loss:		0.002826
  validation loss:		0.002877
  validation accuracy:		100.00 %
Epoch 258 of 500 took 5.601s
  training loss:		0.002607
  validation loss:		0.002372
  validation accuracy:		100.00 %
Epoch 259 of 500 took 5.600s
  training loss:		0.002408
  validation loss:		0.002391
  validation accuracy:		100.00 %
Epoch 260 of 500 took 5.599s
  training loss:		0.002762
  validation loss:		0.002472
  validation accuracy:		100.00 %
Epoch 261 of 500 took 5.607s
  training loss:		0.002709
  validation loss:		0.002788
  validation accuracy:		100.00 %
('Average Reconstruction Error -- ', 0.11328056211345329)
Plotting the learning curve .........
Plotting the valid learning curve .........
Plotting the accuracy curve .........
Network Parameters saved!!!!!!!!
Running prediction function on Validation data
Epoch 262 of 500 took 5.562s
  training loss:		0.002354
  validation loss:		0.002115
  validation accuracy:		100.00 %
Epoch 263 of 500 took 5.598s
  training loss:		0.002634
  validation loss:		0.002743
  validation accuracy:		100.00 %
Epoch 264 of 500 took 5.602s
  training loss:		0.002567
  validation loss:		0.002549
  validation accuracy:		100.00 %
Epoch 265 of 500 took 5.601s
  training loss:		0.002360
  validation loss:		0.003012
  validation accuracy:		100.00 %
Epoch 266 of 500 took 5.609s
  training loss:		0.002730
  validation loss:		0.002371
  validation accuracy:		100.00 %
Epoch 267 of 500 took 5.596s
  training loss:		0.002458
  validation loss:		0.002073
  validation accuracy:		100.00 %
Epoch 268 of 500 took 5.601s
  training loss:		0.002422
  validation loss:		0.002334
  validation accuracy:		100.00 %
Epoch 269 of 500 took 5.602s
  training loss:		0.002649
  validation loss:		0.002375
  validation accuracy:		100.00 %
Epoch 270 of 500 took 5.604s
  training loss:		0.002807
  validation loss:		0.002243
  validation accuracy:		100.00 %
Epoch 271 of 500 took 5.601s
  training loss:		0.002357
  validation loss:		0.002332
  validation accuracy:		100.00 %
('Average Reconstruction Error -- ', 0.10919396500553125)
Plotting the learning curve .........
Plotting the valid learning curve .........
Plotting the accuracy curve .........
Network Parameters saved!!!!!!!!
Running prediction function on Validation data
Epoch 272 of 500 took 5.565s
  training loss:		0.002506
  validation loss:		0.002254
  validation accuracy:		100.00 %
Epoch 273 of 500 took 5.601s
  training loss:		0.002409
  validation loss:		0.002287
  validation accuracy:		100.00 %
Epoch 274 of 500 took 5.601s
  training loss:		0.002263
  validation loss:		0.002088
  validation accuracy:		100.00 %
Epoch 275 of 500 took 5.602s
  training loss:		0.002219
  validation loss:		0.002034
  validation accuracy:		100.00 %
Epoch 276 of 500 took 5.604s
  training loss:		0.002394
  validation loss:		0.002488
  validation accuracy:		100.00 %
Epoch 277 of 500 took 5.603s
  training loss:		0.002031
  validation loss:		0.002103
  validation accuracy:		100.00 %
Epoch 278 of 500 took 5.596s
  training loss:		0.002527
  validation loss:		0.002246
  validation accuracy:		100.00 %
Epoch 279 of 500 took 5.602s
  training loss:		0.002512
  validation loss:		0.002133
  validation accuracy:		100.00 %
Epoch 280 of 500 took 5.601s
  training loss:		0.002091
  validation loss:		0.001988
  validation accuracy:		100.00 %
Epoch 281 of 500 took 5.603s
  training loss:		0.002172
  validation loss:		0.002353
  validation accuracy:		100.00 %
('Average Reconstruction Error -- ', 0.10539034901439495)
Plotting the learning curve .........
Plotting the valid learning curve .........
Plotting the accuracy curve .........
Network Parameters saved!!!!!!!!
Running prediction function on Validation data
Epoch 282 of 500 took 5.619s
  training loss:		0.002015
  validation loss:		0.002047
  validation accuracy:		100.00 %
Epoch 283 of 500 took 5.602s
  training loss:		0.002146
  validation loss:		0.002174
  validation accuracy:		100.00 %
Epoch 284 of 500 took 5.597s
  training loss:		0.002183
  validation loss:		0.001968
  validation accuracy:		100.00 %
Epoch 285 of 500 took 5.603s
  training loss:		0.001757
  validation loss:		0.002266
  validation accuracy:		100.00 %
Epoch 286 of 500 took 5.600s
  training loss:		0.002016
  validation loss:		0.002156
  validation accuracy:		100.00 %
Epoch 287 of 500 took 5.599s
  training loss:		0.002282
  validation loss:		0.002184
  validation accuracy:		100.00 %
Epoch 288 of 500 took 5.615s
  training loss:		0.002266
  validation loss:		0.002202
  validation accuracy:		100.00 %
Epoch 289 of 500 took 5.598s
  training loss:		0.002317
  validation loss:		0.001864
  validation accuracy:		100.00 %
Epoch 290 of 500 took 5.600s
  training loss:		0.002040
  validation loss:		0.002063
  validation accuracy:		100.00 %
Epoch 291 of 500 took 5.603s
  training loss:		0.001889
  validation loss:		0.002391
  validation accuracy:		100.00 %
('Average Reconstruction Error -- ', 0.10184054139525237)
Plotting the learning curve .........
Plotting the valid learning curve .........
Plotting the accuracy curve .........
Network Parameters saved!!!!!!!!
Running prediction function on Validation data
Epoch 292 of 500 took 5.641s
  training loss:		0.002386
  validation loss:		0.002034
  validation accuracy:		100.00 %
Epoch 293 of 500 took 5.601s
  training loss:		0.002204
  validation loss:		0.001902
  validation accuracy:		100.00 %
Epoch 294 of 500 took 5.611s
  training loss:		0.001997
  validation loss:		0.001762
  validation accuracy:		100.00 %
Epoch 295 of 500 took 5.608s
  training loss:		0.002325
  validation loss:		0.001964
  validation accuracy:		100.00 %
Epoch 296 of 500 took 5.673s
  training loss:		0.002188
  validation loss:		0.002064
  validation accuracy:		100.00 %
Epoch 297 of 500 took 5.815s
  training loss:		0.002076
  validation loss:		0.001922
  validation accuracy:		100.00 %
Epoch 298 of 500 took 5.812s
  training loss:		0.001844
  validation loss:		0.001895
  validation accuracy:		100.00 %
Epoch 299 of 500 took 5.694s
  training loss:		0.002065
  validation loss:		0.002048
  validation accuracy:		100.00 %
Epoch 300 of 500 took 5.600s
  training loss:		0.001812
  validation loss:		0.002180
  validation accuracy:		100.00 %
Epoch 301 of 500 took 5.605s
  training loss:		0.001833
  validation loss:		0.002029
  validation accuracy:		100.00 %
('Average Reconstruction Error -- ', 0.098526007907709837)
Plotting the learning curve .........
Plotting the valid learning curve .........
Plotting the accuracy curve .........
Network Parameters saved!!!!!!!!
Running prediction function on Validation data
Epoch 302 of 500 took 5.569s
  training loss:		0.001872
  validation loss:		0.002157
  validation accuracy:		100.00 %
Epoch 303 of 500 took 5.599s
  training loss:		0.001905
  validation loss:		0.002113
  validation accuracy:		100.00 %
Epoch 304 of 500 took 5.600s
  training loss:		0.002038
  validation loss:		0.002011
  validation accuracy:		100.00 %
Epoch 305 of 500 took 5.599s
  training loss:		0.001956
  validation loss:		0.001999
  validation accuracy:		100.00 %
Epoch 306 of 500 took 5.609s
  training loss:		0.001995
  validation loss:		0.001851
  validation accuracy:		100.00 %
Epoch 307 of 500 took 5.597s
  training loss:		0.001619
  validation loss:		0.002143
  validation accuracy:		100.00 %
Epoch 308 of 500 took 5.615s
  training loss:		0.001928
  validation loss:		0.002256
  validation accuracy:		100.00 %
Epoch 309 of 500 took 5.599s
  training loss:		0.001667
  validation loss:		0.001826
  validation accuracy:		100.00 %
Epoch 310 of 500 took 5.599s
  training loss:		0.002130
  validation loss:		0.001897
  validation accuracy:		100.00 %
Epoch 311 of 500 took 5.598s
  training loss:		0.002053
  validation loss:		0.001681
  validation accuracy:		100.00 %
('Average Reconstruction Error -- ', 0.095419581675091042)
Plotting the learning curve .........
Plotting the valid learning curve .........
Plotting the accuracy curve .........
Network Parameters saved!!!!!!!!
Running prediction function on Validation data
Epoch 312 of 500 took 5.487s
  training loss:		0.001955
  validation loss:		0.001766
  validation accuracy:		100.00 %
Epoch 313 of 500 took 5.591s
  training loss:		0.001721
  validation loss:		0.001863
  validation accuracy:		100.00 %
Epoch 314 of 500 took 5.601s
  training loss:		0.001725
  validation loss:		0.001943
  validation accuracy:		100.00 %
Epoch 315 of 500 took 5.600s
  training loss:		0.001774
  validation loss:		0.001879
  validation accuracy:		100.00 %
Epoch 316 of 500 took 5.607s
  training loss:		0.001911
  validation loss:		0.001801
  validation accuracy:		100.00 %
Epoch 317 of 500 took 5.597s
  training loss:		0.001723
  validation loss:		0.001793
  validation accuracy:		100.00 %
Epoch 318 of 500 took 5.607s
  training loss:		0.001574
  validation loss:		0.001847
  validation accuracy:		100.00 %
Epoch 319 of 500 took 5.601s
  training loss:		0.002165
  validation loss:		0.002136
  validation accuracy:		100.00 %
Epoch 320 of 500 took 5.600s
  training loss:		0.001841
  validation loss:		0.002008
  validation accuracy:		100.00 %
Epoch 321 of 500 took 5.601s
  training loss:		0.001583
  validation loss:		0.002053
  validation accuracy:		100.00 %
('Average Reconstruction Error -- ', 0.09250299729377276)
Plotting the learning curve .........
Plotting the valid learning curve .........
Plotting the accuracy curve .........
Network Parameters saved!!!!!!!!
Running prediction function on Validation data
Epoch 322 of 500 took 5.478s
  training loss:		0.001876
  validation loss:		0.002009
  validation accuracy:		100.00 %
Epoch 323 of 500 took 5.596s
  training loss:		0.001592
  validation loss:		0.001862
  validation accuracy:		100.00 %
Epoch 324 of 500 took 5.611s
  training loss:		0.002134
  validation loss:		0.001659
  validation accuracy:		100.00 %
Epoch 325 of 500 took 5.591s
  training loss:		0.001792
  validation loss:		0.002017
  validation accuracy:		100.00 %
Epoch 326 of 500 took 5.605s
  training loss:		0.001927
  validation loss:		0.001688
  validation accuracy:		100.00 %
Epoch 327 of 500 took 5.604s
  training loss:		0.001950
  validation loss:		0.001841
  validation accuracy:		100.00 %
Epoch 328 of 500 took 5.608s
  training loss:		0.001937
  validation loss:		0.001686
  validation accuracy:		100.00 %
Epoch 329 of 500 took 5.597s
  training loss:		0.001857
  validation loss:		0.001792
  validation accuracy:		100.00 %
Epoch 330 of 500 took 5.596s
  training loss:		0.001626
  validation loss:		0.001458
  validation accuracy:		100.00 %
Epoch 331 of 500 took 5.604s
  training loss:		0.001598
  validation loss:		0.001647
  validation accuracy:		100.00 %
('Average Reconstruction Error -- ', 0.089763602731981362)
Plotting the learning curve .........
Plotting the valid learning curve .........
Plotting the accuracy curve .........
Network Parameters saved!!!!!!!!
Running prediction function on Validation data
Epoch 332 of 500 took 5.460s
  training loss:		0.001702
  validation loss:		0.001764
  validation accuracy:		100.00 %
Epoch 333 of 500 took 5.592s
  training loss:		0.001705
  validation loss:		0.001518
  validation accuracy:		100.00 %
Epoch 334 of 500 took 5.599s
  training loss:		0.001456
  validation loss:		0.001944
  validation accuracy:		100.00 %
Epoch 335 of 500 took 5.603s
  training loss:		0.001575
  validation loss:		0.001736
  validation accuracy:		100.00 %
Epoch 336 of 500 took 5.600s
  training loss:		0.001764
  validation loss:		0.001606
  validation accuracy:		100.00 %
Epoch 337 of 500 took 5.602s
  training loss:		0.001895
  validation loss:		0.001668
  validation accuracy:		100.00 %
Epoch 338 of 500 took 5.606s
  training loss:		0.001548
  validation loss:		0.001629
  validation accuracy:		100.00 %
Epoch 339 of 500 took 5.596s
  training loss:		0.001818
  validation loss:		0.001916
  validation accuracy:		100.00 %
Epoch 340 of 500 took 5.606s
  training loss:		0.001888
  validation loss:		0.001883
  validation accuracy:		100.00 %
Epoch 341 of 500 took 5.596s
  training loss:		0.001545
  validation loss:		0.001525
  validation accuracy:		100.00 %
('Average Reconstruction Error -- ', 0.087180788654128843)
Plotting the learning curve .........
Plotting the valid learning curve .........
Plotting the accuracy curve .........
Network Parameters saved!!!!!!!!
Running prediction function on Validation data
Epoch 342 of 500 took 5.617s
  training loss:		0.001596
  validation loss:		0.001498
  validation accuracy:		100.00 %
Epoch 343 of 500 took 5.604s
  training loss:		0.001698
  validation loss:		0.001608
  validation accuracy:		100.00 %
Epoch 344 of 500 took 5.598s
  training loss:		0.001865
  validation loss:		0.002018
  validation accuracy:		100.00 %
Epoch 345 of 500 took 5.604s
  training loss:		0.001507
  validation loss:		0.001401
  validation accuracy:		100.00 %
Epoch 346 of 500 took 5.606s
  training loss:		0.001484
  validation loss:		0.001494
  validation accuracy:		100.00 %
Epoch 347 of 500 took 5.596s
  training loss:		0.001655
  validation loss:		0.001532
  validation accuracy:		100.00 %
Epoch 348 of 500 took 5.601s
  training loss:		0.001603
  validation loss:		0.001585
  validation accuracy:		100.00 %
Epoch 349 of 500 took 5.604s
  training loss:		0.001521
  validation loss:		0.001581
  validation accuracy:		100.00 %
Epoch 350 of 500 took 5.605s
  training loss:		0.001436
  validation loss:		0.001750
  validation accuracy:		100.00 %
Epoch 351 of 500 took 5.615s
  training loss:		0.001849
  validation loss:		0.001613
  validation accuracy:		100.00 %
('Average Reconstruction Error -- ', 0.084743201585202071)
Plotting the learning curve .........
Plotting the valid learning curve .........
Plotting the accuracy curve .........
Network Parameters saved!!!!!!!!
Running prediction function on Validation data
Epoch 352 of 500 took 5.561s
  training loss:		0.001605
  validation loss:		0.001476
  validation accuracy:		100.00 %
Epoch 353 of 500 took 5.599s
  training loss:		0.001693
  validation loss:		0.001478
  validation accuracy:		100.00 %
Epoch 354 of 500 took 5.601s
  training loss:		0.001620
  validation loss:		0.001648
  validation accuracy:		100.00 %
Epoch 355 of 500 took 5.599s
  training loss:		0.001606
  validation loss:		0.001654
  validation accuracy:		100.00 %
Epoch 356 of 500 took 5.604s
  training loss:		0.001315
  validation loss:		0.001336
  validation accuracy:		100.00 %
Epoch 357 of 500 took 5.597s
  training loss:		0.001737
  validation loss:		0.001502
  validation accuracy:		100.00 %
Epoch 358 of 500 took 5.614s
  training loss:		0.001690
  validation loss:		0.001478
  validation accuracy:		100.00 %
Epoch 359 of 500 took 5.597s
  training loss:		0.001619
  validation loss:		0.001510
  validation accuracy:		100.00 %
Epoch 360 of 500 took 5.601s
  training loss:		0.001560
  validation loss:		0.001551
  validation accuracy:		100.00 %
Epoch 361 of 500 took 5.601s
  training loss:		0.001578
  validation loss:		0.001449
  validation accuracy:		100.00 %
('Average Reconstruction Error -- ', 0.082440128670441634)
Plotting the learning curve .........
Plotting the valid learning curve .........
Plotting the accuracy curve .........
Network Parameters saved!!!!!!!!
Running prediction function on Validation data
Epoch 362 of 500 took 5.681s
  training loss:		0.001589
  validation loss:		0.001297
  validation accuracy:		100.00 %
Epoch 363 of 500 took 5.600s
  training loss:		0.001623
  validation loss:		0.001531
  validation accuracy:		100.00 %
Epoch 364 of 500 took 5.599s
  training loss:		0.001433
  validation loss:		0.001325
  validation accuracy:		100.00 %
Epoch 365 of 500 took 5.605s
  training loss:		0.001578
  validation loss:		0.001637
  validation accuracy:		100.00 %
Epoch 366 of 500 took 5.606s
  training loss:		0.001788
  validation loss:		0.001279
  validation accuracy:		100.00 %
Epoch 367 of 500 took 5.600s
  training loss:		0.001456
  validation loss:		0.001688
  validation accuracy:		100.00 %
Epoch 368 of 500 took 5.605s
  training loss:		0.001677
  validation loss:		0.001310
  validation accuracy:		100.00 %
Epoch 369 of 500 took 5.600s
  training loss:		0.001329
  validation loss:		0.001598
  validation accuracy:		100.00 %
Epoch 370 of 500 took 5.600s
  training loss:		0.001534
  validation loss:		0.001335
  validation accuracy:		100.00 %
Epoch 371 of 500 took 5.601s
  training loss:		0.001360
  validation loss:		0.001693
  validation accuracy:		100.00 %
('Average Reconstruction Error -- ', 0.080259446030568435)
Plotting the learning curve .........
Plotting the valid learning curve .........
Plotting the accuracy curve .........
Network Parameters saved!!!!!!!!
Running prediction function on Validation data
Epoch 372 of 500 took 5.621s
  training loss:		0.001399
  validation loss:		0.001378
  validation accuracy:		100.00 %
Epoch 373 of 500 took 5.600s
  training loss:		0.001395
  validation loss:		0.001444
  validation accuracy:		100.00 %
Epoch 374 of 500 took 5.603s
  training loss:		0.001468
  validation loss:		0.001295
  validation accuracy:		100.00 %
Epoch 375 of 500 took 5.604s
  training loss:		0.001687
  validation loss:		0.001596
  validation accuracy:		100.00 %
Epoch 376 of 500 took 5.602s
  training loss:		0.001427
  validation loss:		0.001370
  validation accuracy:		100.00 %
Epoch 377 of 500 took 5.599s
  training loss:		0.001328
  validation loss:		0.001418
  validation accuracy:		100.00 %
Epoch 378 of 500 took 5.603s
  training loss:		0.001535
  validation loss:		0.001352
  validation accuracy:		100.00 %
Epoch 379 of 500 took 5.599s
  training loss:		0.001542
  validation loss:		0.001351
  validation accuracy:		100.00 %
Epoch 380 of 500 took 5.603s
  training loss:		0.001431
  validation loss:		0.001611
  validation accuracy:		100.00 %
Epoch 381 of 500 took 5.604s
  training loss:		0.001502
  validation loss:		0.001363
  validation accuracy:		100.00 %
('Average Reconstruction Error -- ', 0.078191519810157414)
Plotting the learning curve .........
Plotting the valid learning curve .........
Plotting the accuracy curve .........
Network Parameters saved!!!!!!!!
Running prediction function on Validation data
Epoch 382 of 500 took 5.626s
  training loss:		0.001200
  validation loss:		0.001222
  validation accuracy:		100.00 %
Epoch 383 of 500 took 5.605s
  training loss:		0.001239
  validation loss:		0.001491
  validation accuracy:		100.00 %
Epoch 384 of 500 took 5.599s
  training loss:		0.001400
  validation loss:		0.001314
  validation accuracy:		100.00 %
Epoch 385 of 500 took 5.704s
  training loss:		0.001180
  validation loss:		0.001372
  validation accuracy:		100.00 %
Epoch 386 of 500 took 5.506s
  training loss:		0.001442
  validation loss:		0.001462
  validation accuracy:		100.00 %
Epoch 387 of 500 took 5.597s
  training loss:		0.001407
  validation loss:		0.001144
  validation accuracy:		100.00 %
Epoch 388 of 500 took 5.607s
  training loss:		0.001546
  validation loss:		0.001195
  validation accuracy:		100.00 %
Epoch 389 of 500 took 5.599s
  training loss:		0.001438
  validation loss:		0.001432
  validation accuracy:		100.00 %
Epoch 390 of 500 took 5.599s
  training loss:		0.001460
  validation loss:		0.001294
  validation accuracy:		100.00 %
Epoch 391 of 500 took 5.605s
  training loss:		0.001512
  validation loss:		0.001304
  validation accuracy:		100.00 %
('Average Reconstruction Error -- ', 0.076227089666670439)
Plotting the learning curve .........
Plotting the valid learning curve .........
Plotting the accuracy curve .........
Network Parameters saved!!!!!!!!
Running prediction function on Validation data
Epoch 392 of 500 took 5.537s
  training loss:		0.001116
  validation loss:		0.001276
  validation accuracy:		100.00 %
Epoch 393 of 500 took 5.594s
  training loss:		0.001429
  validation loss:		0.001419
  validation accuracy:		100.00 %
Epoch 394 of 500 took 5.600s
  training loss:		0.001462
  validation loss:		0.001225
  validation accuracy:		100.00 %
Epoch 395 of 500 took 5.599s
  training loss:		0.001267
  validation loss:		0.001419
  validation accuracy:		100.00 %
Epoch 396 of 500 took 5.656s
  training loss:		0.001253
  validation loss:		0.001638
  validation accuracy:		100.00 %
Epoch 397 of 500 took 5.556s
  training loss:		0.001385
  validation loss:		0.001367
  validation accuracy:		100.00 %
Epoch 398 of 500 took 5.604s
  training loss:		0.001514
  validation loss:		0.001337
  validation accuracy:		100.00 %
Epoch 399 of 500 took 5.598s
  training loss:		0.001100
  validation loss:		0.001603
  validation accuracy:		100.00 %
Epoch 400 of 500 took 5.596s
  training loss:		0.001162
  validation loss:		0.001206
  validation accuracy:		100.00 %
Epoch 401 of 500 took 5.604s
  training loss:		0.001439
  validation loss:		0.001246
  validation accuracy:		100.00 %
('Average Reconstruction Error -- ', 0.074358893722832484)
Plotting the learning curve .........
Plotting the valid learning curve .........
Plotting the accuracy curve .........
Network Parameters saved!!!!!!!!
Running prediction function on Validation data
Epoch 402 of 500 took 5.555s
  training loss:		0.001262
  validation loss:		0.001296
  validation accuracy:		100.00 %
Epoch 403 of 500 took 5.412s
  training loss:		0.001274
  validation loss:		0.001177
  validation accuracy:		100.00 %
Epoch 404 of 500 took 5.589s
  training loss:		0.001261
  validation loss:		0.001130
  validation accuracy:		100.00 %
Epoch 405 of 500 took 5.482s
  training loss:		0.001450
  validation loss:		0.001090
  validation accuracy:		100.00 %
Epoch 406 of 500 took 5.935s
  training loss:		0.001471
  validation loss:		0.001210
  validation accuracy:		100.00 %
Epoch 407 of 500 took 5.588s
  training loss:		0.001307
  validation loss:		0.001252
  validation accuracy:		100.00 %
Epoch 408 of 500 took 5.598s
  training loss:		0.001131
  validation loss:		0.001368
  validation accuracy:		100.00 %
Epoch 409 of 500 took 5.421s
  training loss:		0.001300
  validation loss:		0.001099
  validation accuracy:		100.00 %
Epoch 410 of 500 took 5.582s
  training loss:		0.001225
  validation loss:		0.001077
  validation accuracy:		100.00 %
Epoch 411 of 500 took 5.423s
  training loss:		0.001237
  validation loss:		0.001195
  validation accuracy:		100.00 %
('Average Reconstruction Error -- ', 0.07258110314707121)
Plotting the learning curve .........
Plotting the valid learning curve .........
Plotting the accuracy curve .........
Network Parameters saved!!!!!!!!
Running prediction function on Validation data
Epoch 412 of 500 took 5.568s
  training loss:		0.001216
  validation loss:		0.001071
  validation accuracy:		100.00 %
Epoch 413 of 500 took 5.596s
  training loss:		0.001559
  validation loss:		0.001095
  validation accuracy:		100.00 %
Epoch 414 of 500 took 5.614s
  training loss:		0.001220
  validation loss:		0.000975
  validation accuracy:		100.00 %
Epoch 415 of 500 took 5.590s
  training loss:		0.001327
  validation loss:		0.001224
  validation accuracy:		100.00 %
Epoch 416 of 500 took 5.608s
  training loss:		0.001272
  validation loss:		0.001269
  validation accuracy:		100.00 %
Epoch 417 of 500 took 5.603s
  training loss:		0.001172
  validation loss:		0.001050
  validation accuracy:		100.00 %
Epoch 418 of 500 took 5.599s
  training loss:		0.001141
  validation loss:		0.001324
  validation accuracy:		100.00 %
Epoch 419 of 500 took 5.618s
  training loss:		0.001212
  validation loss:		0.001344
  validation accuracy:		100.00 %
Epoch 420 of 500 took 5.588s
  training loss:		0.001275
  validation loss:		0.001024
  validation accuracy:		100.00 %
Epoch 421 of 500 took 5.601s
  training loss:		0.001103
  validation loss:		0.001163
  validation accuracy:		100.00 %
('Average Reconstruction Error -- ', 0.070886771829717282)
Plotting the learning curve .........
Plotting the valid learning curve .........
Plotting the accuracy curve .........
Network Parameters saved!!!!!!!!
Running prediction function on Validation data
Epoch 422 of 500 took 5.554s
  training loss:		0.001261
  validation loss:		0.001218
  validation accuracy:		100.00 %
Epoch 423 of 500 took 5.598s
  training loss:		0.001432
  validation loss:		0.001067
  validation accuracy:		100.00 %
Epoch 424 of 500 took 5.606s
  training loss:		0.001152
  validation loss:		0.001419
  validation accuracy:		100.00 %
Epoch 425 of 500 took 5.599s
  training loss:		0.001276
  validation loss:		0.001171
  validation accuracy:		100.00 %
Epoch 426 of 500 took 5.599s
  training loss:		0.001174
  validation loss:		0.001242
  validation accuracy:		100.00 %
Epoch 427 of 500 took 5.603s
  training loss:		0.001235
  validation loss:		0.001219
  validation accuracy:		100.00 %
Epoch 428 of 500 took 5.599s
  training loss:		0.001264
  validation loss:		0.001193
  validation accuracy:		100.00 %
Epoch 429 of 500 took 5.602s
  training loss:		0.001184
  validation loss:		0.001143
  validation accuracy:		100.00 %
Epoch 430 of 500 took 5.604s
  training loss:		0.001093
  validation loss:		0.001174
  validation accuracy:		100.00 %
Epoch 431 of 500 took 5.600s
  training loss:		0.001290
  validation loss:		0.001205
  validation accuracy:		100.00 %
('Average Reconstruction Error -- ', 0.069270745729396857)
Plotting the learning curve .........
Plotting the valid learning curve .........
Plotting the accuracy curve .........
Network Parameters saved!!!!!!!!
Running prediction function on Validation data
Epoch 432 of 500 took 5.516s
  training loss:		0.001065
  validation loss:		0.001126
  validation accuracy:		100.00 %
Epoch 433 of 500 took 5.593s
  training loss:		0.001303
  validation loss:		0.001208
  validation accuracy:		100.00 %
Epoch 434 of 500 took 5.599s
  training loss:		0.001079
  validation loss:		0.001188
  validation accuracy:		100.00 %
Epoch 435 of 500 took 5.606s
  training loss:		0.001114
  validation loss:		0.001345
  validation accuracy:		100.00 %
Epoch 436 of 500 took 5.602s
  training loss:		0.001496
  validation loss:		0.001230
  validation accuracy:		100.00 %
Epoch 437 of 500 took 5.600s
  training loss:		0.001111
  validation loss:		0.001398
  validation accuracy:		100.00 %
Epoch 438 of 500 took 5.610s
  training loss:		0.001105
  validation loss:		0.001028
  validation accuracy:		100.00 %
Epoch 439 of 500 took 5.594s
  training loss:		0.001348
  validation loss:		0.001378
  validation accuracy:		100.00 %
Epoch 440 of 500 took 5.609s
  training loss:		0.001068
  validation loss:		0.001034
  validation accuracy:		100.00 %
Epoch 441 of 500 took 5.599s
  training loss:		0.001087
  validation loss:		0.001098
  validation accuracy:		100.00 %
('Average Reconstruction Error -- ', 0.067726682994091875)
Plotting the learning curve .........
Plotting the valid learning curve .........
Plotting the accuracy curve .........
Network Parameters saved!!!!!!!!
Running prediction function on Validation data
Epoch 442 of 500 took 5.495s
  training loss:		0.001090
  validation loss:		0.001330
  validation accuracy:		100.00 %
Epoch 443 of 500 took 5.595s
  training loss:		0.001032
  validation loss:		0.001103
  validation accuracy:		100.00 %
Epoch 444 of 500 took 5.603s
  training loss:		0.001123
  validation loss:		0.001201
  validation accuracy:		100.00 %
Epoch 445 of 500 took 5.600s
  training loss:		0.001016
  validation loss:		0.001024
  validation accuracy:		100.00 %
Epoch 446 of 500 took 5.604s
  training loss:		0.001045
  validation loss:		0.001065
  validation accuracy:		100.00 %
Epoch 447 of 500 took 5.597s
  training loss:		0.001163
  validation loss:		0.001015
  validation accuracy:		100.00 %
Epoch 448 of 500 took 5.607s
  training loss:		0.001110
  validation loss:		0.001061
  validation accuracy:		100.00 %
Epoch 449 of 500 took 5.600s
  training loss:		0.001072
  validation loss:		0.001090
  validation accuracy:		100.00 %
Epoch 450 of 500 took 5.597s
  training loss:		0.001155
  validation loss:		0.001076
  validation accuracy:		100.00 %
Epoch 451 of 500 took 5.610s
  training loss:		0.001157
  validation loss:		0.001110
  validation accuracy:		100.00 %
('Average Reconstruction Error -- ', 0.066249293067700527)
Plotting the learning curve .........
Plotting the valid learning curve .........
Plotting the accuracy curve .........
Network Parameters saved!!!!!!!!
Running prediction function on Validation data
Epoch 452 of 500 took 5.500s
  training loss:		0.001010
  validation loss:		0.000940
  validation accuracy:		100.00 %
Epoch 453 of 500 took 5.593s
  training loss:		0.001234
  validation loss:		0.000997
  validation accuracy:		100.00 %
Epoch 454 of 500 took 5.598s
  training loss:		0.001012
  validation loss:		0.001223
  validation accuracy:		100.00 %
Epoch 455 of 500 took 5.604s
  training loss:		0.001147
  validation loss:		0.000988
  validation accuracy:		100.00 %
Epoch 456 of 500 took 5.594s
  training loss:		0.001047
  validation loss:		0.001084
  validation accuracy:		100.00 %
Epoch 457 of 500 took 5.430s
  training loss:		0.000990
  validation loss:		0.001067
  validation accuracy:		100.00 %
Epoch 458 of 500 took 5.577s
  training loss:		0.001217
  validation loss:		0.000958
  validation accuracy:		100.00 %
Epoch 459 of 500 took 5.422s
  training loss:		0.000951
  validation loss:		0.001048
  validation accuracy:		100.00 %
Epoch 460 of 500 took 5.582s
  training loss:		0.000903
  validation loss:		0.000947
  validation accuracy:		100.00 %
Epoch 461 of 500 took 5.416s
  training loss:		0.001160
  validation loss:		0.001082
  validation accuracy:		100.00 %
('Average Reconstruction Error -- ', 0.064835362850451481)
Plotting the learning curve .........
Plotting the valid learning curve .........
Plotting the accuracy curve .........
Network Parameters saved!!!!!!!!
Running prediction function on Validation data
Epoch 462 of 500 took 5.487s
  training loss:		0.001167
  validation loss:		0.000843
  validation accuracy:		100.00 %
Epoch 463 of 500 took 5.585s
  training loss:		0.001112
  validation loss:		0.000973
  validation accuracy:		100.00 %
Epoch 464 of 500 took 5.422s
  training loss:		0.001013
  validation loss:		0.001210
  validation accuracy:		100.00 %
Epoch 465 of 500 took 5.588s
  training loss:		0.000978
  validation loss:		0.001191
  validation accuracy:		100.00 %
Epoch 466 of 500 took 5.601s
  training loss:		0.000914
  validation loss:		0.001214
  validation accuracy:		100.00 %
Epoch 467 of 500 took 5.581s
  training loss:		0.001378
  validation loss:		0.001035
  validation accuracy:		100.00 %
Epoch 468 of 500 took 5.434s
  training loss:		0.001142
  validation loss:		0.000874
  validation accuracy:		100.00 %
Epoch 469 of 500 took 5.583s
  training loss:		0.001011
  validation loss:		0.001005
  validation accuracy:		100.00 %
Epoch 470 of 500 took 5.421s
  training loss:		0.001080
  validation loss:		0.001149
  validation accuracy:		100.00 %
Epoch 471 of 500 took 5.592s
  training loss:		0.001034
  validation loss:		0.001104
  validation accuracy:		100.00 %
('Average Reconstruction Error -- ', 0.063481813535305021)
Plotting the learning curve .........
Plotting the valid learning curve .........
Plotting the accuracy curve .........
Network Parameters saved!!!!!!!!
Running prediction function on Validation data
Epoch 472 of 500 took 5.520s
  training loss:		0.000960
  validation loss:		0.000957
  validation accuracy:		100.00 %
Epoch 473 of 500 took 5.593s
  training loss:		0.000929
  validation loss:		0.000903
  validation accuracy:		100.00 %
Epoch 474 of 500 took 5.601s
  training loss:		0.001102
  validation loss:		0.001018
  validation accuracy:		100.00 %
Epoch 475 of 500 took 5.614s
  training loss:		0.000967
  validation loss:		0.001071
  validation accuracy:		100.00 %
Epoch 476 of 500 took 5.594s
  training loss:		0.001061
  validation loss:		0.000855
  validation accuracy:		100.00 %
Epoch 477 of 500 took 5.592s
  training loss:		0.000949
  validation loss:		0.000884
  validation accuracy:		100.00 %
Epoch 478 of 500 took 5.421s
  training loss:		0.000935
  validation loss:		0.000923
  validation accuracy:		100.00 %
Epoch 479 of 500 took 5.588s
  training loss:		0.001000
  validation loss:		0.000978
  validation accuracy:		100.00 %
Epoch 480 of 500 took 5.601s
  training loss:		0.001028
  validation loss:		0.001024
  validation accuracy:		100.00 %
Epoch 481 of 500 took 5.606s
  training loss:		0.000946
  validation loss:		0.000998
  validation accuracy:		100.00 %
('Average Reconstruction Error -- ', 0.062182556358585786)
Plotting the learning curve .........
Plotting the valid learning curve .........
Plotting the accuracy curve .........
Network Parameters saved!!!!!!!!
Running prediction function on Validation data
Epoch 482 of 500 took 5.507s
  training loss:		0.000967
  validation loss:		0.000949
  validation accuracy:		100.00 %
Epoch 483 of 500 took 5.597s
  training loss:		0.000953
  validation loss:		0.000837
  validation accuracy:		100.00 %
Epoch 484 of 500 took 5.604s
  training loss:		0.001047
  validation loss:		0.001101
  validation accuracy:		100.00 %
Epoch 485 of 500 took 5.599s
  training loss:		0.001004
  validation loss:		0.001018
  validation accuracy:		100.00 %
Epoch 486 of 500 took 5.603s
  training loss:		0.001130
  validation loss:		0.001038
  validation accuracy:		100.00 %
Epoch 487 of 500 took 5.598s
  training loss:		0.000885
  validation loss:		0.001006
  validation accuracy:		100.00 %
Epoch 488 of 500 took 5.614s
  training loss:		0.000907
  validation loss:		0.000858
  validation accuracy:		100.00 %
Epoch 489 of 500 took 5.591s
  training loss:		0.001144
  validation loss:		0.000967
  validation accuracy:		100.00 %
Epoch 490 of 500 took 5.601s
  training loss:		0.001126
  validation loss:		0.000795
  validation accuracy:		100.00 %
Epoch 491 of 500 took 5.601s
  training loss:		0.000890
  validation loss:		0.000886
  validation accuracy:		100.00 %
('Average Reconstruction Error -- ', 0.060936584421547438)
Plotting the learning curve .........
Plotting the valid learning curve .........
Plotting the accuracy curve .........
Network Parameters saved!!!!!!!!
Running prediction function on Validation data
Epoch 492 of 500 took 5.587s
  training loss:		0.000928
  validation loss:		0.000839
  validation accuracy:		100.00 %
Epoch 493 of 500 took 5.594s
  training loss:		0.000989
  validation loss:		0.000912
  validation accuracy:		100.00 %
Epoch 494 of 500 took 5.603s
  training loss:		0.000902
  validation loss:		0.001030
  validation accuracy:		100.00 %
Epoch 495 of 500 took 5.605s
  training loss:		0.000957
  validation loss:		0.000984
  validation accuracy:		100.00 %
Epoch 496 of 500 took 5.600s
  training loss:		0.001091
  validation loss:		0.000965
  validation accuracy:		100.00 %
Epoch 497 of 500 took 5.607s
  training loss:		0.000915
  validation loss:		0.001023
  validation accuracy:		100.00 %
Epoch 498 of 500 took 5.599s
  training loss:		0.000979
  validation loss:		0.000892
  validation accuracy:		100.00 %
Epoch 499 of 500 took 5.594s
  training loss:		0.000898
  validation loss:		0.000940
  validation accuracy:		100.00 %
Epoch 500 of 500 took 5.604s
  training loss:		0.000991
  validation loss:		0.000860
  validation accuracy:		100.00 %
('Get all the Update Values : ', OrderedDict([(W, Elemwise{add,no_inplace}.0), (b, Elemwise{add,no_inplace}.0), (W, Elemwise{add,no_inplace}.0), (b, Elemwise{add,no_inplace}.0), (W, Elemwise{add,no_inplace}.0), (b, Elemwise{add,no_inplace}.0), (W, Elemwise{add,no_inplace}.0), (b, Elemwise{add,no_inplace}.0), (W, Elemwise{add,no_inplace}.0), (b, Elemwise{add,no_inplace}.0), (W, Elemwise{add,no_inplace}.0), (b, Elemwise{add,no_inplace}.0), (<TensorType(float64, 4D)>, Elemwise{sub,no_inplace}.0), (<TensorType(float64, vector)>, Elemwise{sub,no_inplace}.0), (<TensorType(float64, 4D)>, Elemwise{sub,no_inplace}.0), (<TensorType(float64, vector)>, Elemwise{sub,no_inplace}.0), (<TensorType(float64, 4D)>, Elemwise{sub,no_inplace}.0), (<TensorType(float64, vector)>, Elemwise{sub,no_inplace}.0), (<TensorType(float64, 4D)>, Elemwise{sub,no_inplace}.0), (<TensorType(float64, vector)>, Elemwise{sub,no_inplace}.0), (<TensorType(float64, matrix)>, Elemwise{sub,no_inplace}.0), (<TensorType(float64, vector)>, Elemwise{sub,no_inplace}.0), (<TensorType(float64, matrix)>, Elemwise{sub,no_inplace}.0), (<TensorType(float64, vector)>, Elemwise{sub,no_inplace}.0)]))
Visualizing Saliency map .........
Traceback (most recent call last):
  File "supervised_cnn.py", line 450, in <module>
    main(**{k:v for (k,v) in vars(args).items() if v is not None})
  File "supervised_cnn.py", line 409, in main
    visualize_saliency_map(X_train, X_sal, max_class, outfolder)
  File "/global/u1/s/ssingh79/convolutional_autoencoder-master/Models/Theoretical_model/visualize.py", line 223, in visualize_saliency_map
    plt.imshow((np.maximum(0, saliency) / saliency.max()))
  File "/usr/common/software/python/2.7-anaconda/envs/deeplearning/lib/python2.7/site-packages/matplotlib/pyplot.py", line 3022, in imshow
    **kwargs)
  File "/usr/common/software/python/2.7-anaconda/envs/deeplearning/lib/python2.7/site-packages/matplotlib/__init__.py", line 1812, in inner
    return func(ax, *args, **kwargs)
  File "/usr/common/software/python/2.7-anaconda/envs/deeplearning/lib/python2.7/site-packages/matplotlib/axes/_axes.py", line 4947, in imshow
    im.set_data(X)
  File "/usr/common/software/python/2.7-anaconda/envs/deeplearning/lib/python2.7/site-packages/matplotlib/image.py", line 453, in set_data
    raise TypeError("Invalid dimensions for image data")
TypeError: Invalid dimensions for image data
