Loading data...
('Calling ', 'train_data_64k.h5', '......')
('Printing Train set ', array([[-0.01032324,  0.00679525,  0.0022744 , ..., -0.00186596,
        -0.00139782, -0.00295408],
       [ 0.03064897,  0.00953815,  0.03919139, ..., -0.04416131,
        -0.01501628, -0.03169146],
       [-0.00054488,  0.03779386,  0.03071115, ...,  0.03494589,
        -0.00192948, -0.01491482],
       ..., 
       [-0.01792001, -0.0332757 , -0.03511935, ..., -0.02660589,
        -0.02870286, -0.0296263 ],
       [-0.01097497, -0.01258439, -0.03759458, ...,  0.01413019,
        -0.02485162, -0.02055037],
       [-0.04255074, -0.04967483, -0.02673387, ...,  0.01248583,
         0.0289001 , -0.00986743]]))
('X_train 1 shape ', (64000, 16384))
('Printing Train set ', array([[-0.02512396, -0.03287205, -0.03316736, ...,  0.10065543,
         0.02794481,  0.00411595],
       [ 0.02518618,  0.00925795,  0.0307598 , ..., -0.03124851,
        -0.03897436, -0.03171649],
       [ 0.05087735,  0.06243372,  0.09598123, ..., -0.01340537,
         0.02301167,  0.05911352],
       ..., 
       [ 0.01281872, -0.00571466, -0.03530059, ..., -0.02591705,
        -0.0062293 ,  0.01869127],
       [-0.05095224, -0.0446883 , -0.04354183, ..., -0.01251224,
        -0.01232889,  0.03422774],
       [-0.0315671 , -0.03121806, -0.03767376, ..., -0.00516524,
         0.00659046, -0.00170965]]))
('X_train 2 shape ', (64000, 16384))
('Theoretical model 1', (50, 16384))
('Theoretical model 1', (50, 16384))
('Training Set : ', array([[-0.00586965, -0.01648888, -0.0126414 , ..., -0.02230272,
        -0.02267769, -0.02228614],
       [-0.00929812, -0.01257125, -0.0198905 , ...,  0.08893503,
         0.04487617,  0.02361676],
       [-0.0561397 , -0.04923282, -0.05329005, ..., -0.00989343,
         0.01208714,  0.09850667],
       ..., 
       [ 0.02920828,  0.00170099,  0.00496952, ...,  0.03354577,
         0.01243313,  0.00094037],
       [ 0.09780688,  0.05995202, -0.00163698, ...,  0.0268186 ,
        -0.01052542, -0.01104374],
       [-0.00335701,  0.05111984,  0.04460544, ...,  0.00252505,
        -0.01512421, -0.01982325]]))
((80, 16384), (80,))
('Validation Set : ', array([[-0.01399796, -0.02115299, -0.01584195, ..., -0.01219299,
        -0.01779835, -0.04390448],
       [ 0.00989898,  0.02749253,  0.01269809, ..., -0.02847821,
        -0.03986367, -0.04792276],
       [-0.0286157 , -0.00881163,  0.00164981, ...,  0.00147774,
         0.00445237, -0.00261034],
       ..., 
       [-0.03078906, -0.02277001, -0.01182788, ..., -0.0495907 ,
        -0.0407964 , -0.01574784],
       [-0.0013184 , -0.01391049,  0.02344197, ..., -0.0179151 ,
        -0.0142652 , -0.02394815],
       [-0.01517537, -0.01906185, -0.01870292, ...,  0.03759929,
         0.01840865, -0.01135073]]))
((10, 16384), (10,))
('Test Set : ', array([[-0.03839896, -0.00731576, -0.03401649, ..., -0.02848161,
        -0.03604746, -0.02023522],
       [ 0.09780688,  0.05995202, -0.00163698, ...,  0.0268186 ,
        -0.01052542, -0.01104374],
       [ 0.03027202,  0.0554798 ,  0.01127476, ...,  0.00660177,
        -0.00582999,  0.03684055],
       ..., 
       [-0.04103937, -0.04760031, -0.03936651, ..., -0.03544683,
        -0.02125987,  0.0222004 ],
       [-0.01926417, -0.02599142, -0.02371671, ...,  0.03411773,
         0.05297891,  0.01229725],
       [-0.03797176, -0.02486136, -0.02041703, ..., -0.01482872,
        -0.0067645 ,  0.00461318]]))
((10, 16384), (10,))
[-0.01486022 -0.00930332 -0.00989287 ..., -0.00449061 -0.00194231
 -0.00147093]
[ 0.00083638  0.00085312  0.0007436  ...,  0.00123237  0.00103163
  0.00126148]
('Normalized Training data : ', array([[ 0.31087517, -0.24601148, -0.10079267, ..., -0.50739253,
        -0.64558123, -0.58605805],
       [ 0.1923258 , -0.1118838 , -0.36662831, ...,  2.66130659,
         1.45766002,  0.70635058],
       [-1.42736001, -1.36706275, -1.59144061, ..., -0.15390365,
         0.43679709,  2.81489666],
       ..., 
       [ 1.52379841,  0.37675329,  0.54502661, ...,  1.08349769,
         0.44756912,  0.06789083],
       [ 3.89579726,  2.37108858,  0.30275612, ...,  0.89186884,
        -0.26722896, -0.26952508],
       [ 0.39775727,  2.06870197,  1.99853601, ...,  0.19984698,
        -0.41040888, -0.51671466]]))
('Mean : ', 3.4694469519536144e-19)
('min : ', -2.934097724988511)
('max : ', 8.2528906549865706)
('Valid set min : ', -2.9144205955515385)
('Valid set max : ', 17.678948835543146)
('Test set min : ', -2.7931243276277513)
('Test set max : ', 17.254562555070901)
((80, 1, 128, 128), (80,))
((10, 1, 128, 128), (10,))
((10, 1, 128, 128), (10,))
Saving sampled training images.......
Building model and compiling functions.........
('Input shape : ', (None, 1, 128, 128))
('Conv layer 1 : ', (None, 32, 64, 64))
('Conv layer 2 : ', (None, 32, 32, 32))
('Conv layer 3 : ', (None, 64, 16, 16))
('Conv layer 4 : ', (None, 64, 8, 8))
('Bottleneck layer: ', (None, 2048))
('Bottleneck layer: ', (None, 4096))
('Reshape Layer : ', (None, 64, 8, 8))
('Deconv layer 1 : ', (None, 64, 16, 16))
('Deconv layer 2 : ', (None, 32, 32, 32))
('Deconv layer 3 : ', (None, 32, 64, 64))
('Deconv layer 4 : ', (None, 1, 128, 128))
('Final layer Shape : ', (None, 1, 128, 128))
Created Lasagne Layers & Network established !!! 
('Get the output layer : ', Elemwise{add,no_inplace}.0)
('Get all the parameters : ', [W, b, W, b, W, b, W, b, W, b, W, b, W, b, W, b, W, b, W, b])
Starting training...
Epoch 1 of 800 took 2.484s
  training loss:		1.000178
  validation loss:		0.968474
('Average Reconstruction Error -- ', 1.0001777312501596)
Plotting the learning curve .........
Plotting the valid learning curve .........
Network Parameters saved!!!!!!!!
Running prediction function on Validation data
Saving reconstructed images .........
Saving histogram of reconstructed image.....
Epoch 2 of 800 took 2.141s
  training loss:		1.000114
  validation loss:		0.969490
Epoch 3 of 800 took 2.065s
  training loss:		1.000068
  validation loss:		0.968609
Epoch 4 of 800 took 2.077s
  training loss:		1.000023
  validation loss:		0.969113
Epoch 5 of 800 took 2.063s
  training loss:		0.999956
  validation loss:		0.968671
Epoch 6 of 800 took 2.061s
  training loss:		0.999900
  validation loss:		0.968752
Epoch 7 of 800 took 2.064s
  training loss:		0.999775
  validation loss:		0.968459
Epoch 8 of 800 took 2.061s
  training loss:		0.999651
  validation loss:		0.968916
Epoch 9 of 800 took 2.061s
  training loss:		0.999516
  validation loss:		0.968000
Epoch 10 of 800 took 2.050s
  training loss:		0.999348
  validation loss:		0.969911
Epoch 11 of 800 took 2.059s
  training loss:		0.999216
  validation loss:		0.966787
('Average Reconstruction Error -- ', 0.99979487576974979)
Plotting the learning curve .........
Plotting the valid learning curve .........
Network Parameters saved!!!!!!!!
Running prediction function on Validation data
Saving reconstructed images .........
Saving histogram of reconstructed image.....
Epoch 12 of 800 took 2.036s
  training loss:		0.999520
  validation loss:		0.972051
Epoch 13 of 800 took 2.063s
  training loss:		0.999187
  validation loss:		0.965505
Epoch 14 of 800 took 2.057s
  training loss:		0.999149
  validation loss:		0.975780
Epoch 15 of 800 took 2.051s
  training loss:		0.999770
  validation loss:		0.965083
Epoch 16 of 800 took 2.060s
  training loss:		1.002600
  validation loss:		0.985816
Epoch 17 of 800 took 2.051s
  training loss:		1.004557
  validation loss:		0.966380
Epoch 18 of 800 took 2.049s
  training loss:		1.004971
  validation loss:		0.992584
Epoch 19 of 800 took 2.048s
  training loss:		1.004429
  validation loss:		0.967545
Epoch 20 of 800 took 2.045s
  training loss:		1.001015
  validation loss:		1.027165
Epoch 21 of 800 took 2.062s
  training loss:		1.029644
  validation loss:		1.051966
('Average Reconstruction Error -- ', 1.0020278859321718)
Plotting the learning curve .........
Plotting the valid learning curve .........
Network Parameters saved!!!!!!!!
Running prediction function on Validation data
Saving reconstructed images .........
Saving histogram of reconstructed image.....
Epoch 22 of 800 took 2.011s
  training loss:		1.123054
  validation loss:		1.081437
Epoch 23 of 800 took 2.024s
  training loss:		1.079781
  validation loss:		0.966278
Epoch 24 of 800 took 2.022s
  training loss:		1.007548
  validation loss:		0.968828
Epoch 25 of 800 took 2.035s
  training loss:		1.000000
  validation loss:		0.968828
Epoch 26 of 800 took 2.015s
  training loss:		1.000000
  validation loss:		0.968828
Epoch 27 of 800 took 2.027s
  training loss:		1.000000
  validation loss:		0.968828
Epoch 28 of 800 took 2.025s
  training loss:		1.000000
  validation loss:		0.968828
Epoch 29 of 800 took 2.015s
  training loss:		1.000000
  validation loss:		0.968828
Epoch 30 of 800 took 2.019s
  training loss:		1.000000
  validation loss:		0.968828
Epoch 31 of 800 took 2.029s
  training loss:		1.000000
  validation loss:		0.968828
('Average Reconstruction Error -- ', 1.008160243523319)
Plotting the learning curve .........
Plotting the valid learning curve .........
Network Parameters saved!!!!!!!!
Running prediction function on Validation data
Saving reconstructed images .........
Saving histogram of reconstructed image.....
Epoch 32 of 800 took 2.003s
  training loss:		1.000000
  validation loss:		0.968828
Epoch 33 of 800 took 2.051s
  training loss:		1.000000
  validation loss:		0.968828
Epoch 34 of 800 took 2.033s
  training loss:		1.000000
  validation loss:		0.968828
Epoch 35 of 800 took 2.035s
  training loss:		1.000000
  validation loss:		0.968828
Epoch 36 of 800 took 2.037s
  training loss:		1.000000
  validation loss:		0.968828
Epoch 37 of 800 took 2.038s
  training loss:		1.000000
  validation loss:		0.968828
Epoch 38 of 800 took 2.036s
  training loss:		1.000000
  validation loss:		0.968828
Epoch 39 of 800 took 2.039s
  training loss:		1.000000
  validation loss:		0.968828
Epoch 40 of 800 took 2.033s
  training loss:		1.000000
  validation loss:		0.968828
Epoch 41 of 800 took 2.035s
  training loss:		1.000000
  validation loss:		0.968828
('Average Reconstruction Error -- ', 1.0061699402249447)
Plotting the learning curve .........
Plotting the valid learning curve .........
Network Parameters saved!!!!!!!!
Running prediction function on Validation data
Saving reconstructed images .........
Saving histogram of reconstructed image.....
Epoch 42 of 800 took 1.937s
  training loss:		1.000000
  validation loss:		0.968828
Epoch 43 of 800 took 1.996s
  training loss:		1.000000
  validation loss:		0.968828
Epoch 44 of 800 took 1.998s
  training loss:		1.000000
  validation loss:		0.968828
Epoch 45 of 800 took 1.994s
  training loss:		1.000000
  validation loss:		0.968828
Epoch 46 of 800 took 1.987s
  training loss:		1.000000
  validation loss:		0.968828
Epoch 47 of 800 took 1.981s
  training loss:		1.000000
  validation loss:		0.968828
Epoch 48 of 800 took 1.996s
  training loss:		1.000000
  validation loss:		0.968828
Epoch 49 of 800 took 1.990s
  training loss:		1.000000
  validation loss:		0.968828
Epoch 50 of 800 took 1.986s
  training loss:		1.000000
  validation loss:		0.968828
Epoch 51 of 800 took 1.981s
  training loss:		1.000000
  validation loss:		0.968828
('Average Reconstruction Error -- ', 1.0049601480239712)
Plotting the learning curve .........
Plotting the valid learning curve .........
Network Parameters saved!!!!!!!!
Running prediction function on Validation data
Saving reconstructed images .........
Saving histogram of reconstructed image.....
Epoch 52 of 800 took 1.992s
  training loss:		1.000000
  validation loss:		0.968828
Epoch 53 of 800 took 1.999s
  training loss:		1.000000
  validation loss:		0.968828
Epoch 54 of 800 took 1.990s
  training loss:		1.000000
  validation loss:		0.968828
Epoch 55 of 800 took 1.985s
  training loss:		1.000000
  validation loss:		0.968828
Epoch 56 of 800 took 1.989s
  training loss:		1.000000
  validation loss:		0.968828
Epoch 57 of 800 took 1.983s
  training loss:		1.000000
  validation loss:		0.968828
Epoch 58 of 800 took 1.986s
  training loss:		1.000000
  validation loss:		0.968828
Epoch 59 of 800 took 1.992s
  training loss:		1.000000
  validation loss:		0.968828
Epoch 60 of 800 took 1.993s
  training loss:		1.000000
  validation loss:		0.968828
Epoch 61 of 800 took 1.993s
  training loss:		1.000000
  validation loss:		0.968828
('Average Reconstruction Error -- ', 1.0041470090036466)
Plotting the learning curve .........
Plotting the valid learning curve .........
Network Parameters saved!!!!!!!!
Running prediction function on Validation data
Saving reconstructed images .........
Saving histogram of reconstructed image.....
Epoch 62 of 800 took 1.996s
  training loss:		1.000000
  validation loss:		0.968828
Epoch 63 of 800 took 1.992s
  training loss:		1.000000
  validation loss:		0.968828
Epoch 64 of 800 took 1.982s
  training loss:		1.000000
  validation loss:		0.968828
Epoch 65 of 800 took 1.988s
  training loss:		1.000000
  validation loss:		0.968828
Epoch 66 of 800 took 1.987s
  training loss:		1.000000
  validation loss:		0.968828
Epoch 67 of 800 took 1.991s
  training loss:		1.000000
  validation loss:		0.968828
Epoch 68 of 800 took 1.998s
  training loss:		1.000000
  validation loss:		0.968828
Epoch 69 of 800 took 1.979s
  training loss:		1.000000
  validation loss:		0.968828
Epoch 70 of 800 took 1.995s
  training loss:		1.000000
  validation loss:		0.968828
Epoch 71 of 800 took 1.983s
  training loss:		1.000000
  validation loss:		0.968828
('Average Reconstruction Error -- ', 1.0035629232284837)
Plotting the learning curve .........
Plotting the valid learning curve .........
Network Parameters saved!!!!!!!!
Running prediction function on Validation data
Saving reconstructed images .........
Saving histogram of reconstructed image.....
Epoch 72 of 800 took 1.973s
  training loss:		1.000000
  validation loss:		0.968828
Epoch 73 of 800 took 1.994s
  training loss:		1.000000
  validation loss:		0.968828
Epoch 74 of 800 took 1.991s
  training loss:		1.000000
  validation loss:		0.968828
Epoch 75 of 800 took 1.984s
  training loss:		1.000000
  validation loss:		0.968828
Epoch 76 of 800 took 1.989s
  training loss:		1.000000
  validation loss:		0.968828
Epoch 77 of 800 took 1.993s
  training loss:		1.000000
  validation loss:		0.968828
Epoch 78 of 800 took 1.986s
  training loss:		1.000000
  validation loss:		0.968828
Epoch 79 of 800 took 1.993s
  training loss:		1.000000
  validation loss:		0.968828
Epoch 80 of 800 took 1.979s
  training loss:		1.000000
  validation loss:		0.968828
Epoch 81 of 800 took 1.993s
  training loss:		1.000000
  validation loss:		0.968828
('Average Reconstruction Error -- ', 1.0031230561632356)
Plotting the learning curve .........
Plotting the valid learning curve .........
Network Parameters saved!!!!!!!!
Running prediction function on Validation data
Saving reconstructed images .........
Saving histogram of reconstructed image.....
Epoch 82 of 800 took 1.977s
  training loss:		1.000000
  validation loss:		0.968828
Epoch 83 of 800 took 1.984s
  training loss:		1.000000
  validation loss:		0.968828
Epoch 84 of 800 took 1.994s
  training loss:		1.000000
  validation loss:		0.968828
Epoch 85 of 800 took 1.991s
  training loss:		1.000000
  validation loss:		0.968828
Epoch 86 of 800 took 1.996s
  training loss:		1.000000
  validation loss:		0.968828
Epoch 87 of 800 took 1.994s
  training loss:		1.000000
  validation loss:		0.968828
Epoch 88 of 800 took 1.998s
  training loss:		1.000000
  validation loss:		0.968828
Epoch 89 of 800 took 1.986s
  training loss:		1.000000
  validation loss:		0.968828
Epoch 90 of 800 took 1.985s
  training loss:		1.000000
  validation loss:		0.968828
Epoch 91 of 800 took 1.998s
  training loss:		1.000000
  validation loss:		0.968828
('Average Reconstruction Error -- ', 1.0027798631782618)
Plotting the learning curve .........
Plotting the valid learning curve .........
Network Parameters saved!!!!!!!!
Running prediction function on Validation data
Saving reconstructed images .........
Saving histogram of reconstructed image.....
Epoch 92 of 800 took 1.932s
  training loss:		1.000000
  validation loss:		0.968828
Epoch 93 of 800 took 1.975s
  training loss:		1.000000
  validation loss:		0.968828
Epoch 94 of 800 took 1.967s
  training loss:		1.000000
  validation loss:		0.968828
Epoch 95 of 800 took 1.979s
  training loss:		1.000000
  validation loss:		0.968828
Epoch 96 of 800 took 1.986s
  training loss:		1.000000
  validation loss:		0.968828
Epoch 97 of 800 took 1.970s
  training loss:		1.000000
  validation loss:		0.968828
Epoch 98 of 800 took 1.968s
  training loss:		1.000000
  validation loss:		0.968828
Epoch 99 of 800 took 1.985s
  training loss:		1.000000
  validation loss:		0.968828
Epoch 100 of 800 took 1.964s
  training loss:		1.000000
  validation loss:		0.968828
Epoch 101 of 800 took 1.980s
  training loss:		1.000000
  validation loss:		0.968828
('Average Reconstruction Error -- ', 1.0025046292002151)
Plotting the learning curve .........
Plotting the valid learning curve .........
Network Parameters saved!!!!!!!!
Running prediction function on Validation data
Saving reconstructed images .........
Saving histogram of reconstructed image.....
Epoch 102 of 800 took 1.982s
  training loss:		1.000000
  validation loss:		0.968828
Epoch 103 of 800 took 1.990s
  training loss:		1.000000
  validation loss:		0.968828
Epoch 104 of 800 took 1.995s
  training loss:		1.000000
  validation loss:		0.968828
Epoch 105 of 800 took 1.992s
  training loss:		1.000000
  validation loss:		0.968828
Epoch 106 of 800 took 1.984s
  training loss:		1.000000
  validation loss:		0.968828
Epoch 107 of 800 took 1.984s
  training loss:		1.000000
  validation loss:		0.968828
Epoch 108 of 800 took 1.987s
  training loss:		1.000000
  validation loss:		0.968828
Epoch 109 of 800 took 1.994s
  training loss:		1.000000
  validation loss:		0.968828
Epoch 110 of 800 took 1.994s
  training loss:		1.000000
  validation loss:		0.968828
Epoch 111 of 800 took 1.990s
  training loss:		1.000000
  validation loss:		0.968828
('Average Reconstruction Error -- ', 1.0022789869299251)
Plotting the learning curve .........
Plotting the valid learning curve .........
Network Parameters saved!!!!!!!!
Running prediction function on Validation data
Saving reconstructed images .........
Saving histogram of reconstructed image.....
Epoch 112 of 800 took 1.990s
  training loss:		1.000000
  validation loss:		0.968828
Epoch 113 of 800 took 2.049s
  training loss:		1.000000
  validation loss:		0.968828
Epoch 114 of 800 took 2.043s
  training loss:		1.000000
  validation loss:		0.968828
Epoch 115 of 800 took 2.044s
  training loss:		1.000000
  validation loss:		0.968828
Epoch 116 of 800 took 2.046s
  training loss:		1.000000
  validation loss:		0.968828
Epoch 117 of 800 took 2.051s
  training loss:		1.000000
  validation loss:		0.968828
Epoch 118 of 800 took 2.052s
  training loss:		1.000000
  validation loss:		0.968828
Epoch 119 of 800 took 2.050s
  training loss:		1.000000
  validation loss:		0.968828
Epoch 120 of 800 took 2.042s
  training loss:		1.000000
  validation loss:		0.968828
Epoch 121 of 800 took 2.039s
  training loss:		1.000000
  validation loss:		0.968828
('Average Reconstruction Error -- ', 1.0020906409026571)
Plotting the learning curve .........
Plotting the valid learning curve .........
Network Parameters saved!!!!!!!!
Running prediction function on Validation data
Saving reconstructed images .........
Saving histogram of reconstructed image.....
Epoch 122 of 800 took 2.005s
  training loss:		1.000000
  validation loss:		0.968828
Epoch 123 of 800 took 2.042s
  training loss:		1.000000
  validation loss:		0.968828
Epoch 124 of 800 took 2.046s
  training loss:		1.000000
  validation loss:		0.968828
Epoch 125 of 800 took 2.043s
  training loss:		1.000000
  validation loss:		0.968828
Epoch 126 of 800 took 2.044s
  training loss:		1.000000
  validation loss:		0.968828
Epoch 127 of 800 took 2.040s
  training loss:		1.000000
  validation loss:		0.968828
Epoch 128 of 800 took 2.038s
  training loss:		1.000000
  validation loss:		0.968828
Epoch 129 of 800 took 2.037s
  training loss:		1.000000
  validation loss:		0.968828
Epoch 130 of 800 took 2.037s
  training loss:		1.000000
  validation loss:		0.968828
Epoch 131 of 800 took 2.034s
  training loss:		1.000000
  validation loss:		0.968828
('Average Reconstruction Error -- ', 1.0019310499940561)
Plotting the learning curve .........
Plotting the valid learning curve .........
Network Parameters saved!!!!!!!!
Running prediction function on Validation data
Saving reconstructed images .........
Saving histogram of reconstructed image.....
Epoch 132 of 800 took 2.030s
  training loss:		1.000000
  validation loss:		0.968828
Epoch 133 of 800 took 2.040s
  training loss:		1.000000
  validation loss:		0.968828
Epoch 134 of 800 took 2.032s
  training loss:		1.000000
  validation loss:		0.968828
Epoch 135 of 800 took 2.024s
  training loss:		1.000000
  validation loss:		0.968828
Epoch 136 of 800 took 2.037s
  training loss:		1.000000
  validation loss:		0.968828
Epoch 137 of 800 took 2.030s
  training loss:		1.000000
  validation loss:		0.968828
Epoch 138 of 800 took 2.032s
  training loss:		1.000000
  validation loss:		0.968828
Epoch 139 of 800 took 2.040s
  training loss:		1.000000
  validation loss:		0.968828
Epoch 140 of 800 took 2.025s
  training loss:		1.000000
  validation loss:		0.968828
Epoch 141 of 800 took 2.037s
  training loss:		1.000000
  validation loss:		0.968828
('Average Reconstruction Error -- ', 1.0017940960937681)
Plotting the learning curve .........
Plotting the valid learning curve .........
Network Parameters saved!!!!!!!!
Running prediction function on Validation data
Saving reconstructed images .........
Saving histogram of reconstructed image.....
Epoch 142 of 800 took 1.920s
  training loss:		1.000000
  validation loss:		0.968828
Epoch 143 of 800 took 1.987s
  training loss:		1.000000
  validation loss:		0.968828
Epoch 144 of 800 took 1.990s
  training loss:		1.000000
  validation loss:		0.968828
Epoch 145 of 800 took 1.984s
  training loss:		1.000000
  validation loss:		0.968828
Epoch 146 of 800 took 1.984s
  training loss:		1.000000
  validation loss:		0.968828
Epoch 147 of 800 took 1.997s
  training loss:		1.000000
  validation loss:		0.968828
Epoch 148 of 800 took 1.993s
  training loss:		1.000000
  validation loss:		0.968828
Epoch 149 of 800 took 1.987s
  training loss:		1.000000
  validation loss:		0.968828
Epoch 150 of 800 took 1.985s
  training loss:		1.000000
  validation loss:		0.968828
Epoch 151 of 800 took 1.994s
  training loss:		1.000000
  validation loss:		0.968828
('Average Reconstruction Error -- ', 1.0016752817829222)
Plotting the learning curve .........
Plotting the valid learning curve .........
Network Parameters saved!!!!!!!!
Running prediction function on Validation data
Saving reconstructed images .........
Saving histogram of reconstructed image.....
Epoch 152 of 800 took 2.009s
  training loss:		1.000000
  validation loss:		0.968828
Epoch 153 of 800 took 2.023s
  training loss:		1.000000
  validation loss:		0.968828
Epoch 154 of 800 took 2.029s
  training loss:		1.000000
  validation loss:		0.968828
Epoch 155 of 800 took 2.023s
  training loss:		1.000000
  validation loss:		0.968828
Epoch 156 of 800 took 2.031s
  training loss:		1.000000
  validation loss:		0.968828
Epoch 157 of 800 took 2.023s
  training loss:		1.000000
  validation loss:		0.968828
Epoch 158 of 800 took 2.031s
  training loss:		1.000000
  validation loss:		0.968828
Epoch 159 of 800 took 2.031s
  training loss:		1.000000
  validation loss:		0.968828
Epoch 160 of 800 took 2.017s
  training loss:		1.000000
  validation loss:		0.968828
Epoch 161 of 800 took 2.016s
  training loss:		1.000000
  validation loss:		0.968828
('Average Reconstruction Error -- ', 1.0015712270137953)
Plotting the learning curve .........
Plotting the valid learning curve .........
Network Parameters saved!!!!!!!!
Running prediction function on Validation data
Saving reconstructed images .........
Saving histogram of reconstructed image.....
Epoch 162 of 800 took 2.015s
  training loss:		1.000000
  validation loss:		0.968828
Epoch 163 of 800 took 1.983s
  training loss:		1.000000
  validation loss:		0.968828
Epoch 164 of 800 took 1.984s
  training loss:		1.000000
  validation loss:		0.968828
Epoch 165 of 800 took 1.984s
  training loss:		1.000000
  validation loss:		0.968828
Epoch 166 of 800 took 1.991s
  training loss:		1.000000
  validation loss:		0.968828
Epoch 167 of 800 took 1.992s
  training loss:		1.000000
  validation loss:		0.968828
Epoch 168 of 800 took 1.987s
  training loss:		1.000000
  validation loss:		0.968828
Epoch 169 of 800 took 1.989s
  training loss:		1.000000
  validation loss:		0.968828
Epoch 170 of 800 took 1.993s
  training loss:		1.000000
  validation loss:		0.968828
Epoch 171 of 800 took 1.998s
  training loss:		1.000000
  validation loss:		0.968828
('Average Reconstruction Error -- ', 1.0014793423931048)
Plotting the learning curve .........
Plotting the valid learning curve .........
Network Parameters saved!!!!!!!!
Running prediction function on Validation data
Saving reconstructed images .........
Saving histogram of reconstructed image.....
Epoch 172 of 800 took 2.003s
  training loss:		1.000000
  validation loss:		0.968828
Epoch 173 of 800 took 2.027s
  training loss:		1.000000
  validation loss:		0.968828
Epoch 174 of 800 took 2.013s
  training loss:		1.000000
  validation loss:		0.968828
Epoch 175 of 800 took 2.029s
  training loss:		1.000000
  validation loss:		0.968828
Epoch 176 of 800 took 2.022s
  training loss:		1.000000
  validation loss:		0.968828
Epoch 177 of 800 took 2.025s
  training loss:		1.000000
  validation loss:		0.968828
Epoch 178 of 800 took 2.027s
  training loss:		1.000000
  validation loss:		0.968828
Epoch 179 of 800 took 2.019s
  training loss:		1.000000
  validation loss:		0.968828
Epoch 180 of 800 took 2.014s
  training loss:		1.000000
  validation loss:		0.968828
Epoch 181 of 800 took 2.015s
  training loss:		1.000000
  validation loss:		0.968828
('Average Reconstruction Error -- ', 1.0013976107691758)
Plotting the learning curve .........
Plotting the valid learning curve .........
Network Parameters saved!!!!!!!!
Running prediction function on Validation data
Saving reconstructed images .........
Saving histogram of reconstructed image.....
Epoch 182 of 800 took 1.936s
  training loss:		1.000000
  validation loss:		0.968828
Epoch 183 of 800 took 1.996s
  training loss:		1.000000
  validation loss:		0.968828
Epoch 184 of 800 took 1.993s
  training loss:		1.000000
  validation loss:		0.968828
Epoch 185 of 800 took 1.991s
  training loss:		1.000000
  validation loss:		0.968828
Epoch 186 of 800 took 1.992s
  training loss:		1.000000
  validation loss:		0.968828
Epoch 187 of 800 took 2.003s
  training loss:		1.000000
  validation loss:		0.968828
Epoch 188 of 800 took 2.007s
  training loss:		1.000000
  validation loss:		0.968828
Epoch 189 of 800 took 2.003s
  training loss:		1.000000
  validation loss:		0.968828
Epoch 190 of 800 took 1.993s
  training loss:		1.000000
  validation loss:		0.968828
Epoch 191 of 800 took 2.003s
  training loss:		1.000000
  validation loss:		0.968828
('Average Reconstruction Error -- ', 1.0013244374304742)
Plotting the learning curve .........
Plotting the valid learning curve .........
Network Parameters saved!!!!!!!!
Running prediction function on Validation data
Saving reconstructed images .........
Saving histogram of reconstructed image.....
Epoch 192 of 800 took 1.995s
  training loss:		1.000000
  validation loss:		0.968828
Epoch 193 of 800 took 1.996s
  training loss:		1.000000
  validation loss:		0.968828
Epoch 194 of 800 took 1.994s
  training loss:		1.000000
  validation loss:		0.968828
Epoch 195 of 800 took 1.998s
  training loss:		1.000000
  validation loss:		0.968828
Epoch 196 of 800 took 1.983s
  training loss:		1.000000
  validation loss:		0.968828
Epoch 197 of 800 took 1.997s
  training loss:		1.000000
  validation loss:		0.968828
Epoch 198 of 800 took 1.987s
  training loss:		1.000000
  validation loss:		0.968828
Epoch 199 of 800 took 1.989s
  training loss:		1.000000
  validation loss:		0.968828
Epoch 200 of 800 took 1.997s
  training loss:		1.000000
  validation loss:		0.968828
Epoch 201 of 800 took 1.984s
  training loss:		1.000000
  validation loss:		0.968828
('Average Reconstruction Error -- ', 1.001258545020997)
Plotting the learning curve .........
Plotting the valid learning curve .........
Network Parameters saved!!!!!!!!
Running prediction function on Validation data
Saving reconstructed images .........
Saving histogram of reconstructed image.....
Epoch 202 of 800 took 2.008s
  training loss:		1.000000
  validation loss:		0.968828
Epoch 203 of 800 took 2.042s
  training loss:		1.000000
  validation loss:		0.968828
Epoch 204 of 800 took 2.035s
  training loss:		1.000000
  validation loss:		0.968828
Epoch 205 of 800 took 2.025s
  training loss:		1.000000
  validation loss:		0.968828
Epoch 206 of 800 took 2.034s
  training loss:		1.000000
  validation loss:		0.968828
Epoch 207 of 800 took 2.031s
  training loss:		1.000000
  validation loss:		0.968828
Epoch 208 of 800 took 2.025s
  training loss:		1.000000
  validation loss:		0.968828
Epoch 209 of 800 took 2.022s
  training loss:		1.000000
  validation loss:		0.968828
Epoch 210 of 800 took 2.038s
  training loss:		1.000000
  validation loss:		0.968828
Epoch 211 of 800 took 2.023s
  training loss:		1.000000
  validation loss:		0.968828
('Average Reconstruction Error -- ', 1.0011988983375359)
Plotting the learning curve .........
Plotting the valid learning curve .........
Network Parameters saved!!!!!!!!
Running prediction function on Validation data
Saving reconstructed images .........
Saving histogram of reconstructed image.....
Epoch 212 of 800 took 1.987s
  training loss:		1.000000
  validation loss:		0.968828
Epoch 213 of 800 took 1.987s
  training loss:		1.000000
  validation loss:		0.968828
Epoch 214 of 800 took 1.990s
  training loss:		1.000000
  validation loss:		0.968828
Epoch 215 of 800 took 1.994s
  training loss:		1.000000
  validation loss:		0.968828
Epoch 216 of 800 took 1.979s
  training loss:		1.000000
  validation loss:		0.968828
Epoch 217 of 800 took 1.981s
  training loss:		1.000000
  validation loss:		0.968828
Epoch 218 of 800 took 1.983s
  training loss:		1.000000
  validation loss:		0.968828
Epoch 219 of 800 took 1.987s
  training loss:		1.000000
  validation loss:		0.968828
Epoch 220 of 800 took 1.986s
  training loss:		1.000000
  validation loss:		0.968828
Epoch 221 of 800 took 1.995s
  training loss:		1.000000
  validation loss:		0.968828
('Average Reconstruction Error -- ', 1.0011446495439815)
Plotting the learning curve .........
Plotting the valid learning curve .........
Network Parameters saved!!!!!!!!
Running prediction function on Validation data
Saving reconstructed images .........
Saving histogram of reconstructed image.....
Epoch 222 of 800 took 1.990s
  training loss:		1.000000
  validation loss:		0.968828
Epoch 223 of 800 took 2.039s
  training loss:		1.000000
  validation loss:		0.968828
Epoch 224 of 800 took 2.046s
  training loss:		1.000000
  validation loss:		0.968828
Epoch 225 of 800 took 2.037s
  training loss:		1.000000
  validation loss:		0.968828
Epoch 226 of 800 took 2.049s
  training loss:		1.000000
  validation loss:		0.968828
Epoch 227 of 800 took 2.035s
  training loss:		1.000000
  validation loss:		0.968828
Epoch 228 of 800 took 2.038s
  training loss:		1.000000
  validation loss:		0.968828
Epoch 229 of 800 took 2.041s
  training loss:		1.000000
  validation loss:		0.968828
Epoch 230 of 800 took 2.034s
  training loss:		1.000000
  validation loss:		0.968828
Epoch 231 of 800 took 2.040s
  training loss:		1.000000
  validation loss:		0.968828
('Average Reconstruction Error -- ', 1.0010950976156696)
Plotting the learning curve .........
Plotting the valid learning curve .........
Network Parameters saved!!!!!!!!
Running prediction function on Validation data
Saving reconstructed images .........
Saving histogram of reconstructed image.....
Epoch 232 of 800 took 1.932s
  training loss:		1.000000
  validation loss:		0.968828
Epoch 233 of 800 took 1.990s
  training loss:		1.000000
  validation loss:		0.968828
Epoch 234 of 800 took 1.991s
  training loss:		1.000000
  validation loss:		0.968828
Epoch 235 of 800 took 1.981s
  training loss:		1.000000
  validation loss:		0.968828
Epoch 236 of 800 took 1.987s
  training loss:		1.000000
  validation loss:		0.968828
Epoch 237 of 800 took 1.985s
  training loss:		1.000000
  validation loss:		0.968828
Epoch 238 of 800 took 1.985s
  training loss:		1.000000
  validation loss:		0.968828
Epoch 239 of 800 took 1.995s
  training loss:		1.000000
  validation loss:		0.968828
Epoch 240 of 800 took 1.987s
  training loss:		1.000000
  validation loss:		0.968828
Epoch 241 of 800 took 1.994s
  training loss:		1.000000
  validation loss:		0.968828
('Average Reconstruction Error -- ', 1.0010496578805788)
Plotting the learning curve .........
Plotting the valid learning curve .........
Network Parameters saved!!!!!!!!
Running prediction function on Validation data
Saving reconstructed images .........
Saving histogram of reconstructed image.....
Epoch 242 of 800 took 1.997s
  training loss:		1.000000
  validation loss:		0.968828
Epoch 243 of 800 took 2.020s
  training loss:		1.000000
  validation loss:		0.968828
Epoch 244 of 800 took 2.012s
  training loss:		1.000000
  validation loss:		0.968828
Epoch 245 of 800 took 2.016s
  training loss:		1.000000
  validation loss:		0.968828
Epoch 246 of 800 took 2.006s
  training loss:		1.000000
  validation loss:		0.968828
Epoch 247 of 800 took 2.002s
  training loss:		1.000000
  validation loss:		0.968828
Epoch 248 of 800 took 1.999s
  training loss:		1.000000
  validation loss:		0.968828
Epoch 249 of 800 took 2.007s
  training loss:		1.000000
  validation loss:		0.968828
Epoch 250 of 800 took 2.015s
  training loss:		1.000000
  validation loss:		0.968828
Epoch 251 of 800 took 2.001s
  training loss:		1.000000
  validation loss:		0.968828
('Average Reconstruction Error -- ', 1.0010078388415111)
Plotting the learning curve .........
Plotting the valid learning curve .........
Network Parameters saved!!!!!!!!
Running prediction function on Validation data
Saving reconstructed images .........
Saving histogram of reconstructed image.....
Epoch 252 of 800 took 2.004s
  training loss:		1.000000
  validation loss:		0.968828
Epoch 253 of 800 took 1.992s
  training loss:		1.000000
  validation loss:		0.968828
Epoch 254 of 800 took 1.992s
  training loss:		1.000000
  validation loss:		0.968828
Epoch 255 of 800 took 1.988s
  training loss:		1.000000
  validation loss:		0.968828
Epoch 256 of 800 took 1.980s
  training loss:		1.000000
  validation loss:		0.968828
Epoch 257 of 800 took 1.979s
  training loss:		1.000000
  validation loss:		0.968828
Epoch 258 of 800 took 1.978s
  training loss:		1.000000
  validation loss:		0.968828
Epoch 259 of 800 took 1.984s
  training loss:		1.000000
  validation loss:		0.968828
Epoch 260 of 800 took 1.986s
  training loss:		1.000000
  validation loss:		0.968828
Epoch 261 of 800 took 1.993s
  training loss:		1.000000
  validation loss:		0.968828
('Average Reconstruction Error -- ', 1.0009692243265094)
Plotting the learning curve .........
Plotting the valid learning curve .........
Network Parameters saved!!!!!!!!
Running prediction function on Validation data
Saving reconstructed images .........
Saving histogram of reconstructed image.....
Epoch 262 of 800 took 1.984s
  training loss:		1.000000
  validation loss:		0.968828
Epoch 263 of 800 took 1.970s
  training loss:		1.000000
  validation loss:		0.968828
Epoch 264 of 800 took 1.966s
  training loss:		1.000000
  validation loss:		0.968828
Epoch 265 of 800 took 1.972s
  training loss:		1.000000
  validation loss:		0.968828
Epoch 266 of 800 took 1.964s
  training loss:		1.000000
  validation loss:		0.968828
Epoch 267 of 800 took 1.965s
  training loss:		1.000000
  validation loss:		0.968828
Epoch 268 of 800 took 1.967s
  training loss:		1.000000
  validation loss:		0.968828
Epoch 269 of 800 took 1.976s
  training loss:		1.000000
  validation loss:		0.968828
Epoch 270 of 800 took 1.976s
  training loss:		1.000000
  validation loss:		0.968828
Epoch 271 of 800 took 1.966s
  training loss:		1.000000
  validation loss:		0.968828
('Average Reconstruction Error -- ', 1.0009334595912134)
Plotting the learning curve .........
Plotting the valid learning curve .........
Network Parameters saved!!!!!!!!
Running prediction function on Validation data
Saving reconstructed images .........
Saving histogram of reconstructed image.....
Epoch 272 of 800 took 2.036s
  training loss:		1.000000
  validation loss:		0.968828
Epoch 273 of 800 took 2.031s
  training loss:		1.000000
  validation loss:		0.968828
Epoch 274 of 800 took 2.040s
  training loss:		1.000000
  validation loss:		0.968828
Epoch 275 of 800 took 2.032s
  training loss:		1.000000
  validation loss:		0.968828
Epoch 276 of 800 took 2.036s
  training loss:		1.000000
  validation loss:		0.968828
Epoch 277 of 800 took 2.041s
  training loss:		1.000000
  validation loss:		0.968828
Epoch 278 of 800 took 2.029s
  training loss:		1.000000
  validation loss:		0.968828
Epoch 279 of 800 took 2.028s
  training loss:		1.000000
  validation loss:		0.968828
Epoch 280 of 800 took 2.031s
  training loss:		1.000000
  validation loss:		0.968828
Epoch 281 of 800 took 2.045s
  training loss:		1.000000
  validation loss:		0.968828
('Average Reconstruction Error -- ', 1.0009002403886782)
Plotting the learning curve .........
Plotting the valid learning curve .........
Network Parameters saved!!!!!!!!
Running prediction function on Validation data
Saving reconstructed images .........
Saving histogram of reconstructed image.....
Epoch 282 of 800 took 1.980s
  training loss:		1.000000
  validation loss:		0.968828
Epoch 283 of 800 took 2.001s
  training loss:		1.000000
  validation loss:		0.968828
Epoch 284 of 800 took 2.002s
  training loss:		1.000000
  validation loss:		0.968828
Epoch 285 of 800 took 2.008s
  training loss:		1.000000
  validation loss:		0.968828
Epoch 286 of 800 took 1.993s
  training loss:		1.000000
  validation loss:		0.968828
Epoch 287 of 800 took 1.992s
  training loss:		1.000000
  validation loss:		0.968828
Epoch 288 of 800 took 1.997s
  training loss:		1.000000
  validation loss:		0.968828
Epoch 289 of 800 took 1.996s
  training loss:		1.000000
  validation loss:		0.968828
Epoch 290 of 800 took 1.991s
  training loss:		1.000000
  validation loss:		0.968828
Epoch 291 of 800 took 1.989s
  training loss:		1.000000
  validation loss:		0.968828
('Average Reconstruction Error -- ', 1.0008693042928469)
Plotting the learning curve .........
Plotting the valid learning curve .........
Network Parameters saved!!!!!!!!
Running prediction function on Validation data
Saving reconstructed images .........
Saving histogram of reconstructed image.....
Epoch 292 of 800 took 2.013s
  training loss:		1.000000
  validation loss:		0.968828
Epoch 293 of 800 took 1.985s
  training loss:		1.000000
  validation loss:		0.968828
Epoch 294 of 800 took 1.987s
  training loss:		1.000000
  validation loss:		0.968828
Epoch 295 of 800 took 1.985s
  training loss:		1.000000
  validation loss:		0.968828
Epoch 296 of 800 took 1.991s
  training loss:		1.000000
  validation loss:		0.968828
Epoch 297 of 800 took 1.988s
  training loss:		1.000000
  validation loss:		0.968828
Epoch 298 of 800 took 1.976s
  training loss:		1.000000
  validation loss:		0.968828
Epoch 299 of 800 took 1.991s
  training loss:		1.000000
  validation loss:		0.968828
Epoch 300 of 800 took 1.990s
  training loss:		1.000000
  validation loss:		0.968828
Epoch 301 of 800 took 1.977s
  training loss:		1.000000
  validation loss:		0.968828
('Average Reconstruction Error -- ', 1.000840423751556)
Plotting the learning curve .........
Plotting the valid learning curve .........
Network Parameters saved!!!!!!!!
Running prediction function on Validation data
Saving reconstructed images .........
Saving histogram of reconstructed image.....
Epoch 302 of 800 took 2.006s
  training loss:		1.000000
  validation loss:		0.968828
Epoch 303 of 800 took 1.982s
  training loss:		1.000000
  validation loss:		0.968828
Epoch 304 of 800 took 1.996s
  training loss:		1.000000
  validation loss:		0.968828
Epoch 305 of 800 took 1.987s
  training loss:		1.000000
  validation loss:		0.968828
Epoch 306 of 800 took 2.019s
  training loss:		1.000000
  validation loss:		0.968828
Epoch 307 of 800 took 2.014s
  training loss:		1.000000
  validation loss:		0.968828
Epoch 308 of 800 took 2.021s
  training loss:		1.000000
  validation loss:		0.968828
Epoch 309 of 800 took 2.021s
  training loss:		1.000000
  validation loss:		0.968828
Epoch 310 of 800 took 2.017s
  training loss:		1.000000
  validation loss:		0.968828
Epoch 311 of 800 took 2.019s
  training loss:		1.000000
  validation loss:		0.968828
('Average Reconstruction Error -- ', 1.0008134004798015)
Plotting the learning curve .........
Plotting the valid learning curve .........
Network Parameters saved!!!!!!!!
Running prediction function on Validation data
Saving reconstructed images .........
Saving histogram of reconstructed image.....
Epoch 312 of 800 took 1.981s
  training loss:		1.000000
  validation loss:		0.968828
Epoch 313 of 800 took 1.991s
  training loss:		1.000000
  validation loss:		0.968828
Epoch 314 of 800 took 1.984s
  training loss:		1.000000
  validation loss:		0.968828
Epoch 315 of 800 took 1.983s
  training loss:		1.000000
  validation loss:		0.968828
Epoch 316 of 800 took 1.980s
  training loss:		1.000000
  validation loss:		0.968828
Epoch 317 of 800 took 1.984s
  training loss:		1.000000
  validation loss:		0.968828
Epoch 318 of 800 took 1.984s
  training loss:		1.000000
  validation loss:		0.968828
Epoch 319 of 800 took 1.992s
  training loss:		1.000000
  validation loss:		0.968828
Epoch 320 of 800 took 1.987s
  training loss:		1.000000
  validation loss:		0.968828
Epoch 321 of 800 took 1.983s
  training loss:		1.000000
  validation loss:		0.968828
('Average Reconstruction Error -- ', 1.0007880609009909)
Plotting the learning curve .........
Plotting the valid learning curve .........
Network Parameters saved!!!!!!!!
Running prediction function on Validation data
Saving reconstructed images .........
Saving histogram of reconstructed image.....
Epoch 322 of 800 took 1.985s
  training loss:		1.000000
  validation loss:		0.968828
Epoch 323 of 800 took 1.979s
  training loss:		1.000000
  validation loss:		0.968828
Epoch 324 of 800 took 1.982s
  training loss:		1.000000
  validation loss:		0.968828
Epoch 325 of 800 took 1.977s
  training loss:		1.000000
  validation loss:		0.968828
Epoch 326 of 800 took 1.980s
  training loss:		1.000000
  validation loss:		0.968828
Epoch 327 of 800 took 1.978s
  training loss:		1.000000
  validation loss:		0.968828
Epoch 328 of 800 took 1.981s
  training loss:		1.000000
  validation loss:		0.968828
Epoch 329 of 800 took 1.978s
  training loss:		1.000000
  validation loss:		0.968828
Epoch 330 of 800 took 1.987s
  training loss:		1.000000
  validation loss:		0.968828
Epoch 331 of 800 took 1.979s
  training loss:		1.000000
  validation loss:		0.968828
('Average Reconstruction Error -- ', 1.0007642524145552)
Plotting the learning curve .........
Plotting the valid learning curve .........
Network Parameters saved!!!!!!!!
Running prediction function on Validation data
Saving reconstructed images .........
Saving histogram of reconstructed image.....
Epoch 332 of 800 took 1.997s
  training loss:		1.000000
  validation loss:		0.968828
Epoch 333 of 800 took 1.990s
  training loss:		1.000000
  validation loss:		0.968828
Epoch 334 of 800 took 1.992s
  training loss:		1.000000
  validation loss:		0.968828
Epoch 335 of 800 took 1.996s
  training loss:		1.000000
  validation loss:		0.968828
Epoch 336 of 800 took 1.989s
  training loss:		1.000000
  validation loss:		0.968828
Epoch 337 of 800 took 1.998s
  training loss:		1.000000
  validation loss:		0.968828
Epoch 338 of 800 took 1.997s
  training loss:		1.000000
  validation loss:		0.968828
Epoch 339 of 800 took 1.997s
  training loss:		1.000000
  validation loss:		0.968828
Epoch 340 of 800 took 1.987s
  training loss:		1.000000
  validation loss:		0.968828
Epoch 341 of 800 took 1.985s
  training loss:		1.000000
  validation loss:		0.968828
('Average Reconstruction Error -- ', 1.0007418403202866)
Plotting the learning curve .........
Plotting the valid learning curve .........
Network Parameters saved!!!!!!!!
Running prediction function on Validation data
Saving reconstructed images .........
Saving histogram of reconstructed image.....
Epoch 342 of 800 took 1.966s
  training loss:		1.000000
  validation loss:		0.968828
Epoch 343 of 800 took 2.014s
  training loss:		1.000000
  validation loss:		0.968828
Epoch 344 of 800 took 2.021s
  training loss:		1.000000
  validation loss:		0.968828
Epoch 345 of 800 took 2.013s
  training loss:		1.000000
  validation loss:		0.968828
Epoch 346 of 800 took 2.013s
  training loss:		1.000000
  validation loss:		0.968828
Epoch 347 of 800 took 2.020s
  training loss:		1.000000
  validation loss:		0.968828
Epoch 348 of 800 took 2.026s
  training loss:		1.000000
  validation loss:		0.968828
Epoch 349 of 800 took 2.009s
  training loss:		1.000000
  validation loss:		0.968828
Epoch 350 of 800 took 2.016s
  training loss:		1.000000
  validation loss:		0.968828
Epoch 351 of 800 took 2.020s
  training loss:		1.000000
  validation loss:		0.968828
('Average Reconstruction Error -- ', 1.0007207052684266)
Plotting the learning curve .........
Plotting the valid learning curve .........
Network Parameters saved!!!!!!!!
Running prediction function on Validation data
Saving reconstructed images .........
Saving histogram of reconstructed image.....
Epoch 352 of 800 took 1.999s
  training loss:		1.000000
  validation loss:		0.968828
Epoch 353 of 800 took 2.014s
  training loss:		1.000000
  validation loss:		0.968828
Epoch 354 of 800 took 2.012s
  training loss:		1.000000
  validation loss:		0.968828
Epoch 355 of 800 took 2.015s
  training loss:		1.000000
  validation loss:		0.968828
Epoch 356 of 800 took 2.025s
  training loss:		1.000000
  validation loss:		0.968828
Epoch 357 of 800 took 2.023s
  training loss:		1.000000
  validation loss:		0.968828
Epoch 358 of 800 took 2.016s
  training loss:		1.000000
  validation loss:		0.968828
Epoch 359 of 800 took 2.021s
  training loss:		1.000000
  validation loss:		0.968828
Epoch 360 of 800 took 2.013s
  training loss:		1.000000
  validation loss:		0.968828
Epoch 361 of 800 took 2.016s
  training loss:		1.000000
  validation loss:		0.968828
('Average Reconstruction Error -- ', 1.0007007411335671)
Plotting the learning curve .........
Plotting the valid learning curve .........
Network Parameters saved!!!!!!!!
Running prediction function on Validation data
Saving reconstructed images .........
Saving histogram of reconstructed image.....
Epoch 362 of 800 took 1.990s
  training loss:		1.000000
  validation loss:		0.968828
Epoch 363 of 800 took 1.987s
  training loss:		1.000000
  validation loss:		0.968828
Epoch 364 of 800 took 1.986s
  training loss:		1.000000
  validation loss:		0.968828
Epoch 365 of 800 took 1.995s
  training loss:		1.000000
  validation loss:		0.968828
Epoch 366 of 800 took 2.008s
  training loss:		1.000000
  validation loss:		0.968828
Epoch 367 of 800 took 2.013s
  training loss:		1.000000
  validation loss:		0.968828
Epoch 368 of 800 took 2.022s
  training loss:		1.000000
  validation loss:		0.968828
Epoch 369 of 800 took 2.013s
  training loss:		1.000000
  validation loss:		0.968828
Epoch 370 of 800 took 2.031s
  training loss:		1.000000
  validation loss:		0.968828
Epoch 371 of 800 took 2.028s
  training loss:		1.000000
  validation loss:		0.968828
('Average Reconstruction Error -- ', 1.0006818532323924)
Plotting the learning curve .........
Plotting the valid learning curve .........
Network Parameters saved!!!!!!!!
Running prediction function on Validation data
Saving reconstructed images .........
Saving histogram of reconstructed image.....
Epoch 372 of 800 took 1.960s
  training loss:		1.000000
  validation loss:		0.968828
Epoch 373 of 800 took 1.959s
  training loss:		1.000000
  validation loss:		0.968828
Epoch 374 of 800 took 1.973s
  training loss:		1.000000
  validation loss:		0.968828
Epoch 375 of 800 took 1.957s
  training loss:		1.000000
  validation loss:		0.968828
Epoch 376 of 800 took 1.960s
  training loss:		1.000000
  validation loss:		0.968828
Epoch 377 of 800 took 1.958s
  training loss:		1.000000
  validation loss:		0.968828
Epoch 378 of 800 took 1.972s
  training loss:		1.000000
  validation loss:		0.968828
Epoch 379 of 800 took 1.959s
  training loss:		1.000000
  validation loss:		0.968828
Epoch 380 of 800 took 1.960s
  training loss:		1.000000
  validation loss:		0.968828
Epoch 381 of 800 took 1.957s
  training loss:		1.000000
  validation loss:		0.968828
('Average Reconstruction Error -- ', 1.0006639568220927)
Plotting the learning curve .........
Plotting the valid learning curve .........
Network Parameters saved!!!!!!!!
Running prediction function on Validation data
Saving reconstructed images .........
Saving histogram of reconstructed image.....
Epoch 382 of 800 took 1.913s
  training loss:		1.000000
  validation loss:		0.968828
Epoch 383 of 800 took 1.980s
  training loss:		1.000000
  validation loss:		0.968828
Epoch 384 of 800 took 1.966s
  training loss:		1.000000
  validation loss:		0.968828
Epoch 385 of 800 took 1.967s
  training loss:		1.000000
  validation loss:		0.968828
Epoch 386 of 800 took 1.971s
  training loss:		1.000000
  validation loss:		0.968828
Epoch 387 of 800 took 1.970s
  training loss:		1.000000
  validation loss:		0.968828
Epoch 388 of 800 took 1.979s
  training loss:		1.000000
  validation loss:		0.968828
Epoch 389 of 800 took 1.974s
  training loss:		1.000000
  validation loss:		0.968828
Epoch 390 of 800 took 1.966s
  training loss:		1.000000
  validation loss:		0.968828
Epoch 391 of 800 took 1.964s
  training loss:		1.000000
  validation loss:		0.968828
('Average Reconstruction Error -- ', 1.0006469758292)
Plotting the learning curve .........
Plotting the valid learning curve .........
Network Parameters saved!!!!!!!!
Running prediction function on Validation data
Saving reconstructed images .........
Saving histogram of reconstructed image.....
Epoch 392 of 800 took 1.993s
  training loss:		1.000000
  validation loss:		0.968828
Epoch 393 of 800 took 1.987s
  training loss:		1.000000
  validation loss:		0.968828
Epoch 394 of 800 took 1.990s
  training loss:		1.000000
  validation loss:		0.968828
Epoch 395 of 800 took 1.991s
  training loss:		1.000000
  validation loss:		0.968828
Epoch 396 of 800 took 1.980s
  training loss:		1.000000
  validation loss:		0.968828
Epoch 397 of 800 took 1.993s
  training loss:		1.000000
  validation loss:		0.968828
Epoch 398 of 800 took 1.976s
  training loss:		1.000000
  validation loss:		0.968828
Epoch 399 of 800 took 1.972s
  training loss:		1.000000
  validation loss:		0.968828
Epoch 400 of 800 took 1.988s
  training loss:		1.000000
  validation loss:		0.968828
Epoch 401 of 800 took 1.980s
  training loss:		1.000000
  validation loss:		0.968828
('Average Reconstruction Error -- ', 1.0006308417686212)
Plotting the learning curve .........
Plotting the valid learning curve .........
Network Parameters saved!!!!!!!!
Running prediction function on Validation data
Saving reconstructed images .........
Saving histogram of reconstructed image.....
Epoch 402 of 800 took 1.994s
  training loss:		1.000000
  validation loss:		0.968828
Epoch 403 of 800 took 1.963s
  training loss:		1.000000
  validation loss:		0.968828
Epoch 404 of 800 took 1.961s
  training loss:		1.000000
  validation loss:		0.968828
Epoch 405 of 800 took 1.965s
  training loss:		1.000000
  validation loss:		0.968828
Epoch 406 of 800 took 1.966s
  training loss:		1.000000
  validation loss:		0.968828
Epoch 407 of 800 took 1.970s
  training loss:		1.000000
  validation loss:		0.968828
Epoch 408 of 800 took 1.960s
  training loss:		1.000000
  validation loss:		0.968828
Epoch 409 of 800 took 1.970s
  training loss:		1.000000
  validation loss:		0.968828
Epoch 410 of 800 took 1.962s
  training loss:		1.000000
  validation loss:		0.968828
Epoch 411 of 800 took 1.966s
  training loss:		1.000000
  validation loss:		0.968828
('Average Reconstruction Error -- ', 1.0006154928204791)
Plotting the learning curve .........
Plotting the valid learning curve .........
Network Parameters saved!!!!!!!!
Running prediction function on Validation data
Saving reconstructed images .........
Saving histogram of reconstructed image.....
Epoch 412 of 800 took 1.978s
  training loss:		1.000000
  validation loss:		0.968828
Epoch 413 of 800 took 1.979s
  training loss:		1.000000
  validation loss:		0.968828
Epoch 414 of 800 took 1.993s
  training loss:		1.000000
  validation loss:		0.968828
Epoch 415 of 800 took 1.994s
  training loss:		1.000000
  validation loss:		0.968828
Epoch 416 of 800 took 1.968s
  training loss:		1.000000
  validation loss:		0.968828
Epoch 417 of 800 took 1.987s
  training loss:		1.000000
  validation loss:		0.968828
Epoch 418 of 800 took 1.988s
  training loss:		1.000000
  validation loss:		0.968828
Epoch 419 of 800 took 1.990s
  training loss:		1.000000
  validation loss:		0.968828
Epoch 420 of 800 took 1.986s
  training loss:		1.000000
  validation loss:		0.968828
Epoch 421 of 800 took 1.976s
  training loss:		1.000000
  validation loss:		0.968828
('Average Reconstruction Error -- ', 1.0006008730385196)
Plotting the learning curve .........
Plotting the valid learning curve .........
Network Parameters saved!!!!!!!!
Running prediction function on Validation data
Saving reconstructed images .........
Saving histogram of reconstructed image.....
Epoch 422 of 800 took 1.985s
  training loss:		1.000000
  validation loss:		0.968828
Epoch 423 of 800 took 1.986s
  training loss:		1.000000
  validation loss:		0.968828
Epoch 424 of 800 took 1.989s
  training loss:		1.000000
  validation loss:		0.968828
Epoch 425 of 800 took 1.988s
  training loss:		1.000000
  validation loss:		0.968828
Epoch 426 of 800 took 1.996s
  training loss:		1.000000
  validation loss:		0.968828
Epoch 427 of 800 took 1.982s
  training loss:		1.000000
  validation loss:		0.968828
Epoch 428 of 800 took 1.988s
  training loss:		1.000000
  validation loss:		0.968828
Epoch 429 of 800 took 1.991s
  training loss:		1.000000
  validation loss:		0.968828
Epoch 430 of 800 took 2.001s
  training loss:		1.000000
  validation loss:		0.968828
Epoch 431 of 800 took 1.994s
  training loss:		1.000000
  validation loss:		0.968828
('Average Reconstruction Error -- ', 1.0005869316687155)
Plotting the learning curve .........
Plotting the valid learning curve .........
Network Parameters saved!!!!!!!!
Running prediction function on Validation data
Saving reconstructed images .........
Saving histogram of reconstructed image.....
Epoch 432 of 800 took 1.927s
  training loss:		1.000000
  validation loss:		0.968828
Epoch 433 of 800 took 1.998s
  training loss:		1.000000
  validation loss:		0.968828
Epoch 434 of 800 took 1.987s
  training loss:		1.000000
  validation loss:		0.968828
Epoch 435 of 800 took 2.001s
  training loss:		1.000000
  validation loss:		0.968828
Epoch 436 of 800 took 1.996s
  training loss:		1.000000
  validation loss:		0.968828
Epoch 437 of 800 took 1.984s
  training loss:		1.000000
  validation loss:		0.968828
Epoch 438 of 800 took 1.983s
  training loss:		1.000000
  validation loss:		0.968828
Epoch 439 of 800 took 1.985s
  training loss:		1.000000
  validation loss:		0.968828
Epoch 440 of 800 took 1.999s
  training loss:		1.000000
  validation loss:		0.968828
Epoch 441 of 800 took 1.989s
  training loss:		1.000000
  validation loss:		0.968828
('Average Reconstruction Error -- ', 1.0005736225605808)
Plotting the learning curve .........
Plotting the valid learning curve .........
Network Parameters saved!!!!!!!!
Running prediction function on Validation data
Saving reconstructed images .........
Saving histogram of reconstructed image.....
Epoch 442 of 800 took 1.976s
  training loss:		1.000000
  validation loss:		0.968828
Epoch 443 of 800 took 1.996s
  training loss:		1.000000
  validation loss:		0.968828
Epoch 444 of 800 took 1.989s
  training loss:		1.000000
  validation loss:		0.968828
Epoch 445 of 800 took 1.988s
  training loss:		1.000000
  validation loss:		0.968828
Epoch 446 of 800 took 1.987s
  training loss:		1.000000
  validation loss:		0.968828
Epoch 447 of 800 took 1.993s
  training loss:		1.000000
  validation loss:		0.968828
Epoch 448 of 800 took 1.987s
  training loss:		1.000000
  validation loss:		0.968828
Epoch 449 of 800 took 1.987s
  training loss:		1.000000
  validation loss:		0.968828
Epoch 450 of 800 took 1.995s
  training loss:		1.000000
  validation loss:		0.968828
Epoch 451 of 800 took 1.995s
  training loss:		1.000000
  validation loss:		0.968828
('Average Reconstruction Error -- ', 1.000560903656798)
Plotting the learning curve .........
Plotting the valid learning curve .........
Network Parameters saved!!!!!!!!
Running prediction function on Validation data
Saving reconstructed images .........
Saving histogram of reconstructed image.....
Epoch 452 of 800 took 2.008s
  training loss:		1.000000
  validation loss:		0.968828
Epoch 453 of 800 took 1.990s
  training loss:		1.000000
  validation loss:		0.968828
Epoch 454 of 800 took 1.997s
  training loss:		1.000000
  validation loss:		0.968828
Epoch 455 of 800 took 1.996s
  training loss:		1.000000
  validation loss:		0.968828
Epoch 456 of 800 took 1.992s
  training loss:		1.000000
  validation loss:		0.968828
Epoch 457 of 800 took 1.997s
  training loss:		1.000000
  validation loss:		0.968828
Epoch 458 of 800 took 1.998s
  training loss:		1.000000
  validation loss:		0.968828
Epoch 459 of 800 took 1.986s
  training loss:		1.000000
  validation loss:		0.968828
Epoch 460 of 800 took 1.993s
  training loss:		1.000000
  validation loss:		0.968828
Epoch 461 of 800 took 1.988s
  training loss:		1.000000
  validation loss:		0.968828
('Average Reconstruction Error -- ', 1.0005487365492747)
Plotting the learning curve .........
Plotting the valid learning curve .........
Network Parameters saved!!!!!!!!
Running prediction function on Validation data
Saving reconstructed images .........
Saving histogram of reconstructed image.....
Epoch 462 of 800 took 1.967s
  training loss:		1.000000
  validation loss:		0.968828
Epoch 463 of 800 took 1.984s
  training loss:		1.000000
  validation loss:		0.968828
Epoch 464 of 800 took 2.002s
  training loss:		1.000000
  validation loss:		0.968828
Epoch 465 of 800 took 2.008s
  training loss:		1.000000
  validation loss:		0.968828
Epoch 466 of 800 took 2.010s
  training loss:		1.000000
  validation loss:		0.968828
Epoch 467 of 800 took 2.002s
  training loss:		1.000000
  validation loss:		0.968828
Epoch 468 of 800 took 1.993s
  training loss:		1.000000
  validation loss:		0.968828
Epoch 469 of 800 took 2.000s
  training loss:		1.000000
  validation loss:		0.968828
Epoch 470 of 800 took 1.998s
  training loss:		1.000000
  validation loss:		0.968828
Epoch 471 of 800 took 2.001s
  training loss:		1.000000
  validation loss:		0.968828
('Average Reconstruction Error -- ', 1.0005370860917526)
Plotting the learning curve .........
Plotting the valid learning curve .........
Network Parameters saved!!!!!!!!
Running prediction function on Validation data
Saving reconstructed images .........
Saving histogram of reconstructed image.....
Epoch 472 of 800 took 1.977s
  training loss:		1.000000
  validation loss:		0.968828
Epoch 473 of 800 took 1.994s
  training loss:		1.000000
  validation loss:		0.968828
Epoch 474 of 800 took 1.976s
  training loss:		1.000000
  validation loss:		0.968828
Epoch 475 of 800 took 1.979s
  training loss:		1.000000
  validation loss:		0.968828
Epoch 476 of 800 took 1.982s
  training loss:		1.000000
  validation loss:		0.968828
Epoch 477 of 800 took 1.987s
  training loss:		1.000000
  validation loss:		0.968828
Epoch 478 of 800 took 1.978s
  training loss:		1.000000
  validation loss:		0.968828
Epoch 479 of 800 took 1.991s
  training loss:		1.000000
  validation loss:		0.968828
Epoch 480 of 800 took 1.975s
  training loss:		1.000000
  validation loss:		0.968828
Epoch 481 of 800 took 1.989s
  training loss:		1.000000
  validation loss:		0.968828
('Average Reconstruction Error -- ', 1.000525920060739)
Plotting the learning curve .........
Plotting the valid learning curve .........
Network Parameters saved!!!!!!!!
Running prediction function on Validation data
Saving reconstructed images .........
Saving histogram of reconstructed image.....
Epoch 482 of 800 took 1.989s
  training loss:		1.000000
  validation loss:		0.968828
Epoch 483 of 800 took 1.990s
  training loss:		1.000000
  validation loss:		0.968828
Epoch 484 of 800 took 1.993s
  training loss:		1.000000
  validation loss:		0.968828
Epoch 485 of 800 took 1.989s
  training loss:		1.000000
  validation loss:		0.968828
Epoch 486 of 800 took 1.991s
  training loss:		1.000000
  validation loss:		0.968828
Epoch 487 of 800 took 1.985s
  training loss:		1.000000
  validation loss:		0.968828
Epoch 488 of 800 took 1.985s
  training loss:		1.000000
  validation loss:		0.968828
Epoch 489 of 800 took 1.997s
  training loss:		1.000000
  validation loss:		0.968828
Epoch 490 of 800 took 1.982s
  training loss:		1.000000
  validation loss:		0.968828
Epoch 491 of 800 took 1.995s
  training loss:		1.000000
  validation loss:		0.968828
('Average Reconstruction Error -- ', 1.0005152088578722)
Plotting the learning curve .........
Plotting the valid learning curve .........
Network Parameters saved!!!!!!!!
Running prediction function on Validation data
Saving reconstructed images .........
Saving histogram of reconstructed image.....
Epoch 492 of 800 took 1.971s
  training loss:		1.000000
  validation loss:		0.968828
Epoch 493 of 800 took 1.990s
  training loss:		1.000000
  validation loss:		0.968828
Epoch 494 of 800 took 1.976s
  training loss:		1.000000
  validation loss:		0.968828
Epoch 495 of 800 took 1.988s
  training loss:		1.000000
  validation loss:		0.968828
Epoch 496 of 800 took 1.982s
  training loss:		1.000000
  validation loss:		0.968828
Epoch 497 of 800 took 1.986s
  training loss:		1.000000
  validation loss:		0.968828
Epoch 498 of 800 took 1.981s
  training loss:		1.000000
  validation loss:		0.968828
Epoch 499 of 800 took 1.992s
  training loss:		1.000000
  validation loss:		0.968828
Epoch 500 of 800 took 1.975s
  training loss:		1.000000
  validation loss:		0.968828
Epoch 501 of 800 took 1.980s
  training loss:		1.000000
  validation loss:		0.968828
('Average Reconstruction Error -- ', 1.0005049252479343)
Plotting the learning curve .........
Plotting the valid learning curve .........
Network Parameters saved!!!!!!!!
Running prediction function on Validation data
Saving reconstructed images .........
Saving histogram of reconstructed image.....
Epoch 502 of 800 took 1.958s
  training loss:		1.000000
  validation loss:		0.968828
Epoch 503 of 800 took 1.989s
  training loss:		1.000000
  validation loss:		0.968828
Epoch 504 of 800 took 1.977s
  training loss:		1.000000
  validation loss:		0.968828
Epoch 505 of 800 took 1.976s
  training loss:		1.000000
  validation loss:		0.968828
Epoch 506 of 800 took 1.983s
  training loss:		1.000000
  validation loss:		0.968828
Epoch 507 of 800 took 1.973s
  training loss:		1.000000
  validation loss:		0.968828
Epoch 508 of 800 took 1.974s
  training loss:		1.000000
  validation loss:		0.968828
Epoch 509 of 800 took 1.971s
  training loss:		1.000000
  validation loss:		0.968828
Epoch 510 of 800 took 1.973s
  training loss:		1.000000
  validation loss:		0.968828
Epoch 511 of 800 took 1.983s
  training loss:		1.000000
  validation loss:		0.968828
('Average Reconstruction Error -- ', 1.0004950441276221)
Plotting the learning curve .........
Plotting the valid learning curve .........
Network Parameters saved!!!!!!!!
Running prediction function on Validation data
Saving reconstructed images .........
Saving histogram of reconstructed image.....
Epoch 512 of 800 took 1.961s
  training loss:		1.000000
  validation loss:		0.968828
Epoch 513 of 800 took 1.968s
  training loss:		1.000000
  validation loss:		0.968828
Epoch 514 of 800 took 1.961s
  training loss:		1.000000
  validation loss:		0.968828
Epoch 515 of 800 took 1.959s
  training loss:		1.000000
  validation loss:		0.968828
Epoch 516 of 800 took 1.957s
  training loss:		1.000000
  validation loss:		0.968828
Epoch 517 of 800 took 1.965s
  training loss:		1.000000
  validation loss:		0.968828
Epoch 518 of 800 took 1.958s
  training loss:		1.000000
  validation loss:		0.968828
Epoch 519 of 800 took 1.954s
  training loss:		1.000000
  validation loss:		0.968828
Epoch 520 of 800 took 1.957s
  training loss:		1.000000
  validation loss:		0.968828
Epoch 521 of 800 took 1.957s
  training loss:		1.000000
  validation loss:		0.968828
('Average Reconstruction Error -- ', 1.0004855423209496)
Plotting the learning curve .........
Plotting the valid learning curve .........
Network Parameters saved!!!!!!!!
Running prediction function on Validation data
Saving reconstructed images .........
Saving histogram of reconstructed image.....
Epoch 522 of 800 took 1.979s
  training loss:		1.000000
  validation loss:		0.968828
Epoch 523 of 800 took 1.982s
  training loss:		1.000000
  validation loss:		0.968828
Epoch 524 of 800 took 1.983s
  training loss:		1.000000
  validation loss:		0.968828
Epoch 525 of 800 took 2.018s
  training loss:		1.000000
  validation loss:		0.968828
Epoch 526 of 800 took 2.016s
  training loss:		1.000000
  validation loss:		0.968828
Epoch 527 of 800 took 2.017s
  training loss:		1.000000
  validation loss:		0.968828
Epoch 528 of 800 took 2.019s
  training loss:		1.000000
  validation loss:		0.968828
Epoch 529 of 800 took 2.029s
  training loss:		1.000000
  validation loss:		0.968828
Epoch 530 of 800 took 2.014s
  training loss:		1.000000
  validation loss:		0.968828
Epoch 531 of 800 took 2.028s
  training loss:		1.000000
  validation loss:		0.968828
('Average Reconstruction Error -- ', 1.0004763983977676)
Plotting the learning curve .........
Plotting the valid learning curve .........
Network Parameters saved!!!!!!!!
Running prediction function on Validation data
Saving reconstructed images .........
Saving histogram of reconstructed image.....
Epoch 532 of 800 took 1.999s
  training loss:		1.000000
  validation loss:		0.968828
Epoch 533 of 800 took 1.993s
  training loss:		1.000000
  validation loss:		0.968828
Epoch 534 of 800 took 1.999s
  training loss:		1.000000
  validation loss:		0.968828
Epoch 535 of 800 took 2.004s
  training loss:		1.000000
  validation loss:		0.968828
Epoch 536 of 800 took 2.004s
  training loss:		1.000000
  validation loss:		0.968828
Epoch 537 of 800 took 1.993s
  training loss:		1.000000
  validation loss:		0.968828
Epoch 538 of 800 took 1.998s
  training loss:		1.000000
  validation loss:		0.968828
Epoch 539 of 800 took 1.998s
  training loss:		1.000000
  validation loss:		0.968828
Epoch 540 of 800 took 1.995s
  training loss:		1.000000
  validation loss:		0.968828
Epoch 541 of 800 took 2.004s
  training loss:		1.000000
  validation loss:		0.968828
('Average Reconstruction Error -- ', 1.0004675925124111)
Plotting the learning curve .........
Plotting the valid learning curve .........
Network Parameters saved!!!!!!!!
Running prediction function on Validation data
Saving reconstructed images .........
Saving histogram of reconstructed image.....
Epoch 542 of 800 took 1.966s
  training loss:		1.000000
  validation loss:		0.968828
Epoch 543 of 800 took 1.981s
  training loss:		1.000000
  validation loss:		0.968828
Epoch 544 of 800 took 1.976s
  training loss:		1.000000
  validation loss:		0.968828
Epoch 545 of 800 took 1.969s
  training loss:		1.000000
  validation loss:		0.968828
Epoch 546 of 800 took 1.971s
  training loss:		1.000000
  validation loss:		0.968828
Epoch 547 of 800 took 1.967s
  training loss:		1.000000
  validation loss:		0.968828
Epoch 548 of 800 took 1.971s
  training loss:		1.000000
  validation loss:		0.968828
Epoch 549 of 800 took 1.966s
  training loss:		1.000000
  validation loss:		0.968828
Epoch 550 of 800 took 1.972s
  training loss:		1.000000
  validation loss:		0.968828
Epoch 551 of 800 took 1.979s
  training loss:		1.000000
  validation loss:		0.968828
('Average Reconstruction Error -- ', 1.0004591062599169)
Plotting the learning curve .........
Plotting the valid learning curve .........
Network Parameters saved!!!!!!!!
Running prediction function on Validation data
Saving reconstructed images .........
Saving histogram of reconstructed image.....
Epoch 552 of 800 took 1.964s
  training loss:		1.000000
  validation loss:		0.968828
Epoch 553 of 800 took 1.976s
  training loss:		1.000000
  validation loss:		0.968828
Epoch 554 of 800 took 1.963s
  training loss:		1.000000
  validation loss:		0.968828
Epoch 555 of 800 took 1.966s
  training loss:		1.000000
  validation loss:		0.968828
Epoch 556 of 800 took 1.976s
  training loss:		1.000000
  validation loss:		0.968828
Epoch 557 of 800 took 1.975s
  training loss:		1.000000
  validation loss:		0.968828
Epoch 558 of 800 took 1.977s
  training loss:		1.000000
  validation loss:		0.968828
Epoch 559 of 800 took 1.962s
  training loss:		1.000000
  validation loss:		0.968828
Epoch 560 of 800 took 1.967s
  training loss:		1.000000
  validation loss:		0.968828
Epoch 561 of 800 took 1.957s
  training loss:		1.000000
  validation loss:		0.968828
('Average Reconstruction Error -- ', 1.0004509225476186)
Plotting the learning curve .........
Plotting the valid learning curve .........
Network Parameters saved!!!!!!!!
Running prediction function on Validation data
Saving reconstructed images .........
Saving histogram of reconstructed image.....
Epoch 562 of 800 took 1.963s
  training loss:		1.000000
  validation loss:		0.968828
Epoch 563 of 800 took 1.973s
  training loss:		1.000000
  validation loss:		0.968828
Epoch 564 of 800 took 1.984s
  training loss:		1.000000
  validation loss:		0.968828
Epoch 565 of 800 took 1.974s
  training loss:		1.000000
  validation loss:		0.968828
Epoch 566 of 800 took 1.973s
  training loss:		1.000000
  validation loss:		0.968828
Epoch 567 of 800 took 1.975s
  training loss:		1.000000
  validation loss:		0.968828
Epoch 568 of 800 took 1.971s
  training loss:		1.000000
  validation loss:		0.968828
Epoch 569 of 800 took 1.981s
  training loss:		1.000000
  validation loss:		0.968828
Epoch 570 of 800 took 1.976s
  training loss:		1.000000
  validation loss:		0.968828
Epoch 571 of 800 took 1.974s
  training loss:		1.000000
  validation loss:		0.968828
('Average Reconstruction Error -- ', 1.0004430254802346)
Plotting the learning curve .........
Plotting the valid learning curve .........
Network Parameters saved!!!!!!!!
Running prediction function on Validation data
Saving reconstructed images .........
Saving histogram of reconstructed image.....
Epoch 572 of 800 took 2.020s
  training loss:		1.000000
  validation loss:		0.968828
Epoch 573 of 800 took 2.014s
  training loss:		1.000000
  validation loss:		0.968828
Epoch 574 of 800 took 2.009s
  training loss:		1.000000
  validation loss:		0.968828
Epoch 575 of 800 took 2.008s
  training loss:		1.000000
  validation loss:		0.968828
Epoch 576 of 800 took 2.013s
  training loss:		1.000000
  validation loss:		0.968828
Epoch 577 of 800 took 2.016s
  training loss:		1.000000
  validation loss:		0.968828
Epoch 578 of 800 took 2.014s
  training loss:		1.000000
  validation loss:		0.968828
Epoch 579 of 800 took 2.008s
  training loss:		1.000000
  validation loss:		0.968828
Epoch 580 of 800 took 2.006s
  training loss:		1.000000
  validation loss:		0.968828
Epoch 581 of 800 took 2.005s
  training loss:		1.000000
  validation loss:		0.968828
('Average Reconstruction Error -- ', 1.0004354002568223)
Plotting the learning curve .........
Plotting the valid learning curve .........
Network Parameters saved!!!!!!!!
Running prediction function on Validation data
Saving reconstructed images .........
Saving histogram of reconstructed image.....
Epoch 582 of 800 took 1.969s
  training loss:		1.000000
  validation loss:		0.968828
Epoch 583 of 800 took 1.993s
  training loss:		1.000000
  validation loss:		0.968828
Epoch 584 of 800 took 1.982s
  training loss:		1.000000
  validation loss:		0.968828
Epoch 585 of 800 took 1.981s
  training loss:		1.000000
  validation loss:		0.968828
Epoch 586 of 800 took 1.992s
  training loss:		1.000000
  validation loss:		0.968828
Epoch 587 of 800 took 1.991s
  training loss:		1.000000
  validation loss:		0.968828
Epoch 588 of 800 took 1.974s
  training loss:		1.000000
  validation loss:		0.968828
Epoch 589 of 800 took 1.980s
  training loss:		1.000000
  validation loss:		0.968828
Epoch 590 of 800 took 2.021s
  training loss:		1.000000
  validation loss:		0.968828
Epoch 591 of 800 took 2.027s
  training loss:		1.000000
  validation loss:		0.968828
('Average Reconstruction Error -- ', 1.0004280330781956)
Plotting the learning curve .........
Plotting the valid learning curve .........
Network Parameters saved!!!!!!!!
Running prediction function on Validation data
Saving reconstructed images .........
Saving histogram of reconstructed image.....
Epoch 592 of 800 took 1.989s
  training loss:		1.000000
  validation loss:		0.968828
Epoch 593 of 800 took 2.038s
  training loss:		1.000000
  validation loss:		0.968828
Epoch 594 of 800 took 2.049s
  training loss:		1.000000
  validation loss:		0.968828
Epoch 595 of 800 took 2.041s
  training loss:		1.000000
  validation loss:		0.968828
Epoch 596 of 800 took 2.053s
  training loss:		1.000000
  validation loss:		0.968828
Epoch 597 of 800 took 2.041s
  training loss:		1.000000
  validation loss:		0.968828
Epoch 598 of 800 took 2.038s
  training loss:		1.000000
  validation loss:		0.968828
Epoch 599 of 800 took 2.047s
  training loss:		1.000000
  validation loss:		0.968828
Epoch 600 of 800 took 2.047s
  training loss:		1.000000
  validation loss:		0.968828
Epoch 601 of 800 took 2.056s
  training loss:		1.000000
  validation loss:		0.968828
('Average Reconstruction Error -- ', 1.0004209110635829)
Plotting the learning curve .........
Plotting the valid learning curve .........
Network Parameters saved!!!!!!!!
Running prediction function on Validation data
Saving reconstructed images .........
Saving histogram of reconstructed image.....
Epoch 602 of 800 took 2.038s
  training loss:		1.000000
  validation loss:		0.968828
Epoch 603 of 800 took 2.040s
  training loss:		1.000000
  validation loss:		0.968828
Epoch 604 of 800 took 2.051s
  training loss:		1.000000
  validation loss:		0.968828
Epoch 605 of 800 took 2.048s
  training loss:		1.000000
  validation loss:		0.968828
Epoch 606 of 800 took 2.052s
  training loss:		1.000000
  validation loss:		0.968828
Epoch 607 of 800 took 2.043s
  training loss:		1.000000
  validation loss:		0.968828
Epoch 608 of 800 took 2.054s
  training loss:		1.000000
  validation loss:		0.968828
Epoch 609 of 800 took 2.044s
  training loss:		1.000000
  validation loss:		0.968828
Epoch 610 of 800 took 2.033s
  training loss:		1.000000
  validation loss:		0.968828
Epoch 611 of 800 took 2.047s
  training loss:		1.000000
  validation loss:		0.968828
('Average Reconstruction Error -- ', 1.0004140221754714)
Plotting the learning curve .........
Plotting the valid learning curve .........
Network Parameters saved!!!!!!!!
Running prediction function on Validation data
Saving reconstructed images .........
Saving histogram of reconstructed image.....
Epoch 612 of 800 took 1.979s
  training loss:		1.000000
  validation loss:		0.968828
Epoch 613 of 800 took 1.983s
  training loss:		1.000000
  validation loss:		0.968828
Epoch 614 of 800 took 1.984s
  training loss:		1.000000
  validation loss:		0.968828
Epoch 615 of 800 took 1.979s
  training loss:		1.000000
  validation loss:		0.968828
Epoch 616 of 800 took 1.992s
  training loss:		1.000000
  validation loss:		0.968828
Epoch 617 of 800 took 1.981s
  training loss:		1.000000
  validation loss:		0.968828
Epoch 618 of 800 took 1.995s
  training loss:		1.000000
  validation loss:		0.968828
Epoch 619 of 800 took 1.981s
  training loss:		1.000000
  validation loss:		0.968828
Epoch 620 of 800 took 1.993s
  training loss:		1.000000
  validation loss:		0.968828
Epoch 621 of 800 took 1.976s
  training loss:		1.000000
  validation loss:		0.968828
('Average Reconstruction Error -- ', 1.0004073551517114)
Plotting the learning curve .........
Plotting the valid learning curve .........
Network Parameters saved!!!!!!!!
Running prediction function on Validation data
Saving reconstructed images .........
Saving histogram of reconstructed image.....
Epoch 622 of 800 took 1.968s
  training loss:		1.000000
  validation loss:		0.968828
Epoch 623 of 800 took 1.978s
  training loss:		1.000000
  validation loss:		0.968828
Epoch 624 of 800 took 1.980s
  training loss:		1.000000
  validation loss:		0.968828
Epoch 625 of 800 took 1.985s
  training loss:		1.000000
  validation loss:		0.968828
Epoch 626 of 800 took 1.983s
  training loss:		1.000000
  validation loss:		0.968828
Epoch 627 of 800 took 1.986s
  training loss:		1.000000
  validation loss:		0.968828
Epoch 628 of 800 took 1.989s
  training loss:		1.000000
  validation loss:		0.968828
Epoch 629 of 800 took 1.979s
  training loss:		1.000000
  validation loss:		0.968828
Epoch 630 of 800 took 1.986s
  training loss:		1.000000
  validation loss:		0.968828
Epoch 631 of 800 took 1.985s
  training loss:		1.000000
  validation loss:		0.968828
('Average Reconstruction Error -- ', 1.0004008994440772)
Plotting the learning curve .........
Plotting the valid learning curve .........
Network Parameters saved!!!!!!!!
Running prediction function on Validation data
Saving reconstructed images .........
Saving histogram of reconstructed image.....
Epoch 632 of 800 took 1.980s
  training loss:		1.000000
  validation loss:		0.968828
Epoch 633 of 800 took 1.991s
  training loss:		1.000000
  validation loss:		0.968828
Epoch 634 of 800 took 1.991s
  training loss:		1.000000
  validation loss:		0.968828
Epoch 635 of 800 took 1.992s
  training loss:		1.000000
  validation loss:		0.968828
Epoch 636 of 800 took 1.982s
  training loss:		1.000000
  validation loss:		0.968828
Epoch 637 of 800 took 1.983s
  training loss:		1.000000
  validation loss:		0.968828
Epoch 638 of 800 took 1.996s
  training loss:		1.000000
  validation loss:		0.968828
Epoch 639 of 800 took 1.982s
  training loss:		1.000000
  validation loss:		0.968828
Epoch 640 of 800 took 1.992s
  training loss:		1.000000
  validation loss:		0.968828
Epoch 641 of 800 took 1.993s
  training loss:		1.000000
  validation loss:		0.968828
('Average Reconstruction Error -- ', 1.0003946451625783)
Plotting the learning curve .........
Plotting the valid learning curve .........
Network Parameters saved!!!!!!!!
Running prediction function on Validation data
Saving reconstructed images .........
Saving histogram of reconstructed image.....
Epoch 642 of 800 took 1.991s
  training loss:		1.000000
  validation loss:		0.968828
Epoch 643 of 800 took 1.987s
  training loss:		1.000000
  validation loss:		0.968828
Epoch 644 of 800 took 1.976s
  training loss:		1.000000
  validation loss:		0.968828
Epoch 645 of 800 took 1.990s
  training loss:		1.000000
  validation loss:		0.968828
Epoch 646 of 800 took 1.983s
  training loss:		1.000000
  validation loss:		0.968828
Epoch 647 of 800 took 1.977s
  training loss:		1.000000
  validation loss:		0.968828
Epoch 648 of 800 took 1.978s
  training loss:		1.000000
  validation loss:		0.968828
Epoch 649 of 800 took 1.979s
  training loss:		1.000000
  validation loss:		0.968828
Epoch 650 of 800 took 1.980s
  training loss:		1.000000
  validation loss:		0.968828
Epoch 651 of 800 took 1.990s
  training loss:		1.000000
  validation loss:		0.968828
('Average Reconstruction Error -- ', 1.0003885830249037)
Plotting the learning curve .........
Plotting the valid learning curve .........
Network Parameters saved!!!!!!!!
Running prediction function on Validation data
Saving reconstructed images .........
Saving histogram of reconstructed image.....
Epoch 652 of 800 took 2.245s
  training loss:		1.000000
  validation loss:		0.968828
Epoch 653 of 800 took 2.557s
  training loss:		1.000000
  validation loss:		0.968828
Epoch 654 of 800 took 2.556s
  training loss:		1.000000
  validation loss:		0.968828
Epoch 655 of 800 took 2.550s
  training loss:		1.000000
  validation loss:		0.968828
Epoch 656 of 800 took 2.556s
  training loss:		1.000000
  validation loss:		0.968828
Epoch 657 of 800 took 2.554s
  training loss:		1.000000
  validation loss:		0.968828
Epoch 658 of 800 took 2.555s
  training loss:		1.000000
  validation loss:		0.968828
Epoch 659 of 800 took 2.552s
  training loss:		1.000000
  validation loss:		0.968828
Epoch 660 of 800 took 2.552s
  training loss:		1.000000
  validation loss:		0.968828
Epoch 661 of 800 took 2.551s
  training loss:		1.000000
  validation loss:		0.968828
('Average Reconstruction Error -- ', 1.0003827043104574)
Plotting the learning curve .........
Plotting the valid learning curve .........
Network Parameters saved!!!!!!!!
Running prediction function on Validation data
Saving reconstructed images .........
Saving histogram of reconstructed image.....
Epoch 662 of 800 took 1.922s
  training loss:		1.000000
  validation loss:		0.968828
Epoch 663 of 800 took 1.977s
  training loss:		1.000000
  validation loss:		0.968828
Epoch 664 of 800 took 1.977s
  training loss:		1.000000
  validation loss:		0.968828
Epoch 665 of 800 took 1.981s
  training loss:		1.000000
  validation loss:		0.968828
Epoch 666 of 800 took 1.975s
  training loss:		1.000000
  validation loss:		0.968828
Epoch 667 of 800 took 1.982s
  training loss:		1.000000
  validation loss:		0.968828
Epoch 668 of 800 took 1.978s
  training loss:		1.000000
  validation loss:		0.968828
Epoch 669 of 800 took 1.975s
  training loss:		1.000000
  validation loss:		0.968828
Epoch 670 of 800 took 1.980s
  training loss:		1.000000
  validation loss:		0.968828
Epoch 671 of 800 took 1.976s
  training loss:		1.000000
  validation loss:		0.968828
('Average Reconstruction Error -- ', 1.0003770008184978)
Plotting the learning curve .........
Plotting the valid learning curve .........
Network Parameters saved!!!!!!!!
Running prediction function on Validation data
Saving reconstructed images .........
Saving histogram of reconstructed image.....
Epoch 672 of 800 took 1.972s
  training loss:		1.000000
  validation loss:		0.968828
Epoch 673 of 800 took 1.972s
  training loss:		1.000000
  validation loss:		0.968828
Epoch 674 of 800 took 1.977s
  training loss:		1.000000
  validation loss:		0.968828
Epoch 675 of 800 took 1.964s
  training loss:		1.000000
  validation loss:		0.968828
Epoch 676 of 800 took 1.967s
  training loss:		1.000000
  validation loss:		0.968828
Epoch 677 of 800 took 1.981s
  training loss:		1.000000
  validation loss:		0.968828
Epoch 678 of 800 took 1.979s
  training loss:		1.000000
  validation loss:		0.968828
Epoch 679 of 800 took 1.967s
  training loss:		1.000000
  validation loss:		0.968828
Epoch 680 of 800 took 1.975s
  training loss:		1.000000
  validation loss:		0.968828
Epoch 681 of 800 took 1.968s
  training loss:		1.000000
  validation loss:		0.968828
('Average Reconstruction Error -- ', 1.0003714648299735)
Plotting the learning curve .........
Plotting the valid learning curve .........
Network Parameters saved!!!!!!!!
Running prediction function on Validation data
Saving reconstructed images .........
Saving histogram of reconstructed image.....
Epoch 682 of 800 took 1.999s
  training loss:		1.000000
  validation loss:		0.968828
Epoch 683 of 800 took 1.986s
  training loss:		1.000000
  validation loss:		0.968828
Epoch 684 of 800 took 1.988s
  training loss:		1.000000
  validation loss:		0.968828
Epoch 685 of 800 took 1.982s
  training loss:		1.000000
  validation loss:		0.968828
Epoch 686 of 800 took 1.981s
  training loss:		1.000000
  validation loss:		0.968828
Epoch 687 of 800 took 1.985s
  training loss:		1.000000
  validation loss:		0.968828
Epoch 688 of 800 took 1.977s
  training loss:		1.000000
  validation loss:		0.968828
Epoch 689 of 800 took 1.980s
  training loss:		1.000000
  validation loss:		0.968828
Epoch 690 of 800 took 1.983s
  training loss:		1.000000
  validation loss:		0.968828
Epoch 691 of 800 took 1.988s
  training loss:		1.000000
  validation loss:		0.968828
('Average Reconstruction Error -- ', 1.0003660890726653)
Plotting the learning curve .........
Plotting the valid learning curve .........
Network Parameters saved!!!!!!!!
Running prediction function on Validation data
Saving reconstructed images .........
Saving histogram of reconstructed image.....
Epoch 692 of 800 took 1.989s
  training loss:		1.000000
  validation loss:		0.968828
Epoch 693 of 800 took 1.982s
  training loss:		1.000000
  validation loss:		0.968828
Epoch 694 of 800 took 1.987s
  training loss:		1.000000
  validation loss:		0.968828
Epoch 695 of 800 took 1.983s
  training loss:		1.000000
  validation loss:		0.968828
Epoch 696 of 800 took 1.985s
  training loss:		1.000000
  validation loss:		0.968828
Epoch 697 of 800 took 1.990s
  training loss:		1.000000
  validation loss:		0.968828
Epoch 698 of 800 took 1.999s
  training loss:		1.000000
  validation loss:		0.968828
Epoch 699 of 800 took 1.993s
  training loss:		1.000000
  validation loss:		0.968828
Epoch 700 of 800 took 1.985s
  training loss:		1.000000
  validation loss:		0.968828
Epoch 701 of 800 took 1.992s
  training loss:		1.000000
  validation loss:		0.968828
('Average Reconstruction Error -- ', 1.0003608666893178)
Plotting the learning curve .........
Plotting the valid learning curve .........
Network Parameters saved!!!!!!!!
Running prediction function on Validation data
Saving reconstructed images .........
Saving histogram of reconstructed image.....
Epoch 702 of 800 took 1.918s
  training loss:		1.000000
  validation loss:		0.968828
Epoch 703 of 800 took 1.991s
  training loss:		1.000000
  validation loss:		0.968828
Epoch 704 of 800 took 1.975s
  training loss:		1.000000
  validation loss:		0.968828
Epoch 705 of 800 took 1.992s
  training loss:		1.000000
  validation loss:		0.968828
Epoch 706 of 800 took 1.984s
  training loss:		1.000000
  validation loss:		0.968828
Epoch 707 of 800 took 1.988s
  training loss:		1.000000
  validation loss:		0.968828
Epoch 708 of 800 took 1.979s
  training loss:		1.000000
  validation loss:		0.968828
Epoch 709 of 800 took 1.981s
  training loss:		1.000000
  validation loss:		0.968828
Epoch 710 of 800 took 1.990s
  training loss:		1.000000
  validation loss:		0.968828
Epoch 711 of 800 took 1.989s
  training loss:		1.000000
  validation loss:		0.968828
('Average Reconstruction Error -- ', 1.0003557912084549)
Plotting the learning curve .........
Plotting the valid learning curve .........
Network Parameters saved!!!!!!!!
Running prediction function on Validation data
Saving reconstructed images .........
Saving histogram of reconstructed image.....
Epoch 712 of 800 took 1.968s
  training loss:		1.000000
  validation loss:		0.968828
Epoch 713 of 800 took 1.988s
  training loss:		1.000000
  validation loss:		0.968828
Epoch 714 of 800 took 1.990s
  training loss:		1.000000
  validation loss:		0.968828
Epoch 715 of 800 took 1.977s
  training loss:		1.000000
  validation loss:		0.968828
Epoch 716 of 800 took 1.975s
  training loss:		1.000000
  validation loss:		0.968828
Epoch 717 of 800 took 1.989s
  training loss:		1.000000
  validation loss:		0.968828
Epoch 718 of 800 took 1.984s
  training loss:		1.000000
  validation loss:		0.968828
Epoch 719 of 800 took 1.972s
  training loss:		1.000000
  validation loss:		0.968828
Epoch 720 of 800 took 1.976s
  training loss:		1.000000
  validation loss:		0.968828
Epoch 721 of 800 took 1.979s
  training loss:		1.000000
  validation loss:		0.968828
('Average Reconstruction Error -- ', 1.0003508565176298)
Plotting the learning curve .........
Plotting the valid learning curve .........
Network Parameters saved!!!!!!!!
Running prediction function on Validation data
Saving reconstructed images .........
Saving histogram of reconstructed image.....
Epoch 722 of 800 took 1.995s
  training loss:		1.000000
  validation loss:		0.968828
Epoch 723 of 800 took 1.984s
  training loss:		1.000000
  validation loss:		0.968828
Epoch 724 of 800 took 1.980s
  training loss:		1.000000
  validation loss:		0.968828
Epoch 725 of 800 took 1.988s
  training loss:		1.000000
  validation loss:		0.968828
Epoch 726 of 800 took 1.987s
  training loss:		1.000000
  validation loss:		0.968828
Epoch 727 of 800 took 1.971s
  training loss:		1.000000
  validation loss:		0.968828
Epoch 728 of 800 took 1.979s
  training loss:		1.000000
  validation loss:		0.968828
Epoch 729 of 800 took 1.973s
  training loss:		1.000000
  validation loss:		0.968828
Epoch 730 of 800 took 1.988s
  training loss:		1.000000
  validation loss:		0.968828
Epoch 731 of 800 took 1.986s
  training loss:		1.000000
  validation loss:		0.968828
('Average Reconstruction Error -- ', 1.0003460568388656)
Plotting the learning curve .........
Plotting the valid learning curve .........
Network Parameters saved!!!!!!!!
Running prediction function on Validation data
Saving reconstructed images .........
Saving histogram of reconstructed image.....
Epoch 732 of 800 took 2.000s
  training loss:		1.000000
  validation loss:		0.968828
Epoch 733 of 800 took 1.989s
  training loss:		1.000000
  validation loss:		0.968828
Epoch 734 of 800 took 1.987s
  training loss:		1.000000
  validation loss:		0.968828
Epoch 735 of 800 took 1.981s
  training loss:		1.000000
  validation loss:		0.968828
Epoch 736 of 800 took 1.992s
  training loss:		1.000000
  validation loss:		0.968828
Epoch 737 of 800 took 1.983s
  training loss:		1.000000
  validation loss:		0.968828
Epoch 738 of 800 took 1.982s
  training loss:		1.000000
  validation loss:		0.968828
Epoch 739 of 800 took 1.993s
  training loss:		1.000000
  validation loss:		0.968828
Epoch 740 of 800 took 1.984s
  training loss:		1.000000
  validation loss:		0.968828
Epoch 741 of 800 took 1.989s
  training loss:		1.000000
  validation loss:		0.968828
('Average Reconstruction Error -- ', 1.0003413867060871)
Plotting the learning curve .........
Plotting the valid learning curve .........
Network Parameters saved!!!!!!!!
Running prediction function on Validation data
Saving reconstructed images .........
Saving histogram of reconstructed image.....
Epoch 742 of 800 took 1.988s
  training loss:		1.000000
  validation loss:		0.968828
Epoch 743 of 800 took 1.999s
  training loss:		1.000000
  validation loss:		0.968828
Epoch 744 of 800 took 1.994s
  training loss:		1.000000
  validation loss:		0.968828
Epoch 745 of 800 took 1.987s
  training loss:		1.000000
  validation loss:		0.968828
Epoch 746 of 800 took 1.986s
  training loss:		1.000000
  validation loss:		0.968828
Epoch 747 of 800 took 1.996s
  training loss:		1.000000
  validation loss:		0.968828
Epoch 748 of 800 took 1.996s
  training loss:		1.000000
  validation loss:		0.968828
Epoch 749 of 800 took 1.984s
  training loss:		1.000000
  validation loss:		0.968828
Epoch 750 of 800 took 1.985s
  training loss:		1.000000
  validation loss:		0.968828
Epoch 751 of 800 took 1.988s
  training loss:		1.000000
  validation loss:		0.968828
('Average Reconstruction Error -- ', 1.0003368409443547)
Plotting the learning curve .........
Plotting the valid learning curve .........
Network Parameters saved!!!!!!!!
Running prediction function on Validation data
Saving reconstructed images .........
Saving histogram of reconstructed image.....
Epoch 752 of 800 took 1.975s
  training loss:		1.000000
  validation loss:		0.968828
Epoch 753 of 800 took 1.981s
  training loss:		1.000000
  validation loss:		0.968828
Epoch 754 of 800 took 1.979s
  training loss:		1.000000
  validation loss:		0.968828
Epoch 755 of 800 took 1.975s
  training loss:		1.000000
  validation loss:		0.968828
Epoch 756 of 800 took 1.973s
  training loss:		1.000000
  validation loss:		0.968828
Epoch 757 of 800 took 1.984s
  training loss:		1.000000
  validation loss:		0.968828
Epoch 758 of 800 took 1.975s
  training loss:		1.000000
  validation loss:		0.968828
Epoch 759 of 800 took 1.976s
  training loss:		1.000000
  validation loss:		0.968828
Epoch 760 of 800 took 1.967s
  training loss:		1.000000
  validation loss:		0.968828
Epoch 761 of 800 took 1.970s
  training loss:		1.000000
  validation loss:		0.968828
('Average Reconstruction Error -- ', 1.000332414650736)
Plotting the learning curve .........
Plotting the valid learning curve .........
Network Parameters saved!!!!!!!!
Running prediction function on Validation data
Saving reconstructed images .........
Saving histogram of reconstructed image.....
Epoch 762 of 800 took 1.966s
  training loss:		1.000000
  validation loss:		0.968828
Epoch 763 of 800 took 1.993s
  training loss:		1.000000
  validation loss:		0.968828
Epoch 764 of 800 took 1.986s
  training loss:		1.000000
  validation loss:		0.968828
Epoch 765 of 800 took 1.982s
  training loss:		1.000000
  validation loss:		0.968828
Epoch 766 of 800 took 1.997s
  training loss:		1.000000
  validation loss:		0.968828
Epoch 767 of 800 took 2.000s
  training loss:		1.000000
  validation loss:		0.968828
Epoch 768 of 800 took 1.995s
  training loss:		1.000000
  validation loss:		0.968828
Epoch 769 of 800 took 1.996s
  training loss:		1.000000
  validation loss:		0.968828
Epoch 770 of 800 took 1.992s
  training loss:		1.000000
  validation loss:		0.968828
Epoch 771 of 800 took 1.989s
  training loss:		1.000000
  validation loss:		0.968828
('Average Reconstruction Error -- ', 1.0003281031766669)
Plotting the learning curve .........
Plotting the valid learning curve .........
Network Parameters saved!!!!!!!!
Running prediction function on Validation data
Saving reconstructed images .........
Saving histogram of reconstructed image.....
Epoch 772 of 800 took 1.973s
  training loss:		1.000000
  validation loss:		0.968828
Epoch 773 of 800 took 1.985s
  training loss:		1.000000
  validation loss:		0.968828
Epoch 774 of 800 took 1.977s
  training loss:		1.000000
  validation loss:		0.968828
Epoch 775 of 800 took 1.976s
  training loss:		1.000000
  validation loss:		0.968828
Epoch 776 of 800 took 1.985s
  training loss:		1.000000
  validation loss:		0.968828
Epoch 777 of 800 took 1.983s
  training loss:		1.000000
  validation loss:		0.968828
Epoch 778 of 800 took 1.986s
  training loss:		1.000000
  validation loss:		0.968828
Epoch 779 of 800 took 1.972s
  training loss:		1.000000
  validation loss:		0.968828
Epoch 780 of 800 took 1.983s
  training loss:		1.000000
  validation loss:		0.968828
Epoch 781 of 800 took 1.975s
  training loss:		1.000000
  validation loss:		0.968828
('Average Reconstruction Error -- ', 1.0003239021116646)
Plotting the learning curve .........
Plotting the valid learning curve .........
Network Parameters saved!!!!!!!!
Running prediction function on Validation data
Saving reconstructed images .........
Saving histogram of reconstructed image.....
Epoch 782 of 800 took 1.963s
  training loss:		1.000000
  validation loss:		0.968828
Epoch 783 of 800 took 1.969s
  training loss:		1.000000
  validation loss:		0.968828
Epoch 784 of 800 took 1.983s
  training loss:		1.000000
  validation loss:		0.968828
Epoch 785 of 800 took 1.972s
  training loss:		1.000000
  validation loss:		0.968828
Epoch 786 of 800 took 1.970s
  training loss:		1.000000
  validation loss:		0.968828
Epoch 787 of 800 took 1.977s
  training loss:		1.000000
  validation loss:		0.968828
Epoch 788 of 800 took 1.967s
  training loss:		1.000000
  validation loss:		0.968828
Epoch 789 of 800 took 1.971s
  training loss:		1.000000
  validation loss:		0.968828
Epoch 790 of 800 took 1.977s
  training loss:		1.000000
  validation loss:		0.968828
Epoch 791 of 800 took 1.971s
  training loss:		1.000000
  validation loss:		0.968828
('Average Reconstruction Error -- ', 1.0003198072682804)
Plotting the learning curve .........
Plotting the valid learning curve .........
Network Parameters saved!!!!!!!!
Running prediction function on Validation data
Saving reconstructed images .........
Saving histogram of reconstructed image.....
Epoch 792 of 800 took 1.985s
  training loss:		1.000000
  validation loss:		0.968828
Epoch 793 of 800 took 1.982s
  training loss:		1.000000
  validation loss:		0.968828
Epoch 794 of 800 took 1.978s
  training loss:		1.000000
  validation loss:		0.968828
Epoch 795 of 800 took 1.985s
  training loss:		1.000000
  validation loss:		0.968828
Epoch 796 of 800 took 1.982s
  training loss:		1.000000
  validation loss:		0.968828
Epoch 797 of 800 took 1.983s
  training loss:		1.000000
  validation loss:		0.968828
Epoch 798 of 800 took 1.982s
  training loss:		1.000000
  validation loss:		0.968828
Epoch 799 of 800 took 1.977s
  training loss:		1.000000
  validation loss:		0.968828
Epoch 800 of 800 took 1.980s
  training loss:		1.000000
  validation loss:		0.968828
Creating hdf5 file for 100 pred images and saving to ./output_files/.......
Visualizing Saliency map .........
Traceback (most recent call last):
  File "Unsupervised_DCAE.py", line 462, in <module>
    main(**{k:v for (k,v) in vars(args).items() if v is not None})
  File "Unsupervised_DCAE.py", line 429, in main
    visualize_saliency_map(X_train, X_sal, max_class, outfolder)
  File "/global/u1/s/ssingh79/convolutional_autoencoder-master/Models/Theoretical_model/visualize.py", line 223, in visualize_saliency_map
    plt.imshow((np.maximum(0, saliency) / saliency.max()))
  File "/usr/common/software/python/2.7-anaconda/envs/deeplearning/lib/python2.7/site-packages/matplotlib/pyplot.py", line 3022, in imshow
    **kwargs)
  File "/usr/common/software/python/2.7-anaconda/envs/deeplearning/lib/python2.7/site-packages/matplotlib/__init__.py", line 1812, in inner
    return func(ax, *args, **kwargs)
  File "/usr/common/software/python/2.7-anaconda/envs/deeplearning/lib/python2.7/site-packages/matplotlib/axes/_axes.py", line 4947, in imshow
    im.set_data(X)
  File "/usr/common/software/python/2.7-anaconda/envs/deeplearning/lib/python2.7/site-packages/matplotlib/image.py", line 453, in set_data
    raise TypeError("Invalid dimensions for image data")
TypeError: Invalid dimensions for image data
