/global/u1/s/ssingh79/convolutional_autoencoder-master/Models/Theoretical_model/embed_tsne.py:45: VisibleDeprecationWarning: using a non-integer number instead of an integer will result in an error in the future
  if(G[embed_x,embed_y]!=1.0):
/global/u1/s/ssingh79/convolutional_autoencoder-master/Models/Theoretical_model/embed_tsne.py:57: VisibleDeprecationWarning: using a non-integer number instead of an integer will result in an error in the future
  G[embed_x:embed_x+s, embed_y:embed_y+s] = I
Loading data...
('Calling ', 'train_data_64k.h5', '......')
('Printing Train set ', array([[-0.01032324,  0.00679525,  0.0022744 , ..., -0.00186596,
        -0.00139782, -0.00295408],
       [ 0.03064897,  0.00953815,  0.03919139, ..., -0.04416131,
        -0.01501628, -0.03169146],
       [-0.00054488,  0.03779386,  0.03071115, ...,  0.03494589,
        -0.00192948, -0.01491482],
       ..., 
       [-0.01792001, -0.0332757 , -0.03511935, ..., -0.02660589,
        -0.02870286, -0.0296263 ],
       [-0.01097497, -0.01258439, -0.03759458, ...,  0.01413019,
        -0.02485162, -0.02055037],
       [-0.04255074, -0.04967483, -0.02673387, ...,  0.01248583,
         0.0289001 , -0.00986743]]))
('X_train 1 shape ', (64000, 16384))
('Printing Train set ', array([[-0.02512396, -0.03287205, -0.03316736, ...,  0.10065543,
         0.02794481,  0.00411595],
       [ 0.02518618,  0.00925795,  0.0307598 , ..., -0.03124851,
        -0.03897436, -0.03171649],
       [ 0.05087735,  0.06243372,  0.09598123, ..., -0.01340537,
         0.02301167,  0.05911352],
       ..., 
       [ 0.01281872, -0.00571466, -0.03530059, ..., -0.02591705,
        -0.0062293 ,  0.01869127],
       [-0.05095224, -0.0446883 , -0.04354183, ..., -0.01251224,
        -0.01232889,  0.03422774],
       [-0.0315671 , -0.03121806, -0.03767376, ..., -0.00516524,
         0.00659046, -0.00170965]]))
('X_train 2 shape ', (64000, 16384))
('Theoretical model 1', (50, 16384))
('Theoretical model 1', (50, 16384))
('Training Set : ', array([[-0.0181228 , -0.01271645, -0.02679537, ..., -0.02610599,
         0.05383885,  0.01178381],
       [ 0.00460037,  0.05259958,  0.03222938, ..., -0.02505017,
        -0.04082427, -0.02481132],
       [-0.00185674, -0.00277288,  0.0003046 , ..., -0.00777823,
        -0.00222479, -0.00741931],
       ..., 
       [ 0.03909105,  0.0079555 ,  0.01804759, ..., -0.01519021,
        -0.00697146, -0.00585002],
       [-0.02320278, -0.01343051,  0.02212542, ..., -0.0416885 ,
        -0.04626907, -0.03868818],
       [-0.00070377,  0.01127853,  0.05625486, ..., -0.0581036 ,
        -0.05000132, -0.04915613]]))
((80, 16384), (80,))
('Validation Set : ', array([[-0.0397189 , -0.03556617, -0.05616144, ..., -0.06190607,
        -0.05851822, -0.0484588 ],
       [-0.0101257 , -0.02317105, -0.01427416, ..., -0.01521325,
         0.0206568 ,  0.05304333],
       [-0.00670069, -0.02349433, -0.03507754, ..., -0.02855483,
        -0.00360119, -0.00227391],
       ..., 
       [-0.03290357, -0.05710107, -0.03847924, ...,  0.01207606,
        -0.0174774 , -0.0139501 ],
       [ 0.03909105,  0.0079555 ,  0.01804759, ..., -0.01519021,
        -0.00697146, -0.00585002],
       [ 0.03003809,  0.04696798,  0.03745199, ...,  0.00848524,
        -0.00902663, -0.0038116 ]]))
((10, 16384), (10,))
('Test Set : ', array([[-0.02511792, -0.01810752,  0.02147861, ...,  0.03279746,
         0.01814597,  0.01648307],
       [ 0.00240216, -0.03531571, -0.03143923, ...,  0.04886917,
         0.00856563, -0.02004672],
       [-0.01189118, -0.00267773, -0.02107783, ...,  0.04529677,
         0.0320816 ,  0.04008001],
       ..., 
       [-0.0101257 , -0.02317105, -0.01427416, ..., -0.01521325,
         0.0206568 ,  0.05304333],
       [-0.00382115, -0.01125179,  0.0065352 , ..., -0.02671764,
        -0.00450972, -0.013756  ],
       [-0.01597283,  0.00192795, -0.01463699, ..., -0.03233375,
        -0.03393509, -0.02713649]]))
((10, 16384), (10,))
[ 0.00418167  0.00354033  0.00202589 ..., -0.01503722 -0.00979529
 -0.00729746]
[ 0.00190978  0.00215827  0.00136304 ...,  0.00082049  0.00089589
  0.00069179]
('Normalized Training data : ', array([[-0.51038734, -0.34993014, -0.7806542 , ..., -0.38642257,
         2.12600208,  0.72547152],
       [ 0.00958107,  1.0560097 ,  0.81809332, ..., -0.34956257,
        -1.03667112, -0.66587837],
       [-0.13817521, -0.13589294, -0.04662297, ...,  0.25341919,
         0.25292876, -0.00463281],
       ..., 
       [ 0.7988223 ,  0.09503749,  0.43396463, ..., -0.00534087,
         0.09434334,  0.05503177],
       [-0.6266311 , -0.36530055,  0.54441693, ..., -0.93042462,
        -1.2185806 , -1.19347777],
       [-0.11179218,  0.16656627,  1.46884879, ..., -1.50349333,
        -1.34327444, -1.59147011]]))
('Mean : ', 1.3183898417423733e-17)
('min : ', -3.0803954745893107)
('max : ', 8.3650375781136006)
('Valid set min : ', -2.6741105193107528)
('Valid set max : ', 13.350265006290176)
('Test set min : ', -3.0803954745893107)
('Test set max : ', 15.43029041812197)
((80, 1, 128, 128), (80,))
((10, 1, 128, 128), (10,))
((10, 1, 128, 128), (10,))
Saving sampled training images.......
Building model and compiling functions.........
('Input shape : ', (None, 1, 128, 128))
('Conv layer 1 : ', (None, 32, 128, 128))
('Max pool 1 : ', (None, 32, 64, 64))
('Conv layer 2 : ', (None, 32, 64, 64))
('Max pool 2 : ', (None, 32, 32, 32))
('Conv layer 3 : ', (None, 64, 32, 32))
('Max pool 3 : ', (None, 64, 16, 16))
('Conv layer 4 : ', (None, 64, 16, 16))
('Max pool 4 : ', (None, 64, 8, 8))
('Fully Connected layer: ', (None, 2048))
('Softmax layer: ', (None, 2))
Created Lasagne Layers & Network established !!! 
('Get the output layer : ', Softmax.0)
('Get all the parameters : ', [W, b, W, b, W, b, W, b, W, b, W, b])
Starting training...
Epoch 1 of 500 took 6.670s
  training loss:		0.765873
  validation loss:		0.723428
  validation accuracy:		42.50 %
('Average Reconstruction Error -- ', 0.76587259389570783)
Plotting the learning curve .........
Plotting the valid learning curve .........
Plotting the accuracy curve .........
Network Parameters saved!!!!!!!!
Running prediction function on Validation data
Epoch 2 of 500 took 5.617s
  training loss:		0.703220
  validation loss:		0.701314
  validation accuracy:		53.75 %
Epoch 3 of 500 took 5.674s
  training loss:		0.699904
  validation loss:		0.692006
  validation accuracy:		56.25 %
Epoch 4 of 500 took 5.844s
  training loss:		0.703635
  validation loss:		0.695123
  validation accuracy:		53.75 %
Epoch 5 of 500 took 5.805s
  training loss:		0.700364
  validation loss:		0.692286
  validation accuracy:		55.00 %
Epoch 6 of 500 took 5.797s
  training loss:		0.687365
  validation loss:		0.685371
  validation accuracy:		55.00 %
Epoch 7 of 500 took 5.624s
  training loss:		0.684112
  validation loss:		0.683769
  validation accuracy:		53.75 %
Epoch 8 of 500 took 5.792s
  training loss:		0.676726
  validation loss:		0.670231
  validation accuracy:		53.75 %
Epoch 9 of 500 took 5.790s
  training loss:		0.679195
  validation loss:		0.657188
  validation accuracy:		61.25 %
Epoch 10 of 500 took 5.822s
  training loss:		0.654208
  validation loss:		0.657686
  validation accuracy:		60.00 %
Epoch 11 of 500 took 5.809s
  training loss:		0.653655
  validation loss:		0.650247
  validation accuracy:		58.75 %
('Average Reconstruction Error -- ', 0.69165964893200405)
Plotting the learning curve .........
Plotting the valid learning curve .........
Plotting the accuracy curve .........
Network Parameters saved!!!!!!!!
Running prediction function on Validation data
Epoch 12 of 500 took 5.763s
  training loss:		0.654616
  validation loss:		0.644746
  validation accuracy:		55.00 %
Epoch 13 of 500 took 5.746s
  training loss:		0.641925
  validation loss:		0.636588
  validation accuracy:		61.25 %
Epoch 14 of 500 took 5.597s
  training loss:		0.630023
  validation loss:		0.627602
  validation accuracy:		58.75 %
Epoch 15 of 500 took 5.604s
  training loss:		0.631881
  validation loss:		0.620103
  validation accuracy:		62.50 %
Epoch 16 of 500 took 5.612s
  training loss:		0.619989
  validation loss:		0.624706
  validation accuracy:		61.25 %
Epoch 17 of 500 took 5.602s
  training loss:		0.614907
  validation loss:		0.601660
  validation accuracy:		71.25 %
Epoch 18 of 500 took 5.611s
  training loss:		0.608604
  validation loss:		0.603675
  validation accuracy:		68.75 %
Epoch 19 of 500 took 5.604s
  training loss:		0.589505
  validation loss:		0.595403
  validation accuracy:		68.75 %
Epoch 20 of 500 took 5.599s
  training loss:		0.598169
  validation loss:		0.588999
  validation accuracy:		71.25 %
Epoch 21 of 500 took 5.791s
  training loss:		0.592009
  validation loss:		0.583606
  validation accuracy:		73.75 %
('Average Reconstruction Error -- ', 0.65666117142749558)
Plotting the learning curve .........
Plotting the valid learning curve .........
Plotting the accuracy curve .........
Network Parameters saved!!!!!!!!
Running prediction function on Validation data
Epoch 22 of 500 took 5.684s
  training loss:		0.585385
  validation loss:		0.579566
  validation accuracy:		71.25 %
Epoch 23 of 500 took 5.788s
  training loss:		0.571685
  validation loss:		0.573138
  validation accuracy:		71.25 %
Epoch 24 of 500 took 5.624s
  training loss:		0.573164
  validation loss:		0.573512
  validation accuracy:		73.75 %
Epoch 25 of 500 took 5.790s
  training loss:		0.565393
  validation loss:		0.563117
  validation accuracy:		72.50 %
Epoch 26 of 500 took 5.799s
  training loss:		0.561915
  validation loss:		0.551534
  validation accuracy:		75.00 %
Epoch 27 of 500 took 5.605s
  training loss:		0.544017
  validation loss:		0.537325
  validation accuracy:		78.75 %
Epoch 28 of 500 took 5.796s
  training loss:		0.544937
  validation loss:		0.550465
  validation accuracy:		76.25 %
Epoch 29 of 500 took 5.606s
  training loss:		0.534344
  validation loss:		0.535076
  validation accuracy:		78.75 %
Epoch 30 of 500 took 5.608s
  training loss:		0.539133
  validation loss:		0.539663
  validation accuracy:		73.75 %
Epoch 31 of 500 took 5.564s
  training loss:		0.525823
  validation loss:		0.531161
  validation accuracy:		82.50 %
('Average Reconstruction Error -- ', 0.62373159567580039)
Plotting the learning curve .........
Plotting the valid learning curve .........
Plotting the accuracy curve .........
Network Parameters saved!!!!!!!!
Running prediction function on Validation data
Epoch 32 of 500 took 5.825s
  training loss:		0.533070
  validation loss:		0.520370
  validation accuracy:		77.50 %
Epoch 33 of 500 took 5.598s
  training loss:		0.520486
  validation loss:		0.511914
  validation accuracy:		81.25 %
Epoch 34 of 500 took 5.614s
  training loss:		0.503943
  validation loss:		0.522263
  validation accuracy:		76.25 %
Epoch 35 of 500 took 5.604s
  training loss:		0.517842
  validation loss:		0.513748
  validation accuracy:		76.25 %
Epoch 36 of 500 took 5.599s
  training loss:		0.516862
  validation loss:		0.500359
  validation accuracy:		82.50 %
Epoch 37 of 500 took 5.610s
  training loss:		0.500672
  validation loss:		0.504092
  validation accuracy:		83.75 %
Epoch 38 of 500 took 5.608s
  training loss:		0.495720
  validation loss:		0.497869
  validation accuracy:		83.75 %
Epoch 39 of 500 took 5.575s
  training loss:		0.509039
  validation loss:		0.484442
  validation accuracy:		82.50 %
Epoch 40 of 500 took 5.555s
  training loss:		0.481415
  validation loss:		0.483890
  validation accuracy:		83.75 %
Epoch 41 of 500 took 5.646s
  training loss:		0.485873
  validation loss:		0.475493
  validation accuracy:		83.75 %
('Average Reconstruction Error -- ', 0.59513662230980502)
Plotting the learning curve .........
Plotting the valid learning curve .........
Plotting the accuracy curve .........
Network Parameters saved!!!!!!!!
Running prediction function on Validation data
Epoch 42 of 500 took 5.671s
  training loss:		0.491132
  validation loss:		0.490484
  validation accuracy:		85.00 %
Epoch 43 of 500 took 5.630s
  training loss:		0.470535
  validation loss:		0.462954
  validation accuracy:		87.50 %
Epoch 44 of 500 took 5.593s
  training loss:		0.468971
  validation loss:		0.482599
  validation accuracy:		85.00 %
Epoch 45 of 500 took 5.597s
  training loss:		0.467173
  validation loss:		0.457867
  validation accuracy:		91.25 %
Epoch 46 of 500 took 5.607s
  training loss:		0.459241
  validation loss:		0.460920
  validation accuracy:		87.50 %
Epoch 47 of 500 took 5.597s
  training loss:		0.459901
  validation loss:		0.464327
  validation accuracy:		86.25 %
Epoch 48 of 500 took 5.591s
  training loss:		0.448845
  validation loss:		0.450031
  validation accuracy:		85.00 %
Epoch 49 of 500 took 5.585s
  training loss:		0.447845
  validation loss:		0.442300
  validation accuracy:		91.25 %
Epoch 50 of 500 took 5.626s
  training loss:		0.437913
  validation loss:		0.447164
  validation accuracy:		83.75 %
Epoch 51 of 500 took 5.590s
  training loss:		0.436808
  validation loss:		0.428019
  validation accuracy:		92.50 %
('Average Reconstruction Error -- ', 0.5684111127955338)
Plotting the learning curve .........
Plotting the valid learning curve .........
Plotting the accuracy curve .........
Network Parameters saved!!!!!!!!
Running prediction function on Validation data
Epoch 52 of 500 took 5.801s
  training loss:		0.427859
  validation loss:		0.428023
  validation accuracy:		92.50 %
Epoch 53 of 500 took 5.833s
  training loss:		0.432112
  validation loss:		0.429616
  validation accuracy:		93.75 %
Epoch 54 of 500 took 5.813s
  training loss:		0.430979
  validation loss:		0.420077
  validation accuracy:		95.00 %
Epoch 55 of 500 took 5.800s
  training loss:		0.422223
  validation loss:		0.421132
  validation accuracy:		92.50 %
Epoch 56 of 500 took 5.802s
  training loss:		0.413227
  validation loss:		0.416858
  validation accuracy:		92.50 %
Epoch 57 of 500 took 5.802s
  training loss:		0.405594
  validation loss:		0.402943
  validation accuracy:		91.25 %
Epoch 58 of 500 took 5.812s
  training loss:		0.397375
  validation loss:		0.397879
  validation accuracy:		96.25 %
Epoch 59 of 500 took 5.794s
  training loss:		0.415503
  validation loss:		0.410115
  validation accuracy:		90.00 %
Epoch 60 of 500 took 5.803s
  training loss:		0.396853
  validation loss:		0.397282
  validation accuracy:		93.75 %
Epoch 61 of 500 took 5.808s
  training loss:		0.402326
  validation loss:		0.394365
  validation accuracy:		97.50 %
('Average Reconstruction Error -- ', 0.54316422726020519)
Plotting the learning curve .........
Plotting the valid learning curve .........
Plotting the accuracy curve .........
Network Parameters saved!!!!!!!!
Running prediction function on Validation data
Epoch 62 of 500 took 5.795s
  training loss:		0.392435
  validation loss:		0.383006
  validation accuracy:		96.25 %
Epoch 63 of 500 took 5.807s
  training loss:		0.385221
  validation loss:		0.389250
  validation accuracy:		92.50 %
Epoch 64 of 500 took 5.800s
  training loss:		0.387004
  validation loss:		0.374104
  validation accuracy:		95.00 %
Epoch 65 of 500 took 5.804s
  training loss:		0.391999
  validation loss:		0.367905
  validation accuracy:		97.50 %
Epoch 66 of 500 took 5.801s
  training loss:		0.372362
  validation loss:		0.376049
  validation accuracy:		95.00 %
Epoch 67 of 500 took 5.802s
  training loss:		0.367575
  validation loss:		0.369558
  validation accuracy:		96.25 %
Epoch 68 of 500 took 5.801s
  training loss:		0.359940
  validation loss:		0.360819
  validation accuracy:		96.25 %
Epoch 69 of 500 took 5.803s
  training loss:		0.355235
  validation loss:		0.361848
  validation accuracy:		98.75 %
Epoch 70 of 500 took 5.801s
  training loss:		0.365607
  validation loss:		0.358279
  validation accuracy:		97.50 %
Epoch 71 of 500 took 5.803s
  training loss:		0.357953
  validation loss:		0.351060
  validation accuracy:		96.25 %
('Average Reconstruction Error -- ', 0.51927251641558769)
Plotting the learning curve .........
Plotting the valid learning curve .........
Plotting the accuracy curve .........
Network Parameters saved!!!!!!!!
Running prediction function on Validation data
Epoch 72 of 500 took 5.688s
  training loss:		0.346116
  validation loss:		0.356683
  validation accuracy:		96.25 %
Epoch 73 of 500 took 5.793s
  training loss:		0.351425
  validation loss:		0.333951
  validation accuracy:		100.00 %
Epoch 74 of 500 took 5.800s
  training loss:		0.326948
  validation loss:		0.338863
  validation accuracy:		98.75 %
Epoch 75 of 500 took 5.804s
  training loss:		0.339306
  validation loss:		0.332454
  validation accuracy:		97.50 %
Epoch 76 of 500 took 5.805s
  training loss:		0.333533
  validation loss:		0.325740
  validation accuracy:		98.75 %
Epoch 77 of 500 took 5.802s
  training loss:		0.332471
  validation loss:		0.327987
  validation accuracy:		96.25 %
Epoch 78 of 500 took 5.748s
  training loss:		0.326139
  validation loss:		0.330038
  validation accuracy:		98.75 %
Epoch 79 of 500 took 5.622s
  training loss:		0.322663
  validation loss:		0.316747
  validation accuracy:		97.50 %
Epoch 80 of 500 took 5.617s
  training loss:		0.319829
  validation loss:		0.312309
  validation accuracy:		96.25 %
Epoch 81 of 500 took 5.601s
  training loss:		0.317684
  validation loss:		0.312910
  validation accuracy:		97.50 %
('Average Reconstruction Error -- ', 0.49610447457677193)
Plotting the learning curve .........
Plotting the valid learning curve .........
Plotting the accuracy curve .........
Network Parameters saved!!!!!!!!
Running prediction function on Validation data
Epoch 82 of 500 took 5.713s
  training loss:		0.306466
  validation loss:		0.313615
  validation accuracy:		100.00 %
Epoch 83 of 500 took 5.615s
  training loss:		0.302824
  validation loss:		0.296133
  validation accuracy:		98.75 %
Epoch 84 of 500 took 5.508s
  training loss:		0.304408
  validation loss:		0.293542
  validation accuracy:		98.75 %
Epoch 85 of 500 took 5.391s
  training loss:		0.301052
  validation loss:		0.297829
  validation accuracy:		98.75 %
Epoch 86 of 500 took 5.398s
  training loss:		0.299566
  validation loss:		0.284436
  validation accuracy:		100.00 %
Epoch 87 of 500 took 5.402s
  training loss:		0.289491
  validation loss:		0.286732
  validation accuracy:		97.50 %
Epoch 88 of 500 took 5.402s
  training loss:		0.284811
  validation loss:		0.287000
  validation accuracy:		98.75 %
Epoch 89 of 500 took 5.406s
  training loss:		0.285377
  validation loss:		0.285027
  validation accuracy:		98.75 %
Epoch 90 of 500 took 5.400s
  training loss:		0.276553
  validation loss:		0.274392
  validation accuracy:		97.50 %
Epoch 91 of 500 took 5.400s
  training loss:		0.280034
  validation loss:		0.272575
  validation accuracy:		98.75 %
('Average Reconstruction Error -- ', 0.47379171337971826)
Plotting the learning curve .........
Plotting the valid learning curve .........
Plotting the accuracy curve .........
Network Parameters saved!!!!!!!!
Running prediction function on Validation data
Epoch 92 of 500 took 5.557s
  training loss:		0.279537
  validation loss:		0.269155
  validation accuracy:		100.00 %
Epoch 93 of 500 took 5.584s
  training loss:		0.281786
  validation loss:		0.268287
  validation accuracy:		98.75 %
Epoch 94 of 500 took 5.595s
  training loss:		0.260362
  validation loss:		0.259035
  validation accuracy:		98.75 %
Epoch 95 of 500 took 5.606s
  training loss:		0.263051
  validation loss:		0.260272
  validation accuracy:		100.00 %
Epoch 96 of 500 took 5.602s
  training loss:		0.265384
  validation loss:		0.265231
  validation accuracy:		98.75 %
Epoch 97 of 500 took 5.601s
  training loss:		0.266466
  validation loss:		0.252045
  validation accuracy:		100.00 %
Epoch 98 of 500 took 5.603s
  training loss:		0.259170
  validation loss:		0.251678
  validation accuracy:		98.75 %
Epoch 99 of 500 took 5.600s
  training loss:		0.255060
  validation loss:		0.261050
  validation accuracy:		97.50 %
Epoch 100 of 500 took 5.601s
  training loss:		0.251343
  validation loss:		0.237993
  validation accuracy:		100.00 %
Epoch 101 of 500 took 5.605s
  training loss:		0.235926
  validation loss:		0.241184
  validation accuracy:		97.50 %
('Average Reconstruction Error -- ', 0.45280328060015057)
Plotting the learning curve .........
Plotting the valid learning curve .........
Plotting the accuracy curve .........
Network Parameters saved!!!!!!!!
Running prediction function on Validation data
Epoch 102 of 500 took 5.587s
  training loss:		0.247230
  validation loss:		0.242525
  validation accuracy:		100.00 %
Epoch 103 of 500 took 5.589s
  training loss:		0.240357
  validation loss:		0.238384
  validation accuracy:		100.00 %
Epoch 104 of 500 took 5.599s
  training loss:		0.232348
  validation loss:		0.235362
  validation accuracy:		97.50 %
Epoch 105 of 500 took 5.601s
  training loss:		0.230644
  validation loss:		0.223943
  validation accuracy:		100.00 %
Epoch 106 of 500 took 5.602s
  training loss:		0.234837
  validation loss:		0.237190
  validation accuracy:		97.50 %
Epoch 107 of 500 took 5.606s
  training loss:		0.227265
  validation loss:		0.228813
  validation accuracy:		100.00 %
Epoch 108 of 500 took 5.602s
  training loss:		0.223977
  validation loss:		0.210234
  validation accuracy:		100.00 %
Epoch 109 of 500 took 5.602s
  training loss:		0.213968
  validation loss:		0.216946
  validation accuracy:		100.00 %
Epoch 110 of 500 took 5.595s
  training loss:		0.222173
  validation loss:		0.215269
  validation accuracy:		98.75 %
Epoch 111 of 500 took 5.621s
  training loss:		0.213686
  validation loss:		0.223189
  validation accuracy:		98.75 %
('Average Reconstruction Error -- ', 0.43260914387666821)
Plotting the learning curve .........
Plotting the valid learning curve .........
Plotting the accuracy curve .........
Network Parameters saved!!!!!!!!
Running prediction function on Validation data
Epoch 112 of 500 took 5.577s
  training loss:		0.217900
  validation loss:		0.218242
  validation accuracy:		98.75 %
Epoch 113 of 500 took 5.405s
  training loss:		0.212702
  validation loss:		0.206774
  validation accuracy:		100.00 %
Epoch 114 of 500 took 5.405s
  training loss:		0.204035
  validation loss:		0.199185
  validation accuracy:		98.75 %
Epoch 115 of 500 took 5.410s
  training loss:		0.207436
  validation loss:		0.202599
  validation accuracy:		100.00 %
Epoch 116 of 500 took 5.591s
  training loss:		0.194181
  validation loss:		0.194907
  validation accuracy:		100.00 %
Epoch 117 of 500 took 5.404s
  training loss:		0.205871
  validation loss:		0.199022
  validation accuracy:		100.00 %
Epoch 118 of 500 took 5.406s
  training loss:		0.199656
  validation loss:		0.196110
  validation accuracy:		100.00 %
Epoch 119 of 500 took 5.407s
  training loss:		0.199610
  validation loss:		0.188959
  validation accuracy:		100.00 %
Epoch 120 of 500 took 5.408s
  training loss:		0.188700
  validation loss:		0.193864
  validation accuracy:		100.00 %
Epoch 121 of 500 took 5.571s
  training loss:		0.186175
  validation loss:		0.186327
  validation accuracy:		100.00 %
('Average Reconstruction Error -- ', 0.41351968090467195)
Plotting the learning curve .........
Plotting the valid learning curve .........
Plotting the accuracy curve .........
Network Parameters saved!!!!!!!!
Running prediction function on Validation data
Epoch 122 of 500 took 5.539s
  training loss:		0.180769
  validation loss:		0.185331
  validation accuracy:		100.00 %
Epoch 123 of 500 took 5.586s
  training loss:		0.186440
  validation loss:		0.187772
  validation accuracy:		100.00 %
Epoch 124 of 500 took 5.588s
  training loss:		0.190305
  validation loss:		0.181444
  validation accuracy:		100.00 %
Epoch 125 of 500 took 5.426s
  training loss:		0.183491
  validation loss:		0.178077
  validation accuracy:		98.75 %
Epoch 126 of 500 took 5.592s
  training loss:		0.183581
  validation loss:		0.171742
  validation accuracy:		100.00 %
Epoch 127 of 500 took 5.412s
  training loss:		0.180361
  validation loss:		0.172785
  validation accuracy:		100.00 %
Epoch 128 of 500 took 5.593s
  training loss:		0.174961
  validation loss:		0.166204
  validation accuracy:		100.00 %
Epoch 129 of 500 took 5.584s
  training loss:		0.172408
  validation loss:		0.163898
  validation accuracy:		100.00 %
Epoch 130 of 500 took 5.504s
  training loss:		0.170694
  validation loss:		0.169282
  validation accuracy:		100.00 %
Epoch 131 of 500 took 5.519s
  training loss:		0.172933
  validation loss:		0.169131
  validation accuracy:		100.00 %
('Average Reconstruction Error -- ', 0.39566277139203121)
Plotting the learning curve .........
Plotting the valid learning curve .........
Plotting the accuracy curve .........
Network Parameters saved!!!!!!!!
Running prediction function on Validation data
Epoch 132 of 500 took 5.644s
  training loss:		0.171446
  validation loss:		0.159831
  validation accuracy:		100.00 %
Epoch 133 of 500 took 5.597s
  training loss:		0.161129
  validation loss:		0.159527
  validation accuracy:		100.00 %
Epoch 134 of 500 took 5.606s
  training loss:		0.160922
  validation loss:		0.158154
  validation accuracy:		100.00 %
Epoch 135 of 500 took 5.603s
  training loss:		0.156461
  validation loss:		0.154697
  validation accuracy:		100.00 %
Epoch 136 of 500 took 5.601s
  training loss:		0.159687
  validation loss:		0.146503
  validation accuracy:		100.00 %
Epoch 137 of 500 took 5.598s
  training loss:		0.163392
  validation loss:		0.154279
  validation accuracy:		100.00 %
Epoch 138 of 500 took 5.604s
  training loss:		0.151647
  validation loss:		0.147833
  validation accuracy:		100.00 %
Epoch 139 of 500 took 5.602s
  training loss:		0.151199
  validation loss:		0.150602
  validation accuracy:		100.00 %
Epoch 140 of 500 took 5.599s
  training loss:		0.145621
  validation loss:		0.149560
  validation accuracy:		100.00 %
Epoch 141 of 500 took 5.605s
  training loss:		0.153948
  validation loss:		0.150702
  validation accuracy:		100.00 %
('Average Reconstruction Error -- ', 0.37877499853777852)
Plotting the learning curve .........
Plotting the valid learning curve .........
Plotting the accuracy curve .........
Network Parameters saved!!!!!!!!
Running prediction function on Validation data
Epoch 142 of 500 took 5.577s
  training loss:		0.145896
  validation loss:		0.138015
  validation accuracy:		100.00 %
Epoch 143 of 500 took 5.590s
  training loss:		0.141612
  validation loss:		0.139836
  validation accuracy:		100.00 %
Epoch 144 of 500 took 5.603s
  training loss:		0.140981
  validation loss:		0.139966
  validation accuracy:		100.00 %
Epoch 145 of 500 took 5.602s
  training loss:		0.143123
  validation loss:		0.141823
  validation accuracy:		100.00 %
Epoch 146 of 500 took 5.599s
  training loss:		0.139411
  validation loss:		0.144327
  validation accuracy:		100.00 %
Epoch 147 of 500 took 5.606s
  training loss:		0.137061
  validation loss:		0.134058
  validation accuracy:		100.00 %
Epoch 148 of 500 took 5.596s
  training loss:		0.133132
  validation loss:		0.138109
  validation accuracy:		100.00 %
Epoch 149 of 500 took 5.605s
  training loss:		0.128333
  validation loss:		0.133367
  validation accuracy:		100.00 %
Epoch 150 of 500 took 5.600s
  training loss:		0.131601
  validation loss:		0.135256
  validation accuracy:		100.00 %
Epoch 151 of 500 took 5.603s
  training loss:		0.128306
  validation loss:		0.128381
  validation accuracy:		100.00 %
('Average Reconstruction Error -- ', 0.36275981030001264)
Plotting the learning curve .........
Plotting the valid learning curve .........
Plotting the accuracy curve .........
Network Parameters saved!!!!!!!!
Running prediction function on Validation data
Epoch 152 of 500 took 5.550s
  training loss:		0.127359
  validation loss:		0.124777
  validation accuracy:		100.00 %
Epoch 153 of 500 took 5.595s
  training loss:		0.129299
  validation loss:		0.126919
  validation accuracy:		100.00 %
Epoch 154 of 500 took 5.610s
  training loss:		0.121896
  validation loss:		0.124035
  validation accuracy:		100.00 %
Epoch 155 of 500 took 5.598s
  training loss:		0.120440
  validation loss:		0.122788
  validation accuracy:		100.00 %
Epoch 156 of 500 took 5.601s
  training loss:		0.122478
  validation loss:		0.121881
  validation accuracy:		100.00 %
Epoch 157 of 500 took 5.602s
  training loss:		0.119120
  validation loss:		0.118008
  validation accuracy:		100.00 %
Epoch 158 of 500 took 5.602s
  training loss:		0.115190
  validation loss:		0.109235
  validation accuracy:		100.00 %
Epoch 159 of 500 took 5.600s
  training loss:		0.120879
  validation loss:		0.125506
  validation accuracy:		100.00 %
Epoch 160 of 500 took 5.617s
  training loss:		0.122018
  validation loss:		0.112280
  validation accuracy:		100.00 %
Epoch 161 of 500 took 5.586s
  training loss:		0.119520
  validation loss:		0.110285
  validation accuracy:		100.00 %
('Average Reconstruction Error -- ', 0.34779459683460318)
Plotting the learning curve .........
Plotting the valid learning curve .........
Plotting the accuracy curve .........
Network Parameters saved!!!!!!!!
Running prediction function on Validation data
Epoch 162 of 500 took 5.572s
  training loss:		0.113567
  validation loss:		0.109451
  validation accuracy:		100.00 %
Epoch 163 of 500 took 5.604s
  training loss:		0.106367
  validation loss:		0.112441
  validation accuracy:		100.00 %
Epoch 164 of 500 took 5.599s
  training loss:		0.109501
  validation loss:		0.110101
  validation accuracy:		100.00 %
Epoch 165 of 500 took 5.607s
  training loss:		0.105541
  validation loss:		0.102792
  validation accuracy:		100.00 %
Epoch 166 of 500 took 5.602s
  training loss:		0.112006
  validation loss:		0.110098
  validation accuracy:		100.00 %
Epoch 167 of 500 took 5.597s
  training loss:		0.105392
  validation loss:		0.099497
  validation accuracy:		100.00 %
Epoch 168 of 500 took 5.602s
  training loss:		0.109942
  validation loss:		0.109121
  validation accuracy:		100.00 %
Epoch 169 of 500 took 5.606s
  training loss:		0.103448
  validation loss:		0.100965
  validation accuracy:		100.00 %
Epoch 170 of 500 took 5.602s
  training loss:		0.099366
  validation loss:		0.095620
  validation accuracy:		100.00 %
Epoch 171 of 500 took 5.600s
  training loss:		0.105494
  validation loss:		0.099421
  validation accuracy:		100.00 %
('Average Reconstruction Error -- ', 0.33371667896988694)
Plotting the learning curve .........
Plotting the valid learning curve .........
Plotting the accuracy curve .........
Network Parameters saved!!!!!!!!
Running prediction function on Validation data
Epoch 172 of 500 took 5.672s
  training loss:		0.095175
  validation loss:		0.104003
  validation accuracy:		100.00 %
Epoch 173 of 500 took 5.408s
  training loss:		0.095521
  validation loss:		0.096708
  validation accuracy:		100.00 %
Epoch 174 of 500 took 5.594s
  training loss:		0.090130
  validation loss:		0.089371
  validation accuracy:		100.00 %
Epoch 175 of 500 took 5.620s
  training loss:		0.092109
  validation loss:		0.101964
  validation accuracy:		100.00 %
Epoch 176 of 500 took 5.582s
  training loss:		0.087309
  validation loss:		0.092522
  validation accuracy:		100.00 %
Epoch 177 of 500 took 5.415s
  training loss:		0.096231
  validation loss:		0.088352
  validation accuracy:		100.00 %
Epoch 178 of 500 took 5.591s
  training loss:		0.089235
  validation loss:		0.091647
  validation accuracy:		100.00 %
Epoch 179 of 500 took 5.413s
  training loss:		0.095146
  validation loss:		0.087508
  validation accuracy:		100.00 %
Epoch 180 of 500 took 5.586s
  training loss:		0.088017
  validation loss:		0.090654
  validation accuracy:		100.00 %
Epoch 181 of 500 took 5.420s
  training loss:		0.087483
  validation loss:		0.088868
  validation accuracy:		100.00 %
('Average Reconstruction Error -- ', 0.32034202727386402)
Plotting the learning curve .........
Plotting the valid learning curve .........
Plotting the accuracy curve .........
Network Parameters saved!!!!!!!!
Running prediction function on Validation data
Epoch 182 of 500 took 5.547s
  training loss:		0.089946
  validation loss:		0.088547
  validation accuracy:		100.00 %
Epoch 183 of 500 took 5.674s
  training loss:		0.088541
  validation loss:		0.089091
  validation accuracy:		100.00 %
Epoch 184 of 500 took 5.527s
  training loss:		0.082083
  validation loss:		0.080690
  validation accuracy:		100.00 %
Epoch 185 of 500 took 5.599s
  training loss:		0.082629
  validation loss:		0.079805
  validation accuracy:		100.00 %
Epoch 186 of 500 took 5.599s
  training loss:		0.083531
  validation loss:		0.081930
  validation accuracy:		100.00 %
Epoch 187 of 500 took 5.605s
  training loss:		0.085531
  validation loss:		0.083388
  validation accuracy:		100.00 %
Epoch 188 of 500 took 5.714s
  training loss:		0.078751
  validation loss:		0.084134
  validation accuracy:		100.00 %
Epoch 189 of 500 took 5.498s
  training loss:		0.084905
  validation loss:		0.079082
  validation accuracy:		100.00 %
Epoch 190 of 500 took 5.594s
  training loss:		0.082013
  validation loss:		0.074145
  validation accuracy:		100.00 %
Epoch 191 of 500 took 5.601s
  training loss:		0.076047
  validation loss:		0.078803
  validation accuracy:		100.00 %
('Average Reconstruction Error -- ', 0.30793657079755049)
Plotting the learning curve .........
Plotting the valid learning curve .........
Plotting the accuracy curve .........
Network Parameters saved!!!!!!!!
Running prediction function on Validation data
Epoch 192 of 500 took 5.581s
  training loss:		0.078840
  validation loss:		0.078919
  validation accuracy:		100.00 %
Epoch 193 of 500 took 5.599s
  training loss:		0.079587
  validation loss:		0.074622
  validation accuracy:		100.00 %
Epoch 194 of 500 took 5.596s
  training loss:		0.077298
  validation loss:		0.074278
  validation accuracy:		100.00 %
Epoch 195 of 500 took 5.420s
  training loss:		0.076147
  validation loss:		0.071728
  validation accuracy:		100.00 %
Epoch 196 of 500 took 5.585s
  training loss:		0.072873
  validation loss:		0.076276
  validation accuracy:		100.00 %
Epoch 197 of 500 took 6.223s
  training loss:		0.078992
  validation loss:		0.075500
  validation accuracy:		100.00 %
Epoch 198 of 500 took 5.585s
  training loss:		0.067381
  validation loss:		0.072086
  validation accuracy:		100.00 %
Epoch 199 of 500 took 5.598s
  training loss:		0.072816
  validation loss:		0.068329
  validation accuracy:		100.00 %
Epoch 200 of 500 took 5.419s
  training loss:		0.069475
  validation loss:		0.069496
  validation accuracy:		100.00 %
Epoch 201 of 500 took 5.589s
  training loss:		0.068698
  validation loss:		0.066040
  validation accuracy:		100.00 %
('Average Reconstruction Error -- ', 0.29630842226506937)
Plotting the learning curve .........
Plotting the valid learning curve .........
Plotting the accuracy curve .........
Network Parameters saved!!!!!!!!
Running prediction function on Validation data
Epoch 202 of 500 took 5.620s
  training loss:		0.068401
  validation loss:		0.065996
  validation accuracy:		100.00 %
Epoch 203 of 500 took 5.553s
  training loss:		0.069666
  validation loss:		0.068093
  validation accuracy:		100.00 %
Epoch 204 of 500 took 5.410s
  training loss:		0.065740
  validation loss:		0.065960
  validation accuracy:		100.00 %
Epoch 205 of 500 took 5.403s
  training loss:		0.065718
  validation loss:		0.065950
  validation accuracy:		100.00 %
Epoch 206 of 500 took 5.398s
  training loss:		0.063362
  validation loss:		0.068241
  validation accuracy:		100.00 %
Epoch 207 of 500 took 5.405s
  training loss:		0.066751
  validation loss:		0.064987
  validation accuracy:		100.00 %
Epoch 208 of 500 took 5.404s
  training loss:		0.065747
  validation loss:		0.068297
  validation accuracy:		100.00 %
Epoch 209 of 500 took 5.400s
  training loss:		0.063031
  validation loss:		0.058899
  validation accuracy:		100.00 %
Epoch 210 of 500 took 5.399s
  training loss:		0.064722
  validation loss:		0.062717
  validation accuracy:		100.00 %
Epoch 211 of 500 took 5.402s
  training loss:		0.062974
  validation loss:		0.063177
  validation accuracy:		100.00 %
('Average Reconstruction Error -- ', 0.28537490964108053)
Plotting the learning curve .........
Plotting the valid learning curve .........
Plotting the accuracy curve .........
Network Parameters saved!!!!!!!!
Running prediction function on Validation data
Epoch 212 of 500 took 5.631s
  training loss:		0.060168
  validation loss:		0.064372
  validation accuracy:		100.00 %
Epoch 213 of 500 took 5.413s
  training loss:		0.062500
  validation loss:		0.059631
  validation accuracy:		100.00 %
Epoch 214 of 500 took 5.586s
  training loss:		0.060065
  validation loss:		0.056662
  validation accuracy:		100.00 %
Epoch 215 of 500 took 5.415s
  training loss:		0.060416
  validation loss:		0.061170
  validation accuracy:		100.00 %
Epoch 216 of 500 took 5.589s
  training loss:		0.061230
  validation loss:		0.056500
  validation accuracy:		100.00 %
Epoch 217 of 500 took 5.418s
  training loss:		0.059404
  validation loss:		0.065275
  validation accuracy:		100.00 %
Epoch 218 of 500 took 5.586s
  training loss:		0.058020
  validation loss:		0.056722
  validation accuracy:		100.00 %
Epoch 219 of 500 took 5.416s
  training loss:		0.062013
  validation loss:		0.060433
  validation accuracy:		100.00 %
Epoch 220 of 500 took 5.586s
  training loss:		0.055905
  validation loss:		0.058219
  validation accuracy:		100.00 %
Epoch 221 of 500 took 5.418s
  training loss:		0.055808
  validation loss:		0.052972
  validation accuracy:		100.00 %
('Average Reconstruction Error -- ', 0.27515671294878946)
Plotting the learning curve .........
Plotting the valid learning curve .........
Plotting the accuracy curve .........
Network Parameters saved!!!!!!!!
Running prediction function on Validation data
Epoch 222 of 500 took 5.468s
  training loss:		0.053821
  validation loss:		0.055543
  validation accuracy:		100.00 %
Epoch 223 of 500 took 5.407s
  training loss:		0.057126
  validation loss:		0.053584
  validation accuracy:		100.00 %
Epoch 224 of 500 took 5.403s
  training loss:		0.056032
  validation loss:		0.051227
  validation accuracy:		100.00 %
Epoch 225 of 500 took 5.402s
  training loss:		0.055992
  validation loss:		0.055212
  validation accuracy:		100.00 %
Epoch 226 of 500 took 5.400s
  training loss:		0.050946
  validation loss:		0.055550
  validation accuracy:		100.00 %
Epoch 227 of 500 took 5.402s
  training loss:		0.053501
  validation loss:		0.052554
  validation accuracy:		100.00 %
Epoch 228 of 500 took 5.586s
  training loss:		0.054523
  validation loss:		0.051365
  validation accuracy:		100.00 %
Epoch 229 of 500 took 5.419s
  training loss:		0.051922
  validation loss:		0.052141
  validation accuracy:		100.00 %
Epoch 230 of 500 took 5.402s
  training loss:		0.053882
  validation loss:		0.054681
  validation accuracy:		100.00 %
Epoch 231 of 500 took 5.589s
  training loss:		0.054326
  validation loss:		0.049541
  validation accuracy:		100.00 %
('Average Reconstruction Error -- ', 0.26559179819422424)
Plotting the learning curve .........
Plotting the valid learning curve .........
Plotting the accuracy curve .........
Network Parameters saved!!!!!!!!
Running prediction function on Validation data
Epoch 232 of 500 took 5.609s
  training loss:		0.050807
  validation loss:		0.050040
  validation accuracy:		100.00 %
Epoch 233 of 500 took 5.591s
  training loss:		0.047318
  validation loss:		0.048110
  validation accuracy:		100.00 %
Epoch 234 of 500 took 5.602s
  training loss:		0.050216
  validation loss:		0.047262
  validation accuracy:		100.00 %
Epoch 235 of 500 took 5.604s
  training loss:		0.048215
  validation loss:		0.044569
  validation accuracy:		100.00 %
Epoch 236 of 500 took 5.600s
  training loss:		0.048218
  validation loss:		0.049544
  validation accuracy:		100.00 %
Epoch 237 of 500 took 5.604s
  training loss:		0.054334
  validation loss:		0.047820
  validation accuracy:		100.00 %
Epoch 238 of 500 took 5.611s
  training loss:		0.046177
  validation loss:		0.047380
  validation accuracy:		100.00 %
Epoch 239 of 500 took 5.594s
  training loss:		0.047005
  validation loss:		0.043857
  validation accuracy:		100.00 %
Epoch 240 of 500 took 5.599s
  training loss:		0.045695
  validation loss:		0.048016
  validation accuracy:		100.00 %
Epoch 241 of 500 took 5.601s
  training loss:		0.047242
  validation loss:		0.045316
  validation accuracy:		100.00 %
('Average Reconstruction Error -- ', 0.25658478027188525)
Plotting the learning curve .........
Plotting the valid learning curve .........
Plotting the accuracy curve .........
Network Parameters saved!!!!!!!!
Running prediction function on Validation data
Epoch 242 of 500 took 5.444s
  training loss:		0.044324
  validation loss:		0.041146
  validation accuracy:		100.00 %
Epoch 243 of 500 took 5.596s
  training loss:		0.044072
  validation loss:		0.041717
  validation accuracy:		100.00 %
Epoch 244 of 500 took 5.602s
  training loss:		0.045361
  validation loss:		0.046178
  validation accuracy:		100.00 %
Epoch 245 of 500 took 5.599s
  training loss:		0.046242
  validation loss:		0.042631
  validation accuracy:		100.00 %
Epoch 246 of 500 took 5.604s
  training loss:		0.044816
  validation loss:		0.044014
  validation accuracy:		100.00 %
Epoch 247 of 500 took 5.602s
  training loss:		0.042448
  validation loss:		0.041910
  validation accuracy:		100.00 %
Epoch 248 of 500 took 5.603s
  training loss:		0.041537
  validation loss:		0.043008
  validation accuracy:		100.00 %
Epoch 249 of 500 took 5.597s
  training loss:		0.043729
  validation loss:		0.038806
  validation accuracy:		100.00 %
Epoch 250 of 500 took 5.607s
  training loss:		0.042427
  validation loss:		0.041778
  validation accuracy:		100.00 %
Epoch 251 of 500 took 5.603s
  training loss:		0.042378
  validation loss:		0.042883
  validation accuracy:		100.00 %
('Average Reconstruction Error -- ', 0.24810464966843676)
Plotting the learning curve .........
Plotting the valid learning curve .........
Plotting the accuracy curve .........
Network Parameters saved!!!!!!!!
Running prediction function on Validation data
Epoch 252 of 500 took 5.519s
  training loss:		0.040373
  validation loss:		0.039250
  validation accuracy:		100.00 %
Epoch 253 of 500 took 5.597s
  training loss:		0.041469
  validation loss:		0.037030
  validation accuracy:		100.00 %
Epoch 254 of 500 took 5.600s
  training loss:		0.038077
  validation loss:		0.040323
  validation accuracy:		100.00 %
Epoch 255 of 500 took 5.603s
  training loss:		0.037099
  validation loss:		0.037674
  validation accuracy:		100.00 %
Epoch 256 of 500 took 5.600s
  training loss:		0.042757
  validation loss:		0.039492
  validation accuracy:		100.00 %
Epoch 257 of 500 took 5.603s
  training loss:		0.036122
  validation loss:		0.040484
  validation accuracy:		100.00 %
Epoch 258 of 500 took 5.604s
  training loss:		0.039411
  validation loss:		0.038706
  validation accuracy:		100.00 %
Epoch 259 of 500 took 5.598s
  training loss:		0.038030
  validation loss:		0.041419
  validation accuracy:		100.00 %
Epoch 260 of 500 took 5.604s
  training loss:		0.036753
  validation loss:		0.037225
  validation accuracy:		100.00 %
Epoch 261 of 500 took 5.601s
  training loss:		0.038111
  validation loss:		0.038696
  validation accuracy:		100.00 %
('Average Reconstruction Error -- ', 0.24008608726947037)
Plotting the learning curve .........
Plotting the valid learning curve .........
Plotting the accuracy curve .........
Network Parameters saved!!!!!!!!
Running prediction function on Validation data
Epoch 262 of 500 took 5.547s
  training loss:		0.039459
  validation loss:		0.035193
  validation accuracy:		100.00 %
Epoch 263 of 500 took 5.596s
  training loss:		0.038784
  validation loss:		0.037615
  validation accuracy:		100.00 %
Epoch 264 of 500 took 5.605s
  training loss:		0.038143
  validation loss:		0.036494
  validation accuracy:		100.00 %
Epoch 265 of 500 took 5.600s
  training loss:		0.035766
  validation loss:		0.039669
  validation accuracy:		100.00 %
Epoch 266 of 500 took 5.599s
  training loss:		0.034645
  validation loss:		0.037318
  validation accuracy:		100.00 %
Epoch 267 of 500 took 5.599s
  training loss:		0.036588
  validation loss:		0.036854
  validation accuracy:		100.00 %
Epoch 268 of 500 took 5.606s
  training loss:		0.036220
  validation loss:		0.036016
  validation accuracy:		100.00 %
Epoch 269 of 500 took 5.601s
  training loss:		0.035420
  validation loss:		0.033737
  validation accuracy:		100.00 %
Epoch 270 of 500 took 5.605s
  training loss:		0.036594
  validation loss:		0.033775
  validation accuracy:		100.00 %
Epoch 271 of 500 took 5.602s
  training loss:		0.034358
  validation loss:		0.036807
  validation accuracy:		100.00 %
('Average Reconstruction Error -- ', 0.2325772925810064)
Plotting the learning curve .........
Plotting the valid learning curve .........
Plotting the accuracy curve .........
Network Parameters saved!!!!!!!!
Running prediction function on Validation data
Epoch 272 of 500 took 5.567s
  training loss:		0.032946
  validation loss:		0.032777
  validation accuracy:		100.00 %
Epoch 273 of 500 took 5.418s
  training loss:		0.032599
  validation loss:		0.034625
  validation accuracy:		100.00 %
Epoch 274 of 500 took 5.584s
  training loss:		0.033942
  validation loss:		0.033982
  validation accuracy:		100.00 %
Epoch 275 of 500 took 5.420s
  training loss:		0.031022
  validation loss:		0.030113
  validation accuracy:		100.00 %
Epoch 276 of 500 took 5.590s
  training loss:		0.032481
  validation loss:		0.033131
  validation accuracy:		100.00 %
Epoch 277 of 500 took 5.417s
  training loss:		0.035319
  validation loss:		0.033787
  validation accuracy:		100.00 %
Epoch 278 of 500 took 5.584s
  training loss:		0.031866
  validation loss:		0.033269
  validation accuracy:		100.00 %
Epoch 279 of 500 took 5.418s
  training loss:		0.031871
  validation loss:		0.030394
  validation accuracy:		100.00 %
Epoch 280 of 500 took 5.586s
  training loss:		0.030656
  validation loss:		0.032199
  validation accuracy:		100.00 %
Epoch 281 of 500 took 5.416s
  training loss:		0.030292
  validation loss:		0.032864
  validation accuracy:		100.00 %
('Average Reconstruction Error -- ', 0.22544997002917272)
Plotting the learning curve .........
Plotting the valid learning curve .........
Plotting the accuracy curve .........
Network Parameters saved!!!!!!!!
Running prediction function on Validation data
Epoch 282 of 500 took 5.561s
  training loss:		0.030687
  validation loss:		0.032354
  validation accuracy:		100.00 %
Epoch 283 of 500 took 5.589s
  training loss:		0.032277
  validation loss:		0.033690
  validation accuracy:		100.00 %
Epoch 284 of 500 took 5.600s
  training loss:		0.032545
  validation loss:		0.030311
  validation accuracy:		100.00 %
Epoch 285 of 500 took 5.601s
  training loss:		0.032688
  validation loss:		0.030236
  validation accuracy:		100.00 %
Epoch 286 of 500 took 5.604s
  training loss:		0.032053
  validation loss:		0.033489
  validation accuracy:		100.00 %
Epoch 287 of 500 took 5.601s
  training loss:		0.028857
  validation loss:		0.027575
  validation accuracy:		100.00 %
Epoch 288 of 500 took 5.605s
  training loss:		0.027871
  validation loss:		0.029346
  validation accuracy:		100.00 %
Epoch 289 of 500 took 5.598s
  training loss:		0.029681
  validation loss:		0.028563
  validation accuracy:		100.00 %
Epoch 290 of 500 took 5.603s
  training loss:		0.032876
  validation loss:		0.029041
  validation accuracy:		100.00 %
Epoch 291 of 500 took 5.604s
  training loss:		0.030510
  validation loss:		0.031315
  validation accuracy:		100.00 %
('Average Reconstruction Error -- ', 0.21876799569392613)
Plotting the learning curve .........
Plotting the valid learning curve .........
Plotting the accuracy curve .........
Network Parameters saved!!!!!!!!
Running prediction function on Validation data
Epoch 292 of 500 took 5.458s
  training loss:		0.031155
  validation loss:		0.029258
  validation accuracy:		100.00 %
Epoch 293 of 500 took 5.403s
  training loss:		0.028308
  validation loss:		0.027839
  validation accuracy:		100.00 %
Epoch 294 of 500 took 5.402s
  training loss:		0.030432
  validation loss:		0.026779
  validation accuracy:		100.00 %
Epoch 295 of 500 took 5.402s
  training loss:		0.029685
  validation loss:		0.031371
  validation accuracy:		100.00 %
Epoch 296 of 500 took 5.402s
  training loss:		0.026424
  validation loss:		0.027407
  validation accuracy:		100.00 %
Epoch 297 of 500 took 5.406s
  training loss:		0.028491
  validation loss:		0.025124
  validation accuracy:		100.00 %
Epoch 298 of 500 took 5.399s
  training loss:		0.029295
  validation loss:		0.026753
  validation accuracy:		100.00 %
Epoch 299 of 500 took 5.399s
  training loss:		0.028572
  validation loss:		0.026231
  validation accuracy:		100.00 %
Epoch 300 of 500 took 5.405s
  training loss:		0.027446
  validation loss:		0.026216
  validation accuracy:		100.00 %
Epoch 301 of 500 took 5.401s
  training loss:		0.024592
  validation loss:		0.027090
  validation accuracy:		100.00 %
('Average Reconstruction Error -- ', 0.2124448059854937)
Plotting the learning curve .........
Plotting the valid learning curve .........
Plotting the accuracy curve .........
Network Parameters saved!!!!!!!!
Running prediction function on Validation data
Epoch 302 of 500 took 5.599s
  training loss:		0.027651
  validation loss:		0.027862
  validation accuracy:		100.00 %
Epoch 303 of 500 took 5.599s
  training loss:		0.027913
  validation loss:		0.025931
  validation accuracy:		100.00 %
Epoch 304 of 500 took 5.602s
  training loss:		0.028926
  validation loss:		0.027903
  validation accuracy:		100.00 %
Epoch 305 of 500 took 5.601s
  training loss:		0.027004
  validation loss:		0.027164
  validation accuracy:		100.00 %
Epoch 306 of 500 took 5.604s
  training loss:		0.025354
  validation loss:		0.026356
  validation accuracy:		100.00 %
Epoch 307 of 500 took 5.605s
  training loss:		0.027508
  validation loss:		0.027902
  validation accuracy:		100.00 %
Epoch 308 of 500 took 5.598s
  training loss:		0.026998
  validation loss:		0.029110
  validation accuracy:		100.00 %
Epoch 309 of 500 took 5.604s
  training loss:		0.025973
  validation loss:		0.025469
  validation accuracy:		100.00 %
Epoch 310 of 500 took 5.602s
  training loss:		0.024184
  validation loss:		0.022838
  validation accuracy:		100.00 %
Epoch 311 of 500 took 5.602s
  training loss:		0.025347
  validation loss:		0.027120
  validation accuracy:		100.00 %
('Average Reconstruction Error -- ', 0.20647184809683375)
Plotting the learning curve .........
Plotting the valid learning curve .........
Plotting the accuracy curve .........
Network Parameters saved!!!!!!!!
Running prediction function on Validation data
Epoch 312 of 500 took 5.544s
  training loss:		0.025840
  validation loss:		0.023599
  validation accuracy:		100.00 %
Epoch 313 of 500 took 5.604s
  training loss:		0.025255
  validation loss:		0.026337
  validation accuracy:		100.00 %
Epoch 314 of 500 took 5.602s
  training loss:		0.024834
  validation loss:		0.026058
  validation accuracy:		100.00 %
Epoch 315 of 500 took 5.599s
  training loss:		0.026047
  validation loss:		0.024803
  validation accuracy:		100.00 %
Epoch 316 of 500 took 5.607s
  training loss:		0.022435
  validation loss:		0.024641
  validation accuracy:		100.00 %
Epoch 317 of 500 took 5.599s
  training loss:		0.023878
  validation loss:		0.023796
  validation accuracy:		100.00 %
Epoch 318 of 500 took 5.603s
  training loss:		0.024568
  validation loss:		0.024405
  validation accuracy:		100.00 %
Epoch 319 of 500 took 5.597s
  training loss:		0.025988
  validation loss:		0.024654
  validation accuracy:		100.00 %
Epoch 320 of 500 took 5.605s
  training loss:		0.025659
  validation loss:		0.025000
  validation accuracy:		100.00 %
Epoch 321 of 500 took 5.601s
  training loss:		0.021492
  validation loss:		0.025400
  validation accuracy:		100.00 %
('Average Reconstruction Error -- ', 0.20080604665444052)
Plotting the learning curve .........
Plotting the valid learning curve .........
Plotting the accuracy curve .........
Network Parameters saved!!!!!!!!
Running prediction function on Validation data
Epoch 322 of 500 took 5.435s
  training loss:		0.023389
  validation loss:		0.022403
  validation accuracy:		100.00 %
Epoch 323 of 500 took 5.586s
  training loss:		0.023410
  validation loss:		0.022595
  validation accuracy:		100.00 %
Epoch 324 of 500 took 5.606s
  training loss:		0.022877
  validation loss:		0.022704
  validation accuracy:		100.00 %
Epoch 325 of 500 took 5.600s
  training loss:		0.021927
  validation loss:		0.022138
  validation accuracy:		100.00 %
Epoch 326 of 500 took 5.598s
  training loss:		0.022703
  validation loss:		0.022728
  validation accuracy:		100.00 %
Epoch 327 of 500 took 5.607s
  training loss:		0.023936
  validation loss:		0.023702
  validation accuracy:		100.00 %
Epoch 328 of 500 took 5.602s
  training loss:		0.022025
  validation loss:		0.021083
  validation accuracy:		100.00 %
Epoch 329 of 500 took 5.600s
  training loss:		0.021703
  validation loss:		0.022448
  validation accuracy:		100.00 %
Epoch 330 of 500 took 5.606s
  training loss:		0.020915
  validation loss:		0.022225
  validation accuracy:		100.00 %
Epoch 331 of 500 took 5.597s
  training loss:		0.022545
  validation loss:		0.022076
  validation accuracy:		100.00 %
('Average Reconstruction Error -- ', 0.19542045562145194)
Plotting the learning curve .........
Plotting the valid learning curve .........
Plotting the accuracy curve .........
Network Parameters saved!!!!!!!!
Running prediction function on Validation data
Epoch 332 of 500 took 5.545s
  training loss:		0.024048
  validation loss:		0.022178
  validation accuracy:		100.00 %
Epoch 333 of 500 took 5.511s
  training loss:		0.022372
  validation loss:		0.021913
  validation accuracy:		100.00 %
Epoch 334 of 500 took 5.405s
  training loss:		0.022143
  validation loss:		0.020293
  validation accuracy:		100.00 %
Epoch 335 of 500 took 5.405s
  training loss:		0.021531
  validation loss:		0.023965
  validation accuracy:		100.00 %
Epoch 336 of 500 took 5.396s
  training loss:		0.018824
  validation loss:		0.021445
  validation accuracy:		100.00 %
Epoch 337 of 500 took 5.406s
  training loss:		0.022457
  validation loss:		0.020546
  validation accuracy:		100.00 %
Epoch 338 of 500 took 5.411s
  training loss:		0.020941
  validation loss:		0.020370
  validation accuracy:		100.00 %
Epoch 339 of 500 took 5.575s
  training loss:		0.021388
  validation loss:		0.021044
  validation accuracy:		100.00 %
Epoch 340 of 500 took 5.418s
  training loss:		0.021548
  validation loss:		0.020711
  validation accuracy:		100.00 %
Epoch 341 of 500 took 5.404s
  training loss:		0.021587
  validation loss:		0.024007
  validation accuracy:		100.00 %
('Average Reconstruction Error -- ', 0.19032553854160611)
Plotting the learning curve .........
Plotting the valid learning curve .........
Plotting the accuracy curve .........
Network Parameters saved!!!!!!!!
Running prediction function on Validation data
Epoch 342 of 500 took 5.608s
  training loss:		0.019547
  validation loss:		0.019391
  validation accuracy:		100.00 %
Epoch 343 of 500 took 5.603s
  training loss:		0.021255
  validation loss:		0.022667
  validation accuracy:		100.00 %
Epoch 344 of 500 took 5.597s
  training loss:		0.019904
  validation loss:		0.020027
  validation accuracy:		100.00 %
Epoch 345 of 500 took 5.602s
  training loss:		0.020251
  validation loss:		0.021233
  validation accuracy:		100.00 %
Epoch 346 of 500 took 5.603s
  training loss:		0.019897
  validation loss:		0.021120
  validation accuracy:		100.00 %
Epoch 347 of 500 took 5.605s
  training loss:		0.021430
  validation loss:		0.018574
  validation accuracy:		100.00 %
Epoch 348 of 500 took 5.603s
  training loss:		0.017716
  validation loss:		0.021700
  validation accuracy:		100.00 %
Epoch 349 of 500 took 5.603s
  training loss:		0.019544
  validation loss:		0.020899
  validation accuracy:		100.00 %
Epoch 350 of 500 took 5.596s
  training loss:		0.020056
  validation loss:		0.018804
  validation accuracy:		100.00 %
Epoch 351 of 500 took 5.606s
  training loss:		0.017564
  validation loss:		0.019377
  validation accuracy:		100.00 %
('Average Reconstruction Error -- ', 0.18546487620880492)
Plotting the learning curve .........
Plotting the valid learning curve .........
Plotting the accuracy curve .........
Network Parameters saved!!!!!!!!
Running prediction function on Validation data
Epoch 352 of 500 took 5.515s
  training loss:		0.019999
  validation loss:		0.019456
  validation accuracy:		100.00 %
Epoch 353 of 500 took 5.407s
  training loss:		0.019832
  validation loss:		0.018974
  validation accuracy:		100.00 %
Epoch 354 of 500 took 5.398s
  training loss:		0.020168
  validation loss:		0.018721
  validation accuracy:		100.00 %
Epoch 355 of 500 took 5.409s
  training loss:		0.018221
  validation loss:		0.017709
  validation accuracy:		100.00 %
Epoch 356 of 500 took 5.399s
  training loss:		0.018896
  validation loss:		0.018399
  validation accuracy:		100.00 %
Epoch 357 of 500 took 5.400s
  training loss:		0.019070
  validation loss:		0.018559
  validation accuracy:		100.00 %
Epoch 358 of 500 took 5.399s
  training loss:		0.018536
  validation loss:		0.017681
  validation accuracy:		100.00 %
Epoch 359 of 500 took 5.404s
  training loss:		0.020076
  validation loss:		0.019743
  validation accuracy:		100.00 %
Epoch 360 of 500 took 5.402s
  training loss:		0.018889
  validation loss:		0.017626
  validation accuracy:		100.00 %
Epoch 361 of 500 took 5.400s
  training loss:		0.017841
  validation loss:		0.017779
  validation accuracy:		100.00 %
('Average Reconstruction Error -- ', 0.18085789346998932)
Plotting the learning curve .........
Plotting the valid learning curve .........
Plotting the accuracy curve .........
Network Parameters saved!!!!!!!!
Running prediction function on Validation data
Epoch 362 of 500 took 5.397s
  training loss:		0.017468
  validation loss:		0.015656
  validation accuracy:		100.00 %
Epoch 363 of 500 took 5.583s
  training loss:		0.018811
  validation loss:		0.018041
  validation accuracy:		100.00 %
Epoch 364 of 500 took 5.418s
  training loss:		0.018354
  validation loss:		0.017925
  validation accuracy:		100.00 %
Epoch 365 of 500 took 5.401s
  training loss:		0.018044
  validation loss:		0.020284
  validation accuracy:		100.00 %
Epoch 366 of 500 took 5.402s
  training loss:		0.016805
  validation loss:		0.019972
  validation accuracy:		100.00 %
Epoch 367 of 500 took 5.403s
  training loss:		0.017450
  validation loss:		0.017057
  validation accuracy:		100.00 %
Epoch 368 of 500 took 5.400s
  training loss:		0.015819
  validation loss:		0.019748
  validation accuracy:		100.00 %
Epoch 369 of 500 took 5.406s
  training loss:		0.016901
  validation loss:		0.020544
  validation accuracy:		100.00 %
Epoch 370 of 500 took 5.400s
  training loss:		0.015180
  validation loss:		0.015737
  validation accuracy:		100.00 %
Epoch 371 of 500 took 5.402s
  training loss:		0.017928
  validation loss:		0.016345
  validation accuracy:		100.00 %
('Average Reconstruction Error -- ', 0.17644868057924865)
Plotting the learning curve .........
Plotting the valid learning curve .........
Plotting the accuracy curve .........
Network Parameters saved!!!!!!!!
Running prediction function on Validation data
Epoch 372 of 500 took 5.499s
  training loss:		0.016804
  validation loss:		0.015798
  validation accuracy:		100.00 %
Epoch 373 of 500 took 5.614s
  training loss:		0.016127
  validation loss:		0.017176
  validation accuracy:		100.00 %
Epoch 374 of 500 took 5.586s
  training loss:		0.018248
  validation loss:		0.017301
  validation accuracy:		100.00 %
Epoch 375 of 500 took 5.604s
  training loss:		0.019747
  validation loss:		0.017119
  validation accuracy:		100.00 %
Epoch 376 of 500 took 5.598s
  training loss:		0.015678
  validation loss:		0.016414
  validation accuracy:		100.00 %
Epoch 377 of 500 took 5.602s
  training loss:		0.018700
  validation loss:		0.016170
  validation accuracy:		100.00 %
Epoch 378 of 500 took 5.602s
  training loss:		0.016319
  validation loss:		0.017356
  validation accuracy:		100.00 %
Epoch 379 of 500 took 5.603s
  training loss:		0.016665
  validation loss:		0.016756
  validation accuracy:		100.00 %
Epoch 380 of 500 took 5.604s
  training loss:		0.018204
  validation loss:		0.016416
  validation accuracy:		100.00 %
Epoch 381 of 500 took 5.603s
  training loss:		0.016461
  validation loss:		0.015864
  validation accuracy:		100.00 %
('Average Reconstruction Error -- ', 0.17227142960969147)
Plotting the learning curve .........
Plotting the valid learning curve .........
Plotting the accuracy curve .........
Network Parameters saved!!!!!!!!
Running prediction function on Validation data
Epoch 382 of 500 took 5.567s
  training loss:		0.015387
  validation loss:		0.016467
  validation accuracy:		100.00 %
Epoch 383 of 500 took 5.607s
  training loss:		0.015730
  validation loss:		0.017060
  validation accuracy:		100.00 %
Epoch 384 of 500 took 5.597s
  training loss:		0.016607
  validation loss:		0.017130
  validation accuracy:		100.00 %
Epoch 385 of 500 took 5.619s
  training loss:		0.016699
  validation loss:		0.016517
  validation accuracy:		100.00 %
Epoch 386 of 500 took 5.587s
  training loss:		0.017110
  validation loss:		0.014725
  validation accuracy:		100.00 %
Epoch 387 of 500 took 5.602s
  training loss:		0.016208
  validation loss:		0.014020
  validation accuracy:		100.00 %
Epoch 388 of 500 took 5.602s
  training loss:		0.016610
  validation loss:		0.015403
  validation accuracy:		100.00 %
Epoch 389 of 500 took 5.599s
  training loss:		0.017556
  validation loss:		0.015579
  validation accuracy:		100.00 %
Epoch 390 of 500 took 5.602s
  training loss:		0.015076
  validation loss:		0.016897
  validation accuracy:		100.00 %
Epoch 391 of 500 took 5.602s
  training loss:		0.015021
  validation loss:		0.016952
  validation accuracy:		100.00 %
('Average Reconstruction Error -- ', 0.1682798431150552)
Plotting the learning curve .........
Plotting the valid learning curve .........
Plotting the accuracy curve .........
Network Parameters saved!!!!!!!!
Running prediction function on Validation data
Epoch 392 of 500 took 5.529s
  training loss:		0.016298
  validation loss:		0.014601
  validation accuracy:		100.00 %
Epoch 393 of 500 took 5.583s
  training loss:		0.014692
  validation loss:		0.015842
  validation accuracy:		100.00 %
Epoch 394 of 500 took 5.603s
  training loss:		0.015745
  validation loss:		0.013405
  validation accuracy:		100.00 %
Epoch 395 of 500 took 5.604s
  training loss:		0.016288
  validation loss:		0.017128
  validation accuracy:		100.00 %
Epoch 396 of 500 took 5.603s
  training loss:		0.015631
  validation loss:		0.014428
  validation accuracy:		100.00 %
Epoch 397 of 500 took 5.603s
  training loss:		0.015079
  validation loss:		0.015711
  validation accuracy:		100.00 %
Epoch 398 of 500 took 5.600s
  training loss:		0.015092
  validation loss:		0.014769
  validation accuracy:		100.00 %
Epoch 399 of 500 took 5.619s
  training loss:		0.015754
  validation loss:		0.014110
  validation accuracy:		100.00 %
Epoch 400 of 500 took 5.588s
  training loss:		0.013869
  validation loss:		0.015485
  validation accuracy:		100.00 %
Epoch 401 of 500 took 5.598s
  training loss:		0.014869
  validation loss:		0.015334
  validation accuracy:		100.00 %
('Average Reconstruction Error -- ', 0.16446567642604398)
Plotting the learning curve .........
Plotting the valid learning curve .........
Plotting the accuracy curve .........
Network Parameters saved!!!!!!!!
Running prediction function on Validation data
Epoch 402 of 500 took 5.537s
  training loss:		0.014640
  validation loss:		0.013269
  validation accuracy:		100.00 %
Epoch 403 of 500 took 5.591s
  training loss:		0.013880
  validation loss:		0.014955
  validation accuracy:		100.00 %
Epoch 404 of 500 took 5.601s
  training loss:		0.015712
  validation loss:		0.014351
  validation accuracy:		100.00 %
Epoch 405 of 500 took 5.605s
  training loss:		0.015486
  validation loss:		0.014240
  validation accuracy:		100.00 %
Epoch 406 of 500 took 5.602s
  training loss:		0.013843
  validation loss:		0.014122
  validation accuracy:		100.00 %
Epoch 407 of 500 took 5.605s
  training loss:		0.014242
  validation loss:		0.015064
  validation accuracy:		100.00 %
Epoch 408 of 500 took 5.599s
  training loss:		0.014509
  validation loss:		0.012606
  validation accuracy:		100.00 %
Epoch 409 of 500 took 5.602s
  training loss:		0.013005
  validation loss:		0.013713
  validation accuracy:		100.00 %
Epoch 410 of 500 took 5.598s
  training loss:		0.014129
  validation loss:		0.013761
  validation accuracy:		100.00 %
Epoch 411 of 500 took 5.603s
  training loss:		0.012112
  validation loss:		0.013635
  validation accuracy:		100.00 %
('Average Reconstruction Error -- ', 0.16080850426236962)
Plotting the learning curve .........
Plotting the valid learning curve .........
Plotting the accuracy curve .........
Network Parameters saved!!!!!!!!
Running prediction function on Validation data
Epoch 412 of 500 took 5.466s
  training loss:		0.012885
  validation loss:		0.013817
  validation accuracy:		100.00 %
Epoch 413 of 500 took 5.592s
  training loss:		0.014717
  validation loss:		0.013730
  validation accuracy:		100.00 %
Epoch 414 of 500 took 5.601s
  training loss:		0.016160
  validation loss:		0.014790
  validation accuracy:		100.00 %
Epoch 415 of 500 took 5.602s
  training loss:		0.013206
  validation loss:		0.015292
  validation accuracy:		100.00 %
Epoch 416 of 500 took 5.600s
  training loss:		0.012731
  validation loss:		0.014215
  validation accuracy:		100.00 %
Epoch 417 of 500 took 5.601s
  training loss:		0.013299
  validation loss:		0.015770
  validation accuracy:		100.00 %
Epoch 418 of 500 took 5.606s
  training loss:		0.013354
  validation loss:		0.012830
  validation accuracy:		100.00 %
Epoch 419 of 500 took 5.596s
  training loss:		0.012891
  validation loss:		0.014091
  validation accuracy:		100.00 %
Epoch 420 of 500 took 5.606s
  training loss:		0.014848
  validation loss:		0.015740
  validation accuracy:		100.00 %
Epoch 421 of 500 took 5.606s
  training loss:		0.014027
  validation loss:		0.014592
  validation accuracy:		100.00 %
('Average Reconstruction Error -- ', 0.15731689323509648)
Plotting the learning curve .........
Plotting the valid learning curve .........
Plotting the accuracy curve .........
Network Parameters saved!!!!!!!!
Running prediction function on Validation data
Epoch 422 of 500 took 5.584s
  training loss:		0.012478
  validation loss:		0.013374
  validation accuracy:		100.00 %
Epoch 423 of 500 took 5.602s
  training loss:		0.012983
  validation loss:		0.013740
  validation accuracy:		100.00 %
Epoch 424 of 500 took 5.602s
  training loss:		0.012474
  validation loss:		0.013098
  validation accuracy:		100.00 %
Epoch 425 of 500 took 5.602s
  training loss:		0.013001
  validation loss:		0.013318
  validation accuracy:		100.00 %
Epoch 426 of 500 took 5.606s
  training loss:		0.014033
  validation loss:		0.012783
  validation accuracy:		100.00 %
Epoch 427 of 500 took 5.598s
  training loss:		0.012875
  validation loss:		0.012656
  validation accuracy:		100.00 %
Epoch 428 of 500 took 5.599s
  training loss:		0.012229
  validation loss:		0.014147
  validation accuracy:		100.00 %
Epoch 429 of 500 took 5.610s
  training loss:		0.013593
  validation loss:		0.012011
  validation accuracy:		100.00 %
Epoch 430 of 500 took 5.597s
  training loss:		0.012971
  validation loss:		0.012572
  validation accuracy:		100.00 %
Epoch 431 of 500 took 5.603s
  training loss:		0.012998
  validation loss:		0.013920
  validation accuracy:		100.00 %
('Average Reconstruction Error -- ', 0.15396762409035714)
Plotting the learning curve .........
Plotting the valid learning curve .........
Plotting the accuracy curve .........
Network Parameters saved!!!!!!!!
Running prediction function on Validation data
Epoch 432 of 500 took 5.449s
  training loss:		0.011034
  validation loss:		0.012403
  validation accuracy:		100.00 %
Epoch 433 of 500 took 5.597s
  training loss:		0.011279
  validation loss:		0.012532
  validation accuracy:		100.00 %
Epoch 434 of 500 took 5.603s
  training loss:		0.011767
  validation loss:		0.011380
  validation accuracy:		100.00 %
Epoch 435 of 500 took 5.600s
  training loss:		0.013664
  validation loss:		0.012129
  validation accuracy:		100.00 %
Epoch 436 of 500 took 5.600s
  training loss:		0.011959
  validation loss:		0.012183
  validation accuracy:		100.00 %
Epoch 437 of 500 took 5.604s
  training loss:		0.012164
  validation loss:		0.012709
  validation accuracy:		100.00 %
Epoch 438 of 500 took 5.603s
  training loss:		0.011415
  validation loss:		0.011872
  validation accuracy:		100.00 %
Epoch 439 of 500 took 5.603s
  training loss:		0.011995
  validation loss:		0.013135
  validation accuracy:		100.00 %
Epoch 440 of 500 took 5.604s
  training loss:		0.010750
  validation loss:		0.011861
  validation accuracy:		100.00 %
Epoch 441 of 500 took 5.602s
  training loss:		0.010811
  validation loss:		0.014320
  validation accuracy:		100.00 %
('Average Reconstruction Error -- ', 0.15074123272385742)
Plotting the learning curve .........
Plotting the valid learning curve .........
Plotting the accuracy curve .........
Network Parameters saved!!!!!!!!
Running prediction function on Validation data
Epoch 442 of 500 took 5.598s
  training loss:		0.012836
  validation loss:		0.010344
  validation accuracy:		100.00 %
Epoch 443 of 500 took 5.586s
  training loss:		0.012195
  validation loss:		0.012714
  validation accuracy:		100.00 %
Epoch 444 of 500 took 5.603s
  training loss:		0.010673
  validation loss:		0.011016
  validation accuracy:		100.00 %
Epoch 445 of 500 took 5.600s
  training loss:		0.011183
  validation loss:		0.012890
  validation accuracy:		100.00 %
Epoch 446 of 500 took 5.601s
  training loss:		0.012743
  validation loss:		0.010537
  validation accuracy:		100.00 %
Epoch 447 of 500 took 5.608s
  training loss:		0.011170
  validation loss:		0.011001
  validation accuracy:		100.00 %
Epoch 448 of 500 took 5.594s
  training loss:		0.012918
  validation loss:		0.013301
  validation accuracy:		100.00 %
Epoch 449 of 500 took 5.615s
  training loss:		0.011734
  validation loss:		0.010732
  validation accuracy:		100.00 %
Epoch 450 of 500 took 5.596s
  training loss:		0.012439
  validation loss:		0.011668
  validation accuracy:		100.00 %
Epoch 451 of 500 took 5.602s
  training loss:		0.011213
  validation loss:		0.011856
  validation accuracy:		100.00 %
('Average Reconstruction Error -- ', 0.14766294186502413)
Plotting the learning curve .........
Plotting the valid learning curve .........
Plotting the accuracy curve .........
Network Parameters saved!!!!!!!!
Running prediction function on Validation data
Epoch 452 of 500 took 5.436s
  training loss:		0.013510
  validation loss:		0.010991
  validation accuracy:		100.00 %
Epoch 453 of 500 took 5.585s
  training loss:		0.011414
  validation loss:		0.013425
  validation accuracy:		100.00 %
Epoch 454 of 500 took 5.421s
  training loss:		0.010568
  validation loss:		0.010680
  validation accuracy:		100.00 %
Epoch 455 of 500 took 5.584s
  training loss:		0.010447
  validation loss:		0.010930
  validation accuracy:		100.00 %
Epoch 456 of 500 took 5.416s
  training loss:		0.010659
  validation loss:		0.011182
  validation accuracy:		100.00 %
Epoch 457 of 500 took 5.587s
  training loss:		0.011075
  validation loss:		0.010329
  validation accuracy:		100.00 %
Epoch 458 of 500 took 5.417s
  training loss:		0.011743
  validation loss:		0.012317
  validation accuracy:		100.00 %
Epoch 459 of 500 took 5.592s
  training loss:		0.010137
  validation loss:		0.011212
  validation accuracy:		100.00 %
Epoch 460 of 500 took 5.409s
  training loss:		0.009957
  validation loss:		0.010916
  validation accuracy:		100.00 %
Epoch 461 of 500 took 5.590s
  training loss:		0.011757
  validation loss:		0.011380
  validation accuracy:		100.00 %
('Average Reconstruction Error -- ', 0.1447011994073861)
Plotting the learning curve .........
Plotting the valid learning curve .........
Plotting the accuracy curve .........
Network Parameters saved!!!!!!!!
Running prediction function on Validation data
Epoch 462 of 500 took 5.410s
  training loss:		0.010271
  validation loss:		0.012025
  validation accuracy:		100.00 %
Epoch 463 of 500 took 5.407s
  training loss:		0.010071
  validation loss:		0.010721
  validation accuracy:		100.00 %
Epoch 464 of 500 took 5.394s
  training loss:		0.011518
  validation loss:		0.010729
  validation accuracy:		100.00 %
Epoch 465 of 500 took 5.403s
  training loss:		0.009946
  validation loss:		0.010466
  validation accuracy:		100.00 %
Epoch 466 of 500 took 5.405s
  training loss:		0.009697
  validation loss:		0.011180
  validation accuracy:		100.00 %
Epoch 467 of 500 took 5.398s
  training loss:		0.010591
  validation loss:		0.011578
  validation accuracy:		100.00 %
Epoch 468 of 500 took 5.406s
  training loss:		0.010285
  validation loss:		0.011013
  validation accuracy:		100.00 %
Epoch 469 of 500 took 5.399s
  training loss:		0.010827
  validation loss:		0.010943
  validation accuracy:		100.00 %
Epoch 470 of 500 took 5.399s
  training loss:		0.010621
  validation loss:		0.009921
  validation accuracy:		100.00 %
Epoch 471 of 500 took 5.406s
  training loss:		0.012464
  validation loss:		0.011364
  validation accuracy:		100.00 %
('Average Reconstruction Error -- ', 0.14185465876155043)
Plotting the learning curve .........
Plotting the valid learning curve .........
Plotting the accuracy curve .........
Network Parameters saved!!!!!!!!
Running prediction function on Validation data
Epoch 472 of 500 took 5.607s
  training loss:		0.011381
  validation loss:		0.010361
  validation accuracy:		100.00 %
Epoch 473 of 500 took 5.623s
  training loss:		0.011432
  validation loss:		0.009447
  validation accuracy:		100.00 %
Epoch 474 of 500 took 5.584s
  training loss:		0.009162
  validation loss:		0.010872
  validation accuracy:		100.00 %
Epoch 475 of 500 took 5.601s
  training loss:		0.011748
  validation loss:		0.011635
  validation accuracy:		100.00 %
Epoch 476 of 500 took 5.603s
  training loss:		0.009560
  validation loss:		0.008514
  validation accuracy:		100.00 %
Epoch 477 of 500 took 5.602s
  training loss:		0.009454
  validation loss:		0.010936
  validation accuracy:		100.00 %
Epoch 478 of 500 took 5.599s
  training loss:		0.010572
  validation loss:		0.010360
  validation accuracy:		100.00 %
Epoch 479 of 500 took 5.616s
  training loss:		0.010956
  validation loss:		0.010555
  validation accuracy:		100.00 %
Epoch 480 of 500 took 5.590s
  training loss:		0.010211
  validation loss:		0.010075
  validation accuracy:		100.00 %
Epoch 481 of 500 took 5.601s
  training loss:		0.011306
  validation loss:		0.010672
  validation accuracy:		100.00 %
('Average Reconstruction Error -- ', 0.13912541926013114)
Plotting the learning curve .........
Plotting the valid learning curve .........
Plotting the accuracy curve .........
Network Parameters saved!!!!!!!!
Running prediction function on Validation data
Epoch 482 of 500 took 5.592s
  training loss:		0.009709
  validation loss:		0.008914
  validation accuracy:		100.00 %
Epoch 483 of 500 took 5.603s
  training loss:		0.010350
  validation loss:		0.010797
  validation accuracy:		100.00 %
Epoch 484 of 500 took 5.602s
  training loss:		0.009402
  validation loss:		0.009383
  validation accuracy:		100.00 %
Epoch 485 of 500 took 5.602s
  training loss:		0.009342
  validation loss:		0.008978
  validation accuracy:		100.00 %
Epoch 486 of 500 took 5.601s
  training loss:		0.010655
  validation loss:		0.009389
  validation accuracy:		100.00 %
Epoch 487 of 500 took 5.604s
  training loss:		0.009429
  validation loss:		0.009989
  validation accuracy:		100.00 %
Epoch 488 of 500 took 5.598s
  training loss:		0.009453
  validation loss:		0.009370
  validation accuracy:		100.00 %
Epoch 489 of 500 took 5.604s
  training loss:		0.009613
  validation loss:		0.010505
  validation accuracy:		100.00 %
Epoch 490 of 500 took 5.602s
  training loss:		0.009894
  validation loss:		0.010643
  validation accuracy:		100.00 %
Epoch 491 of 500 took 5.600s
  training loss:		0.008737
  validation loss:		0.009045
  validation accuracy:		100.00 %
('Average Reconstruction Error -- ', 0.13648861401867154)
Plotting the learning curve .........
Plotting the valid learning curve .........
Plotting the accuracy curve .........
Network Parameters saved!!!!!!!!
Running prediction function on Validation data
Epoch 492 of 500 took 5.607s
  training loss:		0.008583
  validation loss:		0.010396
  validation accuracy:		100.00 %
Epoch 493 of 500 took 5.605s
  training loss:		0.009379
  validation loss:		0.009811
  validation accuracy:		100.00 %
Epoch 494 of 500 took 5.590s
  training loss:		0.008986
  validation loss:		0.009529
  validation accuracy:		100.00 %
Epoch 495 of 500 took 5.600s
  training loss:		0.010352
  validation loss:		0.010876
  validation accuracy:		100.00 %
Epoch 496 of 500 took 5.603s
  training loss:		0.009510
  validation loss:		0.008437
  validation accuracy:		100.00 %
Epoch 497 of 500 took 5.600s
  training loss:		0.009723
  validation loss:		0.009127
  validation accuracy:		100.00 %
Epoch 498 of 500 took 5.605s
  training loss:		0.010395
  validation loss:		0.010416
  validation accuracy:		100.00 %
Epoch 499 of 500 took 5.600s
  training loss:		0.008333
  validation loss:		0.010872
  validation accuracy:		100.00 %
Epoch 500 of 500 took 5.605s
  training loss:		0.009409
  validation loss:		0.009885
  validation accuracy:		100.00 %
('Get all the Update Values : ', OrderedDict([(W, Elemwise{add,no_inplace}.0), (b, Elemwise{add,no_inplace}.0), (W, Elemwise{add,no_inplace}.0), (b, Elemwise{add,no_inplace}.0), (W, Elemwise{add,no_inplace}.0), (b, Elemwise{add,no_inplace}.0), (W, Elemwise{add,no_inplace}.0), (b, Elemwise{add,no_inplace}.0), (W, Elemwise{add,no_inplace}.0), (b, Elemwise{add,no_inplace}.0), (W, Elemwise{add,no_inplace}.0), (b, Elemwise{add,no_inplace}.0), (<TensorType(float64, 4D)>, Elemwise{sub,no_inplace}.0), (<TensorType(float64, vector)>, Elemwise{sub,no_inplace}.0), (<TensorType(float64, 4D)>, Elemwise{sub,no_inplace}.0), (<TensorType(float64, vector)>, Elemwise{sub,no_inplace}.0), (<TensorType(float64, 4D)>, Elemwise{sub,no_inplace}.0), (<TensorType(float64, vector)>, Elemwise{sub,no_inplace}.0), (<TensorType(float64, 4D)>, Elemwise{sub,no_inplace}.0), (<TensorType(float64, vector)>, Elemwise{sub,no_inplace}.0), (<TensorType(float64, matrix)>, Elemwise{sub,no_inplace}.0), (<TensorType(float64, vector)>, Elemwise{sub,no_inplace}.0), (<TensorType(float64, matrix)>, Elemwise{sub,no_inplace}.0), (<TensorType(float64, vector)>, Elemwise{sub,no_inplace}.0)]))
Visualizing Saliency map .........
Saving T-sne vector
Visualizing t-sne
('BN VECTOR ------', (80, 2048))
('Tsne vector shape ----------- ', (80, 2))
('Done -- ', 0, '/', 80)
Creating hdf5 file for Salinecy maps saving to ./output_files/.......
