Loading data...
('Calling ', 'train_data_64k.h5', '......')
('Printing Train set ', array([[-0.01032324,  0.00679525,  0.0022744 , ..., -0.00186596,
        -0.00139782, -0.00295408],
       [ 0.03064897,  0.00953815,  0.03919139, ..., -0.04416131,
        -0.01501628, -0.03169146],
       [-0.00054488,  0.03779386,  0.03071115, ...,  0.03494589,
        -0.00192948, -0.01491482],
       ..., 
       [-0.01792001, -0.0332757 , -0.03511935, ..., -0.02660589,
        -0.02870286, -0.0296263 ],
       [-0.01097497, -0.01258439, -0.03759458, ...,  0.01413019,
        -0.02485162, -0.02055037],
       [-0.04255074, -0.04967483, -0.02673387, ...,  0.01248583,
         0.0289001 , -0.00986743]]))
('X_train 1 shape ', (64000, 16384))
('Printing Train set ', array([[-0.02512396, -0.03287205, -0.03316736, ...,  0.10065543,
         0.02794481,  0.00411595],
       [ 0.02518618,  0.00925795,  0.0307598 , ..., -0.03124851,
        -0.03897436, -0.03171649],
       [ 0.05087735,  0.06243372,  0.09598123, ..., -0.01340537,
         0.02301167,  0.05911352],
       ..., 
       [ 0.01281872, -0.00571466, -0.03530059, ..., -0.02591705,
        -0.0062293 ,  0.01869127],
       [-0.05095224, -0.0446883 , -0.04354183, ..., -0.01251224,
        -0.01232889,  0.03422774],
       [-0.0315671 , -0.03121806, -0.03767376, ..., -0.00516524,
         0.00659046, -0.00170965]]))
('X_train 2 shape ', (64000, 16384))
('Theoretical model 1', (50, 16384))
('Theoretical model 1', (50, 16384))
('Training Set : ', array([[ 0.0190841 ,  0.08884158,  0.11459686, ..., -0.01359645,
         0.02047323,  0.04948529],
       [-0.02373525, -0.00735698,  0.01454479, ..., -0.00656911,
        -0.02475719, -0.03408374],
       [-0.03605282, -0.03800148, -0.03563687, ...,  0.01373082,
         0.04349269,  0.01665929],
       ..., 
       [ 0.00599619,  0.03247814, -0.00980627, ...,  0.01862848,
         0.01931862,  0.03203863],
       [-0.01894178, -0.02923127,  0.0246862 , ..., -0.02223606,
         0.00048106,  0.04116103],
       [ 0.05713613,  0.01552068, -0.00468645, ...,  0.06864157,
         0.04973405,  0.03943627]]))
((80, 16384), (80,))
('Validation Set : ', array([[ 0.02309326,  0.00380476,  0.00101879, ...,  0.1027106 ,
         0.08985222,  0.1932015 ],
       [ 0.00858765, -0.01409418,  0.01584016, ..., -0.04586751,
        -0.01257821, -0.02518268],
       [-0.03262886, -0.04363853, -0.03317054, ..., -0.02864838,
        -0.00870441,  0.00761161],
       ..., 
       [ 0.00517998,  0.02199671,  0.04200486, ..., -0.0215508 ,
        -0.03152285, -0.01028233],
       [-0.02065242, -0.03930191, -0.04036377, ..., -0.01840481,
         0.00076238,  0.03701937],
       [-0.02699316, -0.02087697, -0.01389983, ..., -0.0478591 ,
        -0.03359345, -0.04965227]]))
((10, 16384), (10,))
('Test Set : ', array([[ 0.0128948 ,  0.03085371,  0.01230117, ..., -0.02249532,
        -0.01221367,  0.01922325],
       [-0.04596182, -0.05261766, -0.01997961, ..., -0.04113354,
        -0.02935177, -0.02492703],
       [-0.00306799, -0.01979139, -0.02542368, ..., -0.0097902 ,
        -0.02804707, -0.05042237],
       ..., 
       [-0.0170491 , -0.01680515, -0.01981802, ..., -0.04720886,
        -0.00569363, -0.02044427],
       [-0.01799075, -0.00429136, -0.01393946, ..., -0.00418414,
        -0.00876112,  0.01439063],
       [-0.02334801, -0.00688564, -0.01857164, ..., -0.01168876,
        -0.01588197, -0.02334518]]))
((10, 16384), (10,))
[-0.00689902 -0.00462374 -0.00653727 ...,  0.00374489  0.00623649
  0.00560913]
[ 0.00071997  0.00096929  0.00118921 ...,  0.00098184  0.00111     0.00169796]
('Normalized Training data : ', array([[ 0.96835454,  3.00209326,  3.51267041, ..., -0.55342997,
         0.42731669,  1.06479345],
       [-0.62746274, -0.08779136,  0.61134141, ..., -0.32916005,
        -0.93027791, -0.96327242],
       [-1.08652142, -1.07208847, -0.84383583, ...,  0.31868976,
         1.11824767,  0.26816715],
       ..., 
       [ 0.48058656,  1.19170721, -0.09479526, ...,  0.47499326,
         0.39266096,  0.64139528],
       [-0.44881665, -0.79039068,  0.90542397, ..., -0.82915345,
        -0.17274972,  0.86277892],
       [ 2.38650042,  0.64703606,  0.0536705 , ...,  2.07110588,
         1.30558266,  0.82092225]]))
('Mean : ', -6.0715321659188244e-19)
('min : ', -2.973342479005928)
('max : ', 8.4601957859903241)
('Valid set min : ', -2.9140611828397405)
('Valid set max : ', 25.204872780231742)
('Test set min : ', -2.8124694628831497)
('Test set max : ', 14.418181277218524)
((80, 1, 128, 128), (80,))
((10, 1, 128, 128), (10,))
((10, 1, 128, 128), (10,))
Saving sampled training images.......
Building model and compiling functions.........
('Input shape : ', (None, 1, 128, 128))
('Conv layer 1 : ', (None, 32, 128, 128))
('Max pool 1 : ', (None, 32, 64, 64))
('Conv layer 2 : ', (None, 32, 64, 64))
('Max pool 2 : ', (None, 32, 32, 32))
('Conv layer 3 : ', (None, 64, 32, 32))
('Max pool 3 : ', (None, 64, 16, 16))
('Conv layer 4 : ', (None, 64, 16, 16))
('Max pool 4 : ', (None, 64, 8, 8))
('Fully Connected layer: ', (None, 2048))
('Softmax layer: ', (None, 2))
Created Lasagne Layers & Network established !!! 
('Get the output layer : ', Softmax.0)
('Get all the parameters : ', [W, b, W, b, W, b, W, b, W, b, W, b])
Starting training...
Epoch 1 of 500 took 5.815s
  training loss:		0.700467
  validation loss:		0.685562
  validation accuracy:		56.25 %
('Average Reconstruction Error -- ', 0.7004668824871112)
Plotting the learning curve .........
Plotting the valid learning curve .........
Plotting the accuracy curve .........
Network Parameters saved!!!!!!!!
Running prediction function on Validation data
Epoch 2 of 500 took 6.144s
  training loss:		0.672121
  validation loss:		0.698175
  validation accuracy:		53.75 %
Epoch 3 of 500 took 5.710s
  training loss:		0.681204
  validation loss:		0.668530
  validation accuracy:		61.25 %
Epoch 4 of 500 took 5.726s
  training loss:		0.665764
  validation loss:		0.669732
  validation accuracy:		63.75 %
Epoch 5 of 500 took 5.788s
  training loss:		0.662073
  validation loss:		0.646177
  validation accuracy:		62.50 %
Epoch 6 of 500 took 5.810s
  training loss:		0.636178
  validation loss:		0.637856
  validation accuracy:		68.75 %
Epoch 7 of 500 took 5.781s
  training loss:		0.634089
  validation loss:		0.633777
  validation accuracy:		65.00 %
Epoch 8 of 500 took 5.795s
  training loss:		0.626098
  validation loss:		0.607080
  validation accuracy:		72.50 %
Epoch 9 of 500 took 5.810s
  training loss:		0.612706
  validation loss:		0.596857
  validation accuracy:		75.00 %
Epoch 10 of 500 took 5.802s
  training loss:		0.591367
  validation loss:		0.585014
  validation accuracy:		76.25 %
Epoch 11 of 500 took 5.795s
  training loss:		0.574535
  validation loss:		0.561879
  validation accuracy:		82.50 %
('Average Reconstruction Error -- ', 0.64150930213157242)
Plotting the learning curve .........
Plotting the valid learning curve .........
Plotting the accuracy curve .........
Network Parameters saved!!!!!!!!
Running prediction function on Validation data
Epoch 12 of 500 took 5.828s
  training loss:		0.580358
  validation loss:		0.559469
  validation accuracy:		80.00 %
Epoch 13 of 500 took 5.823s
  training loss:		0.557782
  validation loss:		0.538843
  validation accuracy:		80.00 %
Epoch 14 of 500 took 5.599s
  training loss:		0.542604
  validation loss:		0.533641
  validation accuracy:		81.25 %
Epoch 15 of 500 took 5.799s
  training loss:		0.528909
  validation loss:		0.517721
  validation accuracy:		86.25 %
Epoch 16 of 500 took 5.816s
  training loss:		0.521623
  validation loss:		0.510308
  validation accuracy:		82.50 %
Epoch 17 of 500 took 5.790s
  training loss:		0.501189
  validation loss:		0.497298
  validation accuracy:		87.50 %
Epoch 18 of 500 took 5.807s
  training loss:		0.494462
  validation loss:		0.490253
  validation accuracy:		86.25 %
Epoch 19 of 500 took 5.795s
  training loss:		0.490190
  validation loss:		0.454657
  validation accuracy:		90.00 %
Epoch 20 of 500 took 5.795s
  training loss:		0.474858
  validation loss:		0.463088
  validation accuracy:		87.50 %
Epoch 21 of 500 took 5.811s
  training loss:		0.456278
  validation loss:		0.443888
  validation accuracy:		91.25 %
('Average Reconstruction Error -- ', 0.58118353893624275)
Plotting the learning curve .........
Plotting the valid learning curve .........
Plotting the accuracy curve .........
Network Parameters saved!!!!!!!!
Running prediction function on Validation data
Epoch 22 of 500 took 5.755s
  training loss:		0.458765
  validation loss:		0.434565
  validation accuracy:		91.25 %
Epoch 23 of 500 took 5.802s
  training loss:		0.449206
  validation loss:		0.442545
  validation accuracy:		90.00 %
Epoch 24 of 500 took 5.789s
  training loss:		0.429283
  validation loss:		0.406020
  validation accuracy:		91.25 %
Epoch 25 of 500 took 5.812s
  training loss:		0.418270
  validation loss:		0.411861
  validation accuracy:		87.50 %
Epoch 26 of 500 took 5.619s
  training loss:		0.405710
  validation loss:		0.393164
  validation accuracy:		91.25 %
Epoch 27 of 500 took 5.770s
  training loss:		0.394521
  validation loss:		0.374813
  validation accuracy:		90.00 %
Epoch 28 of 500 took 5.627s
  training loss:		0.390531
  validation loss:		0.376490
  validation accuracy:		90.00 %
Epoch 29 of 500 took 5.787s
  training loss:		0.372413
  validation loss:		0.372278
  validation accuracy:		91.25 %
Epoch 30 of 500 took 5.799s
  training loss:		0.365754
  validation loss:		0.352433
  validation accuracy:		93.75 %
Epoch 31 of 500 took 5.796s
  training loss:		0.350036
  validation loss:		0.333977
  validation accuracy:		93.75 %
('Average Reconstruction Error -- ', 0.52384977771265639)
Plotting the learning curve .........
Plotting the valid learning curve .........
Plotting the accuracy curve .........
Network Parameters saved!!!!!!!!
Running prediction function on Validation data
Epoch 32 of 500 took 5.761s
  training loss:		0.343777
  validation loss:		0.334744
  validation accuracy:		92.50 %
Epoch 33 of 500 took 5.799s
  training loss:		0.333747
  validation loss:		0.331974
  validation accuracy:		90.00 %
Epoch 34 of 500 took 5.794s
  training loss:		0.325611
  validation loss:		0.319091
  validation accuracy:		93.75 %
Epoch 35 of 500 took 5.805s
  training loss:		0.329972
  validation loss:		0.300997
  validation accuracy:		92.50 %
Epoch 36 of 500 took 5.804s
  training loss:		0.305341
  validation loss:		0.294984
  validation accuracy:		93.75 %
Epoch 37 of 500 took 5.797s
  training loss:		0.292283
  validation loss:		0.286285
  validation accuracy:		93.75 %
Epoch 38 of 500 took 5.516s
  training loss:		0.276540
  validation loss:		0.280799
  validation accuracy:		92.50 %
Epoch 39 of 500 took 5.683s
  training loss:		0.280963
  validation loss:		0.274514
  validation accuracy:		92.50 %
Epoch 40 of 500 took 5.611s
  training loss:		0.274144
  validation loss:		0.256865
  validation accuracy:		95.00 %
Epoch 41 of 500 took 5.808s
  training loss:		0.257467
  validation loss:		0.243847
  validation accuracy:		95.00 %
('Average Reconstruction Error -- ', 0.46973629289809898)
Plotting the learning curve .........
Plotting the valid learning curve .........
Plotting the accuracy curve .........
Network Parameters saved!!!!!!!!
Running prediction function on Validation data
Epoch 42 of 500 took 5.639s
  training loss:		0.254962
  validation loss:		0.238779
  validation accuracy:		97.50 %
Epoch 43 of 500 took 5.787s
  training loss:		0.247251
  validation loss:		0.236823
  validation accuracy:		96.25 %
Epoch 44 of 500 took 5.599s
  training loss:		0.249231
  validation loss:		0.231367
  validation accuracy:		95.00 %
Epoch 45 of 500 took 5.605s
  training loss:		0.243952
  validation loss:		0.228617
  validation accuracy:		96.25 %
Epoch 46 of 500 took 5.604s
  training loss:		0.226117
  validation loss:		0.224937
  validation accuracy:		97.50 %
Epoch 47 of 500 took 5.607s
  training loss:		0.214851
  validation loss:		0.210292
  validation accuracy:		96.25 %
Epoch 48 of 500 took 5.533s
  training loss:		0.201326
  validation loss:		0.203213
  validation accuracy:		96.25 %
Epoch 49 of 500 took 5.677s
  training loss:		0.205104
  validation loss:		0.187018
  validation accuracy:		98.75 %
Epoch 50 of 500 took 5.797s
  training loss:		0.190336
  validation loss:		0.190026
  validation accuracy:		98.75 %
Epoch 51 of 500 took 5.526s
  training loss:		0.183123
  validation loss:		0.188052
  validation accuracy:		97.50 %
('Average Reconstruction Error -- ', 0.42108707220207797)
Plotting the learning curve .........
Plotting the valid learning curve .........
Plotting the accuracy curve .........
Network Parameters saved!!!!!!!!
Running prediction function on Validation data
Epoch 52 of 500 took 5.714s
  training loss:		0.183576
  validation loss:		0.171125
  validation accuracy:		97.50 %
Epoch 53 of 500 took 5.812s
  training loss:		0.178786
  validation loss:		0.171412
  validation accuracy:		98.75 %
Epoch 54 of 500 took 5.803s
  training loss:		0.172735
  validation loss:		0.168226
  validation accuracy:		97.50 %
Epoch 55 of 500 took 5.795s
  training loss:		0.161590
  validation loss:		0.156980
  validation accuracy:		98.75 %
Epoch 56 of 500 took 5.802s
  training loss:		0.162626
  validation loss:		0.154076
  validation accuracy:		97.50 %
Epoch 57 of 500 took 5.791s
  training loss:		0.144980
  validation loss:		0.141744
  validation accuracy:		98.75 %
Epoch 58 of 500 took 5.795s
  training loss:		0.150615
  validation loss:		0.144981
  validation accuracy:		98.75 %
Epoch 59 of 500 took 5.631s
  training loss:		0.144123
  validation loss:		0.138266
  validation accuracy:		98.75 %
Epoch 60 of 500 took 5.787s
  training loss:		0.134425
  validation loss:		0.138674
  validation accuracy:		98.75 %
Epoch 61 of 500 took 5.809s
  training loss:		0.131019
  validation loss:		0.129348
  validation accuracy:		98.75 %
('Average Reconstruction Error -- ', 0.37770351209479641)
Plotting the learning curve .........
Plotting the valid learning curve .........
Plotting the accuracy curve .........
Network Parameters saved!!!!!!!!
Running prediction function on Validation data
Epoch 62 of 500 took 5.597s
  training loss:		0.123134
  validation loss:		0.121631
  validation accuracy:		100.00 %
Epoch 63 of 500 took 5.596s
  training loss:		0.125609
  validation loss:		0.119750
  validation accuracy:		98.75 %
Epoch 64 of 500 took 5.624s
  training loss:		0.123767
  validation loss:		0.109066
  validation accuracy:		98.75 %
Epoch 65 of 500 took 5.784s
  training loss:		0.117650
  validation loss:		0.107421
  validation accuracy:		100.00 %
Epoch 66 of 500 took 5.613s
  training loss:		0.118419
  validation loss:		0.113890
  validation accuracy:		98.75 %
Epoch 67 of 500 took 5.806s
  training loss:		0.106445
  validation loss:		0.101952
  validation accuracy:		98.75 %
Epoch 68 of 500 took 5.804s
  training loss:		0.110808
  validation loss:		0.096854
  validation accuracy:		100.00 %
Epoch 69 of 500 took 5.802s
  training loss:		0.098478
  validation loss:		0.096438
  validation accuracy:		100.00 %
Epoch 70 of 500 took 5.797s
  training loss:		0.098903
  validation loss:		0.092730
  validation accuracy:		100.00 %
Epoch 71 of 500 took 5.804s
  training loss:		0.095814
  validation loss:		0.093391
  validation accuracy:		100.00 %
('Average Reconstruction Error -- ', 0.34026675574648707)
Plotting the learning curve .........
Plotting the valid learning curve .........
Plotting the accuracy curve .........
Network Parameters saved!!!!!!!!
Running prediction function on Validation data
Epoch 72 of 500 took 5.718s
  training loss:		0.092557
  validation loss:		0.093086
  validation accuracy:		98.75 %
Epoch 73 of 500 took 5.766s
  training loss:		0.081860
  validation loss:		0.088062
  validation accuracy:		100.00 %
Epoch 74 of 500 took 5.622s
  training loss:		0.082629
  validation loss:		0.086524
  validation accuracy:		98.75 %
Epoch 75 of 500 took 5.776s
  training loss:		0.086773
  validation loss:		0.080226
  validation accuracy:		100.00 %
Epoch 76 of 500 took 5.624s
  training loss:		0.081786
  validation loss:		0.076810
  validation accuracy:		100.00 %
Epoch 77 of 500 took 5.598s
  training loss:		0.072111
  validation loss:		0.069602
  validation accuracy:		100.00 %
Epoch 78 of 500 took 5.608s
  training loss:		0.070426
  validation loss:		0.070849
  validation accuracy:		100.00 %
Epoch 79 of 500 took 5.790s
  training loss:		0.070555
  validation loss:		0.067396
  validation accuracy:		100.00 %
Epoch 80 of 500 took 5.611s
  training loss:		0.066546
  validation loss:		0.071257
  validation accuracy:		100.00 %
Epoch 81 of 500 took 5.608s
  training loss:		0.062274
  validation loss:		0.064234
  validation accuracy:		100.00 %
('Average Reconstruction Error -- ', 0.30773402715334375)
Plotting the learning curve .........
Plotting the valid learning curve .........
Plotting the accuracy curve .........
Network Parameters saved!!!!!!!!
Running prediction function on Validation data
Epoch 82 of 500 took 5.707s
  training loss:		0.066622
  validation loss:		0.065053
  validation accuracy:		100.00 %
Epoch 83 of 500 took 5.604s
  training loss:		0.058875
  validation loss:		0.073279
  validation accuracy:		98.75 %
Epoch 84 of 500 took 5.605s
  training loss:		0.058430
  validation loss:		0.059911
  validation accuracy:		100.00 %
Epoch 85 of 500 took 5.625s
  training loss:		0.058910
  validation loss:		0.057349
  validation accuracy:		100.00 %
Epoch 86 of 500 took 5.571s
  training loss:		0.064495
  validation loss:		0.058223
  validation accuracy:		100.00 %
Epoch 87 of 500 took 5.623s
  training loss:		0.053859
  validation loss:		0.056432
  validation accuracy:		100.00 %
Epoch 88 of 500 took 5.695s
  training loss:		0.057445
  validation loss:		0.050966
  validation accuracy:		100.00 %
Epoch 89 of 500 took 5.598s
  training loss:		0.055789
  validation loss:		0.045495
  validation accuracy:		100.00 %
Epoch 90 of 500 took 5.685s
  training loss:		0.055130
  validation loss:		0.049803
  validation accuracy:		100.00 %
Epoch 91 of 500 took 5.622s
  training loss:		0.048203
  validation loss:		0.046092
  validation accuracy:		100.00 %
('Average Reconstruction Error -- ', 0.28026608517973123)
Plotting the learning curve .........
Plotting the valid learning curve .........
Plotting the accuracy curve .........
Network Parameters saved!!!!!!!!
Running prediction function on Validation data
Epoch 92 of 500 took 5.734s
  training loss:		0.046767
  validation loss:		0.047445
  validation accuracy:		100.00 %
Epoch 93 of 500 took 5.798s
  training loss:		0.047349
  validation loss:		0.043937
  validation accuracy:		100.00 %
Epoch 94 of 500 took 5.794s
  training loss:		0.045483
  validation loss:		0.045389
  validation accuracy:		100.00 %
Epoch 95 of 500 took 5.628s
  training loss:		0.042378
  validation loss:		0.041899
  validation accuracy:		100.00 %
Epoch 96 of 500 took 5.790s
  training loss:		0.043982
  validation loss:		0.042932
  validation accuracy:		100.00 %
Epoch 97 of 500 took 5.704s
  training loss:		0.041533
  validation loss:		0.043868
  validation accuracy:		100.00 %
Epoch 98 of 500 took 5.679s
  training loss:		0.043158
  validation loss:		0.039645
  validation accuracy:		100.00 %
Epoch 99 of 500 took 5.607s
  training loss:		0.042030
  validation loss:		0.038774
  validation accuracy:		100.00 %
Epoch 100 of 500 took 5.713s
  training loss:		0.040272
  validation loss:		0.038028
  validation accuracy:		100.00 %
Epoch 101 of 500 took 5.675s
  training loss:		0.042169
  validation loss:		0.037145
  validation accuracy:		100.00 %
('Average Reconstruction Error -- ', 0.25682508848497948)
Plotting the learning curve .........
Plotting the valid learning curve .........
Plotting the accuracy curve .........
Network Parameters saved!!!!!!!!
Running prediction function on Validation data
Epoch 102 of 500 took 5.759s
  training loss:		0.034493
  validation loss:		0.035057
  validation accuracy:		100.00 %
Epoch 103 of 500 took 5.810s
  training loss:		0.036011
  validation loss:		0.036951
  validation accuracy:		100.00 %
Epoch 104 of 500 took 5.708s
  training loss:		0.036006
  validation loss:		0.034207
  validation accuracy:		100.00 %
Epoch 105 of 500 took 5.610s
  training loss:		0.035697
  validation loss:		0.036703
  validation accuracy:		100.00 %
Epoch 106 of 500 took 5.673s
  training loss:		0.035277
  validation loss:		0.032264
  validation accuracy:		100.00 %
Epoch 107 of 500 took 5.639s
  training loss:		0.029215
  validation loss:		0.030767
  validation accuracy:		100.00 %
Epoch 108 of 500 took 5.774s
  training loss:		0.029688
  validation loss:		0.029090
  validation accuracy:		100.00 %
Epoch 109 of 500 took 5.789s
  training loss:		0.028562
  validation loss:		0.028115
  validation accuracy:		100.00 %
Epoch 110 of 500 took 5.804s
  training loss:		0.031261
  validation loss:		0.029662
  validation accuracy:		100.00 %
Epoch 111 of 500 took 5.799s
  training loss:		0.032928
  validation loss:		0.032485
  validation accuracy:		100.00 %
('Average Reconstruction Error -- ', 0.23665290393612604)
Plotting the learning curve .........
Plotting the valid learning curve .........
Plotting the accuracy curve .........
Network Parameters saved!!!!!!!!
Running prediction function on Validation data
Epoch 112 of 500 took 5.746s
  training loss:		0.029082
  validation loss:		0.027378
  validation accuracy:		100.00 %
Epoch 113 of 500 took 5.797s
  training loss:		0.026898
  validation loss:		0.027154
  validation accuracy:		100.00 %
Epoch 114 of 500 took 5.693s
  training loss:		0.028303
  validation loss:		0.025855
  validation accuracy:		100.00 %
Epoch 115 of 500 took 5.608s
  training loss:		0.028820
  validation loss:		0.025811
  validation accuracy:		100.00 %
Epoch 116 of 500 took 5.602s
  training loss:		0.024933
  validation loss:		0.027788
  validation accuracy:		100.00 %
Epoch 117 of 500 took 5.600s
  training loss:		0.024741
  validation loss:		0.027292
  validation accuracy:		100.00 %
Epoch 118 of 500 took 5.601s
  training loss:		0.025365
  validation loss:		0.026443
  validation accuracy:		100.00 %
Epoch 119 of 500 took 5.598s
  training loss:		0.025394
  validation loss:		0.023673
  validation accuracy:		100.00 %
Epoch 120 of 500 took 5.606s
  training loss:		0.024313
  validation loss:		0.023629
  validation accuracy:		100.00 %
Epoch 121 of 500 took 5.603s
  training loss:		0.024767
  validation loss:		0.024036
  validation accuracy:		100.00 %
('Average Reconstruction Error -- ', 0.21926518919227059)
Plotting the learning curve .........
Plotting the valid learning curve .........
Plotting the accuracy curve .........
Network Parameters saved!!!!!!!!
Running prediction function on Validation data
Epoch 122 of 500 took 5.581s
  training loss:		0.022597
  validation loss:		0.025991
  validation accuracy:		100.00 %
Epoch 123 of 500 took 5.607s
  training loss:		0.024010
  validation loss:		0.020855
  validation accuracy:		100.00 %
Epoch 124 of 500 took 5.600s
  training loss:		0.025300
  validation loss:		0.022517
  validation accuracy:		100.00 %
Epoch 125 of 500 took 5.613s
  training loss:		0.022542
  validation loss:		0.022424
  validation accuracy:		100.00 %
Epoch 126 of 500 took 5.597s
  training loss:		0.024889
  validation loss:		0.021864
  validation accuracy:		100.00 %
Epoch 127 of 500 took 5.596s
  training loss:		0.020073
  validation loss:		0.020685
  validation accuracy:		100.00 %
Epoch 128 of 500 took 5.606s
  training loss:		0.020776
  validation loss:		0.019749
  validation accuracy:		100.00 %
Epoch 129 of 500 took 5.600s
  training loss:		0.019642
  validation loss:		0.018815
  validation accuracy:		100.00 %
Epoch 130 of 500 took 5.605s
  training loss:		0.020939
  validation loss:		0.019559
  validation accuracy:		100.00 %
Epoch 131 of 500 took 5.614s
  training loss:		0.021780
  validation loss:		0.017272
  validation accuracy:		100.00 %
('Average Reconstruction Error -- ', 0.20422622967121495)
Plotting the learning curve .........
Plotting the valid learning curve .........
Plotting the accuracy curve .........
Network Parameters saved!!!!!!!!
Running prediction function on Validation data
Epoch 132 of 500 took 5.644s
  training loss:		0.020775
  validation loss:		0.017928
  validation accuracy:		100.00 %
Epoch 133 of 500 took 5.609s
  training loss:		0.017732
  validation loss:		0.020587
  validation accuracy:		100.00 %
Epoch 134 of 500 took 5.598s
  training loss:		0.020193
  validation loss:		0.016565
  validation accuracy:		100.00 %
Epoch 135 of 500 took 5.603s
  training loss:		0.018177
  validation loss:		0.018662
  validation accuracy:		100.00 %
Epoch 136 of 500 took 5.600s
  training loss:		0.018246
  validation loss:		0.017561
  validation accuracy:		100.00 %
Epoch 137 of 500 took 5.606s
  training loss:		0.019639
  validation loss:		0.017478
  validation accuracy:		100.00 %
Epoch 138 of 500 took 5.606s
  training loss:		0.019405
  validation loss:		0.016699
  validation accuracy:		100.00 %
Epoch 139 of 500 took 5.594s
  training loss:		0.018670
  validation loss:		0.018490
  validation accuracy:		100.00 %
Epoch 140 of 500 took 5.602s
  training loss:		0.017092
  validation loss:		0.017001
  validation accuracy:		100.00 %
Epoch 141 of 500 took 5.601s
  training loss:		0.016293
  validation loss:		0.018264
  validation accuracy:		100.00 %
('Average Reconstruction Error -- ', 0.19106281174059736)
Plotting the learning curve .........
Plotting the valid learning curve .........
Plotting the accuracy curve .........
Network Parameters saved!!!!!!!!
Running prediction function on Validation data
Epoch 142 of 500 took 5.573s
  training loss:		0.017407
  validation loss:		0.018018
  validation accuracy:		100.00 %
Epoch 143 of 500 took 5.596s
  training loss:		0.017140
  validation loss:		0.018339
  validation accuracy:		100.00 %
Epoch 144 of 500 took 5.603s
  training loss:		0.015100
  validation loss:		0.015789
  validation accuracy:		100.00 %
Epoch 145 of 500 took 5.602s
  training loss:		0.015401
  validation loss:		0.015025
  validation accuracy:		100.00 %
Epoch 146 of 500 took 5.598s
  training loss:		0.015186
  validation loss:		0.014900
  validation accuracy:		100.00 %
Epoch 147 of 500 took 5.607s
  training loss:		0.015707
  validation loss:		0.015918
  validation accuracy:		100.00 %
Epoch 148 of 500 took 5.602s
  training loss:		0.016424
  validation loss:		0.013784
  validation accuracy:		100.00 %
Epoch 149 of 500 took 5.604s
  training loss:		0.017137
  validation loss:		0.016050
  validation accuracy:		100.00 %
Epoch 150 of 500 took 5.599s
  training loss:		0.013341
  validation loss:		0.013907
  validation accuracy:		100.00 %
Epoch 151 of 500 took 5.596s
  training loss:		0.013134
  validation loss:		0.013790
  validation accuracy:		100.00 %
('Average Reconstruction Error -- ', 0.17944260099884568)
Plotting the learning curve .........
Plotting the valid learning curve .........
Plotting the accuracy curve .........
Network Parameters saved!!!!!!!!
Running prediction function on Validation data
Epoch 152 of 500 took 5.456s
  training loss:		0.014284
  validation loss:		0.012437
  validation accuracy:		100.00 %
Epoch 153 of 500 took 5.593s
  training loss:		0.014060
  validation loss:		0.014681
  validation accuracy:		100.00 %
Epoch 154 of 500 took 5.596s
  training loss:		0.013537
  validation loss:		0.014377
  validation accuracy:		100.00 %
Epoch 155 of 500 took 5.604s
  training loss:		0.014050
  validation loss:		0.014013
  validation accuracy:		100.00 %
Epoch 156 of 500 took 5.599s
  training loss:		0.013105
  validation loss:		0.013993
  validation accuracy:		100.00 %
Epoch 157 of 500 took 5.607s
  training loss:		0.013142
  validation loss:		0.014921
  validation accuracy:		100.00 %
Epoch 158 of 500 took 5.600s
  training loss:		0.014832
  validation loss:		0.013100
  validation accuracy:		100.00 %
Epoch 159 of 500 took 5.601s
  training loss:		0.013551
  validation loss:		0.015159
  validation accuracy:		100.00 %
Epoch 160 of 500 took 5.605s
  training loss:		0.014584
  validation loss:		0.013580
  validation accuracy:		100.00 %
Epoch 161 of 500 took 5.600s
  training loss:		0.014547
  validation loss:		0.014855
  validation accuracy:		100.00 %
('Average Reconstruction Error -- ', 0.16916474523728406)
Plotting the learning curve .........
Plotting the valid learning curve .........
Plotting the accuracy curve .........
Network Parameters saved!!!!!!!!
Running prediction function on Validation data
Epoch 162 of 500 took 5.627s
  training loss:		0.013919
  validation loss:		0.012776
  validation accuracy:		100.00 %
Epoch 163 of 500 took 5.608s
  training loss:		0.012195
  validation loss:		0.013550
  validation accuracy:		100.00 %
Epoch 164 of 500 took 5.594s
  training loss:		0.013695
  validation loss:		0.011596
  validation accuracy:		100.00 %
Epoch 165 of 500 took 5.611s
  training loss:		0.012361
  validation loss:		0.011526
  validation accuracy:		100.00 %
Epoch 166 of 500 took 5.614s
  training loss:		0.011171
  validation loss:		0.011838
  validation accuracy:		100.00 %
Epoch 167 of 500 took 5.583s
  training loss:		0.009920
  validation loss:		0.012508
  validation accuracy:		100.00 %
Epoch 168 of 500 took 5.607s
  training loss:		0.012223
  validation loss:		0.012884
  validation accuracy:		100.00 %
Epoch 169 of 500 took 5.601s
  training loss:		0.011987
  validation loss:		0.011744
  validation accuracy:		100.00 %
Epoch 170 of 500 took 5.605s
  training loss:		0.013132
  validation loss:		0.010774
  validation accuracy:		100.00 %
Epoch 171 of 500 took 5.601s
  training loss:		0.013443
  validation loss:		0.012667
  validation accuracy:		100.00 %
('Average Reconstruction Error -- ', 0.15999748770361619)
Plotting the learning curve .........
Plotting the valid learning curve .........
Plotting the accuracy curve .........
Network Parameters saved!!!!!!!!
Running prediction function on Validation data
Epoch 172 of 500 took 5.617s
  training loss:		0.012689
  validation loss:		0.012015
  validation accuracy:		100.00 %
Epoch 173 of 500 took 5.598s
  training loss:		0.011892
  validation loss:		0.009664
  validation accuracy:		100.00 %
Epoch 174 of 500 took 5.608s
  training loss:		0.012395
  validation loss:		0.013135
  validation accuracy:		100.00 %
Epoch 175 of 500 took 5.599s
  training loss:		0.011115
  validation loss:		0.011652
  validation accuracy:		100.00 %
Epoch 176 of 500 took 5.603s
  training loss:		0.010524
  validation loss:		0.009304
  validation accuracy:		100.00 %
Epoch 177 of 500 took 5.605s
  training loss:		0.011704
  validation loss:		0.010602
  validation accuracy:		100.00 %
Epoch 178 of 500 took 5.596s
  training loss:		0.010838
  validation loss:		0.010840
  validation accuracy:		100.00 %
Epoch 179 of 500 took 5.608s
  training loss:		0.009842
  validation loss:		0.010417
  validation accuracy:		100.00 %
Epoch 180 of 500 took 5.598s
  training loss:		0.009203
  validation loss:		0.010440
  validation accuracy:		100.00 %
Epoch 181 of 500 took 5.604s
  training loss:		0.010684
  validation loss:		0.010164
  validation accuracy:		100.00 %
('Average Reconstruction Error -- ', 0.15177047639993729)
Plotting the learning curve .........
Plotting the valid learning curve .........
Plotting the accuracy curve .........
Network Parameters saved!!!!!!!!
Running prediction function on Validation data
Epoch 182 of 500 took 5.494s
  training loss:		0.009388
  validation loss:		0.008553
  validation accuracy:		100.00 %
Epoch 183 of 500 took 5.595s
  training loss:		0.010457
  validation loss:		0.008207
  validation accuracy:		100.00 %
Epoch 184 of 500 took 5.419s
  training loss:		0.008898
  validation loss:		0.009933
  validation accuracy:		100.00 %
Epoch 185 of 500 took 5.585s
  training loss:		0.009247
  validation loss:		0.010293
  validation accuracy:		100.00 %
Epoch 186 of 500 took 5.419s
  training loss:		0.010732
  validation loss:		0.008607
  validation accuracy:		100.00 %
Epoch 187 of 500 took 5.598s
  training loss:		0.009240
  validation loss:		0.009081
  validation accuracy:		100.00 %
Epoch 188 of 500 took 5.593s
  training loss:		0.009947
  validation loss:		0.009131
  validation accuracy:		100.00 %
Epoch 189 of 500 took 5.411s
  training loss:		0.009459
  validation loss:		0.010068
  validation accuracy:		100.00 %
Epoch 190 of 500 took 5.595s
  training loss:		0.009270
  validation loss:		0.008630
  validation accuracy:		100.00 %
Epoch 191 of 500 took 5.600s
  training loss:		0.008830
  validation loss:		0.009708
  validation accuracy:		100.00 %
('Average Reconstruction Error -- ', 0.14432421095584264)
Plotting the learning curve .........
Plotting the valid learning curve .........
Plotting the accuracy curve .........
Network Parameters saved!!!!!!!!
Running prediction function on Validation data
Epoch 192 of 500 took 5.593s
  training loss:		0.008921
  validation loss:		0.010456
  validation accuracy:		100.00 %
Epoch 193 of 500 took 5.606s
  training loss:		0.008731
  validation loss:		0.008147
  validation accuracy:		100.00 %
Epoch 194 of 500 took 5.604s
  training loss:		0.008154
  validation loss:		0.009759
  validation accuracy:		100.00 %
Epoch 195 of 500 took 5.595s
  training loss:		0.008593
  validation loss:		0.007109
  validation accuracy:		100.00 %
Epoch 196 of 500 took 5.608s
  training loss:		0.009951
  validation loss:		0.009952
  validation accuracy:		100.00 %
Epoch 197 of 500 took 5.595s
  training loss:		0.008398
  validation loss:		0.009119
  validation accuracy:		100.00 %
Epoch 198 of 500 took 5.604s
  training loss:		0.008388
  validation loss:		0.008638
  validation accuracy:		100.00 %
Epoch 199 of 500 took 5.604s
  training loss:		0.008181
  validation loss:		0.008835
  validation accuracy:		100.00 %
Epoch 200 of 500 took 5.597s
  training loss:		0.007895
  validation loss:		0.007829
  validation accuracy:		100.00 %
Epoch 201 of 500 took 5.609s
  training loss:		0.008112
  validation loss:		0.007554
  validation accuracy:		100.00 %
('Average Reconstruction Error -- ', 0.13756840159970354)
Plotting the learning curve .........
Plotting the valid learning curve .........
Plotting the accuracy curve .........
Network Parameters saved!!!!!!!!
Running prediction function on Validation data
Epoch 202 of 500 took 5.442s
  training loss:		0.010193
  validation loss:		0.008620
  validation accuracy:		100.00 %
Epoch 203 of 500 took 5.596s
  training loss:		0.009192
  validation loss:		0.008402
  validation accuracy:		100.00 %
Epoch 204 of 500 took 5.604s
  training loss:		0.008383
  validation loss:		0.008193
  validation accuracy:		100.00 %
Epoch 205 of 500 took 5.595s
  training loss:		0.009023
  validation loss:		0.007761
  validation accuracy:		100.00 %
Epoch 206 of 500 took 5.605s
  training loss:		0.008954
  validation loss:		0.006301
  validation accuracy:		100.00 %
Epoch 207 of 500 took 5.598s
  training loss:		0.008230
  validation loss:		0.008897
  validation accuracy:		100.00 %
Epoch 208 of 500 took 5.605s
  training loss:		0.008630
  validation loss:		0.008903
  validation accuracy:		100.00 %
Epoch 209 of 500 took 5.603s
  training loss:		0.008324
  validation loss:		0.007554
  validation accuracy:		100.00 %
Epoch 210 of 500 took 5.598s
  training loss:		0.007456
  validation loss:		0.007376
  validation accuracy:		100.00 %
Epoch 211 of 500 took 5.605s
  training loss:		0.006954
  validation loss:		0.007529
  validation accuracy:		100.00 %
('Average Reconstruction Error -- ', 0.13145302598605244)
Plotting the learning curve .........
Plotting the valid learning curve .........
Plotting the accuracy curve .........
Network Parameters saved!!!!!!!!
Running prediction function on Validation data
Epoch 212 of 500 took 5.495s
  training loss:		0.006878
  validation loss:		0.006483
  validation accuracy:		100.00 %
Epoch 213 of 500 took 5.593s
  training loss:		0.007312
  validation loss:		0.006925
  validation accuracy:		100.00 %
Epoch 214 of 500 took 5.602s
  training loss:		0.007495
  validation loss:		0.007229
  validation accuracy:		100.00 %
Epoch 215 of 500 took 5.601s
  training loss:		0.006869
  validation loss:		0.007537
  validation accuracy:		100.00 %
Epoch 216 of 500 took 5.602s
  training loss:		0.007237
  validation loss:		0.007422
  validation accuracy:		100.00 %
Epoch 217 of 500 took 5.601s
  training loss:		0.007502
  validation loss:		0.006872
  validation accuracy:		100.00 %
Epoch 218 of 500 took 5.599s
  training loss:		0.006964
  validation loss:		0.006569
  validation accuracy:		100.00 %
Epoch 219 of 500 took 5.605s
  training loss:		0.007284
  validation loss:		0.006944
  validation accuracy:		100.00 %
Epoch 220 of 500 took 5.600s
  training loss:		0.006649
  validation loss:		0.006247
  validation accuracy:		100.00 %
Epoch 221 of 500 took 5.601s
  training loss:		0.007288
  validation loss:		0.005900
  validation accuracy:		100.00 %
('Average Reconstruction Error -- ', 0.12582836114924822)
Plotting the learning curve .........
Plotting the valid learning curve .........
Plotting the accuracy curve .........
Network Parameters saved!!!!!!!!
Running prediction function on Validation data
Epoch 222 of 500 took 5.625s
  training loss:		0.007031
  validation loss:		0.007290
  validation accuracy:		100.00 %
Epoch 223 of 500 took 5.610s
  training loss:		0.006823
  validation loss:		0.007440
  validation accuracy:		100.00 %
Epoch 224 of 500 took 5.598s
  training loss:		0.006654
  validation loss:		0.005947
  validation accuracy:		100.00 %
Epoch 225 of 500 took 5.602s
  training loss:		0.006651
  validation loss:		0.005953
  validation accuracy:		100.00 %
Epoch 226 of 500 took 5.604s
  training loss:		0.006651
  validation loss:		0.007497
  validation accuracy:		100.00 %
Epoch 227 of 500 took 5.601s
  training loss:		0.007342
  validation loss:		0.006534
  validation accuracy:		100.00 %
Epoch 228 of 500 took 5.603s
  training loss:		0.007147
  validation loss:		0.005721
  validation accuracy:		100.00 %
Epoch 229 of 500 took 5.603s
  training loss:		0.006396
  validation loss:		0.007614
  validation accuracy:		100.00 %
Epoch 230 of 500 took 5.602s
  training loss:		0.006413
  validation loss:		0.005889
  validation accuracy:		100.00 %
Epoch 231 of 500 took 5.603s
  training loss:		0.006964
  validation loss:		0.005546
  validation accuracy:		100.00 %
('Average Reconstruction Error -- ', 0.12067592574400442)
Plotting the learning curve .........
Plotting the valid learning curve .........
Plotting the accuracy curve .........
Network Parameters saved!!!!!!!!
Running prediction function on Validation data
Epoch 232 of 500 took 5.457s
  training loss:		0.006920
  validation loss:		0.006653
  validation accuracy:		100.00 %
Epoch 233 of 500 took 5.598s
  training loss:		0.006245
  validation loss:		0.006574
  validation accuracy:		100.00 %
Epoch 234 of 500 took 5.600s
  training loss:		0.006652
  validation loss:		0.005857
  validation accuracy:		100.00 %
Epoch 235 of 500 took 5.601s
  training loss:		0.007407
  validation loss:		0.005788
  validation accuracy:		100.00 %
Epoch 236 of 500 took 5.604s
  training loss:		0.005415
  validation loss:		0.006529
  validation accuracy:		100.00 %
Epoch 237 of 500 took 5.603s
  training loss:		0.006222
  validation loss:		0.005920
  validation accuracy:		100.00 %
Epoch 238 of 500 took 5.606s
  training loss:		0.006478
  validation loss:		0.006142
  validation accuracy:		100.00 %
Epoch 239 of 500 took 5.597s
  training loss:		0.006297
  validation loss:		0.006623
  validation accuracy:		100.00 %
Epoch 240 of 500 took 5.601s
  training loss:		0.006354
  validation loss:		0.005415
  validation accuracy:		100.00 %
Epoch 241 of 500 took 5.601s
  training loss:		0.005684
  validation loss:		0.006227
  validation accuracy:		100.00 %
('Average Reconstruction Error -- ', 0.11593282357978467)
Plotting the learning curve .........
Plotting the valid learning curve .........
Plotting the accuracy curve .........
Network Parameters saved!!!!!!!!
Running prediction function on Validation data
Epoch 242 of 500 took 5.637s
  training loss:		0.006408
  validation loss:		0.005851
  validation accuracy:		100.00 %
Epoch 243 of 500 took 5.597s
  training loss:		0.006011
  validation loss:		0.005822
  validation accuracy:		100.00 %
Epoch 244 of 500 took 5.609s
  training loss:		0.006065
  validation loss:		0.006800
  validation accuracy:		100.00 %
Epoch 245 of 500 took 5.596s
  training loss:		0.006895
  validation loss:		0.005437
  validation accuracy:		100.00 %
Epoch 246 of 500 took 5.604s
  training loss:		0.005610
  validation loss:		0.005788
  validation accuracy:		100.00 %
Epoch 247 of 500 took 5.604s
  training loss:		0.005620
  validation loss:		0.006163
  validation accuracy:		100.00 %
Epoch 248 of 500 took 5.599s
  training loss:		0.005050
  validation loss:		0.005665
  validation accuracy:		100.00 %
Epoch 249 of 500 took 5.601s
  training loss:		0.004716
  validation loss:		0.005126
  validation accuracy:		100.00 %
Epoch 250 of 500 took 5.606s
  training loss:		0.005604
  validation loss:		0.005872
  validation accuracy:		100.00 %
Epoch 251 of 500 took 5.597s
  training loss:		0.004971
  validation loss:		0.005331
  validation accuracy:		100.00 %
('Average Reconstruction Error -- ', 0.11154087298983389)
Plotting the learning curve .........
Plotting the valid learning curve .........
Plotting the accuracy curve .........
Network Parameters saved!!!!!!!!
Running prediction function on Validation data
Epoch 252 of 500 took 5.522s
  training loss:		0.005323
  validation loss:		0.006372
  validation accuracy:		100.00 %
Epoch 253 of 500 took 5.598s
  training loss:		0.005481
  validation loss:		0.005833
  validation accuracy:		100.00 %
Epoch 254 of 500 took 5.603s
  training loss:		0.005307
  validation loss:		0.004686
  validation accuracy:		100.00 %
Epoch 255 of 500 took 5.601s
  training loss:		0.005283
  validation loss:		0.005111
  validation accuracy:		100.00 %
Epoch 256 of 500 took 5.599s
  training loss:		0.005352
  validation loss:		0.004492
  validation accuracy:		100.00 %
Epoch 257 of 500 took 5.602s
  training loss:		0.004956
  validation loss:		0.004841
  validation accuracy:		100.00 %
Epoch 258 of 500 took 5.607s
  training loss:		0.005754
  validation loss:		0.005485
  validation accuracy:		100.00 %
Epoch 259 of 500 took 5.605s
  training loss:		0.004490
  validation loss:		0.005801
  validation accuracy:		100.00 %
Epoch 260 of 500 took 5.595s
  training loss:		0.005190
  validation loss:		0.005695
  validation accuracy:		100.00 %
Epoch 261 of 500 took 5.605s
  training loss:		0.004898
  validation loss:		0.004367
  validation accuracy:		100.00 %
('Average Reconstruction Error -- ', 0.1074666421351449)
Plotting the learning curve .........
Plotting the valid learning curve .........
Plotting the accuracy curve .........
Network Parameters saved!!!!!!!!
Running prediction function on Validation data
Epoch 262 of 500 took 5.576s
  training loss:		0.004960
  validation loss:		0.004578
  validation accuracy:		100.00 %
Epoch 263 of 500 took 5.596s
  training loss:		0.004822
  validation loss:		0.005367
  validation accuracy:		100.00 %
Epoch 264 of 500 took 5.606s
  training loss:		0.005368
  validation loss:		0.005006
  validation accuracy:		100.00 %
Epoch 265 of 500 took 5.598s
  training loss:		0.005358
  validation loss:		0.004780
  validation accuracy:		100.00 %
Epoch 266 of 500 took 5.600s
  training loss:		0.004743
  validation loss:		0.005436
  validation accuracy:		100.00 %
Epoch 267 of 500 took 5.605s
  training loss:		0.004449
  validation loss:		0.005220
  validation accuracy:		100.00 %
Epoch 268 of 500 took 5.601s
  training loss:		0.005091
  validation loss:		0.005128
  validation accuracy:		100.00 %
Epoch 269 of 500 took 5.608s
  training loss:		0.005358
  validation loss:		0.004581
  validation accuracy:		100.00 %
Epoch 270 of 500 took 5.597s
  training loss:		0.004935
  validation loss:		0.004757
  validation accuracy:		100.00 %
Epoch 271 of 500 took 5.603s
  training loss:		0.004654
  validation loss:		0.004551
  validation accuracy:		100.00 %
('Average Reconstruction Error -- ', 0.10368462406624805)
Plotting the learning curve .........
Plotting the valid learning curve .........
Plotting the accuracy curve .........
Network Parameters saved!!!!!!!!
Running prediction function on Validation data
Epoch 272 of 500 took 5.596s
  training loss:		0.005721
  validation loss:		0.004998
  validation accuracy:		100.00 %
Epoch 273 of 500 took 5.597s
  training loss:		0.005516
  validation loss:		0.005200
  validation accuracy:		100.00 %
Epoch 274 of 500 took 5.597s
  training loss:		0.004768
  validation loss:		0.005032
  validation accuracy:		100.00 %
Epoch 275 of 500 took 5.608s
  training loss:		0.005194
  validation loss:		0.005361
  validation accuracy:		100.00 %
Epoch 276 of 500 took 5.603s
  training loss:		0.004470
  validation loss:		0.003844
  validation accuracy:		100.00 %
Epoch 277 of 500 took 5.599s
  training loss:		0.004786
  validation loss:		0.004624
  validation accuracy:		100.00 %
Epoch 278 of 500 took 5.600s
  training loss:		0.004995
  validation loss:		0.004406
  validation accuracy:		100.00 %
Epoch 279 of 500 took 5.604s
  training loss:		0.004394
  validation loss:		0.003849
  validation accuracy:		100.00 %
Epoch 280 of 500 took 5.602s
  training loss:		0.004386
  validation loss:		0.004296
  validation accuracy:		100.00 %
Epoch 281 of 500 took 5.608s
  training loss:		0.004614
  validation loss:		0.004393
  validation accuracy:		100.00 %
('Average Reconstruction Error -- ', 0.10016860089741855)
Plotting the learning curve .........
Plotting the valid learning curve .........
Plotting the accuracy curve .........
Network Parameters saved!!!!!!!!
Running prediction function on Validation data
Epoch 282 of 500 took 5.655s
  training loss:		0.003906
  validation loss:		0.004291
  validation accuracy:		100.00 %
Epoch 283 of 500 took 5.606s
  training loss:		0.004380
  validation loss:		0.004322
  validation accuracy:		100.00 %
Epoch 284 of 500 took 5.600s
  training loss:		0.005095
  validation loss:		0.004699
  validation accuracy:		100.00 %
Epoch 285 of 500 took 5.599s
  training loss:		0.004247
  validation loss:		0.004084
  validation accuracy:		100.00 %
Epoch 286 of 500 took 5.617s
  training loss:		0.004112
  validation loss:		0.004624
  validation accuracy:		100.00 %
Epoch 287 of 500 took 5.589s
  training loss:		0.003663
  validation loss:		0.003861
  validation accuracy:		100.00 %
Epoch 288 of 500 took 5.602s
  training loss:		0.005049
  validation loss:		0.003993
  validation accuracy:		100.00 %
Epoch 289 of 500 took 5.603s
  training loss:		0.005087
  validation loss:		0.004351
  validation accuracy:		100.00 %
Epoch 290 of 500 took 5.601s
  training loss:		0.004101
  validation loss:		0.004168
  validation accuracy:		100.00 %
Epoch 291 of 500 took 5.602s
  training loss:		0.004336
  validation loss:		0.003885
  validation accuracy:		100.00 %
('Average Reconstruction Error -- ', 0.096877497599745524)
Plotting the learning curve .........
Plotting the valid learning curve .........
Plotting the accuracy curve .........
Network Parameters saved!!!!!!!!
Running prediction function on Validation data
Epoch 292 of 500 took 5.451s
  training loss:		0.005218
  validation loss:		0.004095
  validation accuracy:		100.00 %
Epoch 293 of 500 took 5.588s
  training loss:		0.003689
  validation loss:		0.004425
  validation accuracy:		100.00 %
Epoch 294 of 500 took 5.605s
  training loss:		0.004284
  validation loss:		0.004107
  validation accuracy:		100.00 %
Epoch 295 of 500 took 5.587s
  training loss:		0.003384
  validation loss:		0.004274
  validation accuracy:		100.00 %
Epoch 296 of 500 took 5.615s
  training loss:		0.004224
  validation loss:		0.003630
  validation accuracy:		100.00 %
Epoch 297 of 500 took 5.599s
  training loss:		0.004934
  validation loss:		0.005416
  validation accuracy:		100.00 %
Epoch 298 of 500 took 5.601s
  training loss:		0.003879
  validation loss:		0.003636
  validation accuracy:		100.00 %
Epoch 299 of 500 took 5.604s
  training loss:		0.003690
  validation loss:		0.004537
  validation accuracy:		100.00 %
Epoch 300 of 500 took 5.599s
  training loss:		0.004168
  validation loss:		0.003950
  validation accuracy:		100.00 %
Epoch 301 of 500 took 5.604s
  training loss:		0.003771
  validation loss:		0.004292
  validation accuracy:		100.00 %
('Average Reconstruction Error -- ', 0.093795990770459081)
Plotting the learning curve .........
Plotting the valid learning curve .........
Plotting the accuracy curve .........
Network Parameters saved!!!!!!!!
Running prediction function on Validation data
Epoch 302 of 500 took 5.581s
  training loss:		0.003932
  validation loss:		0.003359
  validation accuracy:		100.00 %
Epoch 303 of 500 took 5.598s
  training loss:		0.004293
  validation loss:		0.003528
  validation accuracy:		100.00 %
Epoch 304 of 500 took 5.604s
  training loss:		0.003673
  validation loss:		0.004246
  validation accuracy:		100.00 %
Epoch 305 of 500 took 5.605s
  training loss:		0.004232
  validation loss:		0.004428
  validation accuracy:		100.00 %
Epoch 306 of 500 took 5.601s
  training loss:		0.004328
  validation loss:		0.003933
  validation accuracy:		100.00 %
Epoch 307 of 500 took 5.598s
  training loss:		0.004098
  validation loss:		0.004134
  validation accuracy:		100.00 %
Epoch 308 of 500 took 5.603s
  training loss:		0.003763
  validation loss:		0.003718
  validation accuracy:		100.00 %
Epoch 309 of 500 took 5.600s
  training loss:		0.004286
  validation loss:		0.003641
  validation accuracy:		100.00 %
Epoch 310 of 500 took 5.604s
  training loss:		0.003328
  validation loss:		0.004222
  validation accuracy:		100.00 %
Epoch 311 of 500 took 5.601s
  training loss:		0.004658
  validation loss:		0.004115
  validation accuracy:		100.00 %
('Average Reconstruction Error -- ', 0.090910551671903664)
Plotting the learning curve .........
Plotting the valid learning curve .........
Plotting the accuracy curve .........
Network Parameters saved!!!!!!!!
Running prediction function on Validation data
Epoch 312 of 500 took 5.547s
  training loss:		0.003439
  validation loss:		0.003079
  validation accuracy:		100.00 %
Epoch 313 of 500 took 5.595s
  training loss:		0.004182
  validation loss:		0.003592
  validation accuracy:		100.00 %
Epoch 314 of 500 took 5.597s
  training loss:		0.003402
  validation loss:		0.003468
  validation accuracy:		100.00 %
Epoch 315 of 500 took 5.607s
  training loss:		0.004686
  validation loss:		0.003960
  validation accuracy:		100.00 %
Epoch 316 of 500 took 5.595s
  training loss:		0.003279
  validation loss:		0.003482
  validation accuracy:		100.00 %
Epoch 317 of 500 took 5.610s
  training loss:		0.003914
  validation loss:		0.004412
  validation accuracy:		100.00 %
Epoch 318 of 500 took 5.606s
  training loss:		0.003768
  validation loss:		0.003527
  validation accuracy:		100.00 %
Epoch 319 of 500 took 5.600s
  training loss:		0.003677
  validation loss:		0.003656
  validation accuracy:		100.00 %
Epoch 320 of 500 took 5.600s
  training loss:		0.003293
  validation loss:		0.003494
  validation accuracy:		100.00 %
Epoch 321 of 500 took 5.602s
  training loss:		0.003971
  validation loss:		0.003516
  validation accuracy:		100.00 %
('Average Reconstruction Error -- ', 0.08819561475853023)
Plotting the learning curve .........
Plotting the valid learning curve .........
Plotting the accuracy curve .........
Network Parameters saved!!!!!!!!
Running prediction function on Validation data
Epoch 322 of 500 took 5.491s
  training loss:		0.004184
  validation loss:		0.004235
  validation accuracy:		100.00 %
Epoch 323 of 500 took 5.598s
  training loss:		0.004082
  validation loss:		0.003491
  validation accuracy:		100.00 %
Epoch 324 of 500 took 5.600s
  training loss:		0.003219
  validation loss:		0.003154
  validation accuracy:		100.00 %
Epoch 325 of 500 took 5.610s
  training loss:		0.003533
  validation loss:		0.003023
  validation accuracy:		100.00 %
Epoch 326 of 500 took 5.593s
  training loss:		0.003791
  validation loss:		0.003608
  validation accuracy:		100.00 %
Epoch 327 of 500 took 5.601s
  training loss:		0.003124
  validation loss:		0.003226
  validation accuracy:		100.00 %
Epoch 328 of 500 took 5.605s
  training loss:		0.003450
  validation loss:		0.003388
  validation accuracy:		100.00 %
Epoch 329 of 500 took 5.607s
  training loss:		0.003402
  validation loss:		0.003925
  validation accuracy:		100.00 %
Epoch 330 of 500 took 5.598s
  training loss:		0.002907
  validation loss:		0.003430
  validation accuracy:		100.00 %
Epoch 331 of 500 took 5.602s
  training loss:		0.002774
  validation loss:		0.003682
  validation accuracy:		100.00 %
('Average Reconstruction Error -- ', 0.085635214458507428)
Plotting the learning curve .........
Plotting the valid learning curve .........
Plotting the accuracy curve .........
Network Parameters saved!!!!!!!!
Running prediction function on Validation data
Epoch 332 of 500 took 5.513s
  training loss:		0.003024
  validation loss:		0.003202
  validation accuracy:		100.00 %
Epoch 333 of 500 took 5.417s
  training loss:		0.003986
  validation loss:		0.003012
  validation accuracy:		100.00 %
Epoch 334 of 500 took 5.581s
  training loss:		0.003282
  validation loss:		0.003164
  validation accuracy:		100.00 %
Epoch 335 of 500 took 5.422s
  training loss:		0.003250
  validation loss:		0.003407
  validation accuracy:		100.00 %
Epoch 336 of 500 took 5.582s
  training loss:		0.003066
  validation loss:		0.002908
  validation accuracy:		100.00 %
Epoch 337 of 500 took 5.419s
  training loss:		0.003342
  validation loss:		0.003461
  validation accuracy:		100.00 %
Epoch 338 of 500 took 5.587s
  training loss:		0.003223
  validation loss:		0.003551
  validation accuracy:		100.00 %
Epoch 339 of 500 took 5.426s
  training loss:		0.003215
  validation loss:		0.002969
  validation accuracy:		100.00 %
Epoch 340 of 500 took 5.573s
  training loss:		0.003371
  validation loss:		0.003393
  validation accuracy:		100.00 %
Epoch 341 of 500 took 5.422s
  training loss:		0.003334
  validation loss:		0.003465
  validation accuracy:		100.00 %
('Average Reconstruction Error -- ', 0.083220966431123047)
Plotting the learning curve .........
Plotting the valid learning curve .........
Plotting the accuracy curve .........
Network Parameters saved!!!!!!!!
Running prediction function on Validation data
Epoch 342 of 500 took 5.466s
  training loss:		0.002985
  validation loss:		0.003695
  validation accuracy:		100.00 %
Epoch 343 of 500 took 5.596s
  training loss:		0.003114
  validation loss:		0.002813
  validation accuracy:		100.00 %
Epoch 344 of 500 took 5.602s
  training loss:		0.002938
  validation loss:		0.002911
  validation accuracy:		100.00 %
Epoch 345 of 500 took 5.602s
  training loss:		0.003334
  validation loss:		0.003080
  validation accuracy:		100.00 %
Epoch 346 of 500 took 5.602s
  training loss:		0.002846
  validation loss:		0.003129
  validation accuracy:		100.00 %
Epoch 347 of 500 took 5.606s
  training loss:		0.003621
  validation loss:		0.003017
  validation accuracy:		100.00 %
Epoch 348 of 500 took 5.599s
  training loss:		0.003539
  validation loss:		0.003057
  validation accuracy:		100.00 %
Epoch 349 of 500 took 5.606s
  training loss:		0.003006
  validation loss:		0.003240
  validation accuracy:		100.00 %
Epoch 350 of 500 took 5.599s
  training loss:		0.003049
  validation loss:		0.002991
  validation accuracy:		100.00 %
Epoch 351 of 500 took 5.601s
  training loss:		0.002916
  validation loss:		0.003242
  validation accuracy:		100.00 %
('Average Reconstruction Error -- ', 0.080939312036155453)
Plotting the learning curve .........
Plotting the valid learning curve .........
Plotting the accuracy curve .........
Network Parameters saved!!!!!!!!
Running prediction function on Validation data
Epoch 352 of 500 took 5.554s
  training loss:		0.004320
  validation loss:		0.002850
  validation accuracy:		100.00 %
Epoch 353 of 500 took 5.590s
  training loss:		0.003043
  validation loss:		0.003023
  validation accuracy:		100.00 %
Epoch 354 of 500 took 5.409s
  training loss:		0.002487
  validation loss:		0.003073
  validation accuracy:		100.00 %
Epoch 355 of 500 took 5.591s
  training loss:		0.003076
  validation loss:		0.002806
  validation accuracy:		100.00 %
Epoch 356 of 500 took 5.420s
  training loss:		0.003244
  validation loss:		0.003470
  validation accuracy:		100.00 %
Epoch 357 of 500 took 5.588s
  training loss:		0.003826
  validation loss:		0.003610
  validation accuracy:		100.00 %
Epoch 358 of 500 took 5.415s
  training loss:		0.003122
  validation loss:		0.002866
  validation accuracy:		100.00 %
Epoch 359 of 500 took 5.585s
  training loss:		0.003116
  validation loss:		0.003668
  validation accuracy:		100.00 %
Epoch 360 of 500 took 5.423s
  training loss:		0.002610
  validation loss:		0.003233
  validation accuracy:		100.00 %
Epoch 361 of 500 took 5.586s
  training loss:		0.002710
  validation loss:		0.003185
  validation accuracy:		100.00 %
('Average Reconstruction Error -- ', 0.078784630345702253)
Plotting the learning curve .........
Plotting the valid learning curve .........
Plotting the accuracy curve .........
Network Parameters saved!!!!!!!!
Running prediction function on Validation data
Epoch 362 of 500 took 5.554s
  training loss:		0.002794
  validation loss:		0.002963
  validation accuracy:		100.00 %
Epoch 363 of 500 took 5.412s
  training loss:		0.002431
  validation loss:		0.002965
  validation accuracy:		100.00 %
Epoch 364 of 500 took 5.587s
  training loss:		0.003510
  validation loss:		0.003022
  validation accuracy:		100.00 %
Epoch 365 of 500 took 5.416s
  training loss:		0.003203
  validation loss:		0.003055
  validation accuracy:		100.00 %
Epoch 366 of 500 took 5.586s
  training loss:		0.002838
  validation loss:		0.003070
  validation accuracy:		100.00 %
Epoch 367 of 500 took 5.418s
  training loss:		0.002588
  validation loss:		0.003256
  validation accuracy:		100.00 %
Epoch 368 of 500 took 5.585s
  training loss:		0.003058
  validation loss:		0.003467
  validation accuracy:		100.00 %
Epoch 369 of 500 took 5.419s
  training loss:		0.002828
  validation loss:		0.002407
  validation accuracy:		100.00 %
Epoch 370 of 500 took 5.588s
  training loss:		0.002505
  validation loss:		0.002967
  validation accuracy:		100.00 %
Epoch 371 of 500 took 5.420s
  training loss:		0.002834
  validation loss:		0.003155
  validation accuracy:		100.00 %
('Average Reconstruction Error -- ', 0.076738113147063525)
Plotting the learning curve .........
Plotting the valid learning curve .........
Plotting the accuracy curve .........
Network Parameters saved!!!!!!!!
Running prediction function on Validation data
Epoch 372 of 500 took 5.526s
  training loss:		0.002783
  validation loss:		0.002662
  validation accuracy:		100.00 %
Epoch 373 of 500 took 5.590s
  training loss:		0.002470
  validation loss:		0.002632
  validation accuracy:		100.00 %
Epoch 374 of 500 took 5.424s
  training loss:		0.002982
  validation loss:		0.002721
  validation accuracy:		100.00 %
Epoch 375 of 500 took 5.582s
  training loss:		0.002943
  validation loss:		0.002516
  validation accuracy:		100.00 %
Epoch 376 of 500 took 5.414s
  training loss:		0.003173
  validation loss:		0.002945
  validation accuracy:		100.00 %
Epoch 377 of 500 took 5.595s
  training loss:		0.002965
  validation loss:		0.003169
  validation accuracy:		100.00 %
Epoch 378 of 500 took 5.599s
  training loss:		0.002831
  validation loss:		0.002984
  validation accuracy:		100.00 %
Epoch 379 of 500 took 5.596s
  training loss:		0.002692
  validation loss:		0.002266
  validation accuracy:		100.00 %
Epoch 380 of 500 took 5.427s
  training loss:		0.002930
  validation loss:		0.002248
  validation accuracy:		100.00 %
Epoch 381 of 500 took 5.578s
  training loss:		0.002351
  validation loss:		0.003054
  validation accuracy:		100.00 %
('Average Reconstruction Error -- ', 0.074797795481813603)
Plotting the learning curve .........
Plotting the valid learning curve .........
Plotting the accuracy curve .........
Network Parameters saved!!!!!!!!
Running prediction function on Validation data
Epoch 382 of 500 took 5.491s
  training loss:		0.003030
  validation loss:		0.002579
  validation accuracy:		100.00 %
Epoch 383 of 500 took 5.600s
  training loss:		0.002516
  validation loss:		0.002561
  validation accuracy:		100.00 %
Epoch 384 of 500 took 5.597s
  training loss:		0.003185
  validation loss:		0.002806
  validation accuracy:		100.00 %
Epoch 385 of 500 took 5.605s
  training loss:		0.003077
  validation loss:		0.002558
  validation accuracy:		100.00 %
Epoch 386 of 500 took 5.603s
  training loss:		0.002722
  validation loss:		0.002566
  validation accuracy:		100.00 %
Epoch 387 of 500 took 5.700s
  training loss:		0.003333
  validation loss:		0.002286
  validation accuracy:		100.00 %
Epoch 388 of 500 took 5.514s
  training loss:		0.002652
  validation loss:		0.002418
  validation accuracy:		100.00 %
Epoch 389 of 500 took 5.594s
  training loss:		0.002520
  validation loss:		0.003921
  validation accuracy:		100.00 %
Epoch 390 of 500 took 5.600s
  training loss:		0.002498
  validation loss:		0.002455
  validation accuracy:		100.00 %
Epoch 391 of 500 took 5.599s
  training loss:		0.002483
  validation loss:		0.002539
  validation accuracy:		100.00 %
('Average Reconstruction Error -- ', 0.07295645841951702)
Plotting the learning curve .........
Plotting the valid learning curve .........
Plotting the accuracy curve .........
Network Parameters saved!!!!!!!!
Running prediction function on Validation data
Epoch 392 of 500 took 5.651s
  training loss:		0.002711
  validation loss:		0.002671
  validation accuracy:		100.00 %
Epoch 393 of 500 took 5.411s
  training loss:		0.002877
  validation loss:		0.002567
  validation accuracy:		100.00 %
Epoch 394 of 500 took 5.590s
  training loss:		0.002697
  validation loss:		0.002297
  validation accuracy:		100.00 %
Epoch 395 of 500 took 5.414s
  training loss:		0.003025
  validation loss:		0.002934
  validation accuracy:		100.00 %
Epoch 396 of 500 took 5.601s
  training loss:		0.002802
  validation loss:		0.002741
  validation accuracy:		100.00 %
Epoch 397 of 500 took 5.590s
  training loss:		0.002549
  validation loss:		0.002081
  validation accuracy:		100.00 %
Epoch 398 of 500 took 5.418s
  training loss:		0.002598
  validation loss:		0.002601
  validation accuracy:		100.00 %
Epoch 399 of 500 took 5.584s
  training loss:		0.002220
  validation loss:		0.002343
  validation accuracy:		100.00 %
Epoch 400 of 500 took 5.418s
  training loss:		0.002373
  validation loss:		0.002279
  validation accuracy:		100.00 %
Epoch 401 of 500 took 5.582s
  training loss:		0.002304
  validation loss:		0.002163
  validation accuracy:		100.00 %
('Average Reconstruction Error -- ', 0.071202323003551352)
Plotting the learning curve .........
Plotting the valid learning curve .........
Plotting the accuracy curve .........
Network Parameters saved!!!!!!!!
Running prediction function on Validation data
Epoch 402 of 500 took 5.498s
  training loss:		0.002887
  validation loss:		0.002581
  validation accuracy:		100.00 %
Epoch 403 of 500 took 5.528s
  training loss:		0.002528
  validation loss:		0.002858
  validation accuracy:		100.00 %
Epoch 404 of 500 took 5.601s
  training loss:		0.002173
  validation loss:		0.002663
  validation accuracy:		100.00 %
Epoch 405 of 500 took 5.602s
  training loss:		0.002513
  validation loss:		0.002307
  validation accuracy:		100.00 %
Epoch 406 of 500 took 5.599s
  training loss:		0.002509
  validation loss:		0.002576
  validation accuracy:		100.00 %
Epoch 407 of 500 took 5.600s
  training loss:		0.002507
  validation loss:		0.002654
  validation accuracy:		100.00 %
Epoch 408 of 500 took 5.600s
  training loss:		0.002325
  validation loss:		0.002957
  validation accuracy:		100.00 %
Epoch 409 of 500 took 5.603s
  training loss:		0.002374
  validation loss:		0.002307
  validation accuracy:		100.00 %
Epoch 410 of 500 took 5.607s
  training loss:		0.002187
  validation loss:		0.002429
  validation accuracy:		100.00 %
Epoch 411 of 500 took 5.593s
  training loss:		0.002245
  validation loss:		0.002220
  validation accuracy:		100.00 %
('Average Reconstruction Error -- ', 0.069528903226360905)
Plotting the learning curve .........
Plotting the valid learning curve .........
Plotting the accuracy curve .........
Network Parameters saved!!!!!!!!
Running prediction function on Validation data
Epoch 412 of 500 took 5.460s
  training loss:		0.002296
  validation loss:		0.002829
  validation accuracy:		100.00 %
Epoch 413 of 500 took 5.583s
  training loss:		0.002454
  validation loss:		0.002296
  validation accuracy:		100.00 %
Epoch 414 of 500 took 5.410s
  training loss:		0.002324
  validation loss:		0.002065
  validation accuracy:		100.00 %
Epoch 415 of 500 took 5.406s
  training loss:		0.002376
  validation loss:		0.002443
  validation accuracy:		100.00 %
Epoch 416 of 500 took 5.593s
  training loss:		0.002902
  validation loss:		0.002440
  validation accuracy:		100.00 %
Epoch 417 of 500 took 5.408s
  training loss:		0.002212
  validation loss:		0.002379
  validation accuracy:		100.00 %
Epoch 418 of 500 took 5.405s
  training loss:		0.002550
  validation loss:		0.002502
  validation accuracy:		100.00 %
Epoch 419 of 500 took 5.588s
  training loss:		0.002611
  validation loss:		0.002378
  validation accuracy:		100.00 %
Epoch 420 of 500 took 5.414s
  training loss:		0.002487
  validation loss:		0.002383
  validation accuracy:		100.00 %
Epoch 421 of 500 took 5.407s
  training loss:		0.002256
  validation loss:		0.002146
  validation accuracy:		100.00 %
('Average Reconstruction Error -- ', 0.067935506246496843)
Plotting the learning curve .........
Plotting the valid learning curve .........
Plotting the accuracy curve .........
Network Parameters saved!!!!!!!!
Running prediction function on Validation data
Epoch 422 of 500 took 5.476s
  training loss:		0.002409
  validation loss:		0.002328
  validation accuracy:		100.00 %
Epoch 423 of 500 took 5.403s
  training loss:		0.002237
  validation loss:		0.002216
  validation accuracy:		100.00 %
Epoch 424 of 500 took 5.412s
  training loss:		0.002109
  validation loss:		0.002625
  validation accuracy:		100.00 %
Epoch 425 of 500 took 5.399s
  training loss:		0.002104
  validation loss:		0.002841
  validation accuracy:		100.00 %
Epoch 426 of 500 took 5.398s
  training loss:		0.002719
  validation loss:		0.002239
  validation accuracy:		100.00 %
Epoch 427 of 500 took 5.403s
  training loss:		0.002264
  validation loss:		0.002383
  validation accuracy:		100.00 %
Epoch 428 of 500 took 5.399s
  training loss:		0.002828
  validation loss:		0.002551
  validation accuracy:		100.00 %
Epoch 429 of 500 took 5.405s
  training loss:		0.001947
  validation loss:		0.002195
  validation accuracy:		100.00 %
Epoch 430 of 500 took 5.404s
  training loss:		0.002438
  validation loss:		0.002064
  validation accuracy:		100.00 %
Epoch 431 of 500 took 5.397s
  training loss:		0.002127
  validation loss:		0.002228
  validation accuracy:		100.00 %
('Average Reconstruction Error -- ', 0.066413063037089409)
Plotting the learning curve .........
Plotting the valid learning curve .........
Plotting the accuracy curve .........
Network Parameters saved!!!!!!!!
Running prediction function on Validation data
Epoch 432 of 500 took 5.409s
  training loss:		0.002421
  validation loss:		0.002128
  validation accuracy:		100.00 %
Epoch 433 of 500 took 5.590s
  training loss:		0.002213
  validation loss:		0.002107
  validation accuracy:		100.00 %
Epoch 434 of 500 took 5.411s
  training loss:		0.002449
  validation loss:		0.002594
  validation accuracy:		100.00 %
Epoch 435 of 500 took 5.399s
  training loss:		0.002644
  validation loss:		0.002404
  validation accuracy:		100.00 %
Epoch 436 of 500 took 5.403s
  training loss:		0.002263
  validation loss:		0.002459
  validation accuracy:		100.00 %
Epoch 437 of 500 took 5.402s
  training loss:		0.002196
  validation loss:		0.001928
  validation accuracy:		100.00 %
Epoch 438 of 500 took 5.411s
  training loss:		0.002365
  validation loss:		0.001989
  validation accuracy:		100.00 %
Epoch 439 of 500 took 5.582s
  training loss:		0.002020
  validation loss:		0.002082
  validation accuracy:		100.00 %
Epoch 440 of 500 took 5.416s
  training loss:		0.001985
  validation loss:		0.001902
  validation accuracy:		100.00 %
Epoch 441 of 500 took 5.402s
  training loss:		0.001935
  validation loss:		0.002336
  validation accuracy:		100.00 %
('Average Reconstruction Error -- ', 0.064958097712301169)
Plotting the learning curve .........
Plotting the valid learning curve .........
Plotting the accuracy curve .........
Network Parameters saved!!!!!!!!
Running prediction function on Validation data
Epoch 442 of 500 took 5.549s
  training loss:		0.002156
  validation loss:		0.002178
  validation accuracy:		100.00 %
Epoch 443 of 500 took 5.415s
  training loss:		0.001823
  validation loss:		0.002524
  validation accuracy:		100.00 %
Epoch 444 of 500 took 5.403s
  training loss:		0.002328
  validation loss:		0.002402
  validation accuracy:		100.00 %
Epoch 445 of 500 took 5.399s
  training loss:		0.002018
  validation loss:		0.002130
  validation accuracy:		100.00 %
Epoch 446 of 500 took 5.403s
  training loss:		0.001899
  validation loss:		0.002673
  validation accuracy:		100.00 %
Epoch 447 of 500 took 5.409s
  training loss:		0.002323
  validation loss:		0.002042
  validation accuracy:		100.00 %
Epoch 448 of 500 took 5.580s
  training loss:		0.002204
  validation loss:		0.001862
  validation accuracy:		100.00 %
Epoch 449 of 500 took 5.421s
  training loss:		0.002174
  validation loss:		0.002272
  validation accuracy:		100.00 %
Epoch 450 of 500 took 5.400s
  training loss:		0.001805
  validation loss:		0.001921
  validation accuracy:		100.00 %
Epoch 451 of 500 took 5.405s
  training loss:		0.001816
  validation loss:		0.002110
  validation accuracy:		100.00 %
('Average Reconstruction Error -- ', 0.063563342252718896)
Plotting the learning curve .........
Plotting the valid learning curve .........
Plotting the accuracy curve .........
Network Parameters saved!!!!!!!!
Running prediction function on Validation data
Epoch 452 of 500 took 5.546s
  training loss:		0.001881
  validation loss:		0.002235
  validation accuracy:		100.00 %
Epoch 453 of 500 took 5.409s
  training loss:		0.002110
  validation loss:		0.002257
  validation accuracy:		100.00 %
Epoch 454 of 500 took 5.404s
  training loss:		0.002142
  validation loss:		0.002205
  validation accuracy:		100.00 %
Epoch 455 of 500 took 5.403s
  training loss:		0.002272
  validation loss:		0.001970
  validation accuracy:		100.00 %
Epoch 456 of 500 took 5.589s
  training loss:		0.002106
  validation loss:		0.002168
  validation accuracy:		100.00 %
Epoch 457 of 500 took 5.410s
  training loss:		0.002238
  validation loss:		0.002311
  validation accuracy:		100.00 %
Epoch 458 of 500 took 5.405s
  training loss:		0.001928
  validation loss:		0.001909
  validation accuracy:		100.00 %
Epoch 459 of 500 took 5.402s
  training loss:		0.001794
  validation loss:		0.001812
  validation accuracy:		100.00 %
Epoch 460 of 500 took 5.399s
  training loss:		0.002096
  validation loss:		0.002416
  validation accuracy:		100.00 %
Epoch 461 of 500 took 5.405s
  training loss:		0.001851
  validation loss:		0.001752
  validation accuracy:		100.00 %
('Average Reconstruction Error -- ', 0.062228818997037617)
Plotting the learning curve .........
Plotting the valid learning curve .........
Plotting the accuracy curve .........
Network Parameters saved!!!!!!!!
Running prediction function on Validation data
Epoch 462 of 500 took 5.462s
  training loss:		0.002489
  validation loss:		0.001803
  validation accuracy:		100.00 %
Epoch 463 of 500 took 5.593s
  training loss:		0.002051
  validation loss:		0.001815
  validation accuracy:		100.00 %
Epoch 464 of 500 took 5.600s
  training loss:		0.002005
  validation loss:		0.001707
  validation accuracy:		100.00 %
Epoch 465 of 500 took 5.604s
  training loss:		0.001775
  validation loss:		0.001730
  validation accuracy:		100.00 %
Epoch 466 of 500 took 5.600s
  training loss:		0.002071
  validation loss:		0.001895
  validation accuracy:		100.00 %
Epoch 467 of 500 took 5.607s
  training loss:		0.001927
  validation loss:		0.001728
  validation accuracy:		100.00 %
Epoch 468 of 500 took 5.598s
  training loss:		0.002106
  validation loss:		0.002016
  validation accuracy:		100.00 %
Epoch 469 of 500 took 5.601s
  training loss:		0.002236
  validation loss:		0.001898
  validation accuracy:		100.00 %
Epoch 470 of 500 took 5.604s
  training loss:		0.002333
  validation loss:		0.002006
  validation accuracy:		100.00 %
Epoch 471 of 500 took 5.595s
  training loss:		0.001859
  validation loss:		0.001773
  validation accuracy:		100.00 %
('Average Reconstruction Error -- ', 0.060951888437237783)
Plotting the learning curve .........
Plotting the valid learning curve .........
Plotting the accuracy curve .........
Network Parameters saved!!!!!!!!
Running prediction function on Validation data
Epoch 472 of 500 took 5.596s
  training loss:		0.002003
  validation loss:		0.001810
  validation accuracy:		100.00 %
Epoch 473 of 500 took 5.609s
  training loss:		0.001718
  validation loss:		0.001855
  validation accuracy:		100.00 %
Epoch 474 of 500 took 5.598s
  training loss:		0.002653
  validation loss:		0.001807
  validation accuracy:		100.00 %
Epoch 475 of 500 took 5.605s
  training loss:		0.001708
  validation loss:		0.002300
  validation accuracy:		100.00 %
Epoch 476 of 500 took 5.599s
  training loss:		0.001802
  validation loss:		0.001617
  validation accuracy:		100.00 %
Epoch 477 of 500 took 5.605s
  training loss:		0.001710
  validation loss:		0.001601
  validation accuracy:		100.00 %
Epoch 478 of 500 took 5.600s
  training loss:		0.001889
  validation loss:		0.001744
  validation accuracy:		100.00 %
Epoch 479 of 500 took 5.599s
  training loss:		0.001699
  validation loss:		0.002286
  validation accuracy:		100.00 %
Epoch 480 of 500 took 5.605s
  training loss:		0.002033
  validation loss:		0.001760
  validation accuracy:		100.00 %
Epoch 481 of 500 took 5.604s
  training loss:		0.002466
  validation loss:		0.001966
  validation accuracy:		100.00 %
('Average Reconstruction Error -- ', 0.05972561356446212)
Plotting the learning curve .........
Plotting the valid learning curve .........
Plotting the accuracy curve .........
Network Parameters saved!!!!!!!!
Running prediction function on Validation data
Epoch 482 of 500 took 5.589s
  training loss:		0.002348
  validation loss:		0.001749
  validation accuracy:		100.00 %
Epoch 483 of 500 took 5.607s
  training loss:		0.001966
  validation loss:		0.002172
  validation accuracy:		100.00 %
Epoch 484 of 500 took 5.598s
  training loss:		0.001727
  validation loss:		0.002506
  validation accuracy:		100.00 %
Epoch 485 of 500 took 5.602s
  training loss:		0.001934
  validation loss:		0.001826
  validation accuracy:		100.00 %
Epoch 486 of 500 took 5.607s
  training loss:		0.002169
  validation loss:		0.001962
  validation accuracy:		100.00 %
Epoch 487 of 500 took 5.597s
  training loss:		0.001830
  validation loss:		0.002205
  validation accuracy:		100.00 %
Epoch 488 of 500 took 5.606s
  training loss:		0.002140
  validation loss:		0.002607
  validation accuracy:		100.00 %
Epoch 489 of 500 took 5.600s
  training loss:		0.001901
  validation loss:		0.002071
  validation accuracy:		100.00 %
Epoch 490 of 500 took 5.597s
  training loss:		0.001530
  validation loss:		0.001780
  validation accuracy:		100.00 %
Epoch 491 of 500 took 5.610s
  training loss:		0.002252
  validation loss:		0.002336
  validation accuracy:		100.00 %
('Average Reconstruction Error -- ', 0.058549526081883171)
Plotting the learning curve .........
Plotting the valid learning curve .........
Plotting the accuracy curve .........
Network Parameters saved!!!!!!!!
Running prediction function on Validation data
Epoch 492 of 500 took 5.542s
  training loss:		0.001856
  validation loss:		0.001727
  validation accuracy:		100.00 %
Epoch 493 of 500 took 5.597s
  training loss:		0.002033
  validation loss:		0.001767
  validation accuracy:		100.00 %
Epoch 494 of 500 took 5.602s
  training loss:		0.001969
  validation loss:		0.002259
  validation accuracy:		100.00 %
Epoch 495 of 500 took 5.605s
  training loss:		0.001742
  validation loss:		0.001826
  validation accuracy:		100.00 %
Epoch 496 of 500 took 5.603s
  training loss:		0.001781
  validation loss:		0.001699
  validation accuracy:		100.00 %
Epoch 497 of 500 took 5.601s
  training loss:		0.001740
  validation loss:		0.001894
  validation accuracy:		100.00 %
Epoch 498 of 500 took 5.602s
  training loss:		0.002092
  validation loss:		0.001842
  validation accuracy:		100.00 %
Epoch 499 of 500 took 5.603s
  training loss:		0.001821
  validation loss:		0.001620
  validation accuracy:		100.00 %
Epoch 500 of 500 took 5.600s
  training loss:		0.001908
  validation loss:		0.001854
  validation accuracy:		100.00 %
('Get all the Update Values : ', OrderedDict([(W, Elemwise{add,no_inplace}.0), (b, Elemwise{add,no_inplace}.0), (W, Elemwise{add,no_inplace}.0), (b, Elemwise{add,no_inplace}.0), (W, Elemwise{add,no_inplace}.0), (b, Elemwise{add,no_inplace}.0), (W, Elemwise{add,no_inplace}.0), (b, Elemwise{add,no_inplace}.0), (W, Elemwise{add,no_inplace}.0), (b, Elemwise{add,no_inplace}.0), (W, Elemwise{add,no_inplace}.0), (b, Elemwise{add,no_inplace}.0), (<TensorType(float64, 4D)>, Elemwise{sub,no_inplace}.0), (<TensorType(float64, vector)>, Elemwise{sub,no_inplace}.0), (<TensorType(float64, 4D)>, Elemwise{sub,no_inplace}.0), (<TensorType(float64, vector)>, Elemwise{sub,no_inplace}.0), (<TensorType(float64, 4D)>, Elemwise{sub,no_inplace}.0), (<TensorType(float64, vector)>, Elemwise{sub,no_inplace}.0), (<TensorType(float64, 4D)>, Elemwise{sub,no_inplace}.0), (<TensorType(float64, vector)>, Elemwise{sub,no_inplace}.0), (<TensorType(float64, matrix)>, Elemwise{sub,no_inplace}.0), (<TensorType(float64, vector)>, Elemwise{sub,no_inplace}.0), (<TensorType(float64, matrix)>, Elemwise{sub,no_inplace}.0), (<TensorType(float64, vector)>, Elemwise{sub,no_inplace}.0)]))
Visualizing Saliency map .........
Traceback (most recent call last):
  File "supervised_cnn.py", line 450, in <module>
    main(**{k:v for (k,v) in vars(args).items() if v is not None})
  File "supervised_cnn.py", line 409, in main
    visualize_saliency_map(X_train, X_sal, max_class, outfolder)
  File "/global/u1/s/ssingh79/convolutional_autoencoder-master/Models/Theoretical_model/visualize.py", line 223, in visualize_saliency_map
    plt.imshow((np.maximum(0, saliency) / saliency.max()))
  File "/usr/common/software/python/2.7-anaconda/envs/deeplearning/lib/python2.7/site-packages/matplotlib/pyplot.py", line 3022, in imshow
    **kwargs)
  File "/usr/common/software/python/2.7-anaconda/envs/deeplearning/lib/python2.7/site-packages/matplotlib/__init__.py", line 1812, in inner
    return func(ax, *args, **kwargs)
  File "/usr/common/software/python/2.7-anaconda/envs/deeplearning/lib/python2.7/site-packages/matplotlib/axes/_axes.py", line 4947, in imshow
    im.set_data(X)
  File "/usr/common/software/python/2.7-anaconda/envs/deeplearning/lib/python2.7/site-packages/matplotlib/image.py", line 453, in set_data
    raise TypeError("Invalid dimensions for image data")
TypeError: Invalid dimensions for image data
