Loading data...
('Calling ', 'train_data_64k.h5', '......')
('Printing Train set ', array([[-0.01032324,  0.00679525,  0.0022744 , ..., -0.00186596,
        -0.00139782, -0.00295408],
       [ 0.03064897,  0.00953815,  0.03919139, ..., -0.04416131,
        -0.01501628, -0.03169146],
       [-0.00054488,  0.03779386,  0.03071115, ...,  0.03494589,
        -0.00192948, -0.01491482],
       ..., 
       [-0.01792001, -0.0332757 , -0.03511935, ..., -0.02660589,
        -0.02870286, -0.0296263 ],
       [-0.01097497, -0.01258439, -0.03759458, ...,  0.01413019,
        -0.02485162, -0.02055037],
       [-0.04255074, -0.04967483, -0.02673387, ...,  0.01248583,
         0.0289001 , -0.00986743]]))
('X_train 1 shape ', (64000, 16384))
('Printing Train set ', array([[-0.02512396, -0.03287205, -0.03316736, ...,  0.10065543,
         0.02794481,  0.00411595],
       [ 0.02518618,  0.00925795,  0.0307598 , ..., -0.03124851,
        -0.03897436, -0.03171649],
       [ 0.05087735,  0.06243372,  0.09598123, ..., -0.01340537,
         0.02301167,  0.05911352],
       ..., 
       [ 0.01281872, -0.00571466, -0.03530059, ..., -0.02591705,
        -0.0062293 ,  0.01869127],
       [-0.05095224, -0.0446883 , -0.04354183, ..., -0.01251224,
        -0.01232889,  0.03422774],
       [-0.0315671 , -0.03121806, -0.03767376, ..., -0.00516524,
         0.00659046, -0.00170965]]))
('X_train 2 shape ', (64000, 16384))
('Theoretical model 1', (500, 16384))
('Theoretical model 1', (500, 16384))
('Training Set : ', array([[ 0.00189089, -0.00912271, -0.01447283, ...,  0.03956504,
         0.09477597,  0.11201572],
       [-0.00611269, -0.02541941, -0.02755176, ...,  0.00792899,
        -0.01540472, -0.03009856],
       [ 0.00022628, -0.01346502, -0.01532637, ..., -0.01062434,
        -0.03306533, -0.04068203],
       ..., 
       [ 0.01289651,  0.00311235, -0.02935848, ..., -0.04199703,
        -0.04637515, -0.04395026],
       [-0.02554141, -0.02450821, -0.01787327, ...,  0.11449514,
         0.09014124,  0.02511103],
       [-0.01985287,  0.00608296, -0.02694343, ...,  0.00993636,
        -0.01129446, -0.02432309]]))
((800, 16384), (800,))
('Validation Set : ', array([[-0.0102168 , -0.0289733 , -0.03606261, ..., -0.01399135,
        -0.00353882, -0.00517673],
       [-0.04143087, -0.05228517, -0.03363187, ...,  0.01457208,
         0.02686742,  0.00577774],
       [ 0.07304869,  0.193183  ,  0.14174153, ...,  0.0676598 ,
         0.01624373, -0.03082917],
       ..., 
       [ 0.01200879,  0.02278832,  0.05056259, ...,  0.03763533,
         0.01031545, -0.0034338 ],
       [-0.0159513 , -0.01122144,  0.00950824, ...,  0.00627258,
        -0.00446043, -0.04438518],
       [-0.0405482 , -0.01261058,  0.00043467, ..., -0.03097168,
        -0.01842986, -0.00395768]]))
((100, 16384), (100,))
('Test Set : ', array([[-0.01313717, -0.0035089 ,  0.00146714, ..., -0.0169922 ,
        -0.03425445, -0.02945606],
       [ 0.01628316,  0.00103918,  0.0144168 , ..., -0.04097247,
        -0.03453013, -0.01545624],
       [-0.01789699, -0.02538403, -0.02072814, ...,  0.04781653,
         0.00809917, -0.00252748],
       ..., 
       [ 0.0293053 ,  0.00856494,  0.03173319, ..., -0.04406182,
        -0.02757858, -0.00605998],
       [ 0.00287473, -0.02044268, -0.02542311, ..., -0.01141598,
         0.03016868,  0.00359252],
       [ 0.00951076, -0.00996607, -0.0297433 , ...,  0.0722294 ,
         0.04395605,  0.04989507]]))
((100, 16384), (100,))
[  3.61036258e-05   2.25193053e-03   1.71309909e-03 ...,  -1.26697949e-03
  -1.55703659e-03  -8.32970225e-04]
[ 0.00140485  0.00164014  0.00160964 ...,  0.0012451   0.00144919
  0.00129041]
('Normalized Training data : ', array([[ 0.04948559, -0.28086487, -0.40343516, ...,  1.15717236,
         2.53053688,  3.14146467],
       [-0.16404938, -0.68326625, -0.72942799, ...,  0.26061219,
        -0.36375974, -0.81469094],
       [ 0.00507403, -0.388086  , -0.42470967, ..., -0.26518583,
        -0.82768008, -1.10931196],
       ..., 
       [ 0.34311496,  0.02124561, -0.77446056, ..., -1.15428254,
        -1.17731078, -1.20029247],
       [-0.68240676, -0.66076671, -0.48819128, ...,  3.28067817,
         2.40878882,  0.72222507],
       [-0.53063685,  0.09459659, -0.71426537, ...,  0.31750081,
        -0.25578893, -0.65391437]]))
('Mean : ', -4.2327252813834092e-18)
('min : ', -2.6916808693655319)
('max : ', 18.908956255623973)
('Valid set min : ', -2.5928981723745261)
('Valid set max : ', 37.682215290842699)
('Test set min : ', -2.5182484373278049)
('Test set max : ', 17.895122747936437)
((800, 1, 128, 128), (800,))
((100, 1, 128, 128), (100,))
((100, 1, 128, 128), (100,))
Saving sampled training images.......
Building model and compiling functions.........
('Input shape : ', (None, 1, 128, 128))
('Conv layer 1 : ', (None, 32, 128, 128))
('Max pool 1 : ', (None, 32, 64, 64))
('Conv layer 2 : ', (None, 32, 64, 64))
('Max pool 2 : ', (None, 32, 32, 32))
('Conv layer 3 : ', (None, 64, 32, 32))
('Max pool 3 : ', (None, 64, 16, 16))
('Conv layer 4 : ', (None, 64, 16, 16))
('Max pool 4 : ', (None, 64, 8, 8))
('Fully Connected layer: ', (None, 2048))
('Softmax layer: ', (None, 2))
Created Lasagne Layers & Network established !!! 
('Get the output layer : ', Softmax.0)
('Get all the parameters : ', [W, b, W, b, W, b, W, b, W, b, W, b])
Starting training...
Epoch 1 of 500 took 53.168s
  training loss:		0.723665
  validation loss:		0.695366
  validation accuracy:		52.99 %
('Average Reconstruction Error -- ', 0.72366542672674161)
Plotting the learning curve .........
Plotting the valid learning curve .........
Plotting the accuracy curve .........
Network Parameters saved!!!!!!!!
Running prediction function on Validation data
Epoch 2 of 500 took 51.502s
  training loss:		0.695043
  validation loss:		0.677836
  validation accuracy:		55.60 %
Epoch 3 of 500 took 51.214s
  training loss:		0.687379
  validation loss:		0.664873
  validation accuracy:		61.07 %
Epoch 4 of 500 took 51.224s
  training loss:		0.662713
  validation loss:		0.659057
  validation accuracy:		60.68 %
Epoch 5 of 500 took 51.417s
  training loss:		0.658113
  validation loss:		0.651066
  validation accuracy:		63.41 %
Epoch 6 of 500 took 51.421s
  training loss:		0.647636
  validation loss:		0.636938
  validation accuracy:		64.45 %
Epoch 7 of 500 took 51.415s
  training loss:		0.639921
  validation loss:		0.634448
  validation accuracy:		61.46 %
Epoch 8 of 500 took 51.222s
  training loss:		0.627960
  validation loss:		0.632008
  validation accuracy:		65.62 %
Epoch 9 of 500 took 51.407s
  training loss:		0.630444
  validation loss:		0.628203
  validation accuracy:		65.49 %
Epoch 10 of 500 took 51.227s
  training loss:		0.623404
  validation loss:		0.614056
  validation accuracy:		66.02 %
Epoch 11 of 500 took 51.607s
  training loss:		0.611927
  validation loss:		0.609101
  validation accuracy:		68.23 %
('Average Reconstruction Error -- ', 0.65529139237138445)
Plotting the learning curve .........
Plotting the valid learning curve .........
Plotting the accuracy curve .........
Network Parameters saved!!!!!!!!
Running prediction function on Validation data
Epoch 12 of 500 took 51.284s
  training loss:		0.597006
  validation loss:		0.668450
  validation accuracy:		55.86 %
Epoch 13 of 500 took 51.412s
  training loss:		0.608601
  validation loss:		0.606519
  validation accuracy:		63.54 %
Epoch 14 of 500 took 51.436s
  training loss:		0.598026
  validation loss:		0.596687
  validation accuracy:		69.66 %
Epoch 15 of 500 took 51.405s
  training loss:		0.581587
  validation loss:		0.577058
  validation accuracy:		73.18 %
Epoch 16 of 500 took 51.428s
  training loss:		0.576609
  validation loss:		0.566797
  validation accuracy:		74.09 %
Epoch 17 of 500 took 51.424s
  training loss:		0.567428
  validation loss:		0.575460
  validation accuracy:		69.27 %
Epoch 18 of 500 took 51.395s
  training loss:		0.560879
  validation loss:		0.554784
  validation accuracy:		75.26 %
Epoch 19 of 500 took 51.415s
  training loss:		0.557200
  validation loss:		0.554297
  validation accuracy:		76.95 %
Epoch 20 of 500 took 51.444s
  training loss:		0.556590
  validation loss:		0.535979
  validation accuracy:		79.04 %
Epoch 21 of 500 took 51.412s
  training loss:		0.532952
  validation loss:		0.528433
  validation accuracy:		77.34 %
('Average Reconstruction Error -- ', 0.61643245349586751)
Plotting the learning curve .........
Plotting the valid learning curve .........
Plotting the accuracy curve .........
Network Parameters saved!!!!!!!!
Running prediction function on Validation data
Epoch 22 of 500 took 51.923s
  training loss:		0.528978
  validation loss:		0.528246
  validation accuracy:		76.69 %
Epoch 23 of 500 took 51.670s
  training loss:		0.519819
  validation loss:		0.536723
  validation accuracy:		74.35 %
Epoch 24 of 500 took 51.432s
  training loss:		0.521639
  validation loss:		0.504753
  validation accuracy:		80.99 %
Epoch 25 of 500 took 51.414s
  training loss:		0.509701
  validation loss:		0.489590
  validation accuracy:		81.90 %
Epoch 26 of 500 took 51.406s
  training loss:		0.482878
  validation loss:		0.481303
  validation accuracy:		83.20 %
Epoch 27 of 500 took 51.426s
  training loss:		0.476385
  validation loss:		0.482873
  validation accuracy:		79.56 %
Epoch 28 of 500 took 51.601s
  training loss:		0.462404
  validation loss:		0.467000
  validation accuracy:		81.64 %
Epoch 29 of 500 took 51.437s
  training loss:		0.456835
  validation loss:		0.464523
  validation accuracy:		81.64 %
Epoch 30 of 500 took 51.605s
  training loss:		0.454733
  validation loss:		0.438341
  validation accuracy:		85.94 %
Epoch 31 of 500 took 51.667s
  training loss:		0.543844
  validation loss:		0.443820
  validation accuracy:		81.64 %
('Average Reconstruction Error -- ', 0.5774934875255805)
Plotting the learning curve .........
Plotting the valid learning curve .........
Plotting the accuracy curve .........
Network Parameters saved!!!!!!!!
Running prediction function on Validation data
Epoch 32 of 500 took 51.753s
  training loss:		0.437262
  validation loss:		0.417225
  validation accuracy:		88.15 %
Epoch 33 of 500 took 51.622s
  training loss:		0.428677
  validation loss:		0.446189
  validation accuracy:		78.91 %
Epoch 34 of 500 took 51.798s
  training loss:		0.418102
  validation loss:		0.423331
  validation accuracy:		84.64 %
Epoch 35 of 500 took 51.838s
  training loss:		0.452455
  validation loss:		0.393321
  validation accuracy:		87.50 %
Epoch 36 of 500 took 51.625s
  training loss:		0.427837
  validation loss:		0.437095
  validation accuracy:		79.43 %
Epoch 37 of 500 took 51.805s
  training loss:		0.390156
  validation loss:		0.371350
  validation accuracy:		90.10 %
Epoch 38 of 500 took 51.829s
  training loss:		0.398986
  validation loss:		0.409675
  validation accuracy:		83.20 %
Epoch 39 of 500 took 51.814s
  training loss:		0.354928
  validation loss:		0.348061
  validation accuracy:		90.89 %
Epoch 40 of 500 took 51.810s
  training loss:		0.349215
  validation loss:		0.340651
  validation accuracy:		91.41 %
Epoch 41 of 500 took 51.614s
  training loss:		0.359450
  validation loss:		0.414660
  validation accuracy:		77.08 %
('Average Reconstruction Error -- ', 0.53461874025323208)
Plotting the learning curve .........
Plotting the valid learning curve .........
Plotting the accuracy curve .........
Network Parameters saved!!!!!!!!
Running prediction function on Validation data
Epoch 42 of 500 took 52.398s
  training loss:		0.373467
  validation loss:		0.325049
  validation accuracy:		89.58 %
Epoch 43 of 500 took 52.152s
  training loss:		0.342894
  validation loss:		0.308988
  validation accuracy:		92.84 %
Epoch 44 of 500 took 52.239s
  training loss:		0.369077
  validation loss:		0.492507
  validation accuracy:		67.97 %
Epoch 45 of 500 took 52.181s
  training loss:		0.318861
  validation loss:		0.389321
  validation accuracy:		79.43 %
Epoch 46 of 500 took 52.008s
  training loss:		0.357869
  validation loss:		0.278625
  validation accuracy:		94.27 %
Epoch 47 of 500 took 52.254s
  training loss:		0.308157
  validation loss:		0.277230
  validation accuracy:		94.40 %
Epoch 48 of 500 took 52.210s
  training loss:		0.271287
  validation loss:		0.262257
  validation accuracy:		94.66 %
Epoch 49 of 500 took 51.996s
  training loss:		0.259363
  validation loss:		0.255991
  validation accuracy:		93.88 %
Epoch 50 of 500 took 52.261s
  training loss:		0.250111
  validation loss:		0.271671
  validation accuracy:		90.89 %
Epoch 51 of 500 took 52.516s
  training loss:		0.249980
  validation loss:		0.267344
  validation accuracy:		91.80 %
('Average Reconstruction Error -- ', 0.49059674030676687)
Plotting the learning curve .........
Plotting the valid learning curve .........
Plotting the accuracy curve .........
Network Parameters saved!!!!!!!!
Running prediction function on Validation data
Epoch 52 of 500 took 51.195s
  training loss:		0.257743
  validation loss:		0.286274
  validation accuracy:		87.24 %
Epoch 53 of 500 took 51.223s
  training loss:		0.542014
  validation loss:		0.550518
  validation accuracy:		65.23 %
Epoch 54 of 500 took 51.198s
  training loss:		0.276998
  validation loss:		0.233684
  validation accuracy:		95.44 %
Epoch 55 of 500 took 51.225s
  training loss:		0.231030
  validation loss:		0.222077
  validation accuracy:		96.74 %
Epoch 56 of 500 took 51.224s
  training loss:		0.221186
  validation loss:		0.207690
  validation accuracy:		96.88 %
Epoch 57 of 500 took 51.208s
  training loss:		0.203145
  validation loss:		0.201240
  validation accuracy:		97.40 %
Epoch 58 of 500 took 51.235s
  training loss:		0.184093
  validation loss:		0.184642
  validation accuracy:		97.40 %
Epoch 59 of 500 took 51.209s
  training loss:		0.174605
  validation loss:		0.178088
  validation accuracy:		97.14 %
Epoch 60 of 500 took 51.264s
  training loss:		0.170846
  validation loss:		0.162688
  validation accuracy:		98.44 %
Epoch 61 of 500 took 51.179s
  training loss:		0.153509
  validation loss:		0.158282
  validation accuracy:		98.18 %
('Average Reconstruction Error -- ', 0.44976396748879577)
Plotting the learning curve .........
Plotting the valid learning curve .........
Plotting the accuracy curve .........
Network Parameters saved!!!!!!!!
Running prediction function on Validation data
Epoch 62 of 500 took 51.821s
  training loss:		0.147121
  validation loss:		0.145937
  validation accuracy:		98.70 %
Epoch 63 of 500 took 51.430s
  training loss:		0.138269
  validation loss:		0.134512
  validation accuracy:		98.44 %
Epoch 64 of 500 took 51.226s
  training loss:		0.146900
  validation loss:		0.127454
  validation accuracy:		98.70 %
Epoch 65 of 500 took 51.403s
  training loss:		0.133898
  validation loss:		0.173815
  validation accuracy:		94.66 %
Epoch 66 of 500 took 51.414s
  training loss:		0.130826
  validation loss:		0.114421
  validation accuracy:		98.96 %
Epoch 67 of 500 took 51.226s
  training loss:		0.109437
  validation loss:		0.112526
  validation accuracy:		98.83 %
Epoch 68 of 500 took 51.220s
  training loss:		0.115043
  validation loss:		0.159999
  validation accuracy:		94.92 %
Epoch 69 of 500 took 51.406s
  training loss:		0.272166
  validation loss:		0.818340
  validation accuracy:		55.86 %
Epoch 70 of 500 took 51.237s
  training loss:		0.378287
  validation loss:		0.131206
  validation accuracy:		98.57 %
Epoch 71 of 500 took 51.806s
  training loss:		0.128262
  validation loss:		0.120754
  validation accuracy:		99.22 %
('Average Reconstruction Error -- ', 0.41036354899596877)
Plotting the learning curve .........
Plotting the valid learning curve .........
Plotting the accuracy curve .........
Network Parameters saved!!!!!!!!
Running prediction function on Validation data
Epoch 72 of 500 took 51.098s
  training loss:		0.124853
  validation loss:		0.114199
  validation accuracy:		99.22 %
Epoch 73 of 500 took 51.214s
  training loss:		0.113383
  validation loss:		0.103501
  validation accuracy:		99.35 %
Epoch 74 of 500 took 51.024s
  training loss:		0.103589
  validation loss:		0.097585
  validation accuracy:		99.61 %
Epoch 75 of 500 took 51.211s
  training loss:		0.096321
  validation loss:		0.085614
  validation accuracy:		99.61 %
Epoch 76 of 500 took 51.008s
  training loss:		0.084447
  validation loss:		0.083128
  validation accuracy:		99.61 %
Epoch 77 of 500 took 51.040s
  training loss:		0.080188
  validation loss:		0.074832
  validation accuracy:		99.74 %
Epoch 78 of 500 took 51.188s
  training loss:		0.070794
  validation loss:		0.068236
  validation accuracy:		99.87 %
Epoch 79 of 500 took 51.028s
  training loss:		0.066775
  validation loss:		0.070239
  validation accuracy:		99.35 %
Epoch 80 of 500 took 51.013s
  training loss:		0.063810
  validation loss:		0.063840
  validation accuracy:		99.87 %
Epoch 81 of 500 took 51.029s
  training loss:		0.064801
  validation loss:		0.059335
  validation accuracy:		99.74 %
('Average Reconstruction Error -- ', 0.37042930028796961)
Plotting the learning curve .........
Plotting the valid learning curve .........
Plotting the accuracy curve .........
Network Parameters saved!!!!!!!!
Running prediction function on Validation data
Epoch 82 of 500 took 51.183s
  training loss:		0.059676
  validation loss:		0.056030
  validation accuracy:		100.00 %
Epoch 83 of 500 took 51.204s
  training loss:		0.054598
  validation loss:		0.051665
  validation accuracy:		100.00 %
Epoch 84 of 500 took 51.222s
  training loss:		0.054821
  validation loss:		0.059890
  validation accuracy:		99.87 %
Epoch 85 of 500 took 51.221s
  training loss:		0.050685
  validation loss:		0.046939
  validation accuracy:		100.00 %
Epoch 86 of 500 took 51.221s
  training loss:		0.048922
  validation loss:		0.044350
  validation accuracy:		99.87 %
Epoch 87 of 500 took 51.214s
  training loss:		0.046475
  validation loss:		0.044020
  validation accuracy:		100.00 %
Epoch 88 of 500 took 54.195s
  training loss:		0.040858
  validation loss:		0.041332
  validation accuracy:		100.00 %
Epoch 89 of 500 took 52.065s
  training loss:		0.042232
  validation loss:		0.041158
  validation accuracy:		100.00 %
Epoch 90 of 500 took 51.212s
  training loss:		0.040627
  validation loss:		0.040435
  validation accuracy:		100.00 %
Epoch 91 of 500 took 51.217s
  training loss:		0.038059
  validation loss:		0.037261
  validation accuracy:		100.00 %
('Average Reconstruction Error -- ', 0.3349640366796775)
Plotting the learning curve .........
Plotting the valid learning curve .........
Plotting the accuracy curve .........
Network Parameters saved!!!!!!!!
Running prediction function on Validation data
Epoch 92 of 500 took 51.397s
  training loss:		0.036284
  validation loss:		0.035554
  validation accuracy:		100.00 %
Epoch 93 of 500 took 51.216s
  training loss:		0.035099
  validation loss:		0.032837
  validation accuracy:		100.00 %
Epoch 94 of 500 took 51.235s
  training loss:		0.032787
  validation loss:		0.033714
  validation accuracy:		100.00 %
Epoch 95 of 500 took 51.416s
  training loss:		0.031511
  validation loss:		0.032088
  validation accuracy:		100.00 %
Epoch 96 of 500 took 51.429s
  training loss:		0.029118
  validation loss:		0.032836
  validation accuracy:		100.00 %
Epoch 97 of 500 took 51.390s
  training loss:		0.036108
  validation loss:		0.031249
  validation accuracy:		99.87 %
Epoch 98 of 500 took 51.221s
  training loss:		0.030356
  validation loss:		0.029459
  validation accuracy:		100.00 %
Epoch 99 of 500 took 51.220s
  training loss:		0.028296
  validation loss:		0.027456
  validation accuracy:		100.00 %
Epoch 100 of 500 took 51.207s
  training loss:		0.027469
  validation loss:		0.026997
  validation accuracy:		100.00 %
Epoch 101 of 500 took 51.225s
  training loss:		0.024891
  validation loss:		0.024880
  validation accuracy:		100.00 %
('Average Reconstruction Error -- ', 0.30488757585012244)
Plotting the learning curve .........
Plotting the valid learning curve .........
Plotting the accuracy curve .........
Network Parameters saved!!!!!!!!
Running prediction function on Validation data
Epoch 102 of 500 took 51.262s
  training loss:		0.026508
  validation loss:		0.024404
  validation accuracy:		100.00 %
Epoch 103 of 500 took 51.241s
  training loss:		0.026490
  validation loss:		0.022817
  validation accuracy:		100.00 %
Epoch 104 of 500 took 51.219s
  training loss:		0.024201
  validation loss:		0.023687
  validation accuracy:		100.00 %
Epoch 105 of 500 took 51.211s
  training loss:		0.025294
  validation loss:		0.025656
  validation accuracy:		100.00 %
Epoch 106 of 500 took 51.205s
  training loss:		0.024483
  validation loss:		0.022519
  validation accuracy:		100.00 %
Epoch 107 of 500 took 51.218s
  training loss:		0.020343
  validation loss:		0.020027
  validation accuracy:		100.00 %
Epoch 108 of 500 took 51.234s
  training loss:		0.020668
  validation loss:		0.020339
  validation accuracy:		100.00 %
Epoch 109 of 500 took 51.211s
  training loss:		0.020740
  validation loss:		0.019297
  validation accuracy:		100.00 %
Epoch 110 of 500 took 51.192s
  training loss:		0.019439
  validation loss:		0.019526
  validation accuracy:		100.00 %
Epoch 111 of 500 took 51.223s
  training loss:		0.017754
  validation loss:		0.019910
  validation accuracy:		100.00 %
('Average Reconstruction Error -- ', 0.27945554289813834)
Plotting the learning curve .........
Plotting the valid learning curve .........
Plotting the accuracy curve .........
Network Parameters saved!!!!!!!!
Running prediction function on Validation data
Epoch 112 of 500 took 51.251s
  training loss:		0.018704
  validation loss:		0.017737
  validation accuracy:		100.00 %
Epoch 113 of 500 took 51.235s
  training loss:		0.017697
  validation loss:		0.018911
  validation accuracy:		100.00 %
Epoch 114 of 500 took 51.195s
  training loss:		0.018015
  validation loss:		0.017795
  validation accuracy:		100.00 %
Epoch 115 of 500 took 51.238s
  training loss:		0.016687
  validation loss:		0.016386
  validation accuracy:		100.00 %
Epoch 116 of 500 took 51.187s
  training loss:		0.015743
  validation loss:		0.016543
  validation accuracy:		100.00 %
Epoch 117 of 500 took 51.229s
  training loss:		0.015942
  validation loss:		0.015445
  validation accuracy:		100.00 %
Epoch 118 of 500 took 51.248s
  training loss:		0.014970
  validation loss:		0.016497
  validation accuracy:		100.00 %
Epoch 119 of 500 took 51.175s
  training loss:		0.015681
  validation loss:		0.014890
  validation accuracy:		100.00 %
Epoch 120 of 500 took 51.226s
  training loss:		0.014904
  validation loss:		0.014794
  validation accuracy:		100.00 %
Epoch 121 of 500 took 51.247s
  training loss:		0.013880
  validation loss:		0.014131
  validation accuracy:		100.00 %
('Average Reconstruction Error -- ', 0.25770072924553461)
Plotting the learning curve .........
Plotting the valid learning curve .........
Plotting the accuracy curve .........
Network Parameters saved!!!!!!!!
Running prediction function on Validation data
Epoch 122 of 500 took 51.202s
  training loss:		0.013751
  validation loss:		0.013184
  validation accuracy:		100.00 %
Epoch 123 of 500 took 51.201s
  training loss:		0.013303
  validation loss:		0.013628
  validation accuracy:		100.00 %
Epoch 124 of 500 took 51.214s
  training loss:		0.014074
  validation loss:		0.013197
  validation accuracy:		100.00 %
Epoch 125 of 500 took 51.215s
  training loss:		0.013285
  validation loss:		0.012707
  validation accuracy:		100.00 %
Epoch 126 of 500 took 51.220s
  training loss:		0.012561
  validation loss:		0.012622
  validation accuracy:		100.00 %
Epoch 127 of 500 took 51.224s
  training loss:		0.012315
  validation loss:		0.013243
  validation accuracy:		100.00 %
Epoch 128 of 500 took 51.221s
  training loss:		0.012517
  validation loss:		0.011721
  validation accuracy:		100.00 %
Epoch 129 of 500 took 51.213s
  training loss:		0.012708
  validation loss:		0.012299
  validation accuracy:		100.00 %
Epoch 130 of 500 took 51.224s
  training loss:		0.010949
  validation loss:		0.012030
  validation accuracy:		100.00 %
Epoch 131 of 500 took 51.223s
  training loss:		0.011353
  validation loss:		0.012173
  validation accuracy:		100.00 %
('Average Reconstruction Error -- ', 0.23899697137520656)
Plotting the learning curve .........
Plotting the valid learning curve .........
Plotting the accuracy curve .........
Network Parameters saved!!!!!!!!
Running prediction function on Validation data
Epoch 132 of 500 took 51.271s
  training loss:		0.010894
  validation loss:		0.010922
  validation accuracy:		100.00 %
Epoch 133 of 500 took 51.430s
  training loss:		0.011471
  validation loss:		0.011636
  validation accuracy:		100.00 %
Epoch 134 of 500 took 51.014s
  training loss:		0.010895
  validation loss:		0.010941
  validation accuracy:		100.00 %
Epoch 135 of 500 took 51.002s
  training loss:		0.010012
  validation loss:		0.010415
  validation accuracy:		100.00 %
Epoch 136 of 500 took 51.043s
  training loss:		0.009981
  validation loss:		0.010122
  validation accuracy:		100.00 %
Epoch 137 of 500 took 51.001s
  training loss:		0.010207
  validation loss:		0.010059
  validation accuracy:		100.00 %
Epoch 138 of 500 took 51.028s
  training loss:		0.009806
  validation loss:		0.010171
  validation accuracy:		100.00 %
Epoch 139 of 500 took 51.017s
  training loss:		0.008824
  validation loss:		0.010044
  validation accuracy:		100.00 %
Epoch 140 of 500 took 51.021s
  training loss:		0.010050
  validation loss:		0.009241
  validation accuracy:		100.00 %
Epoch 141 of 500 took 51.019s
  training loss:		0.010055
  validation loss:		0.009598
  validation accuracy:		100.00 %
('Average Reconstruction Error -- ', 0.22277161960928982)
Plotting the learning curve .........
Plotting the valid learning curve .........
Plotting the accuracy curve .........
Network Parameters saved!!!!!!!!
Running prediction function on Validation data
Epoch 142 of 500 took 51.816s
  training loss:		0.010318
  validation loss:		0.009151
  validation accuracy:		100.00 %
Epoch 143 of 500 took 51.598s
  training loss:		0.009233
  validation loss:		0.008515
  validation accuracy:		100.00 %
Epoch 144 of 500 took 51.628s
  training loss:		0.008837
  validation loss:		0.008984
  validation accuracy:		100.00 %
Epoch 145 of 500 took 51.805s
  training loss:		0.009032
  validation loss:		0.009206
  validation accuracy:		100.00 %
Epoch 146 of 500 took 51.622s
  training loss:		0.008600
  validation loss:		0.008756
  validation accuracy:		100.00 %
Epoch 147 of 500 took 51.620s
  training loss:		0.008254
  validation loss:		0.009046
  validation accuracy:		100.00 %
Epoch 148 of 500 took 51.819s
  training loss:		0.007972
  validation loss:		0.008073
  validation accuracy:		100.00 %
Epoch 149 of 500 took 51.622s
  training loss:		0.008234
  validation loss:		0.007798
  validation accuracy:		100.00 %
Epoch 150 of 500 took 51.812s
  training loss:		0.007920
  validation loss:		0.008024
  validation accuracy:		100.00 %
Epoch 151 of 500 took 51.622s
  training loss:		0.007589
  validation loss:		0.008572
  validation accuracy:		100.00 %
('Average Reconstruction Error -- ', 0.20858799569600692)
Plotting the learning curve .........
Plotting the valid learning curve .........
Plotting the accuracy curve .........
Network Parameters saved!!!!!!!!
Running prediction function on Validation data
Epoch 152 of 500 took 50.865s
  training loss:		0.007615
  validation loss:		0.007226
  validation accuracy:		100.00 %
Epoch 153 of 500 took 51.026s
  training loss:		0.007784
  validation loss:		0.007248
  validation accuracy:		100.00 %
Epoch 154 of 500 took 51.028s
  training loss:		0.007762
  validation loss:		0.007153
  validation accuracy:		100.00 %
Epoch 155 of 500 took 51.032s
  training loss:		0.006886
  validation loss:		0.007004
  validation accuracy:		100.00 %
Epoch 156 of 500 took 50.997s
  training loss:		0.006819
  validation loss:		0.007124
  validation accuracy:		100.00 %
Epoch 157 of 500 took 51.031s
  training loss:		0.007279
  validation loss:		0.007219
  validation accuracy:		100.00 %
Epoch 158 of 500 took 51.020s
  training loss:		0.006827
  validation loss:		0.006952
  validation accuracy:		100.00 %
Epoch 159 of 500 took 50.987s
  training loss:		0.007053
  validation loss:		0.006850
  validation accuracy:		100.00 %
Epoch 160 of 500 took 51.044s
  training loss:		0.006774
  validation loss:		0.006830
  validation accuracy:		100.00 %
Epoch 161 of 500 took 51.011s
  training loss:		0.006410
  validation loss:		0.007168
  validation accuracy:		100.00 %
('Average Reconstruction Error -- ', 0.19607450366407786)
Plotting the learning curve .........
Plotting the valid learning curve .........
Plotting the accuracy curve .........
Network Parameters saved!!!!!!!!
Running prediction function on Validation data
Epoch 162 of 500 took 51.854s
  training loss:		0.006571
  validation loss:		0.006856
  validation accuracy:		100.00 %
Epoch 163 of 500 took 51.623s
  training loss:		0.006483
  validation loss:		0.006627
  validation accuracy:		100.00 %
Epoch 164 of 500 took 51.621s
  training loss:		0.006363
  validation loss:		0.006731
  validation accuracy:		100.00 %
Epoch 165 of 500 took 51.604s
  training loss:		0.006326
  validation loss:		0.005812
  validation accuracy:		100.00 %
Epoch 166 of 500 took 51.625s
  training loss:		0.006271
  validation loss:		0.006033
  validation accuracy:		100.00 %
Epoch 167 of 500 took 51.618s
  training loss:		0.006450
  validation loss:		0.006219
  validation accuracy:		100.00 %
Epoch 168 of 500 took 51.605s
  training loss:		0.006026
  validation loss:		0.006345
  validation accuracy:		100.00 %
Epoch 169 of 500 took 51.630s
  training loss:		0.006219
  validation loss:		0.006449
  validation accuracy:		100.00 %
Epoch 170 of 500 took 51.614s
  training loss:		0.005680
  validation loss:		0.006175
  validation accuracy:		100.00 %
Epoch 171 of 500 took 51.602s
  training loss:		0.005666
  validation loss:		0.006074
  validation accuracy:		100.00 %
('Average Reconstruction Error -- ', 0.18497105177857887)
Plotting the learning curve .........
Plotting the valid learning curve .........
Plotting the accuracy curve .........
Network Parameters saved!!!!!!!!
Running prediction function on Validation data
Epoch 172 of 500 took 50.995s
  training loss:		0.005684
  validation loss:		0.005479
  validation accuracy:		100.00 %
Epoch 173 of 500 took 51.017s
  training loss:		0.006038
  validation loss:		0.005323
  validation accuracy:		100.00 %
Epoch 174 of 500 took 51.012s
  training loss:		0.005265
  validation loss:		0.005540
  validation accuracy:		100.00 %
Epoch 175 of 500 took 51.040s
  training loss:		0.005456
  validation loss:		0.005256
  validation accuracy:		100.00 %
Epoch 176 of 500 took 51.003s
  training loss:		0.005509
  validation loss:		0.005317
  validation accuracy:		100.00 %
Epoch 177 of 500 took 51.004s
  training loss:		0.004958
  validation loss:		0.005083
  validation accuracy:		100.00 %
Epoch 178 of 500 took 51.021s
  training loss:		0.005137
  validation loss:		0.005131
  validation accuracy:		100.00 %
Epoch 179 of 500 took 51.039s
  training loss:		0.005638
  validation loss:		0.005260
  validation accuracy:		100.00 %
Epoch 180 of 500 took 51.012s
  training loss:		0.005174
  validation loss:		0.005113
  validation accuracy:		100.00 %
Epoch 181 of 500 took 51.016s
  training loss:		0.004766
  validation loss:		0.005275
  validation accuracy:		100.00 %
('Average Reconstruction Error -- ', 0.17504792439095285)
Plotting the learning curve .........
Plotting the valid learning curve .........
Plotting the accuracy curve .........
Network Parameters saved!!!!!!!!
Running prediction function on Validation data
Epoch 182 of 500 took 51.074s
  training loss:		0.004722
  validation loss:		0.004916
  validation accuracy:		100.00 %
Epoch 183 of 500 took 51.024s
  training loss:		0.004923
  validation loss:		0.004823
  validation accuracy:		100.00 %
Epoch 184 of 500 took 51.022s
  training loss:		0.005097
  validation loss:		0.005108
  validation accuracy:		100.00 %
Epoch 185 of 500 took 51.029s
  training loss:		0.005001
  validation loss:		0.004688
  validation accuracy:		100.00 %
Epoch 186 of 500 took 51.211s
  training loss:		0.004562
  validation loss:		0.004663
  validation accuracy:		100.00 %
Epoch 187 of 500 took 51.007s
  training loss:		0.005040
  validation loss:		0.004799
  validation accuracy:		100.00 %
Epoch 188 of 500 took 51.022s
  training loss:		0.005395
  validation loss:		0.004543
  validation accuracy:		100.00 %
Epoch 189 of 500 took 51.027s
  training loss:		0.004688
  validation loss:		0.004286
  validation accuracy:		100.00 %
Epoch 190 of 500 took 51.196s
  training loss:		0.004659
  validation loss:		0.004364
  validation accuracy:		100.00 %
Epoch 191 of 500 took 51.031s
  training loss:		0.004342
  validation loss:		0.004346
  validation accuracy:		100.00 %
('Average Reconstruction Error -- ', 0.16613667019929573)
Plotting the learning curve .........
Plotting the valid learning curve .........
Plotting the accuracy curve .........
Network Parameters saved!!!!!!!!
Running prediction function on Validation data
Epoch 192 of 500 took 51.866s
  training loss:		0.004308
  validation loss:		0.004320
  validation accuracy:		100.00 %
Epoch 193 of 500 took 51.824s
  training loss:		0.004843
  validation loss:		0.004450
  validation accuracy:		100.00 %
Epoch 194 of 500 took 51.800s
  training loss:		0.004625
  validation loss:		0.004637
  validation accuracy:		100.00 %
Epoch 195 of 500 took 51.828s
  training loss:		0.004462
  validation loss:		0.004712
  validation accuracy:		100.00 %
Epoch 196 of 500 took 51.807s
  training loss:		0.004104
  validation loss:		0.004262
  validation accuracy:		100.00 %
Epoch 197 of 500 took 51.628s
  training loss:		0.004455
  validation loss:		0.004436
  validation accuracy:		100.00 %
Epoch 198 of 500 took 51.599s
  training loss:		0.004166
  validation loss:		0.004163
  validation accuracy:		100.00 %
Epoch 199 of 500 took 51.633s
  training loss:		0.004172
  validation loss:		0.003966
  validation accuracy:		100.00 %
Epoch 200 of 500 took 51.808s
  training loss:		0.003997
  validation loss:		0.004042
  validation accuracy:		100.00 %
Epoch 201 of 500 took 51.822s
  training loss:		0.003960
  validation loss:		0.003712
  validation accuracy:		100.00 %
('Average Reconstruction Error -- ', 0.15808555125681867)
Plotting the learning curve .........
Plotting the valid learning curve .........
Plotting the accuracy curve .........
Network Parameters saved!!!!!!!!
Running prediction function on Validation data
Epoch 202 of 500 took 51.748s
  training loss:		0.004016
  validation loss:		0.003953
  validation accuracy:		100.00 %
Epoch 203 of 500 took 52.024s
  training loss:		0.003689
  validation loss:		0.003996
  validation accuracy:		100.00 %
Epoch 204 of 500 took 52.021s
  training loss:		0.003884
  validation loss:		0.003991
  validation accuracy:		100.00 %
Epoch 205 of 500 took 51.986s
  training loss:		0.004022
  validation loss:		0.003752
  validation accuracy:		100.00 %
Epoch 206 of 500 took 52.023s
  training loss:		0.003728
  validation loss:		0.003765
  validation accuracy:		100.00 %
Epoch 207 of 500 took 52.216s
  training loss:		0.003658
  validation loss:		0.003936
  validation accuracy:		100.00 %
Epoch 208 of 500 took 52.217s
  training loss:		0.003953
  validation loss:		0.003584
  validation accuracy:		100.00 %
Epoch 209 of 500 took 52.047s
  training loss:		0.003523
  validation loss:		0.003616
  validation accuracy:		100.00 %
Epoch 210 of 500 took 51.806s
  training loss:		0.003912
  validation loss:		0.003622
  validation accuracy:		100.00 %
Epoch 211 of 500 took 52.220s
  training loss:		0.003500
  validation loss:		0.003332
  validation accuracy:		100.00 %
('Average Reconstruction Error -- ', 0.15077290004567359)
Plotting the learning curve .........
Plotting the valid learning curve .........
Plotting the accuracy curve .........
Network Parameters saved!!!!!!!!
Running prediction function on Validation data
Epoch 212 of 500 took 51.110s
  training loss:		0.003695
  validation loss:		0.003788
  validation accuracy:		100.00 %
Epoch 213 of 500 took 51.006s
  training loss:		0.003607
  validation loss:		0.003529
  validation accuracy:		100.00 %
Epoch 214 of 500 took 50.978s
  training loss:		0.003397
  validation loss:		0.003443
  validation accuracy:		100.00 %
Epoch 215 of 500 took 51.066s
  training loss:		0.003313
  validation loss:		0.003403
  validation accuracy:		100.00 %
Epoch 216 of 500 took 51.006s
  training loss:		0.003559
  validation loss:		0.003249
  validation accuracy:		100.00 %
Epoch 217 of 500 took 51.005s
  training loss:		0.003512
  validation loss:		0.003394
  validation accuracy:		100.00 %
Epoch 218 of 500 took 51.027s
  training loss:		0.003451
  validation loss:		0.003565
  validation accuracy:		100.00 %
Epoch 219 of 500 took 50.973s
  training loss:		0.003143
  validation loss:		0.003367
  validation accuracy:		100.00 %
Epoch 220 of 500 took 51.066s
  training loss:		0.003099
  validation loss:		0.003361
  validation accuracy:		100.00 %
Epoch 221 of 500 took 51.014s
  training loss:		0.003240
  validation loss:		0.003221
  validation accuracy:		100.00 %
('Average Reconstruction Error -- ', 0.14410451645311095)
Plotting the learning curve .........
Plotting the valid learning curve .........
Plotting the accuracy curve .........
Network Parameters saved!!!!!!!!
Running prediction function on Validation data
Epoch 222 of 500 took 50.981s
  training loss:		0.003487
  validation loss:		0.003266
  validation accuracy:		100.00 %
Epoch 223 of 500 took 50.991s
  training loss:		0.003148
  validation loss:		0.003417
  validation accuracy:		100.00 %
Epoch 224 of 500 took 51.009s
  training loss:		0.003371
  validation loss:		0.003290
  validation accuracy:		100.00 %
Epoch 225 of 500 took 51.044s
  training loss:		0.003020
  validation loss:		0.003398
  validation accuracy:		100.00 %
Epoch 226 of 500 took 50.998s
  training loss:		0.003541
  validation loss:		0.003493
  validation accuracy:		100.00 %
Epoch 227 of 500 took 51.225s
  training loss:		0.003275
  validation loss:		0.003125
  validation accuracy:		100.00 %
Epoch 228 of 500 took 51.013s
  training loss:		0.003325
  validation loss:		0.002941
  validation accuracy:		100.00 %
Epoch 229 of 500 took 51.020s
  training loss:		0.003073
  validation loss:		0.002866
  validation accuracy:		100.00 %
Epoch 230 of 500 took 51.037s
  training loss:		0.002940
  validation loss:		0.003387
  validation accuracy:		100.00 %
Epoch 231 of 500 took 51.017s
  training loss:		0.003188
  validation loss:		0.003204
  validation accuracy:		100.00 %
('Average Reconstruction Error -- ', 0.13800634653026178)
Plotting the learning curve .........
Plotting the valid learning curve .........
Plotting the accuracy curve .........
Network Parameters saved!!!!!!!!
Running prediction function on Validation data
Epoch 232 of 500 took 52.455s
  training loss:		0.002862
  validation loss:		0.003495
  validation accuracy:		100.00 %
Epoch 233 of 500 took 52.224s
  training loss:		0.003014
  validation loss:		0.002992
  validation accuracy:		100.00 %
Epoch 234 of 500 took 52.206s
  training loss:		0.003056
  validation loss:		0.003144
  validation accuracy:		100.00 %
Epoch 235 of 500 took 52.230s
  training loss:		0.002888
  validation loss:		0.003098
  validation accuracy:		100.00 %
Epoch 236 of 500 took 52.210s
  training loss:		0.002969
  validation loss:		0.002791
  validation accuracy:		100.00 %
Epoch 237 of 500 took 52.219s
  training loss:		0.002690
  validation loss:		0.003071
  validation accuracy:		100.00 %
Epoch 238 of 500 took 52.217s
  training loss:		0.002953
  validation loss:		0.003084
  validation accuracy:		100.00 %
Epoch 239 of 500 took 52.224s
  training loss:		0.002646
  validation loss:		0.002662
  validation accuracy:		100.00 %
Epoch 240 of 500 took 52.204s
  training loss:		0.002829
  validation loss:		0.002777
  validation accuracy:		100.00 %
Epoch 241 of 500 took 52.231s
  training loss:		0.002804
  validation loss:		0.002618
  validation accuracy:		100.00 %
('Average Reconstruction Error -- ', 0.13239906933472462)
Plotting the learning curve .........
Plotting the valid learning curve .........
Plotting the accuracy curve .........
Network Parameters saved!!!!!!!!
Running prediction function on Validation data
Epoch 242 of 500 took 51.091s
  training loss:		0.002927
  validation loss:		0.002568
  validation accuracy:		100.00 %
Epoch 243 of 500 took 51.002s
  training loss:		0.003014
  validation loss:		0.002737
  validation accuracy:		100.00 %
Epoch 244 of 500 took 51.031s
  training loss:		0.002470
  validation loss:		0.002639
  validation accuracy:		100.00 %
Epoch 245 of 500 took 51.015s
  training loss:		0.002833
  validation loss:		0.002802
  validation accuracy:		100.00 %
Epoch 246 of 500 took 51.011s
  training loss:		0.002943
  validation loss:		0.002848
  validation accuracy:		100.00 %
Epoch 247 of 500 took 51.042s
  training loss:		0.002972
  validation loss:		0.002975
  validation accuracy:		100.00 %
Epoch 248 of 500 took 51.003s
  training loss:		0.002835
  validation loss:		0.002646
  validation accuracy:		100.00 %
Epoch 249 of 500 took 51.018s
  training loss:		0.002670
  validation loss:		0.002584
  validation accuracy:		100.00 %
Epoch 250 of 500 took 51.013s
  training loss:		0.002385
  validation loss:		0.002759
  validation accuracy:		100.00 %
Epoch 251 of 500 took 51.027s
  training loss:		0.002562
  validation loss:		0.002616
  validation accuracy:		100.00 %
('Average Reconstruction Error -- ', 0.12723420820807846)
Plotting the learning curve .........
Plotting the valid learning curve .........
Plotting the accuracy curve .........
Network Parameters saved!!!!!!!!
Running prediction function on Validation data
Epoch 252 of 500 took 51.144s
  training loss:		0.002500
  validation loss:		0.002421
  validation accuracy:		100.00 %
Epoch 253 of 500 took 51.601s
  training loss:		0.002867
  validation loss:		0.002691
  validation accuracy:		100.00 %
Epoch 254 of 500 took 51.038s
  training loss:		0.002668
  validation loss:		0.002463
  validation accuracy:		100.00 %
Epoch 255 of 500 took 51.405s
  training loss:		0.002498
  validation loss:		0.002543
  validation accuracy:		100.00 %
Epoch 256 of 500 took 51.421s
  training loss:		0.002608
  validation loss:		0.002471
  validation accuracy:		100.00 %
Epoch 257 of 500 took 51.413s
  training loss:		0.002401
  validation loss:		0.002452
  validation accuracy:		100.00 %
Epoch 258 of 500 took 51.608s
  training loss:		0.002437
  validation loss:		0.002542
  validation accuracy:		100.00 %
Epoch 259 of 500 took 51.249s
  training loss:		0.002299
  validation loss:		0.002449
  validation accuracy:		100.00 %
Epoch 260 of 500 took 51.204s
  training loss:		0.002549
  validation loss:		0.002282
  validation accuracy:		100.00 %
Epoch 261 of 500 took 51.417s
  training loss:		0.002528
  validation loss:		0.002386
  validation accuracy:		100.00 %
('Average Reconstruction Error -- ', 0.12245647811248002)
Plotting the learning curve .........
Plotting the valid learning curve .........
Plotting the accuracy curve .........
Network Parameters saved!!!!!!!!
Running prediction function on Validation data
Epoch 262 of 500 took 50.969s
  training loss:		0.002562
  validation loss:		0.002408
  validation accuracy:		100.00 %
Epoch 263 of 500 took 51.013s
  training loss:		0.002385
  validation loss:		0.002551
  validation accuracy:		100.00 %
Epoch 264 of 500 took 51.017s
  training loss:		0.002371
  validation loss:		0.002469
  validation accuracy:		100.00 %
Epoch 265 of 500 took 51.034s
  training loss:		0.002147
  validation loss:		0.002432
  validation accuracy:		100.00 %
Epoch 266 of 500 took 51.009s
  training loss:		0.002084
  validation loss:		0.002167
  validation accuracy:		100.00 %
Epoch 267 of 500 took 51.019s
  training loss:		0.002220
  validation loss:		0.002407
  validation accuracy:		100.00 %
Epoch 268 of 500 took 51.010s
  training loss:		0.002274
  validation loss:		0.002261
  validation accuracy:		100.00 %
Epoch 269 of 500 took 51.013s
  training loss:		0.002381
  validation loss:		0.002330
  validation accuracy:		100.00 %
Epoch 270 of 500 took 51.025s
  training loss:		0.002246
  validation loss:		0.001966
  validation accuracy:		100.00 %
Epoch 271 of 500 took 51.009s
  training loss:		0.002328
  validation loss:		0.002199
  validation accuracy:		100.00 %
('Average Reconstruction Error -- ', 0.11802265014952297)
Plotting the learning curve .........
Plotting the valid learning curve .........
Plotting the accuracy curve .........
Network Parameters saved!!!!!!!!
Running prediction function on Validation data
Epoch 272 of 500 took 50.983s
  training loss:		0.002230
  validation loss:		0.002151
  validation accuracy:		100.00 %
Epoch 273 of 500 took 51.032s
  training loss:		0.002142
  validation loss:		0.001903
  validation accuracy:		100.00 %
Epoch 274 of 500 took 51.016s
  training loss:		0.002183
  validation loss:		0.002136
  validation accuracy:		100.00 %
Epoch 275 of 500 took 51.012s
  training loss:		0.002005
  validation loss:		0.002103
  validation accuracy:		100.00 %
Epoch 276 of 500 took 51.037s
  training loss:		0.001950
  validation loss:		0.001854
  validation accuracy:		100.00 %
Epoch 277 of 500 took 51.017s
  training loss:		0.001981
  validation loss:		0.001924
  validation accuracy:		100.00 %
Epoch 278 of 500 took 51.004s
  training loss:		0.002254
  validation loss:		0.002122
  validation accuracy:		100.00 %
Epoch 279 of 500 took 51.018s
  training loss:		0.002312
  validation loss:		0.002254
  validation accuracy:		100.00 %
Epoch 280 of 500 took 51.031s
  training loss:		0.002058
  validation loss:		0.002119
  validation accuracy:		100.00 %
Epoch 281 of 500 took 51.003s
  training loss:		0.001952
  validation loss:		0.001928
  validation accuracy:		100.00 %
('Average Reconstruction Error -- ', 0.1138975305543682)
Plotting the learning curve .........
Plotting the valid learning curve .........
Plotting the accuracy curve .........
Network Parameters saved!!!!!!!!
Running prediction function on Validation data
Epoch 282 of 500 took 51.263s
  training loss:		0.002018
  validation loss:		0.002140
  validation accuracy:		100.00 %
Epoch 283 of 500 took 51.406s
  training loss:		0.002054
  validation loss:		0.002045
  validation accuracy:		100.00 %
Epoch 284 of 500 took 51.428s
  training loss:		0.002591
  validation loss:		0.001907
  validation accuracy:		100.00 %
Epoch 285 of 500 took 51.026s
  training loss:		0.002188
  validation loss:		0.002103
  validation accuracy:		100.00 %
Epoch 286 of 500 took 51.007s
  training loss:		0.002025
  validation loss:		0.002141
  validation accuracy:		100.00 %
Epoch 287 of 500 took 51.219s
  training loss:		0.002111
  validation loss:		0.002066
  validation accuracy:		100.00 %
Epoch 288 of 500 took 51.013s
  training loss:		0.002022
  validation loss:		0.002108
  validation accuracy:		100.00 %
Epoch 289 of 500 took 51.217s
  training loss:		0.001836
  validation loss:		0.001824
  validation accuracy:		100.00 %
Epoch 290 of 500 took 51.426s
  training loss:		0.001779
  validation loss:		0.001930
  validation accuracy:		100.00 %
Epoch 291 of 500 took 51.413s
  training loss:		0.001835
  validation loss:		0.001871
  validation accuracy:		100.00 %
('Average Reconstruction Error -- ', 0.11005383026940672)
Plotting the learning curve .........
Plotting the valid learning curve .........
Plotting the accuracy curve .........
Network Parameters saved!!!!!!!!
Running prediction function on Validation data
Epoch 292 of 500 took 51.246s
  training loss:		0.002101
  validation loss:		0.001909
  validation accuracy:		100.00 %
Epoch 293 of 500 took 51.211s
  training loss:		0.001977
  validation loss:		0.001877
  validation accuracy:		100.00 %
Epoch 294 of 500 took 51.026s
  training loss:		0.001830
  validation loss:		0.001852
  validation accuracy:		100.00 %
Epoch 295 of 500 took 51.011s
  training loss:		0.001934
  validation loss:		0.001811
  validation accuracy:		100.00 %
Epoch 296 of 500 took 51.027s
  training loss:		0.001790
  validation loss:		0.001761
  validation accuracy:		100.00 %
Epoch 297 of 500 took 51.014s
  training loss:		0.001988
  validation loss:		0.002012
  validation accuracy:		100.00 %
Epoch 298 of 500 took 51.229s
  training loss:		0.001772
  validation loss:		0.001833
  validation accuracy:		100.00 %
Epoch 299 of 500 took 51.012s
  training loss:		0.002035
  validation loss:		0.001827
  validation accuracy:		100.00 %
Epoch 300 of 500 took 51.012s
  training loss:		0.002090
  validation loss:		0.001813
  validation accuracy:		100.00 %
Epoch 301 of 500 took 51.026s
  training loss:		0.001745
  validation loss:		0.001911
  validation accuracy:		100.00 %
('Average Reconstruction Error -- ', 0.10646154921712449)
Plotting the learning curve .........
Plotting the valid learning curve .........
Plotting the accuracy curve .........
Network Parameters saved!!!!!!!!
Running prediction function on Validation data
Epoch 302 of 500 took 52.041s
  training loss:		0.001622
  validation loss:		0.001743
  validation accuracy:		100.00 %
Epoch 303 of 500 took 51.404s
  training loss:		0.001880
  validation loss:		0.001883
  validation accuracy:		100.00 %
Epoch 304 of 500 took 51.622s
  training loss:		0.001889
  validation loss:		0.001778
  validation accuracy:		100.00 %
Epoch 305 of 500 took 51.025s
  training loss:		0.001684
  validation loss:		0.001822
  validation accuracy:		100.00 %
Epoch 306 of 500 took 51.205s
  training loss:		0.001687
  validation loss:		0.001682
  validation accuracy:		100.00 %
Epoch 307 of 500 took 51.407s
  training loss:		0.002249
  validation loss:		0.001971
  validation accuracy:		100.00 %
Epoch 308 of 500 took 51.024s
  training loss:		0.001974
  validation loss:		0.001751
  validation accuracy:		100.00 %
Epoch 309 of 500 took 51.440s
  training loss:		0.001914
  validation loss:		0.001664
  validation accuracy:		100.00 %
Epoch 310 of 500 took 51.191s
  training loss:		0.001724
  validation loss:		0.001723
  validation accuracy:		100.00 %
Epoch 311 of 500 took 51.047s
  training loss:		0.001649
  validation loss:		0.001976
  validation accuracy:		100.00 %
('Average Reconstruction Error -- ', 0.10309710073769224)
Plotting the learning curve .........
Plotting the valid learning curve .........
Plotting the accuracy curve .........
Network Parameters saved!!!!!!!!
Running prediction function on Validation data
Epoch 312 of 500 took 51.131s
  training loss:		0.001833
  validation loss:		0.001809
  validation accuracy:		100.00 %
Epoch 313 of 500 took 51.023s
  training loss:		0.001477
  validation loss:		0.001481
  validation accuracy:		100.00 %
Epoch 314 of 500 took 51.017s
  training loss:		0.001679
  validation loss:		0.001708
  validation accuracy:		100.00 %
Epoch 315 of 500 took 50.994s
  training loss:		0.001628
  validation loss:		0.001733
  validation accuracy:		100.00 %
Epoch 316 of 500 took 51.044s
  training loss:		0.001555
  validation loss:		0.001594
  validation accuracy:		100.00 %
Epoch 317 of 500 took 51.008s
  training loss:		0.001705
  validation loss:		0.001733
  validation accuracy:		100.00 %
Epoch 318 of 500 took 50.993s
  training loss:		0.001727
  validation loss:		0.001503
  validation accuracy:		100.00 %
Epoch 319 of 500 took 51.042s
  training loss:		0.001656
  validation loss:		0.001602
  validation accuracy:		100.00 %
Epoch 320 of 500 took 51.033s
  training loss:		0.001599
  validation loss:		0.001491
  validation accuracy:		100.00 %
Epoch 321 of 500 took 50.984s
  training loss:		0.001516
  validation loss:		0.001485
  validation accuracy:		100.00 %
('Average Reconstruction Error -- ', 0.099936364540683609)
Plotting the learning curve .........
Plotting the valid learning curve .........
Plotting the accuracy curve .........
Network Parameters saved!!!!!!!!
Running prediction function on Validation data
Epoch 322 of 500 took 51.039s
  training loss:		0.001578
  validation loss:		0.001466
  validation accuracy:		100.00 %
Epoch 323 of 500 took 51.012s
  training loss:		0.001780
  validation loss:		0.001622
  validation accuracy:		100.00 %
Epoch 324 of 500 took 51.224s
  training loss:		0.001750
  validation loss:		0.001808
  validation accuracy:		100.00 %
Epoch 325 of 500 took 51.009s
  training loss:		0.001641
  validation loss:		0.001606
  validation accuracy:		100.00 %
Epoch 326 of 500 took 51.023s
  training loss:		0.001796
  validation loss:		0.001528
  validation accuracy:		100.00 %
Epoch 327 of 500 took 51.016s
  training loss:		0.001488
  validation loss:		0.001477
  validation accuracy:		100.00 %
Epoch 328 of 500 took 51.011s
  training loss:		0.001547
  validation loss:		0.001661
  validation accuracy:		100.00 %
Epoch 329 of 500 took 51.016s
  training loss:		0.001372
  validation loss:		0.001491
  validation accuracy:		100.00 %
Epoch 330 of 500 took 51.019s
  training loss:		0.001660
  validation loss:		0.001414
  validation accuracy:		100.00 %
Epoch 331 of 500 took 51.228s
  training loss:		0.001502
  validation loss:		0.001486
  validation accuracy:		100.00 %
('Average Reconstruction Error -- ', 0.096965822016873079)
Plotting the learning curve .........
Plotting the valid learning curve .........
Plotting the accuracy curve .........
Network Parameters saved!!!!!!!!
Running prediction function on Validation data
Epoch 332 of 500 took 51.269s
  training loss:		0.001597
  validation loss:		0.001518
  validation accuracy:		100.00 %
Epoch 333 of 500 took 51.604s
  training loss:		0.001532
  validation loss:		0.001532
  validation accuracy:		100.00 %
Epoch 334 of 500 took 51.024s
  training loss:		0.001605
  validation loss:		0.001555
  validation accuracy:		100.00 %
Epoch 335 of 500 took 51.410s
  training loss:		0.001473
  validation loss:		0.001538
  validation accuracy:		100.00 %
Epoch 336 of 500 took 51.426s
  training loss:		0.001421
  validation loss:		0.001242
  validation accuracy:		100.00 %
Epoch 337 of 500 took 51.414s
  training loss:		0.001652
  validation loss:		0.001424
  validation accuracy:		100.00 %
Epoch 338 of 500 took 51.417s
  training loss:		0.001408
  validation loss:		0.001406
  validation accuracy:		100.00 %
Epoch 339 of 500 took 51.611s
  training loss:		0.001625
  validation loss:		0.001417
  validation accuracy:		100.00 %
Epoch 340 of 500 took 51.629s
  training loss:		0.001435
  validation loss:		0.001434
  validation accuracy:		100.00 %
Epoch 341 of 500 took 51.413s
  training loss:		0.001517
  validation loss:		0.001439
  validation accuracy:		100.00 %
('Average Reconstruction Error -- ', 0.0941670127615995)
Plotting the learning curve .........
Plotting the valid learning curve .........
Plotting the accuracy curve .........
Network Parameters saved!!!!!!!!
Running prediction function on Validation data
Epoch 342 of 500 took 51.545s
  training loss:		0.001558
  validation loss:		0.001623
  validation accuracy:		100.00 %
Epoch 343 of 500 took 51.618s
  training loss:		0.001705
  validation loss:		0.001489
  validation accuracy:		100.00 %
Epoch 344 of 500 took 51.599s
  training loss:		0.001520
  validation loss:		0.001436
  validation accuracy:		100.00 %
Epoch 345 of 500 took 51.616s
  training loss:		0.001597
  validation loss:		0.001523
  validation accuracy:		100.00 %
Epoch 346 of 500 took 51.817s
  training loss:		0.001545
  validation loss:		0.001602
  validation accuracy:		100.00 %
Epoch 347 of 500 took 51.820s
  training loss:		0.001435
  validation loss:		0.001425
  validation accuracy:		100.00 %
Epoch 348 of 500 took 51.841s
  training loss:		0.001354
  validation loss:		0.001466
  validation accuracy:		100.00 %
Epoch 349 of 500 took 51.802s
  training loss:		0.001430
  validation loss:		0.001277
  validation accuracy:		100.00 %
Epoch 350 of 500 took 51.814s
  training loss:		0.001317
  validation loss:		0.001251
  validation accuracy:		100.00 %
Epoch 351 of 500 took 51.824s
  training loss:		0.001276
  validation loss:		0.001268
  validation accuracy:		100.00 %
('Average Reconstruction Error -- ', 0.091526176829504896)
Plotting the learning curve .........
Plotting the valid learning curve .........
Plotting the accuracy curve .........
Network Parameters saved!!!!!!!!
Running prediction function on Validation data
Epoch 352 of 500 took 51.147s
  training loss:		0.001317
  validation loss:		0.001467
  validation accuracy:		100.00 %
Epoch 353 of 500 took 51.020s
  training loss:		0.001393
  validation loss:		0.001370
  validation accuracy:		100.00 %
Epoch 354 of 500 took 51.022s
  training loss:		0.001461
  validation loss:		0.001349
  validation accuracy:		100.00 %
Epoch 355 of 500 took 51.410s
  training loss:		0.001170
  validation loss:		0.001248
  validation accuracy:		100.00 %
Epoch 356 of 500 took 51.001s
  training loss:		0.001252
  validation loss:		0.001263
  validation accuracy:		100.00 %
Epoch 357 of 500 took 51.015s
  training loss:		0.001356
  validation loss:		0.001209
  validation accuracy:		100.00 %
Epoch 358 of 500 took 51.017s
  training loss:		0.001314
  validation loss:		0.001488
  validation accuracy:		100.00 %
Epoch 359 of 500 took 51.034s
  training loss:		0.001234
  validation loss:		0.001289
  validation accuracy:		100.00 %
Epoch 360 of 500 took 51.002s
  training loss:		0.001229
  validation loss:		0.001319
  validation accuracy:		100.00 %
Epoch 361 of 500 took 51.033s
  training loss:		0.001430
  validation loss:		0.001486
  validation accuracy:		100.00 %
('Average Reconstruction Error -- ', 0.089027268445316832)
Plotting the learning curve .........
Plotting the valid learning curve .........
Plotting the accuracy curve .........
Network Parameters saved!!!!!!!!
Running prediction function on Validation data
Epoch 362 of 500 took 51.251s
  training loss:		0.001148
  validation loss:		0.001153
  validation accuracy:		100.00 %
Epoch 363 of 500 took 51.217s
  training loss:		0.001288
  validation loss:		0.001368
  validation accuracy:		100.00 %
Epoch 364 of 500 took 51.222s
  training loss:		0.001217
  validation loss:		0.001307
  validation accuracy:		100.00 %
Epoch 365 of 500 took 51.414s
  training loss:		0.001347
  validation loss:		0.001343
  validation accuracy:		100.00 %
Epoch 366 of 500 took 51.232s
  training loss:		0.001278
  validation loss:		0.001300
  validation accuracy:		100.00 %
Epoch 367 of 500 took 51.016s
  training loss:		0.001173
  validation loss:		0.001348
  validation accuracy:		100.00 %
Epoch 368 of 500 took 51.203s
  training loss:		0.001212
  validation loss:		0.001246
  validation accuracy:		100.00 %
Epoch 369 of 500 took 51.231s
  training loss:		0.001237
  validation loss:		0.001249
  validation accuracy:		100.00 %
Epoch 370 of 500 took 51.212s
  training loss:		0.001184
  validation loss:		0.001235
  validation accuracy:		100.00 %
Epoch 371 of 500 took 51.013s
  training loss:		0.001339
  validation loss:		0.001247
  validation accuracy:		100.00 %
('Average Reconstruction Error -- ', 0.086661098175483439)
Plotting the learning curve .........
Plotting the valid learning curve .........
Plotting the accuracy curve .........
Network Parameters saved!!!!!!!!
Running prediction function on Validation data
Epoch 372 of 500 took 51.094s
  training loss:		0.001170
  validation loss:		0.001327
  validation accuracy:		100.00 %
Epoch 373 of 500 took 51.015s
  training loss:		0.001178
  validation loss:		0.001262
  validation accuracy:		100.00 %
Epoch 374 of 500 took 51.006s
  training loss:		0.001303
  validation loss:		0.001254
  validation accuracy:		100.00 %
Epoch 375 of 500 took 51.030s
  training loss:		0.001268
  validation loss:		0.001324
  validation accuracy:		100.00 %
Epoch 376 of 500 took 51.019s
  training loss:		0.001243
  validation loss:		0.001309
  validation accuracy:		100.00 %
Epoch 377 of 500 took 51.002s
  training loss:		0.001194
  validation loss:		0.001357
  validation accuracy:		100.00 %
Epoch 378 of 500 took 51.027s
  training loss:		0.001470
  validation loss:		0.001169
  validation accuracy:		100.00 %
Epoch 379 of 500 took 51.011s
  training loss:		0.001366
  validation loss:		0.001203
  validation accuracy:		100.00 %
Epoch 380 of 500 took 51.016s
  training loss:		0.001162
  validation loss:		0.001247
  validation accuracy:		100.00 %
Epoch 381 of 500 took 51.027s
  training loss:		0.001182
  validation loss:		0.001217
  validation accuracy:		100.00 %
('Average Reconstruction Error -- ', 0.084419433370238078)
Plotting the learning curve .........
Plotting the valid learning curve .........
Plotting the accuracy curve .........
Network Parameters saved!!!!!!!!
Running prediction function on Validation data
Epoch 382 of 500 took 51.135s
  training loss:		0.001266
  validation loss:		0.001352
  validation accuracy:		100.00 %
Epoch 383 of 500 took 51.019s
  training loss:		0.001167
  validation loss:		0.001163
  validation accuracy:		100.00 %
Epoch 384 of 500 took 51.017s
  training loss:		0.001173
  validation loss:		0.001178
  validation accuracy:		100.00 %
Epoch 385 of 500 took 51.019s
  training loss:		0.001192
  validation loss:		0.001388
  validation accuracy:		100.00 %
Epoch 386 of 500 took 51.022s
  training loss:		0.001065
  validation loss:		0.001313
  validation accuracy:		100.00 %
Epoch 387 of 500 took 50.999s
  training loss:		0.001210
  validation loss:		0.001218
  validation accuracy:		100.00 %
Epoch 388 of 500 took 51.019s
  training loss:		0.001154
  validation loss:		0.001173
  validation accuracy:		100.00 %
Epoch 389 of 500 took 51.027s
  training loss:		0.001075
  validation loss:		0.001082
  validation accuracy:		100.00 %
Epoch 390 of 500 took 51.008s
  training loss:		0.001050
  validation loss:		0.001173
  validation accuracy:		100.00 %
Epoch 391 of 500 took 51.018s
  training loss:		0.001185
  validation loss:		0.001061
  validation accuracy:		100.00 %
('Average Reconstruction Error -- ', 0.082289874129729032)
Plotting the learning curve .........
Plotting the valid learning curve .........
Plotting the accuracy curve .........
Network Parameters saved!!!!!!!!
Running prediction function on Validation data
Epoch 392 of 500 took 51.074s
  training loss:		0.001172
  validation loss:		0.001201
  validation accuracy:		100.00 %
Epoch 393 of 500 took 51.212s
  training loss:		0.001172
  validation loss:		0.001037
  validation accuracy:		100.00 %
Epoch 394 of 500 took 51.219s
  training loss:		0.000996
  validation loss:		0.001186
  validation accuracy:		100.00 %
Epoch 395 of 500 took 51.226s
  training loss:		0.001014
  validation loss:		0.001074
  validation accuracy:		100.00 %
Epoch 396 of 500 took 51.211s
  training loss:		0.001060
  validation loss:		0.001115
  validation accuracy:		100.00 %
Epoch 397 of 500 took 51.214s
  training loss:		0.001153
  validation loss:		0.000942
  validation accuracy:		100.00 %
Epoch 398 of 500 took 51.212s
  training loss:		0.001189
  validation loss:		0.001024
  validation accuracy:		100.00 %
Epoch 399 of 500 took 51.421s
  training loss:		0.001216
  validation loss:		0.001088
  validation accuracy:		100.00 %
Epoch 400 of 500 took 51.210s
  training loss:		0.001041
  validation loss:		0.001317
  validation accuracy:		100.00 %
Epoch 401 of 500 took 51.224s
  training loss:		0.001036
  validation loss:		0.001147
  validation accuracy:		100.00 %
('Average Reconstruction Error -- ', 0.080265312117148505)
Plotting the learning curve .........
Plotting the valid learning curve .........
Plotting the accuracy curve .........
Network Parameters saved!!!!!!!!
Running prediction function on Validation data
Epoch 402 of 500 took 51.185s
  training loss:		0.001091
  validation loss:		0.001222
  validation accuracy:		100.00 %
Epoch 403 of 500 took 51.228s
  training loss:		0.001090
  validation loss:		0.001147
  validation accuracy:		100.00 %
Epoch 404 of 500 took 51.216s
  training loss:		0.001108
  validation loss:		0.000926
  validation accuracy:		100.00 %
Epoch 405 of 500 took 51.214s
  training loss:		0.001032
  validation loss:		0.000978
  validation accuracy:		100.00 %
Epoch 406 of 500 took 51.420s
  training loss:		0.001015
  validation loss:		0.001166
  validation accuracy:		100.00 %
Epoch 407 of 500 took 51.218s
  training loss:		0.001016
  validation loss:		0.001174
  validation accuracy:		100.00 %
Epoch 408 of 500 took 51.195s
  training loss:		0.001120
  validation loss:		0.001088
  validation accuracy:		100.00 %
Epoch 409 of 500 took 51.413s
  training loss:		0.000981
  validation loss:		0.000964
  validation accuracy:		100.00 %
Epoch 410 of 500 took 51.247s
  training loss:		0.000992
  validation loss:		0.001293
  validation accuracy:		100.00 %
Epoch 411 of 500 took 51.202s
  training loss:		0.001142
  validation loss:		0.001083
  validation accuracy:		100.00 %
('Average Reconstruction Error -- ', 0.078338146209294052)
Plotting the learning curve .........
Plotting the valid learning curve .........
Plotting the accuracy curve .........
Network Parameters saved!!!!!!!!
Running prediction function on Validation data
Epoch 412 of 500 took 51.053s
  training loss:		0.000996
  validation loss:		0.001086
  validation accuracy:		100.00 %
Epoch 413 of 500 took 51.010s
  training loss:		0.001111
  validation loss:		0.001178
  validation accuracy:		100.00 %
Epoch 414 of 500 took 51.031s
  training loss:		0.000978
  validation loss:		0.001147
  validation accuracy:		100.00 %
Epoch 415 of 500 took 51.015s
  training loss:		0.001068
  validation loss:		0.001080
  validation accuracy:		100.00 %
Epoch 416 of 500 took 51.013s
  training loss:		0.001071
  validation loss:		0.001103
  validation accuracy:		100.00 %
Epoch 417 of 500 took 51.018s
  training loss:		0.001111
  validation loss:		0.001173
  validation accuracy:		100.00 %
Epoch 418 of 500 took 51.014s
  training loss:		0.001072
  validation loss:		0.001120
  validation accuracy:		100.00 %
Epoch 419 of 500 took 51.013s
  training loss:		0.000936
  validation loss:		0.001032
  validation accuracy:		100.00 %
Epoch 420 of 500 took 51.023s
  training loss:		0.001062
  validation loss:		0.001043
  validation accuracy:		100.00 %
Epoch 421 of 500 took 51.020s
  training loss:		0.000952
  validation loss:		0.000971
  validation accuracy:		100.00 %
('Average Reconstruction Error -- ', 0.076501981181364767)
Plotting the learning curve .........
Plotting the valid learning curve .........
Plotting the accuracy curve .........
Network Parameters saved!!!!!!!!
Running prediction function on Validation data
Epoch 422 of 500 took 51.316s
  training loss:		0.001046
  validation loss:		0.001091
  validation accuracy:		100.00 %
Epoch 423 of 500 took 51.005s
  training loss:		0.001045
  validation loss:		0.001048
  validation accuracy:		100.00 %
Epoch 424 of 500 took 51.023s
  training loss:		0.000984
  validation loss:		0.001028
  validation accuracy:		100.00 %
Epoch 425 of 500 took 51.010s
  training loss:		0.000927
  validation loss:		0.001082
  validation accuracy:		100.00 %
Epoch 426 of 500 took 51.036s
  training loss:		0.000987
  validation loss:		0.001061
  validation accuracy:		100.00 %
Epoch 427 of 500 took 50.997s
  training loss:		0.000957
  validation loss:		0.001020
  validation accuracy:		100.00 %
Epoch 428 of 500 took 51.034s
  training loss:		0.000928
  validation loss:		0.001110
  validation accuracy:		100.00 %
Epoch 429 of 500 took 50.997s
  training loss:		0.000954
  validation loss:		0.000947
  validation accuracy:		100.00 %
Epoch 430 of 500 took 51.025s
  training loss:		0.000978
  validation loss:		0.000933
  validation accuracy:		100.00 %
Epoch 431 of 500 took 51.712s
  training loss:		0.001109
  validation loss:		0.001030
  validation accuracy:		100.00 %
('Average Reconstruction Error -- ', 0.074749994677256709)
Plotting the learning curve .........
Plotting the valid learning curve .........
Plotting the accuracy curve .........
Network Parameters saved!!!!!!!!
Running prediction function on Validation data
Epoch 432 of 500 took 51.323s
  training loss:		0.000917
  validation loss:		0.001159
  validation accuracy:		100.00 %
Epoch 433 of 500 took 51.233s
  training loss:		0.000965
  validation loss:		0.001009
  validation accuracy:		100.00 %
Epoch 434 of 500 took 51.207s
  training loss:		0.000920
  validation loss:		0.001045
  validation accuracy:		100.00 %
Epoch 435 of 500 took 51.207s
  training loss:		0.001060
  validation loss:		0.001015
  validation accuracy:		100.00 %
Epoch 436 of 500 took 51.220s
  training loss:		0.001006
  validation loss:		0.000906
  validation accuracy:		100.00 %
Epoch 437 of 500 took 51.218s
  training loss:		0.000954
  validation loss:		0.000970
  validation accuracy:		100.00 %
Epoch 438 of 500 took 51.220s
  training loss:		0.001020
  validation loss:		0.001074
  validation accuracy:		100.00 %
Epoch 439 of 500 took 51.210s
  training loss:		0.001003
  validation loss:		0.001036
  validation accuracy:		100.00 %
Epoch 440 of 500 took 51.453s
  training loss:		0.000968
  validation loss:		0.000947
  validation accuracy:		100.00 %
Epoch 441 of 500 took 51.194s
  training loss:		0.000934
  validation loss:		0.000933
  validation accuracy:		100.00 %
('Average Reconstruction Error -- ', 0.073077082594614068)
Plotting the learning curve .........
Plotting the valid learning curve .........
Plotting the accuracy curve .........
Network Parameters saved!!!!!!!!
Running prediction function on Validation data
Epoch 442 of 500 took 51.219s
  training loss:		0.000928
  validation loss:		0.000939
  validation accuracy:		100.00 %
Epoch 443 of 500 took 51.212s
  training loss:		0.000938
  validation loss:		0.000991
  validation accuracy:		100.00 %
Epoch 444 of 500 took 51.213s
  training loss:		0.000961
  validation loss:		0.000868
  validation accuracy:		100.00 %
Epoch 445 of 500 took 51.216s
  training loss:		0.000960
  validation loss:		0.000921
  validation accuracy:		100.00 %
Epoch 446 of 500 took 51.219s
  training loss:		0.000838
  validation loss:		0.000949
  validation accuracy:		100.00 %
Epoch 447 of 500 took 51.225s
  training loss:		0.001025
  validation loss:		0.000993
  validation accuracy:		100.00 %
Epoch 448 of 500 took 51.216s
  training loss:		0.001035
  validation loss:		0.000962
  validation accuracy:		100.00 %
Epoch 449 of 500 took 51.203s
  training loss:		0.000817
  validation loss:		0.000925
  validation accuracy:		100.00 %
Epoch 450 of 500 took 51.218s
  training loss:		0.001044
  validation loss:		0.000968
  validation accuracy:		100.00 %
Epoch 451 of 500 took 51.224s
  training loss:		0.000982
  validation loss:		0.000866
  validation accuracy:		100.00 %
('Average Reconstruction Error -- ', 0.071477873613532361)
Plotting the learning curve .........
Plotting the valid learning curve .........
Plotting the accuracy curve .........
Network Parameters saved!!!!!!!!
Running prediction function on Validation data
Epoch 452 of 500 took 51.366s
  training loss:		0.000954
  validation loss:		0.001036
  validation accuracy:		100.00 %
Epoch 453 of 500 took 51.224s
  training loss:		0.000911
  validation loss:		0.000858
  validation accuracy:		100.00 %
Epoch 454 of 500 took 51.206s
  training loss:		0.000959
  validation loss:		0.000803
  validation accuracy:		100.00 %
Epoch 455 of 500 took 51.014s
  training loss:		0.000919
  validation loss:		0.000966
  validation accuracy:		100.00 %
Epoch 456 of 500 took 51.034s
  training loss:		0.000880
  validation loss:		0.000930
  validation accuracy:		100.00 %
Epoch 457 of 500 took 51.208s
  training loss:		0.000966
  validation loss:		0.000866
  validation accuracy:		100.00 %
Epoch 458 of 500 took 51.218s
  training loss:		0.000954
  validation loss:		0.000940
  validation accuracy:		100.00 %
Epoch 459 of 500 took 51.221s
  training loss:		0.001045
  validation loss:		0.000952
  validation accuracy:		100.00 %
Epoch 460 of 500 took 51.208s
  training loss:		0.000902
  validation loss:		0.000886
  validation accuracy:		100.00 %
Epoch 461 of 500 took 51.019s
  training loss:		0.000895
  validation loss:		0.001027
  validation accuracy:		100.00 %
('Average Reconstruction Error -- ', 0.069947732556685988)
Plotting the learning curve .........
Plotting the valid learning curve .........
Plotting the accuracy curve .........
Network Parameters saved!!!!!!!!
Running prediction function on Validation data
Epoch 462 of 500 took 51.259s
  training loss:		0.000891
  validation loss:		0.000877
  validation accuracy:		100.00 %
Epoch 463 of 500 took 51.010s
  training loss:		0.000947
  validation loss:		0.001058
  validation accuracy:		100.00 %
Epoch 464 of 500 took 51.023s
  training loss:		0.000824
  validation loss:		0.000880
  validation accuracy:		100.00 %
Epoch 465 of 500 took 51.001s
  training loss:		0.000915
  validation loss:		0.000930
  validation accuracy:		100.00 %
Epoch 466 of 500 took 51.035s
  training loss:		0.000882
  validation loss:		0.000905
  validation accuracy:		100.00 %
Epoch 467 of 500 took 51.012s
  training loss:		0.000842
  validation loss:		0.000978
  validation accuracy:		100.00 %
Epoch 468 of 500 took 51.007s
  training loss:		0.001133
  validation loss:		0.000942
  validation accuracy:		100.00 %
Epoch 469 of 500 took 51.020s
  training loss:		0.000832
  validation loss:		0.000849
  validation accuracy:		100.00 %
Epoch 470 of 500 took 51.019s
  training loss:		0.000802
  validation loss:		0.000870
  validation accuracy:		100.00 %
Epoch 471 of 500 took 51.019s
  training loss:		0.000809
  validation loss:		0.000895
  validation accuracy:		100.00 %
('Average Reconstruction Error -- ', 0.068481492439437616)
Plotting the learning curve .........
Plotting the valid learning curve .........
Plotting the accuracy curve .........
Network Parameters saved!!!!!!!!
Running prediction function on Validation data
Epoch 472 of 500 took 50.894s
  training loss:		0.001031
  validation loss:		0.000859
  validation accuracy:		100.00 %
Epoch 473 of 500 took 51.028s
  training loss:		0.000814
  validation loss:		0.000815
  validation accuracy:		100.00 %
Epoch 474 of 500 took 51.008s
  training loss:		0.000806
  validation loss:		0.000808
  validation accuracy:		100.00 %
Epoch 475 of 500 took 51.031s
  training loss:		0.000863
  validation loss:		0.000901
  validation accuracy:		100.00 %
Epoch 476 of 500 took 51.011s
  training loss:		0.000781
  validation loss:		0.000793
  validation accuracy:		100.00 %
Epoch 477 of 500 took 51.021s
  training loss:		0.000800
  validation loss:		0.000885
  validation accuracy:		100.00 %
Epoch 478 of 500 took 51.406s
  training loss:		0.000821
  validation loss:		0.000857
  validation accuracy:		100.00 %
Epoch 479 of 500 took 51.014s
  training loss:		0.000889
  validation loss:		0.000869
  validation accuracy:		100.00 %
Epoch 480 of 500 took 51.026s
  training loss:		0.000896
  validation loss:		0.000740
  validation accuracy:		100.00 %
Epoch 481 of 500 took 51.010s
  training loss:		0.000854
  validation loss:		0.000759
  validation accuracy:		100.00 %
('Average Reconstruction Error -- ', 0.067075547105885494)
Plotting the learning curve .........
Plotting the valid learning curve .........
Plotting the accuracy curve .........
Network Parameters saved!!!!!!!!
Running prediction function on Validation data
Epoch 482 of 500 took 50.887s
  training loss:		0.000751
  validation loss:		0.000777
  validation accuracy:		100.00 %
Epoch 483 of 500 took 51.023s
  training loss:		0.000786
  validation loss:		0.000750
  validation accuracy:		100.00 %
Epoch 484 of 500 took 51.008s
  training loss:		0.000887
  validation loss:		0.000951
  validation accuracy:		100.00 %
Epoch 485 of 500 took 51.017s
  training loss:		0.000818
  validation loss:		0.000891
  validation accuracy:		100.00 %
Epoch 486 of 500 took 51.024s
  training loss:		0.000796
  validation loss:		0.000758
  validation accuracy:		100.00 %
Epoch 487 of 500 took 51.017s
  training loss:		0.000739
  validation loss:		0.000710
  validation accuracy:		100.00 %
Epoch 488 of 500 took 51.014s
  training loss:		0.000814
  validation loss:		0.000871
  validation accuracy:		100.00 %
Epoch 489 of 500 took 51.022s
  training loss:		0.000838
  validation loss:		0.000852
  validation accuracy:		100.00 %
Epoch 490 of 500 took 51.017s
  training loss:		0.000697
  validation loss:		0.000714
  validation accuracy:		100.00 %
Epoch 491 of 500 took 51.009s
  training loss:		0.000785
  validation loss:		0.000922
  validation accuracy:		100.00 %
('Average Reconstruction Error -- ', 0.065725560093363375)
Plotting the learning curve .........
Plotting the valid learning curve .........
Plotting the accuracy curve .........
Network Parameters saved!!!!!!!!
Running prediction function on Validation data
Epoch 492 of 500 took 50.910s
  training loss:		0.000867
  validation loss:		0.000744
  validation accuracy:		100.00 %
Epoch 493 of 500 took 50.988s
  training loss:		0.000870
  validation loss:		0.000885
  validation accuracy:		100.00 %
Epoch 494 of 500 took 51.044s
  training loss:		0.000793
  validation loss:		0.000744
  validation accuracy:		100.00 %
Epoch 495 of 500 took 51.001s
  training loss:		0.000839
  validation loss:		0.000820
  validation accuracy:		100.00 %
Epoch 496 of 500 took 51.022s
  training loss:		0.000828
  validation loss:		0.000829
  validation accuracy:		100.00 %
Epoch 497 of 500 took 51.019s
  training loss:		0.000762
  validation loss:		0.000827
  validation accuracy:		100.00 %
Epoch 498 of 500 took 51.016s
  training loss:		0.000745
  validation loss:		0.000769
  validation accuracy:		100.00 %
Epoch 499 of 500 took 50.993s
  training loss:		0.000750
  validation loss:		0.000727
  validation accuracy:		100.00 %
Epoch 500 of 500 took 51.032s
  training loss:		0.000823
  validation loss:		0.000847
  validation accuracy:		100.00 %
('Get all the Update Values : ', OrderedDict([(W, Elemwise{add,no_inplace}.0), (b, Elemwise{add,no_inplace}.0), (W, Elemwise{add,no_inplace}.0), (b, Elemwise{add,no_inplace}.0), (W, Elemwise{add,no_inplace}.0), (b, Elemwise{add,no_inplace}.0), (W, Elemwise{add,no_inplace}.0), (b, Elemwise{add,no_inplace}.0), (W, Elemwise{add,no_inplace}.0), (b, Elemwise{add,no_inplace}.0), (W, Elemwise{add,no_inplace}.0), (b, Elemwise{add,no_inplace}.0), (<TensorType(float64, 4D)>, Elemwise{sub,no_inplace}.0), (<TensorType(float64, vector)>, Elemwise{sub,no_inplace}.0), (<TensorType(float64, 4D)>, Elemwise{sub,no_inplace}.0), (<TensorType(float64, vector)>, Elemwise{sub,no_inplace}.0), (<TensorType(float64, 4D)>, Elemwise{sub,no_inplace}.0), (<TensorType(float64, vector)>, Elemwise{sub,no_inplace}.0), (<TensorType(float64, 4D)>, Elemwise{sub,no_inplace}.0), (<TensorType(float64, vector)>, Elemwise{sub,no_inplace}.0), (<TensorType(float64, matrix)>, Elemwise{sub,no_inplace}.0), (<TensorType(float64, vector)>, Elemwise{sub,no_inplace}.0), (<TensorType(float64, matrix)>, Elemwise{sub,no_inplace}.0), (<TensorType(float64, vector)>, Elemwise{sub,no_inplace}.0)]))
Visualizing Saliency map .........
Traceback (most recent call last):
  File "supervised_cnn.py", line 450, in <module>
    main(**{k:v for (k,v) in vars(args).items() if v is not None})
  File "supervised_cnn.py", line 409, in main
    visualize_saliency_map(X_train, X_sal, max_class, outfolder)
  File "/global/u1/s/ssingh79/convolutional_autoencoder-master/Models/Theoretical_model/visualize.py", line 223, in visualize_saliency_map
    plt.imshow((np.maximum(0, saliency) / saliency.max()))
  File "/usr/common/software/python/2.7-anaconda/envs/deeplearning/lib/python2.7/site-packages/matplotlib/pyplot.py", line 3022, in imshow
    **kwargs)
  File "/usr/common/software/python/2.7-anaconda/envs/deeplearning/lib/python2.7/site-packages/matplotlib/__init__.py", line 1812, in inner
    return func(ax, *args, **kwargs)
  File "/usr/common/software/python/2.7-anaconda/envs/deeplearning/lib/python2.7/site-packages/matplotlib/axes/_axes.py", line 4947, in imshow
    im.set_data(X)
  File "/usr/common/software/python/2.7-anaconda/envs/deeplearning/lib/python2.7/site-packages/matplotlib/image.py", line 453, in set_data
    raise TypeError("Invalid dimensions for image data")
TypeError: Invalid dimensions for image data
