Loading data...
('Calling ', 'train_data_64k.h5', '......')
('Printing Train set ', array([[-0.01032324,  0.00679525,  0.0022744 , ..., -0.00186596,
        -0.00139782, -0.00295408],
       [ 0.03064897,  0.00953815,  0.03919139, ..., -0.04416131,
        -0.01501628, -0.03169146],
       [-0.00054488,  0.03779386,  0.03071115, ...,  0.03494589,
        -0.00192948, -0.01491482],
       ..., 
       [-0.01792001, -0.0332757 , -0.03511935, ..., -0.02660589,
        -0.02870286, -0.0296263 ],
       [-0.01097497, -0.01258439, -0.03759458, ...,  0.01413019,
        -0.02485162, -0.02055037],
       [-0.04255074, -0.04967483, -0.02673387, ...,  0.01248583,
         0.0289001 , -0.00986743]]))
('X_train 1 shape ', (64000, 16384))
('Printing Train set ', array([[-0.02895022, -0.01645519,  0.01197478, ...,  0.00574689,
         0.00571866, -0.01718612],
       [ 0.01144791, -0.01438489, -0.01958978, ..., -0.02281559,
        -0.01273834, -0.02989038],
       [ 0.01408057,  0.07368826,  0.03771608, ...,  0.00684128,
         0.0404838 ,  0.09187245],
       ..., 
       [-0.01616629, -0.03937737, -0.02998938, ..., -0.02861841,
        -0.03645564, -0.05464134],
       [-0.01411046, -0.01284895,  0.02718686, ...,  0.00393858,
        -0.02665715, -0.00857452],
       [-0.03161345, -0.02759492, -0.01133318, ...,  0.00902891,
        -0.01940044, -0.0294812 ]]))
('X_train 2 shape ', (64000, 16384))
('Theoretical model 1', (50, 16384))
('Theoretical model 1', (50, 16384))
('Training Set : ', array([[ -3.60554922e-03,  -3.59824039e-02,  -2.69275848e-02, ...,
          2.59302882e-03,  -2.84976442e-03,   6.59635477e-03],
       [  1.29677160e-02,   7.14160828e-03,  -6.78229751e-03, ...,
         -1.07593648e-03,  -1.00892419e-02,   4.90426683e-05],
       [ -6.05215412e-03,   1.09454030e-02,   1.26904966e-02, ...,
         -2.64701359e-02,  -6.22639479e-03,  -2.00028736e-02],
       ..., 
       [  2.87391973e-04,  -3.26341316e-02,  -3.11397631e-02, ...,
         -1.68276187e-02,  -7.55993370e-03,  -3.11914808e-03],
       [ -2.67561618e-02,  -2.48683058e-02,  -1.59097221e-02, ...,
         -9.63705871e-03,  -8.38572718e-03,  -2.25585233e-02],
       [ -4.84576775e-03,   1.92672573e-02,   1.47634139e-02, ...,
          4.19339910e-02,   3.22799347e-02,   5.95210074e-03]]))
((80, 16384), (80,))
('Validation Set : ', array([[  5.01012877e-02,   3.78734171e-02,   3.30901751e-03, ...,
         -3.18008400e-02,  -2.84637176e-02,  -3.46333608e-02],
       [ -1.09729022e-02,   1.47836907e-02,   9.54724755e-03, ...,
         -5.81401698e-02,  -4.46102433e-02,  -1.44606968e-02],
       [ -1.27413776e-03,  -1.53365573e-02,  -2.39870343e-02, ...,
          4.02939282e-02,   2.69532148e-02,   6.61136806e-02],
       ..., 
       [ -5.04308566e-03,  -3.94241884e-03,  -1.70302019e-02, ...,
         -2.67882235e-02,  -5.81643824e-03,  -3.10219806e-02],
       [ -1.11655276e-02,   7.83597957e-03,   2.64383275e-02, ...,
         -2.73072883e-03,   3.24401844e-05,  -1.01698823e-02],
       [ -1.09729022e-02,   1.47836907e-02,   9.54724755e-03, ...,
         -5.81401698e-02,  -4.46102433e-02,  -1.44606968e-02]]))
((10, 16384), (10,))
('Test Set : ', array([[ 0.05904437,  0.04966093,  0.04428927, ..., -0.0185125 ,
        -0.01735438, -0.00856543],
       [ 0.04921146,  0.06844623,  0.03891762, ...,  0.00464519,
        -0.01836067, -0.03634496],
       [ 0.09084385,  0.05614573,  0.09205809, ..., -0.00485217,
        -0.00940394,  0.00834586],
       ..., 
       [-0.02675616, -0.02486831, -0.01590972, ..., -0.00963706,
        -0.00838573, -0.02255852],
       [ 0.03744439,  0.03265717,  0.03214044, ..., -0.06150324,
        -0.05337032, -0.04616497],
       [-0.0169492 , -0.06005152, -0.05942148, ...,  0.07055707,
         0.00689715,  0.01604382]]))
((10, 16384), (10,))
[ 0.01036532  0.01168686  0.01097828 ..., -0.00219517 -0.00179102
 -0.00109874]
[ 0.00592489  0.00270761  0.00200709 ...,  0.00105114  0.0009465
  0.00106302]
('Normalized Training data : ', array([[-0.18150279, -0.91610488, -0.84610161, ...,  0.14768676,
        -0.03441369,  0.236017  ],
       [ 0.03380908, -0.08735037, -0.39643611, ...,  0.03452161,
        -0.26972719,  0.03520372],
       [-0.2132879 , -0.01424929,  0.03821859, ..., -0.74873416,
        -0.14416839, -0.57981065],
       ..., 
       [-0.13092758, -0.851758  , -0.94012218, ..., -0.45132147,
        -0.18751402, -0.06196818],
       [-0.48226439, -0.70251486, -0.6001705 , ..., -0.22953666,
        -0.21435579, -0.65819524],
       [-0.19761511,  0.14567957,  0.08448844, ...,  1.36111488,
         1.1074494 ,  0.21625702]]))
('Mean : ', 4.2500725161431777e-18)
('min : ', -3.0015334054683298)
('max : ', 8.365758649051207)
('Valid set min : ', -2.9957379152910733)
('Valid set max : ', 21.483565822034492)
('Test set min : ', -3.4013546827464203)
('Test set max : ', 17.0778731922634)
((80, 1, 128, 128), (80,))
((10, 1, 128, 128), (10,))
((10, 1, 128, 128), (10,))
Saving sampled training images.......
Building model and compiling functions.........
('Input shape : ', (None, 1, 128, 128))
('Conv layer 1 : ', (None, 32, 128, 128))
('Max pool 1 : ', (None, 32, 64, 64))
('Conv layer 2 : ', (None, 32, 64, 64))
('Max pool 2 : ', (None, 32, 32, 32))
('Conv layer 3 : ', (None, 64, 32, 32))
('Max pool 3 : ', (None, 64, 16, 16))
('Conv layer 4 : ', (None, 64, 16, 16))
('Max pool 4 : ', (None, 64, 8, 8))
('Fully Connected layer: ', (None, 2048))
('Softmax layer: ', (None, 2))
Created Lasagne Layers & Network established !!! 
('Get the output layer : ', Softmax.0)
('Get all the parameters : ', [W, b, W, b, W, b, W, b, W, b, W, b])
Starting training...
Epoch 1 of 500 took 6.302s
  training loss:		0.678468
  validation loss:		0.670792
  validation accuracy:		63.75 %
('Average Reconstruction Error -- ', 0.67846812089342778)
Plotting the learning curve .........
Plotting the valid learning curve .........
Plotting the accuracy curve .........
Network Parameters saved!!!!!!!!
Running prediction function on Validation data
Epoch 2 of 500 took 5.623s
  training loss:		0.667450
  validation loss:		0.676388
  validation accuracy:		58.75 %
Epoch 3 of 500 took 5.564s
  training loss:		0.670225
  validation loss:		0.661358
  validation accuracy:		65.00 %
Epoch 4 of 500 took 5.594s
  training loss:		0.657033
  validation loss:		0.657281
  validation accuracy:		62.50 %
Epoch 5 of 500 took 5.421s
  training loss:		0.662139
  validation loss:		0.649802
  validation accuracy:		62.50 %
Epoch 6 of 500 took 5.585s
  training loss:		0.654693
  validation loss:		0.631915
  validation accuracy:		66.25 %
Epoch 7 of 500 took 5.521s
  training loss:		0.621611
  validation loss:		0.618575
  validation accuracy:		68.75 %
Epoch 8 of 500 took 5.500s
  training loss:		0.624757
  validation loss:		0.622337
  validation accuracy:		73.75 %
Epoch 9 of 500 took 5.585s
  training loss:		0.613903
  validation loss:		0.605933
  validation accuracy:		72.50 %
Epoch 10 of 500 took 5.599s
  training loss:		0.603152
  validation loss:		0.610257
  validation accuracy:		71.25 %
Epoch 11 of 500 took 5.414s
  training loss:		0.593561
  validation loss:		0.589091
  validation accuracy:		71.25 %
('Average Reconstruction Error -- ', 0.6406355159415964)
Plotting the learning curve .........
Plotting the valid learning curve .........
Plotting the accuracy curve .........
Network Parameters saved!!!!!!!!
Running prediction function on Validation data
Epoch 12 of 500 took 5.528s
  training loss:		0.586648
  validation loss:		0.581896
  validation accuracy:		76.25 %
Epoch 13 of 500 took 5.589s
  training loss:		0.579125
  validation loss:		0.561551
  validation accuracy:		85.00 %
Epoch 14 of 500 took 5.610s
  training loss:		0.572476
  validation loss:		0.565195
  validation accuracy:		80.00 %
Epoch 15 of 500 took 5.591s
  training loss:		0.548824
  validation loss:		0.560383
  validation accuracy:		82.50 %
Epoch 16 of 500 took 5.601s
  training loss:		0.553990
  validation loss:		0.544544
  validation accuracy:		81.25 %
Epoch 17 of 500 took 5.605s
  training loss:		0.542142
  validation loss:		0.541017
  validation accuracy:		86.25 %
Epoch 18 of 500 took 5.601s
  training loss:		0.525939
  validation loss:		0.535327
  validation accuracy:		83.75 %
Epoch 19 of 500 took 5.608s
  training loss:		0.529945
  validation loss:		0.511209
  validation accuracy:		86.25 %
Epoch 20 of 500 took 5.591s
  training loss:		0.519052
  validation loss:		0.510177
  validation accuracy:		86.25 %
Epoch 21 of 500 took 5.608s
  training loss:		0.506707
  validation loss:		0.502868
  validation accuracy:		88.75 %
('Average Reconstruction Error -- ', 0.59580181102332375)
Plotting the learning curve .........
Plotting the valid learning curve .........
Plotting the accuracy curve .........
Network Parameters saved!!!!!!!!
Running prediction function on Validation data
Epoch 22 of 500 took 5.557s
  training loss:		0.501269
  validation loss:		0.502683
  validation accuracy:		87.50 %
Epoch 23 of 500 took 5.414s
  training loss:		0.500441
  validation loss:		0.502369
  validation accuracy:		86.25 %
Epoch 24 of 500 took 5.594s
  training loss:		0.489445
  validation loss:		0.494298
  validation accuracy:		86.25 %
Epoch 25 of 500 took 5.412s
  training loss:		0.480643
  validation loss:		0.481197
  validation accuracy:		85.00 %
Epoch 26 of 500 took 5.593s
  training loss:		0.473324
  validation loss:		0.465932
  validation accuracy:		83.75 %
Epoch 27 of 500 took 5.416s
  training loss:		0.474811
  validation loss:		0.469119
  validation accuracy:		88.75 %
Epoch 28 of 500 took 5.587s
  training loss:		0.459970
  validation loss:		0.445842
  validation accuracy:		90.00 %
Epoch 29 of 500 took 5.600s
  training loss:		0.457082
  validation loss:		0.442475
  validation accuracy:		90.00 %
Epoch 30 of 500 took 5.607s
  training loss:		0.436613
  validation loss:		0.435642
  validation accuracy:		92.50 %
Epoch 31 of 500 took 5.598s
  training loss:		0.433305
  validation loss:		0.429831
  validation accuracy:		90.00 %
('Average Reconstruction Error -- ', 0.55544327289885809)
Plotting the learning curve .........
Plotting the valid learning curve .........
Plotting the accuracy curve .........
Network Parameters saved!!!!!!!!
Running prediction function on Validation data
Epoch 32 of 500 took 5.479s
  training loss:		0.446127
  validation loss:		0.421503
  validation accuracy:		91.25 %
Epoch 33 of 500 took 5.591s
  training loss:		0.426081
  validation loss:		0.417700
  validation accuracy:		87.50 %
Epoch 34 of 500 took 5.600s
  training loss:		0.417784
  validation loss:		0.420669
  validation accuracy:		88.75 %
Epoch 35 of 500 took 5.603s
  training loss:		0.409193
  validation loss:		0.411332
  validation accuracy:		91.25 %
Epoch 36 of 500 took 5.596s
  training loss:		0.399905
  validation loss:		0.396972
  validation accuracy:		91.25 %
Epoch 37 of 500 took 5.606s
  training loss:		0.388455
  validation loss:		0.394325
  validation accuracy:		91.25 %
Epoch 38 of 500 took 5.605s
  training loss:		0.390323
  validation loss:		0.387496
  validation accuracy:		92.50 %
Epoch 39 of 500 took 5.599s
  training loss:		0.380102
  validation loss:		0.374193
  validation accuracy:		92.50 %
Epoch 40 of 500 took 5.607s
  training loss:		0.373207
  validation loss:		0.379517
  validation accuracy:		93.75 %
Epoch 41 of 500 took 5.596s
  training loss:		0.374899
  validation loss:		0.369927
  validation accuracy:		92.50 %
('Average Reconstruction Error -- ', 0.51767849041157132)
Plotting the learning curve .........
Plotting the valid learning curve .........
Plotting the accuracy curve .........
Network Parameters saved!!!!!!!!
Running prediction function on Validation data
Epoch 42 of 500 took 5.449s
  training loss:		0.362879
  validation loss:		0.356594
  validation accuracy:		96.25 %
Epoch 43 of 500 took 5.636s
  training loss:		0.347410
  validation loss:		0.361033
  validation accuracy:		92.50 %
Epoch 44 of 500 took 5.569s
  training loss:		0.358814
  validation loss:		0.342699
  validation accuracy:		96.25 %
Epoch 45 of 500 took 5.593s
  training loss:		0.354370
  validation loss:		0.335180
  validation accuracy:		96.25 %
Epoch 46 of 500 took 5.598s
  training loss:		0.348015
  validation loss:		0.339143
  validation accuracy:		97.50 %
Epoch 47 of 500 took 5.596s
  training loss:		0.335095
  validation loss:		0.332333
  validation accuracy:		96.25 %
Epoch 48 of 500 took 5.422s
  training loss:		0.331098
  validation loss:		0.314150
  validation accuracy:		95.00 %
Epoch 49 of 500 took 5.588s
  training loss:		0.326489
  validation loss:		0.331582
  validation accuracy:		96.25 %
Epoch 50 of 500 took 5.596s
  training loss:		0.325778
  validation loss:		0.316901
  validation accuracy:		96.25 %
Epoch 51 of 500 took 5.421s
  training loss:		0.309649
  validation loss:		0.311137
  validation accuracy:		97.50 %
('Average Reconstruction Error -- ', 0.48283166023555479)
Plotting the learning curve .........
Plotting the valid learning curve .........
Plotting the accuracy curve .........
Network Parameters saved!!!!!!!!
Running prediction function on Validation data
Epoch 52 of 500 took 5.491s
  training loss:		0.301142
  validation loss:		0.306597
  validation accuracy:		95.00 %
Epoch 53 of 500 took 5.600s
  training loss:		0.308133
  validation loss:		0.299945
  validation accuracy:		97.50 %
Epoch 54 of 500 took 5.596s
  training loss:		0.294082
  validation loss:		0.278709
  validation accuracy:		97.50 %
Epoch 55 of 500 took 5.600s
  training loss:		0.285945
  validation loss:		0.289482
  validation accuracy:		97.50 %
Epoch 56 of 500 took 5.601s
  training loss:		0.277045
  validation loss:		0.274465
  validation accuracy:		97.50 %
Epoch 57 of 500 took 5.597s
  training loss:		0.289000
  validation loss:		0.270057
  validation accuracy:		95.00 %
Epoch 58 of 500 took 5.602s
  training loss:		0.279948
  validation loss:		0.275564
  validation accuracy:		96.25 %
Epoch 59 of 500 took 5.607s
  training loss:		0.281604
  validation loss:		0.271211
  validation accuracy:		97.50 %
Epoch 60 of 500 took 5.601s
  training loss:		0.259042
  validation loss:		0.268803
  validation accuracy:		96.25 %
Epoch 61 of 500 took 5.605s
  training loss:		0.262074
  validation loss:		0.256999
  validation accuracy:		96.25 %
('Average Reconstruction Error -- ', 0.45020375021418574)
Plotting the learning curve .........
Plotting the valid learning curve .........
Plotting the accuracy curve .........
Network Parameters saved!!!!!!!!
Running prediction function on Validation data
Epoch 62 of 500 took 5.580s
  training loss:		0.242369
  validation loss:		0.252229
  validation accuracy:		96.25 %
Epoch 63 of 500 took 5.600s
  training loss:		0.240041
  validation loss:		0.246150
  validation accuracy:		97.50 %
Epoch 64 of 500 took 5.414s
  training loss:		0.257240
  validation loss:		0.243685
  validation accuracy:		97.50 %
Epoch 65 of 500 took 5.588s
  training loss:		0.243605
  validation loss:		0.242908
  validation accuracy:		97.50 %
Epoch 66 of 500 took 5.420s
  training loss:		0.237179
  validation loss:		0.240543
  validation accuracy:		96.25 %
Epoch 67 of 500 took 5.583s
  training loss:		0.235686
  validation loss:		0.223474
  validation accuracy:		97.50 %
Epoch 68 of 500 took 5.414s
  training loss:		0.226277
  validation loss:		0.228516
  validation accuracy:		97.50 %
Epoch 69 of 500 took 5.591s
  training loss:		0.228398
  validation loss:		0.228500
  validation accuracy:		97.50 %
Epoch 70 of 500 took 5.415s
  training loss:		0.220432
  validation loss:		0.212455
  validation accuracy:		97.50 %
Epoch 71 of 500 took 5.588s
  training loss:		0.216535
  validation loss:		0.215417
  validation accuracy:		97.50 %
('Average Reconstruction Error -- ', 0.41986182473013023)
Plotting the learning curve .........
Plotting the valid learning curve .........
Plotting the accuracy curve .........
Network Parameters saved!!!!!!!!
Running prediction function on Validation data
Epoch 72 of 500 took 5.626s
  training loss:		0.207341
  validation loss:		0.210095
  validation accuracy:		97.50 %
Epoch 73 of 500 took 5.599s
  training loss:		0.212853
  validation loss:		0.210680
  validation accuracy:		97.50 %
Epoch 74 of 500 took 5.606s
  training loss:		0.202039
  validation loss:		0.208480
  validation accuracy:		97.50 %
Epoch 75 of 500 took 5.600s
  training loss:		0.197032
  validation loss:		0.197852
  validation accuracy:		97.50 %
Epoch 76 of 500 took 5.604s
  training loss:		0.195186
  validation loss:		0.196325
  validation accuracy:		97.50 %
Epoch 77 of 500 took 5.603s
  training loss:		0.194912
  validation loss:		0.202794
  validation accuracy:		97.50 %
Epoch 78 of 500 took 5.596s
  training loss:		0.199505
  validation loss:		0.189504
  validation accuracy:		98.75 %
Epoch 79 of 500 took 5.603s
  training loss:		0.191850
  validation loss:		0.179057
  validation accuracy:		97.50 %
Epoch 80 of 500 took 5.602s
  training loss:		0.178454
  validation loss:		0.178892
  validation accuracy:		98.75 %
Epoch 81 of 500 took 5.606s
  training loss:		0.184016
  validation loss:		0.175122
  validation accuracy:		98.75 %
('Average Reconstruction Error -- ', 0.39226392347799149)
Plotting the learning curve .........
Plotting the valid learning curve .........
Plotting the accuracy curve .........
Network Parameters saved!!!!!!!!
Running prediction function on Validation data
Epoch 82 of 500 took 5.599s
  training loss:		0.182444
  validation loss:		0.178841
  validation accuracy:		97.50 %
Epoch 83 of 500 took 5.603s
  training loss:		0.177091
  validation loss:		0.169754
  validation accuracy:		97.50 %
Epoch 84 of 500 took 5.602s
  training loss:		0.174093
  validation loss:		0.182791
  validation accuracy:		97.50 %
Epoch 85 of 500 took 5.604s
  training loss:		0.170152
  validation loss:		0.158446
  validation accuracy:		100.00 %
Epoch 86 of 500 took 5.598s
  training loss:		0.163175
  validation loss:		0.162182
  validation accuracy:		98.75 %
Epoch 87 of 500 took 5.608s
  training loss:		0.162122
  validation loss:		0.159287
  validation accuracy:		98.75 %
Epoch 88 of 500 took 5.602s
  training loss:		0.156041
  validation loss:		0.155966
  validation accuracy:		100.00 %
Epoch 89 of 500 took 5.601s
  training loss:		0.151718
  validation loss:		0.146884
  validation accuracy:		100.00 %
Epoch 90 of 500 took 5.601s
  training loss:		0.155854
  validation loss:		0.140468
  validation accuracy:		100.00 %
Epoch 91 of 500 took 5.600s
  training loss:		0.142413
  validation loss:		0.142444
  validation accuracy:		100.00 %
('Average Reconstruction Error -- ', 0.36712614666009874)
Plotting the learning curve .........
Plotting the valid learning curve .........
Plotting the accuracy curve .........
Network Parameters saved!!!!!!!!
Running prediction function on Validation data
Epoch 92 of 500 took 5.492s
  training loss:		0.146435
  validation loss:		0.141265
  validation accuracy:		100.00 %
Epoch 93 of 500 took 5.602s
  training loss:		0.152763
  validation loss:		0.142771
  validation accuracy:		97.50 %
Epoch 94 of 500 took 5.598s
  training loss:		0.139601
  validation loss:		0.141786
  validation accuracy:		98.75 %
Epoch 95 of 500 took 5.608s
  training loss:		0.139244
  validation loss:		0.137560
  validation accuracy:		100.00 %
Epoch 96 of 500 took 5.602s
  training loss:		0.133445
  validation loss:		0.133340
  validation accuracy:		100.00 %
Epoch 97 of 500 took 5.595s
  training loss:		0.135255
  validation loss:		0.128463
  validation accuracy:		100.00 %
Epoch 98 of 500 took 5.604s
  training loss:		0.124046
  validation loss:		0.135920
  validation accuracy:		98.75 %
Epoch 99 of 500 took 5.601s
  training loss:		0.123374
  validation loss:		0.125563
  validation accuracy:		98.75 %
Epoch 100 of 500 took 5.603s
  training loss:		0.128405
  validation loss:		0.130639
  validation accuracy:		100.00 %
Epoch 101 of 500 took 5.596s
  training loss:		0.128187
  validation loss:		0.124595
  validation accuracy:		98.75 %
('Average Reconstruction Error -- ', 0.34415083830979626)
Plotting the learning curve .........
Plotting the valid learning curve .........
Plotting the accuracy curve .........
Network Parameters saved!!!!!!!!
Running prediction function on Validation data
Epoch 102 of 500 took 5.402s
  training loss:		0.120973
  validation loss:		0.115907
  validation accuracy:		100.00 %
Epoch 103 of 500 took 5.403s
  training loss:		0.121239
  validation loss:		0.113852
  validation accuracy:		100.00 %
Epoch 104 of 500 took 5.401s
  training loss:		0.124455
  validation loss:		0.118099
  validation accuracy:		100.00 %
Epoch 105 of 500 took 5.402s
  training loss:		0.120160
  validation loss:		0.121594
  validation accuracy:		100.00 %
Epoch 106 of 500 took 5.400s
  training loss:		0.119411
  validation loss:		0.115056
  validation accuracy:		98.75 %
Epoch 107 of 500 took 5.401s
  training loss:		0.111899
  validation loss:		0.109595
  validation accuracy:		100.00 %
Epoch 108 of 500 took 5.403s
  training loss:		0.104898
  validation loss:		0.106468
  validation accuracy:		100.00 %
Epoch 109 of 500 took 5.404s
  training loss:		0.114600
  validation loss:		0.106000
  validation accuracy:		100.00 %
Epoch 110 of 500 took 5.402s
  training loss:		0.106346
  validation loss:		0.107089
  validation accuracy:		100.00 %
Epoch 111 of 500 took 5.402s
  training loss:		0.109193
  validation loss:		0.106813
  validation accuracy:		100.00 %
('Average Reconstruction Error -- ', 0.32353522183779765)
Plotting the learning curve .........
Plotting the valid learning curve .........
Plotting the accuracy curve .........
Network Parameters saved!!!!!!!!
Running prediction function on Validation data
Epoch 112 of 500 took 5.421s
  training loss:		0.106187
  validation loss:		0.098561
  validation accuracy:		100.00 %
Epoch 113 of 500 took 5.407s
  training loss:		0.103718
  validation loss:		0.097879
  validation accuracy:		100.00 %
Epoch 114 of 500 took 5.401s
  training loss:		0.100066
  validation loss:		0.096731
  validation accuracy:		100.00 %
Epoch 115 of 500 took 5.398s
  training loss:		0.093497
  validation loss:		0.095102
  validation accuracy:		100.00 %
Epoch 116 of 500 took 5.402s
  training loss:		0.096890
  validation loss:		0.099383
  validation accuracy:		98.75 %
Epoch 117 of 500 took 5.400s
  training loss:		0.100698
  validation loss:		0.092790
  validation accuracy:		100.00 %
Epoch 118 of 500 took 5.403s
  training loss:		0.092594
  validation loss:		0.087546
  validation accuracy:		100.00 %
Epoch 119 of 500 took 5.400s
  training loss:		0.095004
  validation loss:		0.086375
  validation accuracy:		100.00 %
Epoch 120 of 500 took 5.402s
  training loss:		0.084490
  validation loss:		0.088928
  validation accuracy:		100.00 %
Epoch 121 of 500 took 5.403s
  training loss:		0.089428
  validation loss:		0.087337
  validation accuracy:		100.00 %
('Average Reconstruction Error -- ', 0.30475192239437549)
Plotting the learning curve .........
Plotting the valid learning curve .........
Plotting the accuracy curve .........
Network Parameters saved!!!!!!!!
Running prediction function on Validation data
Epoch 122 of 500 took 5.518s
  training loss:		0.086492
  validation loss:		0.084224
  validation accuracy:		100.00 %
Epoch 123 of 500 took 5.601s
  training loss:		0.086727
  validation loss:		0.081033
  validation accuracy:		100.00 %
Epoch 124 of 500 took 5.594s
  training loss:		0.082584
  validation loss:		0.081733
  validation accuracy:		100.00 %
Epoch 125 of 500 took 5.602s
  training loss:		0.082038
  validation loss:		0.085648
  validation accuracy:		100.00 %
Epoch 126 of 500 took 5.603s
  training loss:		0.083011
  validation loss:		0.078943
  validation accuracy:		100.00 %
Epoch 127 of 500 took 5.598s
  training loss:		0.078382
  validation loss:		0.076729
  validation accuracy:		100.00 %
Epoch 128 of 500 took 5.607s
  training loss:		0.078763
  validation loss:		0.086292
  validation accuracy:		100.00 %
Epoch 129 of 500 took 5.598s
  training loss:		0.080211
  validation loss:		0.079098
  validation accuracy:		100.00 %
Epoch 130 of 500 took 5.600s
  training loss:		0.072673
  validation loss:		0.069919
  validation accuracy:		100.00 %
Epoch 131 of 500 took 5.604s
  training loss:		0.071964
  validation loss:		0.072608
  validation accuracy:		100.00 %
('Average Reconstruction Error -- ', 0.28761701454659588)
Plotting the learning curve .........
Plotting the valid learning curve .........
Plotting the accuracy curve .........
Network Parameters saved!!!!!!!!
Running prediction function on Validation data
Epoch 132 of 500 took 5.513s
  training loss:		0.076400
  validation loss:		0.076432
  validation accuracy:		100.00 %
Epoch 133 of 500 took 5.596s
  training loss:		0.075667
  validation loss:		0.070587
  validation accuracy:		100.00 %
Epoch 134 of 500 took 5.601s
  training loss:		0.073306
  validation loss:		0.071916
  validation accuracy:		100.00 %
Epoch 135 of 500 took 5.603s
  training loss:		0.073173
  validation loss:		0.072961
  validation accuracy:		100.00 %
Epoch 136 of 500 took 5.601s
  training loss:		0.071496
  validation loss:		0.068847
  validation accuracy:		100.00 %
Epoch 137 of 500 took 5.604s
  training loss:		0.073451
  validation loss:		0.071793
  validation accuracy:		100.00 %
Epoch 138 of 500 took 5.599s
  training loss:		0.064849
  validation loss:		0.064835
  validation accuracy:		100.00 %
Epoch 139 of 500 took 5.601s
  training loss:		0.063652
  validation loss:		0.072360
  validation accuracy:		100.00 %
Epoch 140 of 500 took 5.605s
  training loss:		0.066953
  validation loss:		0.063535
  validation accuracy:		100.00 %
Epoch 141 of 500 took 5.600s
  training loss:		0.064903
  validation loss:		0.063792
  validation accuracy:		100.00 %
('Average Reconstruction Error -- ', 0.27221049469578096)
Plotting the learning curve .........
Plotting the valid learning curve .........
Plotting the accuracy curve .........
Network Parameters saved!!!!!!!!
Running prediction function on Validation data
Epoch 142 of 500 took 5.509s
  training loss:		0.057630
  validation loss:		0.063565
  validation accuracy:		100.00 %
Epoch 143 of 500 took 5.600s
  training loss:		0.062313
  validation loss:		0.066770
  validation accuracy:		100.00 %
Epoch 144 of 500 took 5.599s
  training loss:		0.063626
  validation loss:		0.062035
  validation accuracy:		100.00 %
Epoch 145 of 500 took 5.599s
  training loss:		0.060877
  validation loss:		0.059632
  validation accuracy:		100.00 %
Epoch 146 of 500 took 5.599s
  training loss:		0.058787
  validation loss:		0.061643
  validation accuracy:		100.00 %
Epoch 147 of 500 took 5.608s
  training loss:		0.057921
  validation loss:		0.061174
  validation accuracy:		100.00 %
Epoch 148 of 500 took 5.602s
  training loss:		0.060089
  validation loss:		0.061148
  validation accuracy:		100.00 %
Epoch 149 of 500 took 5.600s
  training loss:		0.056865
  validation loss:		0.059751
  validation accuracy:		100.00 %
Epoch 150 of 500 took 5.602s
  training loss:		0.056714
  validation loss:		0.055094
  validation accuracy:		100.00 %
Epoch 151 of 500 took 5.603s
  training loss:		0.055232
  validation loss:		0.056063
  validation accuracy:		100.00 %
('Average Reconstruction Error -- ', 0.25809094782031072)
Plotting the learning curve .........
Plotting the valid learning curve .........
Plotting the accuracy curve .........
Network Parameters saved!!!!!!!!
Running prediction function on Validation data
Epoch 152 of 500 took 5.534s
  training loss:		0.056590
  validation loss:		0.052993
  validation accuracy:		100.00 %
Epoch 153 of 500 took 5.586s
  training loss:		0.056509
  validation loss:		0.053547
  validation accuracy:		100.00 %
Epoch 154 of 500 took 5.424s
  training loss:		0.051040
  validation loss:		0.059040
  validation accuracy:		100.00 %
Epoch 155 of 500 took 5.588s
  training loss:		0.051125
  validation loss:		0.051129
  validation accuracy:		100.00 %
Epoch 156 of 500 took 5.413s
  training loss:		0.052943
  validation loss:		0.049513
  validation accuracy:		100.00 %
Epoch 157 of 500 took 5.591s
  training loss:		0.049920
  validation loss:		0.053098
  validation accuracy:		100.00 %
Epoch 158 of 500 took 5.593s
  training loss:		0.054277
  validation loss:		0.053627
  validation accuracy:		100.00 %
Epoch 159 of 500 took 5.439s
  training loss:		0.054782
  validation loss:		0.048702
  validation accuracy:		100.00 %
Epoch 160 of 500 took 5.572s
  training loss:		0.048706
  validation loss:		0.047459
  validation accuracy:		100.00 %
Epoch 161 of 500 took 5.413s
  training loss:		0.050605
  validation loss:		0.052878
  validation accuracy:		100.00 %
('Average Reconstruction Error -- ', 0.24533061835742304)
Plotting the learning curve .........
Plotting the valid learning curve .........
Plotting the accuracy curve .........
Network Parameters saved!!!!!!!!
Running prediction function on Validation data
Epoch 162 of 500 took 5.571s
  training loss:		0.045653
  validation loss:		0.050546
  validation accuracy:		100.00 %
Epoch 163 of 500 took 5.593s
  training loss:		0.045899
  validation loss:		0.045498
  validation accuracy:		100.00 %
Epoch 164 of 500 took 5.425s
  training loss:		0.050182
  validation loss:		0.047147
  validation accuracy:		100.00 %
Epoch 165 of 500 took 5.577s
  training loss:		0.048448
  validation loss:		0.044543
  validation accuracy:		100.00 %
Epoch 166 of 500 took 5.421s
  training loss:		0.045445
  validation loss:		0.042271
  validation accuracy:		100.00 %
Epoch 167 of 500 took 5.586s
  training loss:		0.047838
  validation loss:		0.042929
  validation accuracy:		100.00 %
Epoch 168 of 500 took 5.414s
  training loss:		0.042548
  validation loss:		0.042533
  validation accuracy:		100.00 %
Epoch 169 of 500 took 5.589s
  training loss:		0.045121
  validation loss:		0.043289
  validation accuracy:		100.00 %
Epoch 170 of 500 took 5.416s
  training loss:		0.042718
  validation loss:		0.044674
  validation accuracy:		100.00 %
Epoch 171 of 500 took 5.581s
  training loss:		0.049356
  validation loss:		0.044476
  validation accuracy:		100.00 %
('Average Reconstruction Error -- ', 0.23369261323826176)
Plotting the learning curve .........
Plotting the valid learning curve .........
Plotting the accuracy curve .........
Network Parameters saved!!!!!!!!
Running prediction function on Validation data
Epoch 172 of 500 took 5.460s
  training loss:		0.042094
  validation loss:		0.042045
  validation accuracy:		100.00 %
Epoch 173 of 500 took 5.595s
  training loss:		0.041715
  validation loss:		0.044583
  validation accuracy:		100.00 %
Epoch 174 of 500 took 5.614s
  training loss:		0.046009
  validation loss:		0.041711
  validation accuracy:		100.00 %
Epoch 175 of 500 took 5.586s
  training loss:		0.040627
  validation loss:		0.039791
  validation accuracy:		100.00 %
Epoch 176 of 500 took 5.601s
  training loss:		0.041407
  validation loss:		0.042262
  validation accuracy:		100.00 %
Epoch 177 of 500 took 5.606s
  training loss:		0.041353
  validation loss:		0.042356
  validation accuracy:		100.00 %
Epoch 178 of 500 took 5.606s
  training loss:		0.042315
  validation loss:		0.039444
  validation accuracy:		100.00 %
Epoch 179 of 500 took 5.594s
  training loss:		0.038450
  validation loss:		0.038898
  validation accuracy:		100.00 %
Epoch 180 of 500 took 5.616s
  training loss:		0.036679
  validation loss:		0.036791
  validation accuracy:		100.00 %
Epoch 181 of 500 took 5.591s
  training loss:		0.041591
  validation loss:		0.039142
  validation accuracy:		100.00 %
('Average Reconstruction Error -- ', 0.22305898144920314)
Plotting the learning curve .........
Plotting the valid learning curve .........
Plotting the accuracy curve .........
Network Parameters saved!!!!!!!!
Running prediction function on Validation data
Epoch 182 of 500 took 5.521s
  training loss:		0.037022
  validation loss:		0.037465
  validation accuracy:		100.00 %
Epoch 183 of 500 took 5.411s
  training loss:		0.043293
  validation loss:		0.037937
  validation accuracy:		100.00 %
Epoch 184 of 500 took 5.587s
  training loss:		0.036320
  validation loss:		0.039056
  validation accuracy:		100.00 %
Epoch 185 of 500 took 5.418s
  training loss:		0.037807
  validation loss:		0.037733
  validation accuracy:		100.00 %
Epoch 186 of 500 took 5.589s
  training loss:		0.036968
  validation loss:		0.034409
  validation accuracy:		100.00 %
Epoch 187 of 500 took 5.412s
  training loss:		0.034500
  validation loss:		0.036732
  validation accuracy:		100.00 %
Epoch 188 of 500 took 5.589s
  training loss:		0.037005
  validation loss:		0.034976
  validation accuracy:		100.00 %
Epoch 189 of 500 took 5.414s
  training loss:		0.035267
  validation loss:		0.032942
  validation accuracy:		100.00 %
Epoch 190 of 500 took 5.592s
  training loss:		0.034572
  validation loss:		0.036252
  validation accuracy:		100.00 %
Epoch 191 of 500 took 5.416s
  training loss:		0.036223
  validation loss:		0.034027
  validation accuracy:		100.00 %
('Average Reconstruction Error -- ', 0.21331232109197859)
Plotting the learning curve .........
Plotting the valid learning curve .........
Plotting the accuracy curve .........
Network Parameters saved!!!!!!!!
Running prediction function on Validation data
Epoch 192 of 500 took 5.525s
  training loss:		0.033149
  validation loss:		0.035617
  validation accuracy:		100.00 %
Epoch 193 of 500 took 5.598s
  training loss:		0.034840
  validation loss:		0.032784
  validation accuracy:		100.00 %
Epoch 194 of 500 took 5.603s
  training loss:		0.034014
  validation loss:		0.031213
  validation accuracy:		100.00 %
Epoch 195 of 500 took 5.604s
  training loss:		0.032112
  validation loss:		0.033420
  validation accuracy:		100.00 %
Epoch 196 of 500 took 5.603s
  training loss:		0.033659
  validation loss:		0.032572
  validation accuracy:		100.00 %
Epoch 197 of 500 took 5.597s
  training loss:		0.032649
  validation loss:		0.032006
  validation accuracy:		100.00 %
Epoch 198 of 500 took 5.601s
  training loss:		0.034413
  validation loss:		0.031157
  validation accuracy:		100.00 %
Epoch 199 of 500 took 5.604s
  training loss:		0.032276
  validation loss:		0.034235
  validation accuracy:		100.00 %
Epoch 200 of 500 took 5.598s
  training loss:		0.031980
  validation loss:		0.029623
  validation accuracy:		100.00 %
Epoch 201 of 500 took 5.603s
  training loss:		0.033271
  validation loss:		0.030754
  validation accuracy:		100.00 %
('Average Reconstruction Error -- ', 0.20435331630904136)
Plotting the learning curve .........
Plotting the valid learning curve .........
Plotting the accuracy curve .........
Network Parameters saved!!!!!!!!
Running prediction function on Validation data
Epoch 202 of 500 took 5.607s
  training loss:		0.029165
  validation loss:		0.029524
  validation accuracy:		100.00 %
Epoch 203 of 500 took 5.600s
  training loss:		0.029404
  validation loss:		0.031639
  validation accuracy:		100.00 %
Epoch 204 of 500 took 5.602s
  training loss:		0.031224
  validation loss:		0.030076
  validation accuracy:		100.00 %
Epoch 205 of 500 took 5.602s
  training loss:		0.031624
  validation loss:		0.028479
  validation accuracy:		100.00 %
Epoch 206 of 500 took 5.600s
  training loss:		0.027597
  validation loss:		0.026466
  validation accuracy:		100.00 %
Epoch 207 of 500 took 5.600s
  training loss:		0.032775
  validation loss:		0.028083
  validation accuracy:		100.00 %
Epoch 208 of 500 took 5.602s
  training loss:		0.030394
  validation loss:		0.029115
  validation accuracy:		100.00 %
Epoch 209 of 500 took 5.606s
  training loss:		0.027492
  validation loss:		0.027735
  validation accuracy:		100.00 %
Epoch 210 of 500 took 5.604s
  training loss:		0.028383
  validation loss:		0.028403
  validation accuracy:		100.00 %
Epoch 211 of 500 took 5.599s
  training loss:		0.025230
  validation loss:		0.027310
  validation accuracy:		100.00 %
('Average Reconstruction Error -- ', 0.1960583078889967)
Plotting the learning curve .........
Plotting the valid learning curve .........
Plotting the accuracy curve .........
Network Parameters saved!!!!!!!!
Running prediction function on Validation data
Epoch 212 of 500 took 5.543s
  training loss:		0.027730
  validation loss:		0.024295
  validation accuracy:		100.00 %
Epoch 213 of 500 took 5.594s
  training loss:		0.028710
  validation loss:		0.027422
  validation accuracy:		100.00 %
Epoch 214 of 500 took 5.601s
  training loss:		0.028963
  validation loss:		0.027677
  validation accuracy:		100.00 %
Epoch 215 of 500 took 5.653s
  training loss:		0.025429
  validation loss:		0.026770
  validation accuracy:		100.00 %
Epoch 216 of 500 took 5.553s
  training loss:		0.026157
  validation loss:		0.026607
  validation accuracy:		100.00 %
Epoch 217 of 500 took 5.601s
  training loss:		0.026343
  validation loss:		0.025457
  validation accuracy:		100.00 %
Epoch 218 of 500 took 5.601s
  training loss:		0.027117
  validation loss:		0.027320
  validation accuracy:		100.00 %
Epoch 219 of 500 took 5.602s
  training loss:		0.025350
  validation loss:		0.026818
  validation accuracy:		100.00 %
Epoch 220 of 500 took 5.603s
  training loss:		0.024982
  validation loss:		0.024422
  validation accuracy:		100.00 %
Epoch 221 of 500 took 5.598s
  training loss:		0.024884
  validation loss:		0.024622
  validation accuracy:		100.00 %
('Average Reconstruction Error -- ', 0.18838898906193671)
Plotting the learning curve .........
Plotting the valid learning curve .........
Plotting the accuracy curve .........
Network Parameters saved!!!!!!!!
Running prediction function on Validation data
Epoch 222 of 500 took 5.549s
  training loss:		0.028895
  validation loss:		0.026538
  validation accuracy:		100.00 %
Epoch 223 of 500 took 5.603s
  training loss:		0.027136
  validation loss:		0.024224
  validation accuracy:		100.00 %
Epoch 224 of 500 took 5.597s
  training loss:		0.024484
  validation loss:		0.026314
  validation accuracy:		100.00 %
Epoch 225 of 500 took 5.606s
  training loss:		0.023939
  validation loss:		0.025958
  validation accuracy:		100.00 %
Epoch 226 of 500 took 5.598s
  training loss:		0.024075
  validation loss:		0.024774
  validation accuracy:		100.00 %
Epoch 227 of 500 took 5.598s
  training loss:		0.024101
  validation loss:		0.023341
  validation accuracy:		100.00 %
Epoch 228 of 500 took 5.601s
  training loss:		0.025340
  validation loss:		0.023534
  validation accuracy:		100.00 %
Epoch 229 of 500 took 5.603s
  training loss:		0.021155
  validation loss:		0.024221
  validation accuracy:		100.00 %
Epoch 230 of 500 took 5.600s
  training loss:		0.023742
  validation loss:		0.022961
  validation accuracy:		100.00 %
Epoch 231 of 500 took 5.606s
  training loss:		0.023847
  validation loss:		0.023527
  validation accuracy:		100.00 %
('Average Reconstruction Error -- ', 0.18130164458134584)
Plotting the learning curve .........
Plotting the valid learning curve .........
Plotting the accuracy curve .........
Network Parameters saved!!!!!!!!
Running prediction function on Validation data
Epoch 232 of 500 took 5.442s
  training loss:		0.023263
  validation loss:		0.022139
  validation accuracy:		100.00 %
Epoch 233 of 500 took 5.587s
  training loss:		0.024877
  validation loss:		0.024008
  validation accuracy:		100.00 %
Epoch 234 of 500 took 5.610s
  training loss:		0.021049
  validation loss:		0.022887
  validation accuracy:		100.00 %
Epoch 235 of 500 took 5.600s
  training loss:		0.022491
  validation loss:		0.021660
  validation accuracy:		100.00 %
Epoch 236 of 500 took 5.598s
  training loss:		0.021535
  validation loss:		0.022312
  validation accuracy:		100.00 %
Epoch 237 of 500 took 5.603s
  training loss:		0.023633
  validation loss:		0.020688
  validation accuracy:		100.00 %
Epoch 238 of 500 took 5.601s
  training loss:		0.026204
  validation loss:		0.020321
  validation accuracy:		100.00 %
Epoch 239 of 500 took 5.600s
  training loss:		0.022713
  validation loss:		0.020863
  validation accuracy:		100.00 %
Epoch 240 of 500 took 5.598s
  training loss:		0.021395
  validation loss:		0.021197
  validation accuracy:		100.00 %
Epoch 241 of 500 took 5.604s
  training loss:		0.022226
  validation loss:		0.022881
  validation accuracy:		100.00 %
('Average Reconstruction Error -- ', 0.17473055599003098)
Plotting the learning curve .........
Plotting the valid learning curve .........
Plotting the accuracy curve .........
Network Parameters saved!!!!!!!!
Running prediction function on Validation data
Epoch 242 of 500 took 5.607s
  training loss:		0.019100
  validation loss:		0.021049
  validation accuracy:		100.00 %
Epoch 243 of 500 took 5.605s
  training loss:		0.024815
  validation loss:		0.018970
  validation accuracy:		100.00 %
Epoch 244 of 500 took 5.602s
  training loss:		0.019997
  validation loss:		0.022324
  validation accuracy:		100.00 %
Epoch 245 of 500 took 5.602s
  training loss:		0.020535
  validation loss:		0.019582
  validation accuracy:		100.00 %
Epoch 246 of 500 took 5.604s
  training loss:		0.021440
  validation loss:		0.018679
  validation accuracy:		100.00 %
Epoch 247 of 500 took 5.604s
  training loss:		0.021775
  validation loss:		0.019011
  validation accuracy:		100.00 %
Epoch 248 of 500 took 5.599s
  training loss:		0.021188
  validation loss:		0.020395
  validation accuracy:		100.00 %
Epoch 249 of 500 took 5.603s
  training loss:		0.019777
  validation loss:		0.019393
  validation accuracy:		100.00 %
Epoch 250 of 500 took 5.601s
  training loss:		0.018974
  validation loss:		0.019879
  validation accuracy:		100.00 %
Epoch 251 of 500 took 5.597s
  training loss:		0.021152
  validation loss:		0.021009
  validation accuracy:		100.00 %
('Average Reconstruction Error -- ', 0.1686008609628144)
Plotting the learning curve .........
Plotting the valid learning curve .........
Plotting the accuracy curve .........
Network Parameters saved!!!!!!!!
Running prediction function on Validation data
Epoch 252 of 500 took 5.450s
  training loss:		0.021926
  validation loss:		0.019541
  validation accuracy:		100.00 %
Epoch 253 of 500 took 5.408s
  training loss:		0.018272
  validation loss:		0.019450
  validation accuracy:		100.00 %
Epoch 254 of 500 took 5.402s
  training loss:		0.017984
  validation loss:		0.019595
  validation accuracy:		100.00 %
Epoch 255 of 500 took 5.402s
  training loss:		0.019920
  validation loss:		0.018266
  validation accuracy:		100.00 %
Epoch 256 of 500 took 5.397s
  training loss:		0.020295
  validation loss:		0.018896
  validation accuracy:		100.00 %
Epoch 257 of 500 took 5.404s
  training loss:		0.018069
  validation loss:		0.018177
  validation accuracy:		100.00 %
Epoch 258 of 500 took 5.402s
  training loss:		0.018934
  validation loss:		0.016577
  validation accuracy:		100.00 %
Epoch 259 of 500 took 5.400s
  training loss:		0.020068
  validation loss:		0.017169
  validation accuracy:		100.00 %
Epoch 260 of 500 took 5.399s
  training loss:		0.019593
  validation loss:		0.017847
  validation accuracy:		100.00 %
Epoch 261 of 500 took 5.407s
  training loss:		0.017825
  validation loss:		0.018212
  validation accuracy:		100.00 %
('Average Reconstruction Error -- ', 0.16288008135438448)
Plotting the learning curve .........
Plotting the valid learning curve .........
Plotting the accuracy curve .........
Network Parameters saved!!!!!!!!
Running prediction function on Validation data
Epoch 262 of 500 took 5.610s
  training loss:		0.019218
  validation loss:		0.018576
  validation accuracy:		100.00 %
Epoch 263 of 500 took 5.407s
  training loss:		0.018054
  validation loss:		0.017208
  validation accuracy:		100.00 %
Epoch 264 of 500 took 5.397s
  training loss:		0.019555
  validation loss:		0.017166
  validation accuracy:		100.00 %
Epoch 265 of 500 took 5.401s
  training loss:		0.018412
  validation loss:		0.015431
  validation accuracy:		100.00 %
Epoch 266 of 500 took 5.407s
  training loss:		0.016666
  validation loss:		0.015848
  validation accuracy:		100.00 %
Epoch 267 of 500 took 5.401s
  training loss:		0.016982
  validation loss:		0.016220
  validation accuracy:		100.00 %
Epoch 268 of 500 took 5.402s
  training loss:		0.018358
  validation loss:		0.016502
  validation accuracy:		100.00 %
Epoch 269 of 500 took 5.403s
  training loss:		0.017300
  validation loss:		0.016025
  validation accuracy:		100.00 %
Epoch 270 of 500 took 5.399s
  training loss:		0.016251
  validation loss:		0.016605
  validation accuracy:		100.00 %
Epoch 271 of 500 took 5.404s
  training loss:		0.017814
  validation loss:		0.016742
  validation accuracy:		100.00 %
('Average Reconstruction Error -- ', 0.15752882105847366)
Plotting the learning curve .........
Plotting the valid learning curve .........
Plotting the accuracy curve .........
Network Parameters saved!!!!!!!!
Running prediction function on Validation data
Epoch 272 of 500 took 5.538s
  training loss:		0.017401
  validation loss:		0.014501
  validation accuracy:		100.00 %
Epoch 273 of 500 took 5.412s
  training loss:		0.020259
  validation loss:		0.014742
  validation accuracy:		100.00 %
Epoch 274 of 500 took 5.410s
  training loss:		0.016559
  validation loss:		0.017597
  validation accuracy:		100.00 %
Epoch 275 of 500 took 5.397s
  training loss:		0.016562
  validation loss:		0.015981
  validation accuracy:		100.00 %
Epoch 276 of 500 took 5.405s
  training loss:		0.016297
  validation loss:		0.015478
  validation accuracy:		100.00 %
Epoch 277 of 500 took 5.401s
  training loss:		0.019121
  validation loss:		0.018132
  validation accuracy:		100.00 %
Epoch 278 of 500 took 5.399s
  training loss:		0.015554
  validation loss:		0.015262
  validation accuracy:		100.00 %
Epoch 279 of 500 took 5.404s
  training loss:		0.014635
  validation loss:		0.015778
  validation accuracy:		100.00 %
Epoch 280 of 500 took 5.394s
  training loss:		0.015714
  validation loss:		0.015378
  validation accuracy:		100.00 %
Epoch 281 of 500 took 5.411s
  training loss:		0.015735
  validation loss:		0.015330
  validation accuracy:		100.00 %
('Average Reconstruction Error -- ', 0.15252009765184354)
Plotting the learning curve .........
Plotting the valid learning curve .........
Plotting the accuracy curve .........
Network Parameters saved!!!!!!!!
Running prediction function on Validation data
Epoch 282 of 500 took 5.615s
  training loss:		0.017974
  validation loss:		0.015523
  validation accuracy:		100.00 %
Epoch 283 of 500 took 5.605s
  training loss:		0.017013
  validation loss:		0.015063
  validation accuracy:		100.00 %
Epoch 284 of 500 took 5.602s
  training loss:		0.014450
  validation loss:		0.016088
  validation accuracy:		100.00 %
Epoch 285 of 500 took 5.603s
  training loss:		0.014741
  validation loss:		0.014515
  validation accuracy:		100.00 %
Epoch 286 of 500 took 5.604s
  training loss:		0.013488
  validation loss:		0.017502
  validation accuracy:		100.00 %
Epoch 287 of 500 took 5.600s
  training loss:		0.014068
  validation loss:		0.015084
  validation accuracy:		100.00 %
Epoch 288 of 500 took 5.600s
  training loss:		0.015262
  validation loss:		0.014935
  validation accuracy:		100.00 %
Epoch 289 of 500 took 5.603s
  training loss:		0.014778
  validation loss:		0.014388
  validation accuracy:		100.00 %
Epoch 290 of 500 took 5.595s
  training loss:		0.013600
  validation loss:		0.014685
  validation accuracy:		100.00 %
Epoch 291 of 500 took 5.609s
  training loss:		0.016880
  validation loss:		0.013697
  validation accuracy:		100.00 %
('Average Reconstruction Error -- ', 0.14780206872802495)
Plotting the learning curve .........
Plotting the valid learning curve .........
Plotting the accuracy curve .........
Network Parameters saved!!!!!!!!
Running prediction function on Validation data
Epoch 292 of 500 took 5.453s
  training loss:		0.013708
  validation loss:		0.017045
  validation accuracy:		100.00 %
Epoch 293 of 500 took 5.408s
  training loss:		0.015160
  validation loss:		0.013860
  validation accuracy:		100.00 %
Epoch 294 of 500 took 5.585s
  training loss:		0.012312
  validation loss:		0.013833
  validation accuracy:		100.00 %
Epoch 295 of 500 took 5.419s
  training loss:		0.015194
  validation loss:		0.014399
  validation accuracy:		100.00 %
Epoch 296 of 500 took 5.580s
  training loss:		0.012775
  validation loss:		0.015488
  validation accuracy:		100.00 %
Epoch 297 of 500 took 5.420s
  training loss:		0.014571
  validation loss:		0.013314
  validation accuracy:		100.00 %
Epoch 298 of 500 took 5.592s
  training loss:		0.013908
  validation loss:		0.013587
  validation accuracy:		100.00 %
Epoch 299 of 500 took 5.425s
  training loss:		0.013209
  validation loss:		0.012943
  validation accuracy:		100.00 %
Epoch 300 of 500 took 5.572s
  training loss:		0.013561
  validation loss:		0.013605
  validation accuracy:		100.00 %
Epoch 301 of 500 took 5.418s
  training loss:		0.014511
  validation loss:		0.013156
  validation accuracy:		100.00 %
('Average Reconstruction Error -- ', 0.1433531951372477)
Plotting the learning curve .........
Plotting the valid learning curve .........
Plotting the accuracy curve .........
Network Parameters saved!!!!!!!!
Running prediction function on Validation data
Epoch 302 of 500 took 5.609s
  training loss:		0.015099
  validation loss:		0.014292
  validation accuracy:		100.00 %
Epoch 303 of 500 took 5.410s
  training loss:		0.012758
  validation loss:		0.014801
  validation accuracy:		100.00 %
Epoch 304 of 500 took 5.405s
  training loss:		0.014858
  validation loss:		0.013693
  validation accuracy:		100.00 %
Epoch 305 of 500 took 5.406s
  training loss:		0.013209
  validation loss:		0.013106
  validation accuracy:		100.00 %
Epoch 306 of 500 took 5.400s
  training loss:		0.013968
  validation loss:		0.013989
  validation accuracy:		100.00 %
Epoch 307 of 500 took 5.400s
  training loss:		0.013415
  validation loss:		0.013733
  validation accuracy:		100.00 %
Epoch 308 of 500 took 5.452s
  training loss:		0.014125
  validation loss:		0.012837
  validation accuracy:		100.00 %
Epoch 309 of 500 took 5.540s
  training loss:		0.012836
  validation loss:		0.013912
  validation accuracy:		100.00 %
Epoch 310 of 500 took 5.410s
  training loss:		0.013644
  validation loss:		0.011794
  validation accuracy:		100.00 %
Epoch 311 of 500 took 5.407s
  training loss:		0.013110
  validation loss:		0.013549
  validation accuracy:		100.00 %
('Average Reconstruction Error -- ', 0.13918434780649891)
Plotting the learning curve .........
Plotting the valid learning curve .........
Plotting the accuracy curve .........
Network Parameters saved!!!!!!!!
Running prediction function on Validation data
Epoch 312 of 500 took 5.515s
  training loss:		0.014264
  validation loss:		0.014153
  validation accuracy:		100.00 %
Epoch 313 of 500 took 5.599s
  training loss:		0.012494
  validation loss:		0.013008
  validation accuracy:		100.00 %
Epoch 314 of 500 took 5.600s
  training loss:		0.011507
  validation loss:		0.012352
  validation accuracy:		100.00 %
Epoch 315 of 500 took 5.604s
  training loss:		0.012340
  validation loss:		0.012371
  validation accuracy:		100.00 %
Epoch 316 of 500 took 5.594s
  training loss:		0.011353
  validation loss:		0.011036
  validation accuracy:		100.00 %
Epoch 317 of 500 took 5.601s
  training loss:		0.013265
  validation loss:		0.012395
  validation accuracy:		100.00 %
Epoch 318 of 500 took 5.420s
  training loss:		0.012238
  validation loss:		0.013274
  validation accuracy:		100.00 %
Epoch 319 of 500 took 5.585s
  training loss:		0.012208
  validation loss:		0.011887
  validation accuracy:		100.00 %
Epoch 320 of 500 took 5.610s
  training loss:		0.012463
  validation loss:		0.012153
  validation accuracy:		100.00 %
Epoch 321 of 500 took 5.595s
  training loss:		0.011610
  validation loss:		0.014073
  validation accuracy:		100.00 %
('Average Reconstruction Error -- ', 0.13523388149570462)
Plotting the learning curve .........
Plotting the valid learning curve .........
Plotting the accuracy curve .........
Network Parameters saved!!!!!!!!
Running prediction function on Validation data
Epoch 322 of 500 took 5.488s
  training loss:		0.012738
  validation loss:		0.012657
  validation accuracy:		100.00 %
Epoch 323 of 500 took 5.598s
  training loss:		0.012278
  validation loss:		0.011396
  validation accuracy:		100.00 %
Epoch 324 of 500 took 5.597s
  training loss:		0.009675
  validation loss:		0.012422
  validation accuracy:		100.00 %
Epoch 325 of 500 took 5.609s
  training loss:		0.011171
  validation loss:		0.011500
  validation accuracy:		100.00 %
Epoch 326 of 500 took 5.598s
  training loss:		0.011308
  validation loss:		0.012308
  validation accuracy:		100.00 %
Epoch 327 of 500 took 5.607s
  training loss:		0.011469
  validation loss:		0.011857
  validation accuracy:		100.00 %
Epoch 328 of 500 took 5.595s
  training loss:		0.012487
  validation loss:		0.010837
  validation accuracy:		100.00 %
Epoch 329 of 500 took 5.605s
  training loss:		0.011842
  validation loss:		0.010292
  validation accuracy:		100.00 %
Epoch 330 of 500 took 5.597s
  training loss:		0.011005
  validation loss:		0.011350
  validation accuracy:		100.00 %
Epoch 331 of 500 took 5.608s
  training loss:		0.011202
  validation loss:		0.010668
  validation accuracy:		100.00 %
('Average Reconstruction Error -- ', 0.13149622755715798)
Plotting the learning curve .........
Plotting the valid learning curve .........
Plotting the accuracy curve .........
Network Parameters saved!!!!!!!!
Running prediction function on Validation data
Epoch 332 of 500 took 5.431s
  training loss:		0.012407
  validation loss:		0.010346
  validation accuracy:		100.00 %
Epoch 333 of 500 took 5.401s
  training loss:		0.011776
  validation loss:		0.011372
  validation accuracy:		100.00 %
Epoch 334 of 500 took 5.401s
  training loss:		0.011419
  validation loss:		0.012118
  validation accuracy:		100.00 %
Epoch 335 of 500 took 5.399s
  training loss:		0.011759
  validation loss:		0.012036
  validation accuracy:		100.00 %
Epoch 336 of 500 took 5.402s
  training loss:		0.011869
  validation loss:		0.011385
  validation accuracy:		100.00 %
Epoch 337 of 500 took 5.403s
  training loss:		0.010361
  validation loss:		0.010173
  validation accuracy:		100.00 %
Epoch 338 of 500 took 5.400s
  training loss:		0.010706
  validation loss:		0.011412
  validation accuracy:		100.00 %
Epoch 339 of 500 took 5.402s
  training loss:		0.010045
  validation loss:		0.010250
  validation accuracy:		100.00 %
Epoch 340 of 500 took 5.402s
  training loss:		0.010797
  validation loss:		0.012934
  validation accuracy:		100.00 %
Epoch 341 of 500 took 5.403s
  training loss:		0.011198
  validation loss:		0.011983
  validation accuracy:		100.00 %
('Average Reconstruction Error -- ', 0.12796946535822848)
Plotting the learning curve .........
Plotting the valid learning curve .........
Plotting the accuracy curve .........
Network Parameters saved!!!!!!!!
Running prediction function on Validation data
Epoch 342 of 500 took 5.554s
  training loss:		0.012026
  validation loss:		0.010645
  validation accuracy:		100.00 %
Epoch 343 of 500 took 5.600s
  training loss:		0.011825
  validation loss:		0.010100
  validation accuracy:		100.00 %
Epoch 344 of 500 took 5.605s
  training loss:		0.010164
  validation loss:		0.010917
  validation accuracy:		100.00 %
Epoch 345 of 500 took 5.599s
  training loss:		0.009361
  validation loss:		0.011464
  validation accuracy:		100.00 %
Epoch 346 of 500 took 5.601s
  training loss:		0.011138
  validation loss:		0.010245
  validation accuracy:		100.00 %
Epoch 347 of 500 took 5.602s
  training loss:		0.010459
  validation loss:		0.010274
  validation accuracy:		100.00 %
Epoch 348 of 500 took 5.601s
  training loss:		0.010805
  validation loss:		0.010801
  validation accuracy:		100.00 %
Epoch 349 of 500 took 5.607s
  training loss:		0.010713
  validation loss:		0.010746
  validation accuracy:		100.00 %
Epoch 350 of 500 took 5.600s
  training loss:		0.010608
  validation loss:		0.009713
  validation accuracy:		100.00 %
Epoch 351 of 500 took 5.600s
  training loss:		0.010884
  validation loss:		0.010593
  validation accuracy:		100.00 %
('Average Reconstruction Error -- ', 0.124631254124455)
Plotting the learning curve .........
Plotting the valid learning curve .........
Plotting the accuracy curve .........
Network Parameters saved!!!!!!!!
Running prediction function on Validation data
Epoch 352 of 500 took 5.476s
  training loss:		0.010149
  validation loss:		0.011445
  validation accuracy:		100.00 %
Epoch 353 of 500 took 5.594s
  training loss:		0.011402
  validation loss:		0.009496
  validation accuracy:		100.00 %
Epoch 354 of 500 took 5.605s
  training loss:		0.010903
  validation loss:		0.009833
  validation accuracy:		100.00 %
Epoch 355 of 500 took 5.598s
  training loss:		0.009911
  validation loss:		0.010045
  validation accuracy:		100.00 %
Epoch 356 of 500 took 5.605s
  training loss:		0.010118
  validation loss:		0.011056
  validation accuracy:		100.00 %
Epoch 357 of 500 took 5.597s
  training loss:		0.009118
  validation loss:		0.010282
  validation accuracy:		100.00 %
Epoch 358 of 500 took 5.609s
  training loss:		0.010134
  validation loss:		0.010715
  validation accuracy:		100.00 %
Epoch 359 of 500 took 5.597s
  training loss:		0.010586
  validation loss:		0.010270
  validation accuracy:		100.00 %
Epoch 360 of 500 took 5.603s
  training loss:		0.010389
  validation loss:		0.010071
  validation accuracy:		100.00 %
Epoch 361 of 500 took 5.596s
  training loss:		0.011102
  validation loss:		0.010536
  validation accuracy:		100.00 %
('Average Reconstruction Error -- ', 0.12146643645444524)
Plotting the learning curve .........
Plotting the valid learning curve .........
Plotting the accuracy curve .........
Network Parameters saved!!!!!!!!
Running prediction function on Validation data
Epoch 362 of 500 took 5.487s
  training loss:		0.009275
  validation loss:		0.008879
  validation accuracy:		100.00 %
Epoch 363 of 500 took 5.590s
  training loss:		0.010420
  validation loss:		0.008974
  validation accuracy:		100.00 %
Epoch 364 of 500 took 5.606s
  training loss:		0.010757
  validation loss:		0.009900
  validation accuracy:		100.00 %
Epoch 365 of 500 took 5.597s
  training loss:		0.009757
  validation loss:		0.010982
  validation accuracy:		100.00 %
Epoch 366 of 500 took 5.607s
  training loss:		0.010402
  validation loss:		0.009517
  validation accuracy:		100.00 %
Epoch 367 of 500 took 5.612s
  training loss:		0.010385
  validation loss:		0.009787
  validation accuracy:		100.00 %
Epoch 368 of 500 took 5.591s
  training loss:		0.008952
  validation loss:		0.009470
  validation accuracy:		100.00 %
Epoch 369 of 500 took 5.601s
  training loss:		0.008638
  validation loss:		0.008888
  validation accuracy:		100.00 %
Epoch 370 of 500 took 5.602s
  training loss:		0.009871
  validation loss:		0.010387
  validation accuracy:		100.00 %
Epoch 371 of 500 took 5.667s
  training loss:		0.008174
  validation loss:		0.008447
  validation accuracy:		100.00 %
('Average Reconstruction Error -- ', 0.11845287326377146)
Plotting the learning curve .........
Plotting the valid learning curve .........
Plotting the accuracy curve .........
Network Parameters saved!!!!!!!!
Running prediction function on Validation data
Epoch 372 of 500 took 5.586s
  training loss:		0.008499
  validation loss:		0.009386
  validation accuracy:		100.00 %
Epoch 373 of 500 took 5.596s
  training loss:		0.009328
  validation loss:		0.008310
  validation accuracy:		100.00 %
Epoch 374 of 500 took 5.609s
  training loss:		0.009056
  validation loss:		0.012045
  validation accuracy:		100.00 %
Epoch 375 of 500 took 5.601s
  training loss:		0.009209
  validation loss:		0.009987
  validation accuracy:		100.00 %
Epoch 376 of 500 took 5.602s
  training loss:		0.008647
  validation loss:		0.009470
  validation accuracy:		100.00 %
Epoch 377 of 500 took 5.597s
  training loss:		0.009444
  validation loss:		0.008986
  validation accuracy:		100.00 %
Epoch 378 of 500 took 5.599s
  training loss:		0.008885
  validation loss:		0.011115
  validation accuracy:		100.00 %
Epoch 379 of 500 took 5.604s
  training loss:		0.009910
  validation loss:		0.008270
  validation accuracy:		100.00 %
Epoch 380 of 500 took 5.606s
  training loss:		0.008462
  validation loss:		0.008982
  validation accuracy:		100.00 %
Epoch 381 of 500 took 5.600s
  training loss:		0.008793
  validation loss:		0.009551
  validation accuracy:		100.00 %
('Average Reconstruction Error -- ', 0.1155807049428889)
Plotting the learning curve .........
Plotting the valid learning curve .........
Plotting the accuracy curve .........
Network Parameters saved!!!!!!!!
Running prediction function on Validation data
Epoch 382 of 500 took 5.506s
  training loss:		0.009848
  validation loss:		0.008748
  validation accuracy:		100.00 %
Epoch 383 of 500 took 5.596s
  training loss:		0.009296
  validation loss:		0.009879
  validation accuracy:		100.00 %
Epoch 384 of 500 took 5.598s
  training loss:		0.008310
  validation loss:		0.007414
  validation accuracy:		100.00 %
Epoch 385 of 500 took 5.418s
  training loss:		0.007890
  validation loss:		0.008213
  validation accuracy:		100.00 %
Epoch 386 of 500 took 5.592s
  training loss:		0.009108
  validation loss:		0.008514
  validation accuracy:		100.00 %
Epoch 387 of 500 took 5.606s
  training loss:		0.009201
  validation loss:		0.007892
  validation accuracy:		100.00 %
Epoch 388 of 500 took 5.592s
  training loss:		0.009928
  validation loss:		0.008521
  validation accuracy:		100.00 %
Epoch 389 of 500 took 5.604s
  training loss:		0.008726
  validation loss:		0.008555
  validation accuracy:		100.00 %
Epoch 390 of 500 took 5.602s
  training loss:		0.009924
  validation loss:		0.009118
  validation accuracy:		100.00 %
Epoch 391 of 500 took 5.601s
  training loss:		0.008734
  validation loss:		0.008796
  validation accuracy:		100.00 %
('Average Reconstruction Error -- ', 0.11285732973968966)
Plotting the learning curve .........
Plotting the valid learning curve .........
Plotting the accuracy curve .........
Network Parameters saved!!!!!!!!
Running prediction function on Validation data
Epoch 392 of 500 took 5.638s
  training loss:		0.008382
  validation loss:		0.009534
  validation accuracy:		100.00 %
Epoch 393 of 500 took 5.609s
  training loss:		0.008527
  validation loss:		0.008982
  validation accuracy:		100.00 %
Epoch 394 of 500 took 5.599s
  training loss:		0.007431
  validation loss:		0.008410
  validation accuracy:		100.00 %
Epoch 395 of 500 took 5.600s
  training loss:		0.008058
  validation loss:		0.007533
  validation accuracy:		100.00 %
Epoch 396 of 500 took 5.605s
  training loss:		0.008687
  validation loss:		0.009228
  validation accuracy:		100.00 %
Epoch 397 of 500 took 5.601s
  training loss:		0.007336
  validation loss:		0.008029
  validation accuracy:		100.00 %
Epoch 398 of 500 took 5.602s
  training loss:		0.008434
  validation loss:		0.008624
  validation accuracy:		100.00 %
Epoch 399 of 500 took 5.601s
  training loss:		0.008038
  validation loss:		0.008350
  validation accuracy:		100.00 %
Epoch 400 of 500 took 5.600s
  training loss:		0.007029
  validation loss:		0.008033
  validation accuracy:		100.00 %
Epoch 401 of 500 took 5.602s
  training loss:		0.008719
  validation loss:		0.008351
  validation accuracy:		100.00 %
('Average Reconstruction Error -- ', 0.11024403435102741)
Plotting the learning curve .........
Plotting the valid learning curve .........
Plotting the accuracy curve .........
Network Parameters saved!!!!!!!!
Running prediction function on Validation data
Epoch 402 of 500 took 5.575s
  training loss:		0.008166
  validation loss:		0.006969
  validation accuracy:		100.00 %
Epoch 403 of 500 took 5.413s
  training loss:		0.008045
  validation loss:		0.010892
  validation accuracy:		100.00 %
Epoch 404 of 500 took 5.592s
  training loss:		0.008297
  validation loss:		0.007801
  validation accuracy:		100.00 %
Epoch 405 of 500 took 5.591s
  training loss:		0.007265
  validation loss:		0.008687
  validation accuracy:		100.00 %
Epoch 406 of 500 took 5.422s
  training loss:		0.007487
  validation loss:		0.007510
  validation accuracy:		100.00 %
Epoch 407 of 500 took 5.584s
  training loss:		0.007490
  validation loss:		0.007472
  validation accuracy:		100.00 %
Epoch 408 of 500 took 5.422s
  training loss:		0.007800
  validation loss:		0.008083
  validation accuracy:		100.00 %
Epoch 409 of 500 took 5.584s
  training loss:		0.008421
  validation loss:		0.007745
  validation accuracy:		100.00 %
Epoch 410 of 500 took 5.422s
  training loss:		0.007660
  validation loss:		0.007215
  validation accuracy:		100.00 %
Epoch 411 of 500 took 5.579s
  training loss:		0.008627
  validation loss:		0.007702
  validation accuracy:		100.00 %
('Average Reconstruction Error -- ', 0.10775453612307986)
Plotting the learning curve .........
Plotting the valid learning curve .........
Plotting the accuracy curve .........
Network Parameters saved!!!!!!!!
Running prediction function on Validation data
Epoch 412 of 500 took 5.511s
  training loss:		0.008316
  validation loss:		0.007835
  validation accuracy:		100.00 %
Epoch 413 of 500 took 5.589s
  training loss:		0.007128
  validation loss:		0.008221
  validation accuracy:		100.00 %
Epoch 414 of 500 took 5.417s
  training loss:		0.008464
  validation loss:		0.007581
  validation accuracy:		100.00 %
Epoch 415 of 500 took 5.590s
  training loss:		0.007246
  validation loss:		0.006830
  validation accuracy:		100.00 %
Epoch 416 of 500 took 5.410s
  training loss:		0.007858
  validation loss:		0.007392
  validation accuracy:		100.00 %
Epoch 417 of 500 took 5.589s
  training loss:		0.007801
  validation loss:		0.008376
  validation accuracy:		100.00 %
Epoch 418 of 500 took 5.419s
  training loss:		0.007323
  validation loss:		0.008579
  validation accuracy:		100.00 %
Epoch 419 of 500 took 5.588s
  training loss:		0.007487
  validation loss:		0.007829
  validation accuracy:		100.00 %
Epoch 420 of 500 took 5.421s
  training loss:		0.007447
  validation loss:		0.007744
  validation accuracy:		100.00 %
Epoch 421 of 500 took 5.599s
  training loss:		0.007417
  validation loss:		0.007818
  validation accuracy:		100.00 %
('Average Reconstruction Error -- ', 0.10537672411434315)
Plotting the learning curve .........
Plotting the valid learning curve .........
Plotting the accuracy curve .........
Network Parameters saved!!!!!!!!
Running prediction function on Validation data
Epoch 422 of 500 took 5.470s
  training loss:		0.007558
  validation loss:		0.008377
  validation accuracy:		100.00 %
Epoch 423 of 500 took 5.413s
  training loss:		0.007254
  validation loss:		0.008165
  validation accuracy:		100.00 %
Epoch 424 of 500 took 5.582s
  training loss:		0.007212
  validation loss:		0.006679
  validation accuracy:		100.00 %
Epoch 425 of 500 took 5.416s
  training loss:		0.007129
  validation loss:		0.007818
  validation accuracy:		100.00 %
Epoch 426 of 500 took 5.589s
  training loss:		0.007606
  validation loss:		0.007206
  validation accuracy:		100.00 %
Epoch 427 of 500 took 5.413s
  training loss:		0.006619
  validation loss:		0.007635
  validation accuracy:		100.00 %
Epoch 428 of 500 took 5.591s
  training loss:		0.007161
  validation loss:		0.007862
  validation accuracy:		100.00 %
Epoch 429 of 500 took 5.419s
  training loss:		0.007014
  validation loss:		0.007109
  validation accuracy:		100.00 %
Epoch 430 of 500 took 5.587s
  training loss:		0.007278
  validation loss:		0.006192
  validation accuracy:		100.00 %
Epoch 431 of 500 took 5.414s
  training loss:		0.008095
  validation loss:		0.008006
  validation accuracy:		100.00 %
('Average Reconstruction Error -- ', 0.10310099179862177)
Plotting the learning curve .........
Plotting the valid learning curve .........
Plotting the accuracy curve .........
Network Parameters saved!!!!!!!!
Running prediction function on Validation data
Epoch 432 of 500 took 5.501s
  training loss:		0.007129
  validation loss:		0.008318
  validation accuracy:		100.00 %
Epoch 433 of 500 took 5.596s
  training loss:		0.007174
  validation loss:		0.007145
  validation accuracy:		100.00 %
Epoch 434 of 500 took 5.606s
  training loss:		0.007443
  validation loss:		0.006943
  validation accuracy:		100.00 %
Epoch 435 of 500 took 5.597s
  training loss:		0.007846
  validation loss:		0.006705
  validation accuracy:		100.00 %
Epoch 436 of 500 took 5.606s
  training loss:		0.006681
  validation loss:		0.007572
  validation accuracy:		100.00 %
Epoch 437 of 500 took 5.603s
  training loss:		0.007414
  validation loss:		0.006811
  validation accuracy:		100.00 %
Epoch 438 of 500 took 5.598s
  training loss:		0.006846
  validation loss:		0.007133
  validation accuracy:		100.00 %
Epoch 439 of 500 took 5.603s
  training loss:		0.006663
  validation loss:		0.007103
  validation accuracy:		100.00 %
Epoch 440 of 500 took 5.601s
  training loss:		0.006408
  validation loss:		0.006544
  validation accuracy:		100.00 %
Epoch 441 of 500 took 5.602s
  training loss:		0.007041
  validation loss:		0.007790
  validation accuracy:		100.00 %
('Average Reconstruction Error -- ', 0.10092328999085794)
Plotting the learning curve .........
Plotting the valid learning curve .........
Plotting the accuracy curve .........
Network Parameters saved!!!!!!!!
Running prediction function on Validation data
Epoch 442 of 500 took 5.526s
  training loss:		0.006245
  validation loss:		0.006471
  validation accuracy:		100.00 %
Epoch 443 of 500 took 5.599s
  training loss:		0.007314
  validation loss:		0.007121
  validation accuracy:		100.00 %
Epoch 444 of 500 took 5.593s
  training loss:		0.006395
  validation loss:		0.006847
  validation accuracy:		100.00 %
Epoch 445 of 500 took 5.609s
  training loss:		0.006478
  validation loss:		0.007579
  validation accuracy:		100.00 %
Epoch 446 of 500 took 5.599s
  training loss:		0.006868
  validation loss:		0.006418
  validation accuracy:		100.00 %
Epoch 447 of 500 took 5.604s
  training loss:		0.006543
  validation loss:		0.005771
  validation accuracy:		100.00 %
Epoch 448 of 500 took 5.605s
  training loss:		0.006889
  validation loss:		0.006908
  validation accuracy:		100.00 %
Epoch 449 of 500 took 5.597s
  training loss:		0.006459
  validation loss:		0.006686
  validation accuracy:		100.00 %
Epoch 450 of 500 took 5.601s
  training loss:		0.007303
  validation loss:		0.007465
  validation accuracy:		100.00 %
Epoch 451 of 500 took 5.598s
  training loss:		0.006269
  validation loss:		0.006714
  validation accuracy:		100.00 %
('Average Reconstruction Error -- ', 0.098833554103577054)
Plotting the learning curve .........
Plotting the valid learning curve .........
Plotting the accuracy curve .........
Network Parameters saved!!!!!!!!
Running prediction function on Validation data
Epoch 452 of 500 took 5.516s
  training loss:		0.008110
  validation loss:		0.006377
  validation accuracy:		100.00 %
Epoch 453 of 500 took 5.595s
  training loss:		0.006276
  validation loss:		0.006307
  validation accuracy:		100.00 %
Epoch 454 of 500 took 5.598s
  training loss:		0.007617
  validation loss:		0.006176
  validation accuracy:		100.00 %
Epoch 455 of 500 took 5.607s
  training loss:		0.006458
  validation loss:		0.006352
  validation accuracy:		100.00 %
Epoch 456 of 500 took 5.593s
  training loss:		0.005613
  validation loss:		0.006371
  validation accuracy:		100.00 %
Epoch 457 of 500 took 5.616s
  training loss:		0.006548
  validation loss:		0.006465
  validation accuracy:		100.00 %
Epoch 458 of 500 took 5.592s
  training loss:		0.006501
  validation loss:		0.005789
  validation accuracy:		100.00 %
Epoch 459 of 500 took 5.604s
  training loss:		0.007082
  validation loss:		0.007058
  validation accuracy:		100.00 %
Epoch 460 of 500 took 5.603s
  training loss:		0.005998
  validation loss:		0.005793
  validation accuracy:		100.00 %
Epoch 461 of 500 took 5.599s
  training loss:		0.006491
  validation loss:		0.006631
  validation accuracy:		100.00 %
('Average Reconstruction Error -- ', 0.096834331687936204)
Plotting the learning curve .........
Plotting the valid learning curve .........
Plotting the accuracy curve .........
Network Parameters saved!!!!!!!!
Running prediction function on Validation data
Epoch 462 of 500 took 5.588s
  training loss:		0.006247
  validation loss:		0.006248
  validation accuracy:		100.00 %
Epoch 463 of 500 took 5.600s
  training loss:		0.006168
  validation loss:		0.006780
  validation accuracy:		100.00 %
Epoch 464 of 500 took 5.598s
  training loss:		0.006907
  validation loss:		0.005579
  validation accuracy:		100.00 %
Epoch 465 of 500 took 5.607s
  training loss:		0.005770
  validation loss:		0.007299
  validation accuracy:		100.00 %
Epoch 466 of 500 took 5.601s
  training loss:		0.006215
  validation loss:		0.005909
  validation accuracy:		100.00 %
Epoch 467 of 500 took 5.601s
  training loss:		0.007022
  validation loss:		0.005720
  validation accuracy:		100.00 %
Epoch 468 of 500 took 5.603s
  training loss:		0.006216
  validation loss:		0.006121
  validation accuracy:		100.00 %
Epoch 469 of 500 took 5.598s
  training loss:		0.005725
  validation loss:		0.005558
  validation accuracy:		100.00 %
Epoch 470 of 500 took 5.606s
  training loss:		0.006854
  validation loss:		0.006463
  validation accuracy:		100.00 %
Epoch 471 of 500 took 5.599s
  training loss:		0.005008
  validation loss:		0.006174
  validation accuracy:		100.00 %
('Average Reconstruction Error -- ', 0.094910317060120097)
Plotting the learning curve .........
Plotting the valid learning curve .........
Plotting the accuracy curve .........
Network Parameters saved!!!!!!!!
Running prediction function on Validation data
Epoch 472 of 500 took 5.596s
  training loss:		0.006010
  validation loss:		0.006010
  validation accuracy:		100.00 %
Epoch 473 of 500 took 5.600s
  training loss:		0.006154
  validation loss:		0.006020
  validation accuracy:		100.00 %
Epoch 474 of 500 took 5.601s
  training loss:		0.006667
  validation loss:		0.006648
  validation accuracy:		100.00 %
Epoch 475 of 500 took 5.602s
  training loss:		0.006234
  validation loss:		0.005031
  validation accuracy:		100.00 %
Epoch 476 of 500 took 5.599s
  training loss:		0.005790
  validation loss:		0.005741
  validation accuracy:		100.00 %
Epoch 477 of 500 took 5.605s
  training loss:		0.006860
  validation loss:		0.005577
  validation accuracy:		100.00 %
Epoch 478 of 500 took 5.598s
  training loss:		0.005735
  validation loss:		0.005916
  validation accuracy:		100.00 %
Epoch 479 of 500 took 5.606s
  training loss:		0.006014
  validation loss:		0.005642
  validation accuracy:		100.00 %
Epoch 480 of 500 took 5.605s
  training loss:		0.005541
  validation loss:		0.005977
  validation accuracy:		100.00 %
Epoch 481 of 500 took 5.595s
  training loss:		0.005261
  validation loss:		0.006724
  validation accuracy:		100.00 %
('Average Reconstruction Error -- ', 0.093062420191172709)
Plotting the learning curve .........
Plotting the valid learning curve .........
Plotting the accuracy curve .........
Network Parameters saved!!!!!!!!
Running prediction function on Validation data
Epoch 482 of 500 took 5.454s
  training loss:		0.005927
  validation loss:		0.006301
  validation accuracy:		100.00 %
Epoch 483 of 500 took 5.595s
  training loss:		0.005879
  validation loss:		0.006405
  validation accuracy:		100.00 %
Epoch 484 of 500 took 5.600s
  training loss:		0.005940
  validation loss:		0.005331
  validation accuracy:		100.00 %
Epoch 485 of 500 took 5.601s
  training loss:		0.005887
  validation loss:		0.006387
  validation accuracy:		100.00 %
Epoch 486 of 500 took 5.602s
  training loss:		0.005487
  validation loss:		0.006336
  validation accuracy:		100.00 %
Epoch 487 of 500 took 5.604s
  training loss:		0.005846
  validation loss:		0.005782
  validation accuracy:		100.00 %
Epoch 488 of 500 took 5.605s
  training loss:		0.005381
  validation loss:		0.005861
  validation accuracy:		100.00 %
Epoch 489 of 500 took 5.599s
  training loss:		0.005873
  validation loss:		0.006379
  validation accuracy:		100.00 %
Epoch 490 of 500 took 5.596s
  training loss:		0.006458
  validation loss:		0.005630
  validation accuracy:		100.00 %
Epoch 491 of 500 took 5.604s
  training loss:		0.005915
  validation loss:		0.006731
  validation accuracy:		100.00 %
('Average Reconstruction Error -- ', 0.091286388950119035)
Plotting the learning curve .........
Plotting the valid learning curve .........
Plotting the accuracy curve .........
Network Parameters saved!!!!!!!!
Running prediction function on Validation data
Epoch 492 of 500 took 5.553s
  training loss:		0.005926
  validation loss:		0.004947
  validation accuracy:		100.00 %
Epoch 493 of 500 took 5.598s
  training loss:		0.006828
  validation loss:		0.005696
  validation accuracy:		100.00 %
Epoch 494 of 500 took 5.603s
  training loss:		0.005170
  validation loss:		0.006111
  validation accuracy:		100.00 %
Epoch 495 of 500 took 5.598s
  training loss:		0.006237
  validation loss:		0.006008
  validation accuracy:		100.00 %
Epoch 496 of 500 took 5.602s
  training loss:		0.005324
  validation loss:		0.004946
  validation accuracy:		100.00 %
Epoch 497 of 500 took 5.602s
  training loss:		0.005563
  validation loss:		0.005988
  validation accuracy:		100.00 %
Epoch 498 of 500 took 5.604s
  training loss:		0.005836
  validation loss:		0.006055
  validation accuracy:		100.00 %
Epoch 499 of 500 took 5.599s
  training loss:		0.005286
  validation loss:		0.005721
  validation accuracy:		100.00 %
Epoch 500 of 500 took 5.604s
  training loss:		0.005646
  validation loss:		0.004434
  validation accuracy:		100.00 %
('Get all the Update Values : ', OrderedDict([(W, Elemwise{add,no_inplace}.0), (b, Elemwise{add,no_inplace}.0), (W, Elemwise{add,no_inplace}.0), (b, Elemwise{add,no_inplace}.0), (W, Elemwise{add,no_inplace}.0), (b, Elemwise{add,no_inplace}.0), (W, Elemwise{add,no_inplace}.0), (b, Elemwise{add,no_inplace}.0), (W, Elemwise{add,no_inplace}.0), (b, Elemwise{add,no_inplace}.0), (W, Elemwise{add,no_inplace}.0), (b, Elemwise{add,no_inplace}.0), (<TensorType(float64, 4D)>, Elemwise{sub,no_inplace}.0), (<TensorType(float64, vector)>, Elemwise{sub,no_inplace}.0), (<TensorType(float64, 4D)>, Elemwise{sub,no_inplace}.0), (<TensorType(float64, vector)>, Elemwise{sub,no_inplace}.0), (<TensorType(float64, 4D)>, Elemwise{sub,no_inplace}.0), (<TensorType(float64, vector)>, Elemwise{sub,no_inplace}.0), (<TensorType(float64, 4D)>, Elemwise{sub,no_inplace}.0), (<TensorType(float64, vector)>, Elemwise{sub,no_inplace}.0), (<TensorType(float64, matrix)>, Elemwise{sub,no_inplace}.0), (<TensorType(float64, vector)>, Elemwise{sub,no_inplace}.0), (<TensorType(float64, matrix)>, Elemwise{sub,no_inplace}.0), (<TensorType(float64, vector)>, Elemwise{sub,no_inplace}.0)]))
Visualizing Saliency map .........
Traceback (most recent call last):
  File "supervised_cnn.py", line 450, in <module>
    main(**{k:v for (k,v) in vars(args).items() if v is not None})
  File "supervised_cnn.py", line 409, in main
    visualize_saliency_map(X_train, X_sal, max_class, outfolder)
  File "/global/u1/s/ssingh79/convolutional_autoencoder-master/Models/Theoretical_model/visualize.py", line 223, in visualize_saliency_map
    plt.imshow((np.maximum(0, saliency) / saliency.max()))
  File "/usr/common/software/python/2.7-anaconda/envs/deeplearning/lib/python2.7/site-packages/matplotlib/pyplot.py", line 3022, in imshow
    **kwargs)
  File "/usr/common/software/python/2.7-anaconda/envs/deeplearning/lib/python2.7/site-packages/matplotlib/__init__.py", line 1812, in inner
    return func(ax, *args, **kwargs)
  File "/usr/common/software/python/2.7-anaconda/envs/deeplearning/lib/python2.7/site-packages/matplotlib/axes/_axes.py", line 4947, in imshow
    im.set_data(X)
  File "/usr/common/software/python/2.7-anaconda/envs/deeplearning/lib/python2.7/site-packages/matplotlib/image.py", line 453, in set_data
    raise TypeError("Invalid dimensions for image data")
TypeError: Invalid dimensions for image data
