Loading data...
('Calling ', 'train_data_64k.h5', '......')
('Printing Train set ', array([[-0.01032324,  0.00679525,  0.0022744 , ..., -0.00186596,
        -0.00139782, -0.00295408],
       [ 0.03064897,  0.00953815,  0.03919139, ..., -0.04416131,
        -0.01501628, -0.03169146],
       [-0.00054488,  0.03779386,  0.03071115, ...,  0.03494589,
        -0.00192948, -0.01491482],
       ..., 
       [-0.01792001, -0.0332757 , -0.03511935, ..., -0.02660589,
        -0.02870286, -0.0296263 ],
       [-0.01097497, -0.01258439, -0.03759458, ...,  0.01413019,
        -0.02485162, -0.02055037],
       [-0.04255074, -0.04967483, -0.02673387, ...,  0.01248583,
         0.0289001 , -0.00986743]]))
('X_train 1 shape ', (64000, 16384))
('Printing Train set ', array([[-0.02895022, -0.01645519,  0.01197478, ...,  0.00574689,
         0.00571866, -0.01718612],
       [ 0.01144791, -0.01438489, -0.01958978, ..., -0.02281559,
        -0.01273834, -0.02989038],
       [ 0.01408057,  0.07368826,  0.03771608, ...,  0.00684128,
         0.0404838 ,  0.09187245],
       ..., 
       [-0.01616629, -0.03937737, -0.02998938, ..., -0.02861841,
        -0.03645564, -0.05464134],
       [-0.01411046, -0.01284895,  0.02718686, ...,  0.00393858,
        -0.02665715, -0.00857452],
       [-0.03161345, -0.02759492, -0.01133318, ...,  0.00902891,
        -0.01940044, -0.0294812 ]]))
('X_train 2 shape ', (64000, 16384))
('Theoretical model 1', (50, 16384))
('Theoretical model 1', (50, 16384))
('Training Set : ', array([[ 0.02675543,  0.0194686 ,  0.06667339, ...,  0.00083753,
         0.02201879,  0.02147562],
       [-0.03069618, -0.02564538, -0.01892343, ..., -0.01802459,
        -0.01437634, -0.01822618],
       [-0.02057272, -0.00911069, -0.01208224, ..., -0.00185699,
        -0.03068241, -0.0059429 ],
       ..., 
       [ 0.00467889, -0.00478333, -0.00358517, ...,  0.04870539,
         0.04258252,  0.00196903],
       [ 0.00603284, -0.01849042, -0.02633481, ...,  0.00069371,
        -0.00177351,  0.00478608],
       [-0.04169454, -0.04082637, -0.02905884, ...,  0.05691655,
         0.03902944,  0.07121444]]))
((80, 16384), (80,))
('Validation Set : ', array([[-0.0097436 , -0.00383222, -0.02971633, ...,  0.02953185,
         0.01268826,  0.02489687],
       [-0.0137849 ,  0.00741654, -0.00741062, ..., -0.00715744,
         0.00694448,  0.04870004],
       [ 0.040824  ,  0.05780245,  0.15706789, ..., -0.02168496,
        -0.00049562, -0.00439898],
       ..., 
       [ 0.17183872,  0.08381898,  0.07225847, ..., -0.00973479,
        -0.02929173, -0.03457745],
       [-0.02327056, -0.02095673, -0.01217404, ..., -0.05485152,
        -0.04774541, -0.03847926],
       [ 0.0567366 ,  0.09200415,  0.11928036, ...,  0.00663898,
         0.01160081,  0.01564476]]))
((10, 16384), (10,))
('Test Set : ', array([[ 0.00344704, -0.00969641, -0.02165053, ...,  0.09610032,
         0.11468046,  0.06449852],
       [-0.02320966, -0.02354942,  0.00962682, ..., -0.01117607,
         0.00470359,  0.01736994],
       [-0.00877004, -0.023218  , -0.00042623, ..., -0.01776893,
        -0.02074674, -0.00147309],
       ..., 
       [ 0.0406742 ,  0.05357102,  0.04706133, ..., -0.00459006,
        -0.01518206, -0.02485576],
       [-0.01021362, -0.00284325, -0.02293632, ...,  0.01903878,
         0.00741568, -0.00417954],
       [-0.03615589, -0.04680097, -0.04523363, ...,  0.05805144,
         0.09734162,  0.04023503]]))
((10, 16384), (10,))
[-0.00970982 -0.0040365   0.00360871 ..., -0.00265316 -0.00491544
 -0.00300776]
[ 0.00098527  0.00162306  0.00157573 ...,  0.00097834  0.00103478
  0.00099146]
('Normalized Training data : ', array([[ 1.16172252,  0.58343808,  1.58871274, ...,  0.11160025,
         0.83729739,  0.77755882],
       [-0.66859055, -0.53637051, -0.56762538, ..., -0.49143758,
        -0.29410845, -0.48331636],
       [-0.34607376, -0.12595019, -0.39528346, ...,  0.02545428,
        -0.80101096, -0.09321589],
       ..., 
       [ 0.45840054, -0.01853753, -0.18122685, ...,  1.64197613,
         1.47655664,  0.158056  ],
       [ 0.50153509, -0.35877167, -0.75433118, ...,  0.10700231,
         0.09767234,  0.24752188],
       [-1.01898024, -0.91318936, -0.82295448, ...,  1.90449379,
         1.36610294,  2.35719614]]))
('Mean : ', 1.1102230246251566e-17)
('min : ', -2.9675363523769911)
('max : ', 8.1580936909325281)
('Valid set min : ', -3.3770274654988319)
('Valid set max : ', 20.879303518922239)
('Test set min : ', -2.8292202745064663)
('Test set max : ', 20.942269470007506)
((80, 1, 128, 128), (80,))
((10, 1, 128, 128), (10,))
((10, 1, 128, 128), (10,))
Saving sampled training images.......
Building model and compiling functions.........
('Input shape : ', (None, 1, 128, 128))
('Conv layer 1 : ', (None, 32, 128, 128))
('Max pool 1 : ', (None, 32, 64, 64))
('Conv layer 2 : ', (None, 32, 64, 64))
('Max pool 2 : ', (None, 32, 32, 32))
('Conv layer 3 : ', (None, 64, 32, 32))
('Max pool 3 : ', (None, 64, 16, 16))
('Conv layer 4 : ', (None, 64, 16, 16))
('Max pool 4 : ', (None, 64, 8, 8))
('Fully Connected layer: ', (None, 2048))
('Fully Connected layer: ', (None, 512))
('Softmax layer: ', (None, 2))
Created Lasagne Layers & Network established !!! 
('Get the output layer : ', Softmax.0)
('Get all the parameters : ', [W, b, W, b, W, b, W, b, W, b, W, b, W, b])
Starting training...
Epoch 1 of 500 took 6.005s
  training loss:		0.709427
  validation loss:		0.697206
  validation accuracy:		56.25 %
('Average Reconstruction Error -- ', 0.70942654342305944)
Plotting the learning curve .........
Plotting the valid learning curve .........
Plotting the accuracy curve .........
Network Parameters saved!!!!!!!!
Running prediction function on Validation data
Epoch 2 of 500 took 6.056s
  training loss:		0.696030
  validation loss:		0.709851
  validation accuracy:		46.25 %
Epoch 3 of 500 took 5.686s
  training loss:		0.701592
  validation loss:		0.694237
  validation accuracy:		55.00 %
Epoch 4 of 500 took 5.781s
  training loss:		0.686620
  validation loss:		0.676640
  validation accuracy:		55.00 %
Epoch 5 of 500 took 5.792s
  training loss:		0.677313
  validation loss:		0.662547
  validation accuracy:		58.75 %
Epoch 6 of 500 took 5.807s
  training loss:		0.684359
  validation loss:		0.652505
  validation accuracy:		63.75 %
Epoch 7 of 500 took 5.809s
  training loss:		0.649332
  validation loss:		0.644834
  validation accuracy:		58.75 %
Epoch 8 of 500 took 5.792s
  training loss:		0.649438
  validation loss:		0.649816
  validation accuracy:		65.00 %
Epoch 9 of 500 took 5.798s
  training loss:		0.632447
  validation loss:		0.637886
  validation accuracy:		65.00 %
Epoch 10 of 500 took 5.821s
  training loss:		0.635813
  validation loss:		0.630007
  validation accuracy:		63.75 %
Epoch 11 of 500 took 5.810s
  training loss:		0.611434
  validation loss:		0.609918
  validation accuracy:		72.50 %
('Average Reconstruction Error -- ', 0.66670952796273475)
Plotting the learning curve .........
Plotting the valid learning curve .........
Plotting the accuracy curve .........
Network Parameters saved!!!!!!!!
Running prediction function on Validation data
Epoch 12 of 500 took 5.699s
  training loss:		0.615980
  validation loss:		0.598543
  validation accuracy:		72.50 %
Epoch 13 of 500 took 5.614s
  training loss:		0.609251
  validation loss:		0.583045
  validation accuracy:		78.75 %
Epoch 14 of 500 took 5.623s
  training loss:		0.590625
  validation loss:		0.588045
  validation accuracy:		76.25 %
Epoch 15 of 500 took 5.780s
  training loss:		0.585987
  validation loss:		0.565879
  validation accuracy:		82.50 %
Epoch 16 of 500 took 5.802s
  training loss:		0.577564
  validation loss:		0.566485
  validation accuracy:		78.75 %
Epoch 17 of 500 took 5.801s
  training loss:		0.554753
  validation loss:		0.559125
  validation accuracy:		75.00 %
Epoch 18 of 500 took 5.794s
  training loss:		0.543080
  validation loss:		0.534920
  validation accuracy:		83.75 %
Epoch 19 of 500 took 5.640s
  training loss:		0.541860
  validation loss:		0.538992
  validation accuracy:		81.25 %
Epoch 20 of 500 took 5.799s
  training loss:		0.535068
  validation loss:		0.530402
  validation accuracy:		80.00 %
Epoch 21 of 500 took 5.796s
  training loss:		0.525984
  validation loss:		0.511949
  validation accuracy:		81.25 %
('Average Reconstruction Error -- ', 0.61971223325146219)
Plotting the learning curve .........
Plotting the valid learning curve .........
Plotting the accuracy curve .........
Network Parameters saved!!!!!!!!
Running prediction function on Validation data
Epoch 22 of 500 took 5.910s
  training loss:		0.526071
  validation loss:		0.507817
  validation accuracy:		86.25 %
Epoch 23 of 500 took 5.803s
  training loss:		0.508629
  validation loss:		0.506944
  validation accuracy:		82.50 %
Epoch 24 of 500 took 5.792s
  training loss:		0.494803
  validation loss:		0.502828
  validation accuracy:		87.50 %
Epoch 25 of 500 took 5.803s
  training loss:		0.490071
  validation loss:		0.487391
  validation accuracy:		83.75 %
Epoch 26 of 500 took 5.807s
  training loss:		0.496252
  validation loss:		0.476837
  validation accuracy:		85.00 %
Epoch 27 of 500 took 5.774s
  training loss:		0.478590
  validation loss:		0.474917
  validation accuracy:		82.50 %
Epoch 28 of 500 took 5.830s
  training loss:		0.474938
  validation loss:		0.469275
  validation accuracy:		85.00 %
Epoch 29 of 500 took 5.813s
  training loss:		0.457543
  validation loss:		0.463815
  validation accuracy:		86.25 %
Epoch 30 of 500 took 5.800s
  training loss:		0.455351
  validation loss:		0.447011
  validation accuracy:		87.50 %
Epoch 31 of 500 took 5.785s
  training loss:		0.443332
  validation loss:		0.442425
  validation accuracy:		90.00 %
('Average Reconstruction Error -- ', 0.57546898212454711)
Plotting the learning curve .........
Plotting the valid learning curve .........
Plotting the accuracy curve .........
Network Parameters saved!!!!!!!!
Running prediction function on Validation data
Epoch 32 of 500 took 5.826s
  training loss:		0.443823
  validation loss:		0.432636
  validation accuracy:		87.50 %
Epoch 33 of 500 took 5.791s
  training loss:		0.431655
  validation loss:		0.434366
  validation accuracy:		86.25 %
Epoch 34 of 500 took 5.799s
  training loss:		0.438863
  validation loss:		0.422017
  validation accuracy:		86.25 %
Epoch 35 of 500 took 5.615s
  training loss:		0.421464
  validation loss:		0.406472
  validation accuracy:		86.25 %
Epoch 36 of 500 took 5.791s
  training loss:		0.418041
  validation loss:		0.414399
  validation accuracy:		86.25 %
Epoch 37 of 500 took 5.802s
  training loss:		0.420220
  validation loss:		0.404663
  validation accuracy:		86.25 %
Epoch 38 of 500 took 5.807s
  training loss:		0.415581
  validation loss:		0.399252
  validation accuracy:		87.50 %
Epoch 39 of 500 took 5.748s
  training loss:		0.397813
  validation loss:		0.399812
  validation accuracy:		87.50 %
Epoch 40 of 500 took 5.663s
  training loss:		0.395715
  validation loss:		0.385069
  validation accuracy:		87.50 %
Epoch 41 of 500 took 5.807s
  training loss:		0.382704
  validation loss:		0.377128
  validation accuracy:		87.50 %
('Average Reconstruction Error -- ', 0.53671748695281984)
Plotting the learning curve .........
Plotting the valid learning curve .........
Plotting the accuracy curve .........
Network Parameters saved!!!!!!!!
Running prediction function on Validation data
Epoch 42 of 500 took 5.669s
  training loss:		0.380451
  validation loss:		0.370566
  validation accuracy:		87.50 %
Epoch 43 of 500 took 5.606s
  training loss:		0.378396
  validation loss:		0.371871
  validation accuracy:		86.25 %
Epoch 44 of 500 took 5.611s
  training loss:		0.370747
  validation loss:		0.366657
  validation accuracy:		88.75 %
Epoch 45 of 500 took 5.619s
  training loss:		0.353074
  validation loss:		0.361571
  validation accuracy:		88.75 %
Epoch 46 of 500 took 5.930s
  training loss:		0.362674
  validation loss:		0.351460
  validation accuracy:		90.00 %
Epoch 47 of 500 took 6.222s
  training loss:		0.362271
  validation loss:		0.340193
  validation accuracy:		86.25 %
Epoch 48 of 500 took 5.627s
  training loss:		0.350107
  validation loss:		0.343163
  validation accuracy:		87.50 %
Epoch 49 of 500 took 5.607s
  training loss:		0.334591
  validation loss:		0.340543
  validation accuracy:		88.75 %
Epoch 50 of 500 took 5.601s
  training loss:		0.329034
  validation loss:		0.338637
  validation accuracy:		90.00 %
Epoch 51 of 500 took 5.598s
  training loss:		0.331993
  validation loss:		0.333879
  validation accuracy:		90.00 %
('Average Reconstruction Error -- ', 0.50115204613772246)
Plotting the learning curve .........
Plotting the valid learning curve .........
Plotting the accuracy curve .........
Network Parameters saved!!!!!!!!
Running prediction function on Validation data
Epoch 52 of 500 took 5.711s
  training loss:		0.326967
  validation loss:		0.316296
  validation accuracy:		90.00 %
Epoch 53 of 500 took 5.788s
  training loss:		0.326293
  validation loss:		0.319810
  validation accuracy:		91.25 %
Epoch 54 of 500 took 5.821s
  training loss:		0.311197
  validation loss:		0.306629
  validation accuracy:		91.25 %
Epoch 55 of 500 took 5.795s
  training loss:		0.304463
  validation loss:		0.315494
  validation accuracy:		88.75 %
Epoch 56 of 500 took 5.802s
  training loss:		0.304303
  validation loss:		0.303350
  validation accuracy:		91.25 %
Epoch 57 of 500 took 5.801s
  training loss:		0.306263
  validation loss:		0.289791
  validation accuracy:		88.75 %
Epoch 58 of 500 took 5.774s
  training loss:		0.285089
  validation loss:		0.287847
  validation accuracy:		90.00 %
Epoch 59 of 500 took 5.803s
  training loss:		0.296699
  validation loss:		0.285850
  validation accuracy:		88.75 %
Epoch 60 of 500 took 5.803s
  training loss:		0.289137
  validation loss:		0.284246
  validation accuracy:		90.00 %
Epoch 61 of 500 took 5.807s
  training loss:		0.284124
  validation loss:		0.271561
  validation accuracy:		93.75 %
('Average Reconstruction Error -- ', 0.46874247994054152)
Plotting the learning curve .........
Plotting the valid learning curve .........
Plotting the accuracy curve .........
Network Parameters saved!!!!!!!!
Running prediction function on Validation data
Epoch 62 of 500 took 5.799s
  training loss:		0.282693
  validation loss:		0.261934
  validation accuracy:		92.50 %
Epoch 63 of 500 took 5.811s
  training loss:		0.269699
  validation loss:		0.264204
  validation accuracy:		95.00 %
Epoch 64 of 500 took 5.801s
  training loss:		0.266693
  validation loss:		0.253176
  validation accuracy:		95.00 %
Epoch 65 of 500 took 5.809s
  training loss:		0.259084
  validation loss:		0.255609
  validation accuracy:		91.25 %
Epoch 66 of 500 took 5.809s
  training loss:		0.265537
  validation loss:		0.256693
  validation accuracy:		91.25 %
Epoch 67 of 500 took 5.785s
  training loss:		0.251911
  validation loss:		0.259227
  validation accuracy:		93.75 %
Epoch 68 of 500 took 5.804s
  training loss:		0.253155
  validation loss:		0.247087
  validation accuracy:		96.25 %
Epoch 69 of 500 took 5.778s
  training loss:		0.249632
  validation loss:		0.243620
  validation accuracy:		95.00 %
Epoch 70 of 500 took 5.815s
  training loss:		0.239810
  validation loss:		0.241899
  validation accuracy:		95.00 %
Epoch 71 of 500 took 5.796s
  training loss:		0.242772
  validation loss:		0.235508
  validation accuracy:		95.00 %
('Average Reconstruction Error -- ', 0.43907431991407059)
Plotting the learning curve .........
Plotting the valid learning curve .........
Plotting the accuracy curve .........
Network Parameters saved!!!!!!!!
Running prediction function on Validation data
Epoch 72 of 500 took 5.741s
  training loss:		0.239942
  validation loss:		0.236087
  validation accuracy:		95.00 %
Epoch 73 of 500 took 5.795s
  training loss:		0.215720
  validation loss:		0.233117
  validation accuracy:		96.25 %
Epoch 74 of 500 took 5.809s
  training loss:		0.237294
  validation loss:		0.223567
  validation accuracy:		95.00 %
Epoch 75 of 500 took 5.699s
  training loss:		0.221937
  validation loss:		0.222950
  validation accuracy:		96.25 %
Epoch 76 of 500 took 5.689s
  training loss:		0.220877
  validation loss:		0.213964
  validation accuracy:		96.25 %
Epoch 77 of 500 took 5.809s
  training loss:		0.219929
  validation loss:		0.217218
  validation accuracy:		97.50 %
Epoch 78 of 500 took 5.799s
  training loss:		0.215574
  validation loss:		0.214861
  validation accuracy:		96.25 %
Epoch 79 of 500 took 5.804s
  training loss:		0.208913
  validation loss:		0.202927
  validation accuracy:		93.75 %
Epoch 80 of 500 took 5.801s
  training loss:		0.206331
  validation loss:		0.206145
  validation accuracy:		96.25 %
Epoch 81 of 500 took 5.721s
  training loss:		0.202114
  validation loss:		0.200237
  validation accuracy:		95.00 %
('Average Reconstruction Error -- ', 0.41188774261176853)
Plotting the learning curve .........
Plotting the valid learning curve .........
Plotting the accuracy curve .........
Network Parameters saved!!!!!!!!
Running prediction function on Validation data
Epoch 82 of 500 took 5.640s
  training loss:		0.203484
  validation loss:		0.196025
  validation accuracy:		96.25 %
Epoch 83 of 500 took 5.999s
  training loss:		0.198329
  validation loss:		0.196766
  validation accuracy:		96.25 %
Epoch 84 of 500 took 5.595s
  training loss:		0.187323
  validation loss:		0.190714
  validation accuracy:		98.75 %
Epoch 85 of 500 took 5.607s
  training loss:		0.192815
  validation loss:		0.188752
  validation accuracy:		96.25 %
Epoch 86 of 500 took 5.601s
  training loss:		0.187960
  validation loss:		0.180408
  validation accuracy:		97.50 %
Epoch 87 of 500 took 5.603s
  training loss:		0.179301
  validation loss:		0.176543
  validation accuracy:		96.25 %
Epoch 88 of 500 took 5.608s
  training loss:		0.173868
  validation loss:		0.175415
  validation accuracy:		97.50 %
Epoch 89 of 500 took 6.250s
  training loss:		0.172995
  validation loss:		0.174083
  validation accuracy:		97.50 %
Epoch 90 of 500 took 5.750s
  training loss:		0.170379
  validation loss:		0.174614
  validation accuracy:		97.50 %
Epoch 91 of 500 took 5.584s
  training loss:		0.169408
  validation loss:		0.174937
  validation accuracy:		98.75 %
('Average Reconstruction Error -- ', 0.386799657583414)
Plotting the learning curve .........
Plotting the valid learning curve .........
Plotting the accuracy curve .........
Network Parameters saved!!!!!!!!
Running prediction function on Validation data
Epoch 92 of 500 took 5.768s
  training loss:		0.163111
  validation loss:		0.170531
  validation accuracy:		97.50 %
Epoch 93 of 500 took 5.612s
  training loss:		0.165881
  validation loss:		0.160985
  validation accuracy:		98.75 %
Epoch 94 of 500 took 5.602s
  training loss:		0.166391
  validation loss:		0.153484
  validation accuracy:		100.00 %
Epoch 95 of 500 took 6.195s
  training loss:		0.160657
  validation loss:		0.154997
  validation accuracy:		97.50 %
Epoch 96 of 500 took 6.239s
  training loss:		0.157746
  validation loss:		0.151222
  validation accuracy:		97.50 %
Epoch 97 of 500 took 6.170s
  training loss:		0.154439
  validation loss:		0.145873
  validation accuracy:		100.00 %
Epoch 98 of 500 took 5.614s
  training loss:		0.149786
  validation loss:		0.149949
  validation accuracy:		98.75 %
Epoch 99 of 500 took 6.227s
  training loss:		0.144493
  validation loss:		0.147946
  validation accuracy:		100.00 %
Epoch 100 of 500 took 6.383s
  training loss:		0.149486
  validation loss:		0.140825
  validation accuracy:		100.00 %
Epoch 101 of 500 took 5.544s
  training loss:		0.142626
  validation loss:		0.143096
  validation accuracy:		97.50 %
('Average Reconstruction Error -- ', 0.363894889854814)
Plotting the learning curve .........
Plotting the valid learning curve .........
Plotting the accuracy curve .........
Network Parameters saved!!!!!!!!
Running prediction function on Validation data
Epoch 102 of 500 took 5.628s
  training loss:		0.140301
  validation loss:		0.135315
  validation accuracy:		100.00 %
Epoch 103 of 500 took 5.628s
  training loss:		0.132490
  validation loss:		0.134103
  validation accuracy:		100.00 %
Epoch 104 of 500 took 6.077s
  training loss:		0.140488
  validation loss:		0.136254
  validation accuracy:		98.75 %
Epoch 105 of 500 took 5.672s
  training loss:		0.133503
  validation loss:		0.139018
  validation accuracy:		100.00 %
Epoch 106 of 500 took 5.602s
  training loss:		0.126513
  validation loss:		0.131534
  validation accuracy:		100.00 %
Epoch 107 of 500 took 5.593s
  training loss:		0.139168
  validation loss:		0.131520
  validation accuracy:		100.00 %
Epoch 108 of 500 took 5.607s
  training loss:		0.125872
  validation loss:		0.125261
  validation accuracy:		100.00 %
Epoch 109 of 500 took 5.598s
  training loss:		0.131048
  validation loss:		0.121669
  validation accuracy:		100.00 %
Epoch 110 of 500 took 5.603s
  training loss:		0.118115
  validation loss:		0.126335
  validation accuracy:		100.00 %
Epoch 111 of 500 took 5.607s
  training loss:		0.121713
  validation loss:		0.123142
  validation accuracy:		100.00 %
('Average Reconstruction Error -- ', 0.34290626754493497)
Plotting the learning curve .........
Plotting the valid learning curve .........
Plotting the accuracy curve .........
Network Parameters saved!!!!!!!!
Running prediction function on Validation data
Epoch 112 of 500 took 6.132s
  training loss:		0.119313
  validation loss:		0.118651
  validation accuracy:		100.00 %
Epoch 113 of 500 took 5.759s
  training loss:		0.120211
  validation loss:		0.115380
  validation accuracy:		100.00 %
Epoch 114 of 500 took 5.595s
  training loss:		0.109918
  validation loss:		0.116796
  validation accuracy:		100.00 %
Epoch 115 of 500 took 5.588s
  training loss:		0.110897
  validation loss:		0.119968
  validation accuracy:		100.00 %
Epoch 116 of 500 took 5.617s
  training loss:		0.115367
  validation loss:		0.113728
  validation accuracy:		100.00 %
Epoch 117 of 500 took 5.599s
  training loss:		0.113704
  validation loss:		0.111942
  validation accuracy:		100.00 %
Epoch 118 of 500 took 5.596s
  training loss:		0.105843
  validation loss:		0.107183
  validation accuracy:		100.00 %
Epoch 119 of 500 took 5.604s
  training loss:		0.103242
  validation loss:		0.110031
  validation accuracy:		100.00 %
Epoch 120 of 500 took 5.590s
  training loss:		0.110164
  validation loss:		0.101827
  validation accuracy:		100.00 %
Epoch 121 of 500 took 5.615s
  training loss:		0.104573
  validation loss:		0.100624
  validation accuracy:		100.00 %
('Average Reconstruction Error -- ', 0.32376715331370259)
Plotting the learning curve .........
Plotting the valid learning curve .........
Plotting the accuracy curve .........
Network Parameters saved!!!!!!!!
Running prediction function on Validation data
Epoch 122 of 500 took 5.711s
  training loss:		0.101791
  validation loss:		0.102151
  validation accuracy:		100.00 %
Epoch 123 of 500 took 6.327s
  training loss:		0.107723
  validation loss:		0.093130
  validation accuracy:		100.00 %
Epoch 124 of 500 took 6.800s
  training loss:		0.097892
  validation loss:		0.093136
  validation accuracy:		100.00 %
Epoch 125 of 500 took 5.987s
  training loss:		0.105591
  validation loss:		0.097498
  validation accuracy:		100.00 %
Epoch 126 of 500 took 5.731s
  training loss:		0.093616
  validation loss:		0.093962
  validation accuracy:		100.00 %
Epoch 127 of 500 took 5.804s
  training loss:		0.097711
  validation loss:		0.090359
  validation accuracy:		100.00 %
Epoch 128 of 500 took 5.827s
  training loss:		0.094596
  validation loss:		0.092837
  validation accuracy:		100.00 %
Epoch 129 of 500 took 5.615s
  training loss:		0.093787
  validation loss:		0.092774
  validation accuracy:		100.00 %
Epoch 130 of 500 took 5.769s
  training loss:		0.087174
  validation loss:		0.084084
  validation accuracy:		100.00 %
Epoch 131 of 500 took 5.624s
  training loss:		0.087568
  validation loss:		0.089869
  validation accuracy:		100.00 %
('Average Reconstruction Error -- ', 0.30643720650615774)
Plotting the learning curve .........
Plotting the valid learning curve .........
Plotting the accuracy curve .........
Network Parameters saved!!!!!!!!
Running prediction function on Validation data
Epoch 132 of 500 took 5.640s
  training loss:		0.081974
  validation loss:		0.082468
  validation accuracy:		100.00 %
Epoch 133 of 500 took 5.589s
  training loss:		0.085678
  validation loss:		0.085122
  validation accuracy:		100.00 %
Epoch 134 of 500 took 5.607s
  training loss:		0.091290
  validation loss:		0.079962
  validation accuracy:		100.00 %
Epoch 135 of 500 took 5.804s
  training loss:		0.091430
  validation loss:		0.084970
  validation accuracy:		100.00 %
Epoch 136 of 500 took 5.780s
  training loss:		0.080350
  validation loss:		0.088791
  validation accuracy:		100.00 %
Epoch 137 of 500 took 5.598s
  training loss:		0.078939
  validation loss:		0.085936
  validation accuracy:		100.00 %
Epoch 138 of 500 took 5.754s
  training loss:		0.080767
  validation loss:		0.079028
  validation accuracy:		100.00 %
Epoch 139 of 500 took 5.640s
  training loss:		0.078273
  validation loss:		0.077774
  validation accuracy:		100.00 %
Epoch 140 of 500 took 5.623s
  training loss:		0.075967
  validation loss:		0.072551
  validation accuracy:		100.00 %
Epoch 141 of 500 took 5.792s
  training loss:		0.072312
  validation loss:		0.077019
  validation accuracy:		100.00 %
('Average Reconstruction Error -- ', 0.29049825604889118)
Plotting the learning curve .........
Plotting the valid learning curve .........
Plotting the accuracy curve .........
Network Parameters saved!!!!!!!!
Running prediction function on Validation data
Epoch 142 of 500 took 5.798s
  training loss:		0.078121
  validation loss:		0.078885
  validation accuracy:		100.00 %
Epoch 143 of 500 took 5.802s
  training loss:		0.073834
  validation loss:		0.074129
  validation accuracy:		100.00 %
Epoch 144 of 500 took 5.810s
  training loss:		0.072686
  validation loss:		0.074905
  validation accuracy:		100.00 %
Epoch 145 of 500 took 5.801s
  training loss:		0.070992
  validation loss:		0.074138
  validation accuracy:		100.00 %
Epoch 146 of 500 took 5.806s
  training loss:		0.071995
  validation loss:		0.070143
  validation accuracy:		100.00 %
Epoch 147 of 500 took 6.109s
  training loss:		0.071176
  validation loss:		0.072604
  validation accuracy:		100.00 %
Epoch 148 of 500 took 5.689s
  training loss:		0.065689
  validation loss:		0.066774
  validation accuracy:		100.00 %
Epoch 149 of 500 took 5.601s
  training loss:		0.069515
  validation loss:		0.072087
  validation accuracy:		100.00 %
Epoch 150 of 500 took 5.549s
  training loss:		0.064750
  validation loss:		0.074241
  validation accuracy:		100.00 %
Epoch 151 of 500 took 5.581s
  training loss:		0.069174
  validation loss:		0.067527
  validation accuracy:		100.00 %
('Average Reconstruction Error -- ', 0.27594825018007707)
Plotting the learning curve .........
Plotting the valid learning curve .........
Plotting the accuracy curve .........
Network Parameters saved!!!!!!!!
Running prediction function on Validation data
Epoch 152 of 500 took 5.848s
  training loss:		0.062936
  validation loss:		0.068749
  validation accuracy:		100.00 %
Epoch 153 of 500 took 5.779s
  training loss:		0.062151
  validation loss:		0.062787
  validation accuracy:		100.00 %
Epoch 154 of 500 took 5.606s
  training loss:		0.061681
  validation loss:		0.064533
  validation accuracy:		100.00 %
Epoch 155 of 500 took 5.613s
  training loss:		0.062229
  validation loss:		0.064280
  validation accuracy:		100.00 %
Epoch 156 of 500 took 5.594s
  training loss:		0.061796
  validation loss:		0.061565
  validation accuracy:		100.00 %
Epoch 157 of 500 took 5.641s
  training loss:		0.063838
  validation loss:		0.055664
  validation accuracy:		100.00 %
Epoch 158 of 500 took 5.760s
  training loss:		0.061738
  validation loss:		0.061257
  validation accuracy:		100.00 %
Epoch 159 of 500 took 6.009s
  training loss:		0.056759
  validation loss:		0.064685
  validation accuracy:		100.00 %
Epoch 160 of 500 took 5.591s
  training loss:		0.070232
  validation loss:		0.057518
  validation accuracy:		100.00 %
Epoch 161 of 500 took 5.536s
  training loss:		0.060774
  validation loss:		0.052660
  validation accuracy:		100.00 %
('Average Reconstruction Error -- ', 0.26268522761178498)
Plotting the learning curve .........
Plotting the valid learning curve .........
Plotting the accuracy curve .........
Network Parameters saved!!!!!!!!
Running prediction function on Validation data
Epoch 162 of 500 took 5.816s
  training loss:		0.055012
  validation loss:		0.052948
  validation accuracy:		100.00 %
Epoch 163 of 500 took 5.486s
  training loss:		0.056769
  validation loss:		0.057197
  validation accuracy:		100.00 %
Epoch 164 of 500 took 5.602s
  training loss:		0.057294
  validation loss:		0.058333
  validation accuracy:		100.00 %
Epoch 165 of 500 took 5.591s
  training loss:		0.058815
  validation loss:		0.054474
  validation accuracy:		100.00 %
Epoch 166 of 500 took 5.605s
  training loss:		0.056314
  validation loss:		0.055926
  validation accuracy:		100.00 %
Epoch 167 of 500 took 5.603s
  training loss:		0.053933
  validation loss:		0.057510
  validation accuracy:		100.00 %
Epoch 168 of 500 took 5.601s
  training loss:		0.055841
  validation loss:		0.048739
  validation accuracy:		100.00 %
Epoch 169 of 500 took 5.606s
  training loss:		0.058810
  validation loss:		0.055749
  validation accuracy:		100.00 %
Epoch 170 of 500 took 5.597s
  training loss:		0.053460
  validation loss:		0.051186
  validation accuracy:		100.00 %
Epoch 171 of 500 took 5.600s
  training loss:		0.056754
  validation loss:		0.053576
  validation accuracy:		100.00 %
('Average Reconstruction Error -- ', 0.25061592540705846)
Plotting the learning curve .........
Plotting the valid learning curve .........
Plotting the accuracy curve .........
Network Parameters saved!!!!!!!!
Running prediction function on Validation data
Epoch 172 of 500 took 5.680s
  training loss:		0.053740
  validation loss:		0.051000
  validation accuracy:		100.00 %
Epoch 173 of 500 took 5.599s
  training loss:		0.049527
  validation loss:		0.050681
  validation accuracy:		100.00 %
Epoch 174 of 500 took 5.598s
  training loss:		0.050807
  validation loss:		0.045340
  validation accuracy:		100.00 %
Epoch 175 of 500 took 6.272s
  training loss:		0.051634
  validation loss:		0.052036
  validation accuracy:		100.00 %
Epoch 176 of 500 took 5.490s
  training loss:		0.049764
  validation loss:		0.045776
  validation accuracy:		100.00 %
Epoch 177 of 500 took 5.469s
  training loss:		0.053643
  validation loss:		0.049224
  validation accuracy:		100.00 %
Epoch 178 of 500 took 5.535s
  training loss:		0.048515
  validation loss:		0.050299
  validation accuracy:		100.00 %
Epoch 179 of 500 took 5.412s
  training loss:		0.053050
  validation loss:		0.047703
  validation accuracy:		100.00 %
Epoch 180 of 500 took 5.592s
  training loss:		0.046058
  validation loss:		0.045072
  validation accuracy:		100.00 %
Epoch 181 of 500 took 5.410s
  training loss:		0.044966
  validation loss:		0.045450
  validation accuracy:		100.00 %
('Average Reconstruction Error -- ', 0.23954158172219492)
Plotting the learning curve .........
Plotting the valid learning curve .........
Plotting the accuracy curve .........
Network Parameters saved!!!!!!!!
Running prediction function on Validation data
Epoch 182 of 500 took 5.648s
  training loss:		0.048998
  validation loss:		0.044961
  validation accuracy:		100.00 %
Epoch 183 of 500 took 5.542s
  training loss:		0.044532
  validation loss:		0.048267
  validation accuracy:		100.00 %
Epoch 184 of 500 took 5.404s
  training loss:		0.048403
  validation loss:		0.041068
  validation accuracy:		100.00 %
Epoch 185 of 500 took 5.407s
  training loss:		0.048331
  validation loss:		0.045922
  validation accuracy:		100.00 %
Epoch 186 of 500 took 5.590s
  training loss:		0.045323
  validation loss:		0.048715
  validation accuracy:		100.00 %
Epoch 187 of 500 took 5.411s
  training loss:		0.044380
  validation loss:		0.044036
  validation accuracy:		100.00 %
Epoch 188 of 500 took 5.402s
  training loss:		0.042206
  validation loss:		0.044485
  validation accuracy:		100.00 %
Epoch 189 of 500 took 5.400s
  training loss:		0.044882
  validation loss:		0.040232
  validation accuracy:		100.00 %
Epoch 190 of 500 took 5.414s
  training loss:		0.040692
  validation loss:		0.040063
  validation accuracy:		100.00 %
Epoch 191 of 500 took 5.573s
  training loss:		0.042796
  validation loss:		0.039888
  validation accuracy:		100.00 %
('Average Reconstruction Error -- ', 0.22935899639087723)
Plotting the learning curve .........
Plotting the valid learning curve .........
Plotting the accuracy curve .........
Network Parameters saved!!!!!!!!
Running prediction function on Validation data
Epoch 192 of 500 took 5.608s
  training loss:		0.043260
  validation loss:		0.043414
  validation accuracy:		100.00 %
Epoch 193 of 500 took 5.576s
  training loss:		0.040835
  validation loss:		0.040995
  validation accuracy:		100.00 %
Epoch 194 of 500 took 5.624s
  training loss:		0.042806
  validation loss:		0.038232
  validation accuracy:		100.00 %
Epoch 195 of 500 took 5.574s
  training loss:		0.042610
  validation loss:		0.038109
  validation accuracy:		100.00 %
Epoch 196 of 500 took 5.591s
  training loss:		0.041120
  validation loss:		0.038814
  validation accuracy:		100.00 %
Epoch 197 of 500 took 5.604s
  training loss:		0.042174
  validation loss:		0.041590
  validation accuracy:		100.00 %
Epoch 198 of 500 took 5.603s
  training loss:		0.036322
  validation loss:		0.037773
  validation accuracy:		100.00 %
Epoch 199 of 500 took 5.597s
  training loss:		0.039146
  validation loss:		0.040557
  validation accuracy:		100.00 %
Epoch 200 of 500 took 5.603s
  training loss:		0.041040
  validation loss:		0.036199
  validation accuracy:		100.00 %
Epoch 201 of 500 took 5.599s
  training loss:		0.038756
  validation loss:		0.038837
  validation accuracy:		100.00 %
('Average Reconstruction Error -- ', 0.21997830313826333)
Plotting the learning curve .........
Plotting the valid learning curve .........
Plotting the accuracy curve .........
Network Parameters saved!!!!!!!!
Running prediction function on Validation data
Epoch 202 of 500 took 6.470s
  training loss:		0.036018
  validation loss:		0.036767
  validation accuracy:		100.00 %
Epoch 203 of 500 took 6.592s
  training loss:		0.040193
  validation loss:		0.037638
  validation accuracy:		100.00 %
Epoch 204 of 500 took 5.826s
  training loss:		0.038997
  validation loss:		0.037338
  validation accuracy:		100.00 %
Epoch 205 of 500 took 5.714s
  training loss:		0.033419
  validation loss:		0.034669
  validation accuracy:		100.00 %
Epoch 206 of 500 took 5.600s
  training loss:		0.036018
  validation loss:		0.034482
  validation accuracy:		100.00 %
Epoch 207 of 500 took 5.598s
  training loss:		0.031898
  validation loss:		0.033441
  validation accuracy:		100.00 %
Epoch 208 of 500 took 5.604s
  training loss:		0.036643
  validation loss:		0.035037
  validation accuracy:		100.00 %
Epoch 209 of 500 took 5.598s
  training loss:		0.038932
  validation loss:		0.035592
  validation accuracy:		100.00 %
Epoch 210 of 500 took 5.606s
  training loss:		0.034650
  validation loss:		0.032390
  validation accuracy:		100.00 %
Epoch 211 of 500 took 5.609s
  training loss:		0.039262
  validation loss:		0.032965
  validation accuracy:		100.00 %
('Average Reconstruction Error -- ', 0.21128753080265311)
Plotting the learning curve .........
Plotting the valid learning curve .........
Plotting the accuracy curve .........
Network Parameters saved!!!!!!!!
Running prediction function on Validation data
Epoch 212 of 500 took 5.818s
  training loss:		0.033145
  validation loss:		0.036634
  validation accuracy:		100.00 %
Epoch 213 of 500 took 5.609s
  training loss:		0.036985
  validation loss:		0.033635
  validation accuracy:		100.00 %
Epoch 214 of 500 took 5.600s
  training loss:		0.036870
  validation loss:		0.033434
  validation accuracy:		100.00 %
Epoch 215 of 500 took 5.699s
  training loss:		0.034356
  validation loss:		0.036115
  validation accuracy:		100.00 %
Epoch 216 of 500 took 5.706s
  training loss:		0.032195
  validation loss:		0.030997
  validation accuracy:		100.00 %
Epoch 217 of 500 took 5.588s
  training loss:		0.032946
  validation loss:		0.031884
  validation accuracy:		100.00 %
Epoch 218 of 500 took 5.617s
  training loss:		0.035434
  validation loss:		0.031844
  validation accuracy:		100.00 %
Epoch 219 of 500 took 5.598s
  training loss:		0.035521
  validation loss:		0.033567
  validation accuracy:		100.00 %
Epoch 220 of 500 took 5.601s
  training loss:		0.030485
  validation loss:		0.031575
  validation accuracy:		100.00 %
Epoch 221 of 500 took 5.599s
  training loss:		0.033457
  validation loss:		0.031098
  validation accuracy:		100.00 %
('Average Reconstruction Error -- ', 0.20327178508887944)
Plotting the learning curve .........
Plotting the valid learning curve .........
Plotting the accuracy curve .........
Network Parameters saved!!!!!!!!
Running prediction function on Validation data
Epoch 222 of 500 took 5.676s
  training loss:		0.030320
  validation loss:		0.031891
  validation accuracy:		100.00 %
Epoch 223 of 500 took 5.584s
  training loss:		0.032135
  validation loss:		0.027884
  validation accuracy:		100.00 %
Epoch 224 of 500 took 5.610s
  training loss:		0.030188
  validation loss:		0.028153
  validation accuracy:		100.00 %
Epoch 225 of 500 took 5.599s
  training loss:		0.027704
  validation loss:		0.028858
  validation accuracy:		100.00 %
Epoch 226 of 500 took 5.593s
  training loss:		0.030160
  validation loss:		0.030873
  validation accuracy:		100.00 %
Epoch 227 of 500 took 5.598s
  training loss:		0.029567
  validation loss:		0.026667
  validation accuracy:		100.00 %
Epoch 228 of 500 took 5.603s
  training loss:		0.025824
  validation loss:		0.029985
  validation accuracy:		100.00 %
Epoch 229 of 500 took 5.628s
  training loss:		0.027905
  validation loss:		0.030281
  validation accuracy:		100.00 %
Epoch 230 of 500 took 5.568s
  training loss:		0.028968
  validation loss:		0.027183
  validation accuracy:		100.00 %
Epoch 231 of 500 took 5.613s
  training loss:		0.026835
  validation loss:		0.026211
  validation accuracy:		100.00 %
('Average Reconstruction Error -- ', 0.1957258475584254)
Plotting the learning curve .........
Plotting the valid learning curve .........
Plotting the accuracy curve .........
Network Parameters saved!!!!!!!!
Running prediction function on Validation data
Epoch 232 of 500 took 5.809s
  training loss:		0.029483
  validation loss:		0.027600
  validation accuracy:		100.00 %
Epoch 233 of 500 took 5.607s
  training loss:		0.024803
  validation loss:		0.028768
  validation accuracy:		100.00 %
Epoch 234 of 500 took 5.602s
  training loss:		0.027827
  validation loss:		0.025836
  validation accuracy:		100.00 %
Epoch 235 of 500 took 5.610s
  training loss:		0.023720
  validation loss:		0.027525
  validation accuracy:		100.00 %
Epoch 236 of 500 took 5.588s
  training loss:		0.026549
  validation loss:		0.029638
  validation accuracy:		100.00 %
Epoch 237 of 500 took 5.612s
  training loss:		0.029087
  validation loss:		0.030685
  validation accuracy:		100.00 %
Epoch 238 of 500 took 5.595s
  training loss:		0.028880
  validation loss:		0.026723
  validation accuracy:		100.00 %
Epoch 239 of 500 took 5.604s
  training loss:		0.027225
  validation loss:		0.026133
  validation accuracy:		100.00 %
Epoch 240 of 500 took 5.602s
  training loss:		0.024609
  validation loss:		0.028222
  validation accuracy:		100.00 %
Epoch 241 of 500 took 5.587s
  training loss:		0.027080
  validation loss:		0.024447
  validation accuracy:		100.00 %
('Average Reconstruction Error -- ', 0.18872171549885458)
Plotting the learning curve .........
Plotting the valid learning curve .........
Plotting the accuracy curve .........
Network Parameters saved!!!!!!!!
Running prediction function on Validation data
Epoch 242 of 500 took 5.622s
  training loss:		0.029201
  validation loss:		0.025487
  validation accuracy:		100.00 %
Epoch 243 of 500 took 5.591s
  training loss:		0.025393
  validation loss:		0.023869
  validation accuracy:		100.00 %
Epoch 244 of 500 took 5.601s
  training loss:		0.027584
  validation loss:		0.026164
  validation accuracy:		100.00 %
Epoch 245 of 500 took 5.604s
  training loss:		0.027145
  validation loss:		0.023952
  validation accuracy:		100.00 %
Epoch 246 of 500 took 5.602s
  training loss:		0.024551
  validation loss:		0.026271
  validation accuracy:		100.00 %
Epoch 247 of 500 took 5.603s
  training loss:		0.025630
  validation loss:		0.027121
  validation accuracy:		100.00 %
Epoch 248 of 500 took 5.599s
  training loss:		0.022508
  validation loss:		0.026562
  validation accuracy:		100.00 %
Epoch 249 of 500 took 5.602s
  training loss:		0.023963
  validation loss:		0.022674
  validation accuracy:		100.00 %
Epoch 250 of 500 took 5.603s
  training loss:		0.023168
  validation loss:		0.023442
  validation accuracy:		100.00 %
Epoch 251 of 500 took 5.582s
  training loss:		0.023592
  validation loss:		0.023974
  validation accuracy:		100.00 %
('Average Reconstruction Error -- ', 0.18220983856707246)
Plotting the learning curve .........
Plotting the valid learning curve .........
Plotting the accuracy curve .........
Network Parameters saved!!!!!!!!
Running prediction function on Validation data
Epoch 252 of 500 took 5.740s
  training loss:		0.022424
  validation loss:		0.022820
  validation accuracy:		100.00 %
Epoch 253 of 500 took 5.619s
  training loss:		0.022219
  validation loss:		0.021851
  validation accuracy:		100.00 %
Epoch 254 of 500 took 5.828s
  training loss:		0.023533
  validation loss:		0.026568
  validation accuracy:		100.00 %
Epoch 255 of 500 took 5.741s
  training loss:		0.022433
  validation loss:		0.022019
  validation accuracy:		100.00 %
Epoch 256 of 500 took 5.595s
  training loss:		0.021981
  validation loss:		0.022574
  validation accuracy:		100.00 %
Epoch 257 of 500 took 5.610s
  training loss:		0.023680
  validation loss:		0.021727
  validation accuracy:		100.00 %
Epoch 258 of 500 took 5.604s
  training loss:		0.023122
  validation loss:		0.022641
  validation accuracy:		100.00 %
Epoch 259 of 500 took 5.601s
  training loss:		0.022512
  validation loss:		0.024506
  validation accuracy:		100.00 %
Epoch 260 of 500 took 5.571s
  training loss:		0.023169
  validation loss:		0.022959
  validation accuracy:		100.00 %
Epoch 261 of 500 took 5.609s
  training loss:		0.022440
  validation loss:		0.022374
  validation accuracy:		100.00 %
('Average Reconstruction Error -- ', 0.17610031827210298)
Plotting the learning curve .........
Plotting the valid learning curve .........
Plotting the accuracy curve .........
Network Parameters saved!!!!!!!!
Running prediction function on Validation data
Epoch 262 of 500 took 5.677s
  training loss:		0.023195
  validation loss:		0.026532
  validation accuracy:		100.00 %
Epoch 263 of 500 took 5.649s
  training loss:		0.021511
  validation loss:		0.020580
  validation accuracy:		100.00 %
Epoch 264 of 500 took 5.585s
  training loss:		0.020515
  validation loss:		0.023549
  validation accuracy:		100.00 %
Epoch 265 of 500 took 5.616s
  training loss:		0.020022
  validation loss:		0.019993
  validation accuracy:		100.00 %
Epoch 266 of 500 took 5.598s
  training loss:		0.022277
  validation loss:		0.021878
  validation accuracy:		100.00 %
Epoch 267 of 500 took 5.596s
  training loss:		0.021155
  validation loss:		0.021248
  validation accuracy:		100.00 %
Epoch 268 of 500 took 6.048s
  training loss:		0.022297
  validation loss:		0.019823
  validation accuracy:		100.00 %
Epoch 269 of 500 took 6.573s
  training loss:		0.022610
  validation loss:		0.020675
  validation accuracy:		100.00 %
Epoch 270 of 500 took 5.823s
  training loss:		0.019984
  validation loss:		0.021995
  validation accuracy:		100.00 %
Epoch 271 of 500 took 5.745s
  training loss:		0.021592
  validation loss:		0.021187
  validation accuracy:		100.00 %
('Average Reconstruction Error -- ', 0.17039609508822379)
Plotting the learning curve .........
Plotting the valid learning curve .........
Plotting the accuracy curve .........
Network Parameters saved!!!!!!!!
Running prediction function on Validation data
Epoch 272 of 500 took 6.529s
  training loss:		0.018722
  validation loss:		0.018783
  validation accuracy:		100.00 %
Epoch 273 of 500 took 6.288s
  training loss:		0.019373
  validation loss:		0.023637
  validation accuracy:		100.00 %
Epoch 274 of 500 took 6.126s
  training loss:		0.021548
  validation loss:		0.019306
  validation accuracy:		100.00 %
Epoch 275 of 500 took 5.850s
  training loss:		0.019107
  validation loss:		0.020166
  validation accuracy:		100.00 %
Epoch 276 of 500 took 6.107s
  training loss:		0.019277
  validation loss:		0.021030
  validation accuracy:		100.00 %
Epoch 277 of 500 took 5.713s
  training loss:		0.019312
  validation loss:		0.017705
  validation accuracy:		100.00 %
Epoch 278 of 500 took 6.074s
  training loss:		0.020557
  validation loss:		0.019791
  validation accuracy:		100.00 %
Epoch 279 of 500 took 5.986s
  training loss:		0.022130
  validation loss:		0.018241
  validation accuracy:		100.00 %
Epoch 280 of 500 took 6.063s
  training loss:		0.020267
  validation loss:		0.018390
  validation accuracy:		100.00 %
Epoch 281 of 500 took 6.799s
  training loss:		0.018929
  validation loss:		0.018620
  validation accuracy:		100.00 %
('Average Reconstruction Error -- ', 0.16504114582489113)
Plotting the learning curve .........
Plotting the valid learning curve .........
Plotting the accuracy curve .........
Network Parameters saved!!!!!!!!
Running prediction function on Validation data
Epoch 282 of 500 took 6.013s
  training loss:		0.019370
  validation loss:		0.019632
  validation accuracy:		100.00 %
Epoch 283 of 500 took 5.856s
  training loss:		0.018938
  validation loss:		0.017951
  validation accuracy:		100.00 %
Epoch 284 of 500 took 5.856s
  training loss:		0.019436
  validation loss:		0.019637
  validation accuracy:		100.00 %
Epoch 285 of 500 took 5.758s
  training loss:		0.017983
  validation loss:		0.017473
  validation accuracy:		100.00 %
Epoch 286 of 500 took 5.769s
  training loss:		0.021170
  validation loss:		0.016590
  validation accuracy:		100.00 %
Epoch 287 of 500 took 5.720s
  training loss:		0.016748
  validation loss:		0.019622
  validation accuracy:		100.00 %
Epoch 288 of 500 took 5.601s
  training loss:		0.016546
  validation loss:		0.017628
  validation accuracy:		100.00 %
Epoch 289 of 500 took 5.697s
  training loss:		0.017101
  validation loss:		0.016936
  validation accuracy:		100.00 %
Epoch 290 of 500 took 5.781s
  training loss:		0.017593
  validation loss:		0.016464
  validation accuracy:		100.00 %
Epoch 291 of 500 took 5.801s
  training loss:		0.018485
  validation loss:		0.021548
  validation accuracy:		100.00 %
('Average Reconstruction Error -- ', 0.15999976480989697)
Plotting the learning curve .........
Plotting the valid learning curve .........
Plotting the accuracy curve .........
Network Parameters saved!!!!!!!!
Running prediction function on Validation data
Epoch 292 of 500 took 5.481s
  training loss:		0.018641
  validation loss:		0.016733
  validation accuracy:		100.00 %
Epoch 293 of 500 took 5.602s
  training loss:		0.016599
  validation loss:		0.022014
  validation accuracy:		100.00 %
Epoch 294 of 500 took 5.608s
  training loss:		0.017789
  validation loss:		0.019059
  validation accuracy:		100.00 %
Epoch 295 of 500 took 5.592s
  training loss:		0.015768
  validation loss:		0.017205
  validation accuracy:		100.00 %
Epoch 296 of 500 took 5.608s
  training loss:		0.017562
  validation loss:		0.018085
  validation accuracy:		100.00 %
Epoch 297 of 500 took 5.605s
  training loss:		0.016300
  validation loss:		0.016496
  validation accuracy:		100.00 %
Epoch 298 of 500 took 5.594s
  training loss:		0.018603
  validation loss:		0.017558
  validation accuracy:		100.00 %
Epoch 299 of 500 took 5.602s
  training loss:		0.016111
  validation loss:		0.016317
  validation accuracy:		100.00 %
Epoch 300 of 500 took 5.604s
  training loss:		0.015900
  validation loss:		0.017993
  validation accuracy:		100.00 %
Epoch 301 of 500 took 5.605s
  training loss:		0.017522
  validation loss:		0.017442
  validation accuracy:		100.00 %
('Average Reconstruction Error -- ', 0.15525158533945016)
Plotting the learning curve .........
Plotting the valid learning curve .........
Plotting the accuracy curve .........
Network Parameters saved!!!!!!!!
Running prediction function on Validation data
Epoch 302 of 500 took 5.572s
  training loss:		0.016659
  validation loss:		0.017872
  validation accuracy:		100.00 %
Epoch 303 of 500 took 5.600s
  training loss:		0.016360
  validation loss:		0.017609
  validation accuracy:		100.00 %
Epoch 304 of 500 took 5.600s
  training loss:		0.014089
  validation loss:		0.016577
  validation accuracy:		100.00 %
Epoch 305 of 500 took 5.607s
  training loss:		0.014459
  validation loss:		0.015090
  validation accuracy:		100.00 %
Epoch 306 of 500 took 5.602s
  training loss:		0.017912
  validation loss:		0.016421
  validation accuracy:		100.00 %
Epoch 307 of 500 took 5.598s
  training loss:		0.015275
  validation loss:		0.016224
  validation accuracy:		100.00 %
Epoch 308 of 500 took 5.594s
  training loss:		0.016987
  validation loss:		0.014347
  validation accuracy:		100.00 %
Epoch 309 of 500 took 5.606s
  training loss:		0.016617
  validation loss:		0.016691
  validation accuracy:		100.00 %
Epoch 310 of 500 took 5.602s
  training loss:		0.014997
  validation loss:		0.015198
  validation accuracy:		100.00 %
Epoch 311 of 500 took 5.604s
  training loss:		0.014869
  validation loss:		0.015703
  validation accuracy:		100.00 %
('Average Reconstruction Error -- ', 0.15076833249574598)
Plotting the learning curve .........
Plotting the valid learning curve .........
Plotting the accuracy curve .........
Network Parameters saved!!!!!!!!
Running prediction function on Validation data
Epoch 312 of 500 took 5.418s
  training loss:		0.015285
  validation loss:		0.013847
  validation accuracy:		100.00 %
Epoch 313 of 500 took 5.590s
  training loss:		0.014159
  validation loss:		0.015731
  validation accuracy:		100.00 %
Epoch 314 of 500 took 5.594s
  training loss:		0.015591
  validation loss:		0.015452
  validation accuracy:		100.00 %
Epoch 315 of 500 took 5.422s
  training loss:		0.014823
  validation loss:		0.014551
  validation accuracy:		100.00 %
Epoch 316 of 500 took 5.589s
  training loss:		0.015648
  validation loss:		0.013652
  validation accuracy:		100.00 %
Epoch 317 of 500 took 5.606s
  training loss:		0.014505
  validation loss:		0.014873
  validation accuracy:		100.00 %
Epoch 318 of 500 took 5.594s
  training loss:		0.015266
  validation loss:		0.015883
  validation accuracy:		100.00 %
Epoch 319 of 500 took 5.414s
  training loss:		0.015524
  validation loss:		0.016692
  validation accuracy:		100.00 %
Epoch 320 of 500 took 5.590s
  training loss:		0.015122
  validation loss:		0.014807
  validation accuracy:		100.00 %
Epoch 321 of 500 took 5.430s
  training loss:		0.013070
  validation loss:		0.014980
  validation accuracy:		100.00 %
('Average Reconstruction Error -- ', 0.14653565476239228)
Plotting the learning curve .........
Plotting the valid learning curve .........
Plotting the accuracy curve .........
Network Parameters saved!!!!!!!!
Running prediction function on Validation data
Epoch 322 of 500 took 5.490s
  training loss:		0.014414
  validation loss:		0.015873
  validation accuracy:		100.00 %
Epoch 323 of 500 took 5.597s
  training loss:		0.013383
  validation loss:		0.014968
  validation accuracy:		100.00 %
Epoch 324 of 500 took 5.603s
  training loss:		0.013591
  validation loss:		0.015940
  validation accuracy:		100.00 %
Epoch 325 of 500 took 5.597s
  training loss:		0.015110
  validation loss:		0.015895
  validation accuracy:		100.00 %
Epoch 326 of 500 took 5.597s
  training loss:		0.015460
  validation loss:		0.013700
  validation accuracy:		100.00 %
Epoch 327 of 500 took 5.612s
  training loss:		0.015235
  validation loss:		0.016006
  validation accuracy:		100.00 %
Epoch 328 of 500 took 5.600s
  training loss:		0.013562
  validation loss:		0.012770
  validation accuracy:		100.00 %
Epoch 329 of 500 took 5.599s
  training loss:		0.013346
  validation loss:		0.013468
  validation accuracy:		100.00 %
Epoch 330 of 500 took 5.603s
  training loss:		0.014282
  validation loss:		0.016335
  validation accuracy:		100.00 %
Epoch 331 of 500 took 5.602s
  training loss:		0.014385
  validation loss:		0.013865
  validation accuracy:		100.00 %
('Average Reconstruction Error -- ', 0.1425399201452334)
Plotting the learning curve .........
Plotting the valid learning curve .........
Plotting the accuracy curve .........
Network Parameters saved!!!!!!!!
Running prediction function on Validation data
Epoch 332 of 500 took 5.592s
  training loss:		0.015788
  validation loss:		0.014050
  validation accuracy:		100.00 %
Epoch 333 of 500 took 5.607s
  training loss:		0.013290
  validation loss:		0.012694
  validation accuracy:		100.00 %
Epoch 334 of 500 took 5.601s
  training loss:		0.014374
  validation loss:		0.011932
  validation accuracy:		100.00 %
Epoch 335 of 500 took 5.615s
  training loss:		0.013048
  validation loss:		0.014410
  validation accuracy:		100.00 %
Epoch 336 of 500 took 5.587s
  training loss:		0.013530
  validation loss:		0.012451
  validation accuracy:		100.00 %
Epoch 337 of 500 took 5.602s
  training loss:		0.011921
  validation loss:		0.013140
  validation accuracy:		100.00 %
Epoch 338 of 500 took 5.607s
  training loss:		0.013556
  validation loss:		0.014066
  validation accuracy:		100.00 %
Epoch 339 of 500 took 5.598s
  training loss:		0.013593
  validation loss:		0.015078
  validation accuracy:		100.00 %
Epoch 340 of 500 took 5.595s
  training loss:		0.012452
  validation loss:		0.013913
  validation accuracy:		100.00 %
Epoch 341 of 500 took 5.608s
  training loss:		0.012276
  validation loss:		0.013176
  validation accuracy:		100.00 %
('Average Reconstruction Error -- ', 0.13875232385582292)
Plotting the learning curve .........
Plotting the valid learning curve .........
Plotting the accuracy curve .........
Network Parameters saved!!!!!!!!
Running prediction function on Validation data
Epoch 342 of 500 took 5.446s
  training loss:		0.012116
  validation loss:		0.011468
  validation accuracy:		100.00 %
Epoch 343 of 500 took 5.591s
  training loss:		0.012091
  validation loss:		0.012545
  validation accuracy:		100.00 %
Epoch 344 of 500 took 5.605s
  training loss:		0.011571
  validation loss:		0.012952
  validation accuracy:		100.00 %
Epoch 345 of 500 took 5.601s
  training loss:		0.013634
  validation loss:		0.013342
  validation accuracy:		100.00 %
Epoch 346 of 500 took 5.604s
  training loss:		0.013828
  validation loss:		0.014864
  validation accuracy:		100.00 %
Epoch 347 of 500 took 5.598s
  training loss:		0.013464
  validation loss:		0.011515
  validation accuracy:		100.00 %
Epoch 348 of 500 took 5.608s
  training loss:		0.014990
  validation loss:		0.011102
  validation accuracy:		100.00 %
Epoch 349 of 500 took 5.598s
  training loss:		0.013440
  validation loss:		0.010919
  validation accuracy:		100.00 %
Epoch 350 of 500 took 5.666s
  training loss:		0.012880
  validation loss:		0.012174
  validation accuracy:		100.00 %
Epoch 351 of 500 took 5.544s
  training loss:		0.013068
  validation loss:		0.011666
  validation accuracy:		100.00 %
('Average Reconstruction Error -- ', 0.13517272284011184)
Plotting the learning curve .........
Plotting the valid learning curve .........
Plotting the accuracy curve .........
Network Parameters saved!!!!!!!!
Running prediction function on Validation data
Epoch 352 of 500 took 5.452s
  training loss:		0.012903
  validation loss:		0.011718
  validation accuracy:		100.00 %
Epoch 353 of 500 took 5.407s
  training loss:		0.012925
  validation loss:		0.013039
  validation accuracy:		100.00 %
Epoch 354 of 500 took 5.399s
  training loss:		0.011307
  validation loss:		0.011080
  validation accuracy:		100.00 %
Epoch 355 of 500 took 5.401s
  training loss:		0.012022
  validation loss:		0.011700
  validation accuracy:		100.00 %
Epoch 356 of 500 took 5.398s
  training loss:		0.011442
  validation loss:		0.011503
  validation accuracy:		100.00 %
Epoch 357 of 500 took 5.409s
  training loss:		0.011628
  validation loss:		0.010656
  validation accuracy:		100.00 %
Epoch 358 of 500 took 5.402s
  training loss:		0.014391
  validation loss:		0.011214
  validation accuracy:		100.00 %
Epoch 359 of 500 took 5.402s
  training loss:		0.012112
  validation loss:		0.010330
  validation accuracy:		100.00 %
Epoch 360 of 500 took 5.399s
  training loss:		0.011421
  validation loss:		0.010827
  validation accuracy:		100.00 %
Epoch 361 of 500 took 5.402s
  training loss:		0.012143
  validation loss:		0.010797
  validation accuracy:		100.00 %
('Average Reconstruction Error -- ', 0.13176709380923904)
Plotting the learning curve .........
Plotting the valid learning curve .........
Plotting the accuracy curve .........
Network Parameters saved!!!!!!!!
Running prediction function on Validation data
Epoch 362 of 500 took 5.513s
  training loss:		0.012064
  validation loss:		0.012860
  validation accuracy:		100.00 %
Epoch 363 of 500 took 5.411s
  training loss:		0.011551
  validation loss:		0.010607
  validation accuracy:		100.00 %
Epoch 364 of 500 took 5.398s
  training loss:		0.012133
  validation loss:		0.011773
  validation accuracy:		100.00 %
Epoch 365 of 500 took 5.408s
  training loss:		0.011384
  validation loss:		0.011246
  validation accuracy:		100.00 %
Epoch 366 of 500 took 5.586s
  training loss:		0.011312
  validation loss:		0.012808
  validation accuracy:		100.00 %
Epoch 367 of 500 took 5.415s
  training loss:		0.009597
  validation loss:		0.010438
  validation accuracy:		100.00 %
Epoch 368 of 500 took 5.587s
  training loss:		0.011076
  validation loss:		0.013861
  validation accuracy:		100.00 %
Epoch 369 of 500 took 5.414s
  training loss:		0.012471
  validation loss:		0.010267
  validation accuracy:		100.00 %
Epoch 370 of 500 took 5.408s
  training loss:		0.010285
  validation loss:		0.008835
  validation accuracy:		100.00 %
Epoch 371 of 500 took 5.581s
  training loss:		0.010542
  validation loss:		0.011594
  validation accuracy:		100.00 %
('Average Reconstruction Error -- ', 0.12851842700760258)
Plotting the learning curve .........
Plotting the valid learning curve .........
Plotting the accuracy curve .........
Network Parameters saved!!!!!!!!
Running prediction function on Validation data
Epoch 372 of 500 took 5.514s
  training loss:		0.011277
  validation loss:		0.011309
  validation accuracy:		100.00 %
Epoch 373 of 500 took 5.607s
  training loss:		0.012234
  validation loss:		0.011449
  validation accuracy:		100.00 %
Epoch 374 of 500 took 5.593s
  training loss:		0.011001
  validation loss:		0.011580
  validation accuracy:		100.00 %
Epoch 375 of 500 took 5.609s
  training loss:		0.009604
  validation loss:		0.010024
  validation accuracy:		100.00 %
Epoch 376 of 500 took 5.608s
  training loss:		0.010805
  validation loss:		0.011507
  validation accuracy:		100.00 %
Epoch 377 of 500 took 5.592s
  training loss:		0.012533
  validation loss:		0.010356
  validation accuracy:		100.00 %
Epoch 378 of 500 took 5.604s
  training loss:		0.011507
  validation loss:		0.010286
  validation accuracy:		100.00 %
Epoch 379 of 500 took 5.600s
  training loss:		0.011006
  validation loss:		0.010030
  validation accuracy:		100.00 %
Epoch 380 of 500 took 5.609s
  training loss:		0.011532
  validation loss:		0.010769
  validation accuracy:		100.00 %
Epoch 381 of 500 took 5.597s
  training loss:		0.010628
  validation loss:		0.009496
  validation accuracy:		100.00 %
('Average Reconstruction Error -- ', 0.12543953395343471)
Plotting the learning curve .........
Plotting the valid learning curve .........
Plotting the accuracy curve .........
Network Parameters saved!!!!!!!!
Running prediction function on Validation data
Epoch 382 of 500 took 5.487s
  training loss:		0.012093
  validation loss:		0.010147
  validation accuracy:		100.00 %
Epoch 383 of 500 took 5.404s
  training loss:		0.010425
  validation loss:		0.010683
  validation accuracy:		100.00 %
Epoch 384 of 500 took 5.397s
  training loss:		0.010419
  validation loss:		0.010043
  validation accuracy:		100.00 %
Epoch 385 of 500 took 5.407s
  training loss:		0.010433
  validation loss:		0.008914
  validation accuracy:		100.00 %
Epoch 386 of 500 took 5.397s
  training loss:		0.010298
  validation loss:		0.010622
  validation accuracy:		100.00 %
Epoch 387 of 500 took 5.408s
  training loss:		0.010081
  validation loss:		0.011463
  validation accuracy:		100.00 %
Epoch 388 of 500 took 5.401s
  training loss:		0.010290
  validation loss:		0.009893
  validation accuracy:		100.00 %
Epoch 389 of 500 took 5.403s
  training loss:		0.010618
  validation loss:		0.009714
  validation accuracy:		100.00 %
Epoch 390 of 500 took 5.401s
  training loss:		0.008848
  validation loss:		0.012701
  validation accuracy:		100.00 %
Epoch 391 of 500 took 5.399s
  training loss:		0.010299
  validation loss:		0.011057
  validation accuracy:		100.00 %
('Average Reconstruction Error -- ', 0.12249684537268266)
Plotting the learning curve .........
Plotting the valid learning curve .........
Plotting the accuracy curve .........
Network Parameters saved!!!!!!!!
Running prediction function on Validation data
Epoch 392 of 500 took 5.459s
  training loss:		0.009814
  validation loss:		0.010935
  validation accuracy:		100.00 %
Epoch 393 of 500 took 5.602s
  training loss:		0.009547
  validation loss:		0.010093
  validation accuracy:		100.00 %
Epoch 394 of 500 took 5.594s
  training loss:		0.010628
  validation loss:		0.010574
  validation accuracy:		100.00 %
Epoch 395 of 500 took 5.605s
  training loss:		0.009799
  validation loss:		0.009811
  validation accuracy:		100.00 %
Epoch 396 of 500 took 5.606s
  training loss:		0.009228
  validation loss:		0.009300
  validation accuracy:		100.00 %
Epoch 397 of 500 took 5.608s
  training loss:		0.008996
  validation loss:		0.009529
  validation accuracy:		100.00 %
Epoch 398 of 500 took 5.589s
  training loss:		0.008995
  validation loss:		0.008933
  validation accuracy:		100.00 %
Epoch 399 of 500 took 5.605s
  training loss:		0.010866
  validation loss:		0.010214
  validation accuracy:		100.00 %
Epoch 400 of 500 took 5.597s
  training loss:		0.009705
  validation loss:		0.009001
  validation accuracy:		100.00 %
Epoch 401 of 500 took 5.607s
  training loss:		0.008870
  validation loss:		0.009881
  validation accuracy:		100.00 %
('Average Reconstruction Error -- ', 0.1196825830108392)
Plotting the learning curve .........
Plotting the valid learning curve .........
Plotting the accuracy curve .........
Network Parameters saved!!!!!!!!
Running prediction function on Validation data
Epoch 402 of 500 took 5.564s
  training loss:		0.009237
  validation loss:		0.010173
  validation accuracy:		100.00 %
Epoch 403 of 500 took 5.596s
  training loss:		0.007726
  validation loss:		0.008507
  validation accuracy:		100.00 %
Epoch 404 of 500 took 5.599s
  training loss:		0.009677
  validation loss:		0.009411
  validation accuracy:		100.00 %
Epoch 405 of 500 took 5.414s
  training loss:		0.007674
  validation loss:		0.008764
  validation accuracy:		100.00 %
Epoch 406 of 500 took 5.590s
  training loss:		0.008936
  validation loss:		0.009336
  validation accuracy:		100.00 %
Epoch 407 of 500 took 5.599s
  training loss:		0.009741
  validation loss:		0.009429
  validation accuracy:		100.00 %
Epoch 408 of 500 took 5.419s
  training loss:		0.009140
  validation loss:		0.009850
  validation accuracy:		100.00 %
Epoch 409 of 500 took 5.592s
  training loss:		0.010189
  validation loss:		0.009116
  validation accuracy:		100.00 %
Epoch 410 of 500 took 5.604s
  training loss:		0.009204
  validation loss:		0.008905
  validation accuracy:		100.00 %
Epoch 411 of 500 took 5.588s
  training loss:		0.009720
  validation loss:		0.009802
  validation accuracy:		100.00 %
('Average Reconstruction Error -- ', 0.11699260406136375)
Plotting the learning curve .........
Plotting the valid learning curve .........
Plotting the accuracy curve .........
Network Parameters saved!!!!!!!!
Running prediction function on Validation data
Epoch 412 of 500 took 5.492s
  training loss:		0.009592
  validation loss:		0.009752
  validation accuracy:		100.00 %
Epoch 413 of 500 took 5.592s
  training loss:		0.008814
  validation loss:		0.009157
  validation accuracy:		100.00 %
Epoch 414 of 500 took 5.606s
  training loss:		0.008945
  validation loss:		0.009308
  validation accuracy:		100.00 %
Epoch 415 of 500 took 5.602s
  training loss:		0.009127
  validation loss:		0.009328
  validation accuracy:		100.00 %
Epoch 416 of 500 took 5.594s
  training loss:		0.010104
  validation loss:		0.008673
  validation accuracy:		100.00 %
Epoch 417 of 500 took 5.604s
  training loss:		0.009998
  validation loss:		0.009021
  validation accuracy:		100.00 %
Epoch 418 of 500 took 5.602s
  training loss:		0.009706
  validation loss:		0.008029
  validation accuracy:		100.00 %
Epoch 419 of 500 took 5.600s
  training loss:		0.009003
  validation loss:		0.008999
  validation accuracy:		100.00 %
Epoch 420 of 500 took 5.602s
  training loss:		0.009142
  validation loss:		0.007470
  validation accuracy:		100.00 %
Epoch 421 of 500 took 5.605s
  training loss:		0.008734
  validation loss:		0.007985
  validation accuracy:		100.00 %
('Average Reconstruction Error -- ', 0.11443497830867791)
Plotting the learning curve .........
Plotting the valid learning curve .........
Plotting the accuracy curve .........
Network Parameters saved!!!!!!!!
Running prediction function on Validation data
Epoch 422 of 500 took 5.578s
  training loss:		0.007535
  validation loss:		0.011165
  validation accuracy:		100.00 %
Epoch 423 of 500 took 5.412s
  training loss:		0.008246
  validation loss:		0.009050
  validation accuracy:		100.00 %
Epoch 424 of 500 took 5.589s
  training loss:		0.007585
  validation loss:		0.008276
  validation accuracy:		100.00 %
Epoch 425 of 500 took 5.414s
  training loss:		0.008228
  validation loss:		0.006926
  validation accuracy:		100.00 %
Epoch 426 of 500 took 5.585s
  training loss:		0.007532
  validation loss:		0.007863
  validation accuracy:		100.00 %
Epoch 427 of 500 took 5.417s
  training loss:		0.008742
  validation loss:		0.008668
  validation accuracy:		100.00 %
Epoch 428 of 500 took 5.586s
  training loss:		0.007933
  validation loss:		0.008219
  validation accuracy:		100.00 %
Epoch 429 of 500 took 5.420s
  training loss:		0.008291
  validation loss:		0.006912
  validation accuracy:		100.00 %
Epoch 430 of 500 took 5.583s
  training loss:		0.007717
  validation loss:		0.007547
  validation accuracy:		100.00 %
Epoch 431 of 500 took 5.423s
  training loss:		0.007737
  validation loss:		0.008082
  validation accuracy:		100.00 %
('Average Reconstruction Error -- ', 0.11196443538685634)
Plotting the learning curve .........
Plotting the valid learning curve .........
Plotting the accuracy curve .........
Network Parameters saved!!!!!!!!
Running prediction function on Validation data
Epoch 432 of 500 took 5.455s
  training loss:		0.009307
  validation loss:		0.007616
  validation accuracy:		100.00 %
Epoch 433 of 500 took 5.405s
  training loss:		0.007306
  validation loss:		0.008254
  validation accuracy:		100.00 %
Epoch 434 of 500 took 5.401s
  training loss:		0.008058
  validation loss:		0.008042
  validation accuracy:		100.00 %
Epoch 435 of 500 took 5.403s
  training loss:		0.007944
  validation loss:		0.006932
  validation accuracy:		100.00 %
Epoch 436 of 500 took 5.401s
  training loss:		0.007973
  validation loss:		0.007557
  validation accuracy:		100.00 %
Epoch 437 of 500 took 5.402s
  training loss:		0.008646
  validation loss:		0.008104
  validation accuracy:		100.00 %
Epoch 438 of 500 took 5.402s
  training loss:		0.009057
  validation loss:		0.007691
  validation accuracy:		100.00 %
Epoch 439 of 500 took 5.400s
  training loss:		0.007418
  validation loss:		0.007906
  validation accuracy:		100.00 %
Epoch 440 of 500 took 5.409s
  training loss:		0.007500
  validation loss:		0.009714
  validation accuracy:		100.00 %
Epoch 441 of 500 took 5.397s
  training loss:		0.007579
  validation loss:		0.008086
  validation accuracy:		100.00 %
('Average Reconstruction Error -- ', 0.10960875444213666)
Plotting the learning curve .........
Plotting the valid learning curve .........
Plotting the accuracy curve .........
Network Parameters saved!!!!!!!!
Running prediction function on Validation data
Epoch 442 of 500 took 5.469s
  training loss:		0.007416
  validation loss:		0.008024
  validation accuracy:		100.00 %
Epoch 443 of 500 took 5.405s
  training loss:		0.007820
  validation loss:		0.007475
  validation accuracy:		100.00 %
Epoch 444 of 500 took 5.410s
  training loss:		0.008250
  validation loss:		0.009252
  validation accuracy:		100.00 %
Epoch 445 of 500 took 5.584s
  training loss:		0.007140
  validation loss:		0.006464
  validation accuracy:		100.00 %
Epoch 446 of 500 took 5.416s
  training loss:		0.007712
  validation loss:		0.007605
  validation accuracy:		100.00 %
Epoch 447 of 500 took 5.590s
  training loss:		0.008151
  validation loss:		0.007414
  validation accuracy:		100.00 %
Epoch 448 of 500 took 5.419s
  training loss:		0.007686
  validation loss:		0.007591
  validation accuracy:		100.00 %
Epoch 449 of 500 took 5.584s
  training loss:		0.008540
  validation loss:		0.007132
  validation accuracy:		100.00 %
Epoch 450 of 500 took 5.407s
  training loss:		0.007605
  validation loss:		0.006416
  validation accuracy:		100.00 %
Epoch 451 of 500 took 5.406s
  training loss:		0.008183
  validation loss:		0.007839
  validation accuracy:		100.00 %
('Average Reconstruction Error -- ', 0.10735247182122845)
Plotting the learning curve .........
Plotting the valid learning curve .........
Plotting the accuracy curve .........
Network Parameters saved!!!!!!!!
Running prediction function on Validation data
Epoch 452 of 500 took 5.509s
  training loss:		0.007228
  validation loss:		0.007358
  validation accuracy:		100.00 %
Epoch 453 of 500 took 5.577s
  training loss:		0.007676
  validation loss:		0.008256
  validation accuracy:		100.00 %
Epoch 454 of 500 took 5.608s
  training loss:		0.007599
  validation loss:		0.007195
  validation accuracy:		100.00 %
Epoch 455 of 500 took 5.598s
  training loss:		0.008802
  validation loss:		0.007049
  validation accuracy:		100.00 %
Epoch 456 of 500 took 5.602s
  training loss:		0.007212
  validation loss:		0.008217
  validation accuracy:		100.00 %
Epoch 457 of 500 took 5.603s
  training loss:		0.006030
  validation loss:		0.007275
  validation accuracy:		100.00 %
Epoch 458 of 500 took 5.597s
  training loss:		0.008331
  validation loss:		0.007070
  validation accuracy:		100.00 %
Epoch 459 of 500 took 5.605s
  training loss:		0.007227
  validation loss:		0.007636
  validation accuracy:		100.00 %
Epoch 460 of 500 took 5.603s
  training loss:		0.008314
  validation loss:		0.008129
  validation accuracy:		100.00 %
Epoch 461 of 500 took 5.609s
  training loss:		0.007059
  validation loss:		0.008317
  validation accuracy:		100.00 %
('Average Reconstruction Error -- ', 0.10518751439100904)
Plotting the learning curve .........
Plotting the valid learning curve .........
Plotting the accuracy curve .........
Network Parameters saved!!!!!!!!
Running prediction function on Validation data
Epoch 462 of 500 took 5.471s
  training loss:		0.007199
  validation loss:		0.007574
  validation accuracy:		100.00 %
Epoch 463 of 500 took 5.407s
  training loss:		0.007526
  validation loss:		0.007414
  validation accuracy:		100.00 %
Epoch 464 of 500 took 5.589s
  training loss:		0.007699
  validation loss:		0.008066
  validation accuracy:		100.00 %
Epoch 465 of 500 took 5.411s
  training loss:		0.007150
  validation loss:		0.007632
  validation accuracy:		100.00 %
Epoch 466 of 500 took 5.406s
  training loss:		0.007905
  validation loss:		0.007445
  validation accuracy:		100.00 %
Epoch 467 of 500 took 5.583s
  training loss:		0.007207
  validation loss:		0.006656
  validation accuracy:		100.00 %
Epoch 468 of 500 took 5.418s
  training loss:		0.008744
  validation loss:		0.007941
  validation accuracy:		100.00 %
Epoch 469 of 500 took 5.591s
  training loss:		0.007055
  validation loss:		0.007304
  validation accuracy:		100.00 %
Epoch 470 of 500 took 5.415s
  training loss:		0.006397
  validation loss:		0.006413
  validation accuracy:		100.00 %
Epoch 471 of 500 took 5.588s
  training loss:		0.007492
  validation loss:		0.006576
  validation accuracy:		100.00 %
('Average Reconstruction Error -- ', 0.10311214089065431)
Plotting the learning curve .........
Plotting the valid learning curve .........
Plotting the accuracy curve .........
Network Parameters saved!!!!!!!!
Running prediction function on Validation data
Epoch 472 of 500 took 5.527s
  training loss:		0.007053
  validation loss:		0.007122
  validation accuracy:		100.00 %
Epoch 473 of 500 took 5.602s
  training loss:		0.007419
  validation loss:		0.006474
  validation accuracy:		100.00 %
Epoch 474 of 500 took 5.594s
  training loss:		0.006434
  validation loss:		0.007100
  validation accuracy:		100.00 %
Epoch 475 of 500 took 5.607s
  training loss:		0.006616
  validation loss:		0.006715
  validation accuracy:		100.00 %
Epoch 476 of 500 took 5.600s
  training loss:		0.006686
  validation loss:		0.007647
  validation accuracy:		100.00 %
Epoch 477 of 500 took 5.606s
  training loss:		0.006600
  validation loss:		0.006647
  validation accuracy:		100.00 %
Epoch 478 of 500 took 5.603s
  training loss:		0.008123
  validation loss:		0.006354
  validation accuracy:		100.00 %
Epoch 479 of 500 took 5.596s
  training loss:		0.007412
  validation loss:		0.006903
  validation accuracy:		100.00 %
Epoch 480 of 500 took 5.604s
  training loss:		0.006502
  validation loss:		0.007301
  validation accuracy:		100.00 %
Epoch 481 of 500 took 5.601s
  training loss:		0.006587
  validation loss:		0.007146
  validation accuracy:		100.00 %
('Average Reconstruction Error -- ', 0.10111278868093053)
Plotting the learning curve .........
Plotting the valid learning curve .........
Plotting the accuracy curve .........
Network Parameters saved!!!!!!!!
Running prediction function on Validation data
Epoch 482 of 500 took 5.499s
  training loss:		0.006298
  validation loss:		0.008150
  validation accuracy:		100.00 %
Epoch 483 of 500 took 5.600s
  training loss:		0.007818
  validation loss:		0.006647
  validation accuracy:		100.00 %
Epoch 484 of 500 took 5.605s
  training loss:		0.006931
  validation loss:		0.005786
  validation accuracy:		100.00 %
Epoch 485 of 500 took 5.594s
  training loss:		0.006958
  validation loss:		0.007793
  validation accuracy:		100.00 %
Epoch 486 of 500 took 5.602s
  training loss:		0.006320
  validation loss:		0.006230
  validation accuracy:		100.00 %
Epoch 487 of 500 took 5.600s
  training loss:		0.006320
  validation loss:		0.007198
  validation accuracy:		100.00 %
Epoch 488 of 500 took 5.606s
  training loss:		0.007119
  validation loss:		0.006131
  validation accuracy:		100.00 %
Epoch 489 of 500 took 5.601s
  training loss:		0.005717
  validation loss:		0.006072
  validation accuracy:		100.00 %
Epoch 490 of 500 took 5.602s
  training loss:		0.006051
  validation loss:		0.007003
  validation accuracy:		100.00 %
Epoch 491 of 500 took 5.602s
  training loss:		0.006727
  validation loss:		0.007280
  validation accuracy:		100.00 %
('Average Reconstruction Error -- ', 0.099188414099761604)
Plotting the learning curve .........
Plotting the valid learning curve .........
Plotting the accuracy curve .........
Network Parameters saved!!!!!!!!
Running prediction function on Validation data
Epoch 492 of 500 took 5.518s
  training loss:		0.006624
  validation loss:		0.006066
  validation accuracy:		100.00 %
Epoch 493 of 500 took 5.599s
  training loss:		0.005707
  validation loss:		0.006111
  validation accuracy:		100.00 %
Epoch 494 of 500 took 5.600s
  training loss:		0.006270
  validation loss:		0.007163
  validation accuracy:		100.00 %
Epoch 495 of 500 took 5.598s
  training loss:		0.006390
  validation loss:		0.007378
  validation accuracy:		100.00 %
Epoch 496 of 500 took 5.620s
  training loss:		0.005513
  validation loss:		0.006816
  validation accuracy:		100.00 %
Epoch 497 of 500 took 5.589s
  training loss:		0.006675
  validation loss:		0.006846
  validation accuracy:		100.00 %
Epoch 498 of 500 took 5.604s
  training loss:		0.006554
  validation loss:		0.005928
  validation accuracy:		100.00 %
Epoch 499 of 500 took 5.618s
  training loss:		0.006274
  validation loss:		0.005739
  validation accuracy:		100.00 %
Epoch 500 of 500 took 5.589s
  training loss:		0.006033
  validation loss:		0.006737
  validation accuracy:		100.00 %
('Get all the Update Values : ', OrderedDict([(W, Elemwise{add,no_inplace}.0), (b, Elemwise{add,no_inplace}.0), (W, Elemwise{add,no_inplace}.0), (b, Elemwise{add,no_inplace}.0), (W, Elemwise{add,no_inplace}.0), (b, Elemwise{add,no_inplace}.0), (W, Elemwise{add,no_inplace}.0), (b, Elemwise{add,no_inplace}.0), (W, Elemwise{add,no_inplace}.0), (b, Elemwise{add,no_inplace}.0), (W, Elemwise{add,no_inplace}.0), (b, Elemwise{add,no_inplace}.0), (W, Elemwise{add,no_inplace}.0), (b, Elemwise{add,no_inplace}.0), (<TensorType(float64, 4D)>, Elemwise{sub,no_inplace}.0), (<TensorType(float64, vector)>, Elemwise{sub,no_inplace}.0), (<TensorType(float64, 4D)>, Elemwise{sub,no_inplace}.0), (<TensorType(float64, vector)>, Elemwise{sub,no_inplace}.0), (<TensorType(float64, 4D)>, Elemwise{sub,no_inplace}.0), (<TensorType(float64, vector)>, Elemwise{sub,no_inplace}.0), (<TensorType(float64, 4D)>, Elemwise{sub,no_inplace}.0), (<TensorType(float64, vector)>, Elemwise{sub,no_inplace}.0), (<TensorType(float64, matrix)>, Elemwise{sub,no_inplace}.0), (<TensorType(float64, vector)>, Elemwise{sub,no_inplace}.0), (<TensorType(float64, matrix)>, Elemwise{sub,no_inplace}.0), (<TensorType(float64, vector)>, Elemwise{sub,no_inplace}.0), (<TensorType(float64, matrix)>, Elemwise{sub,no_inplace}.0), (<TensorType(float64, vector)>, Elemwise{sub,no_inplace}.0)]))
('Bottleneck params # 3 ', Softmax.0)
Visualizing Saliency map .........
Traceback (most recent call last):
  File "supervised_cnn_2.py", line 451, in <module>
    main(**{k:v for (k,v) in vars(args).items() if v is not None})
  File "supervised_cnn_2.py", line 410, in main
    visualize_saliency_map(X_train, X_sal, max_class, outfolder)
  File "/global/u1/s/ssingh79/convolutional_autoencoder-master/Models/Theoretical_model/visualize.py", line 223, in visualize_saliency_map
    plt.imshow((np.maximum(0, saliency) / saliency.max()))
  File "/usr/common/software/python/2.7-anaconda/envs/deeplearning/lib/python2.7/site-packages/matplotlib/pyplot.py", line 3022, in imshow
    **kwargs)
  File "/usr/common/software/python/2.7-anaconda/envs/deeplearning/lib/python2.7/site-packages/matplotlib/__init__.py", line 1812, in inner
    return func(ax, *args, **kwargs)
  File "/usr/common/software/python/2.7-anaconda/envs/deeplearning/lib/python2.7/site-packages/matplotlib/axes/_axes.py", line 4947, in imshow
    im.set_data(X)
  File "/usr/common/software/python/2.7-anaconda/envs/deeplearning/lib/python2.7/site-packages/matplotlib/image.py", line 453, in set_data
    raise TypeError("Invalid dimensions for image data")
TypeError: Invalid dimensions for image data
