Loading data...
('Calling ', 'train_data_64k.h5', '......')
('Printing Train set ', array([[-0.01032324,  0.00679525,  0.0022744 , ..., -0.00186596,
        -0.00139782, -0.00295408],
       [ 0.03064897,  0.00953815,  0.03919139, ..., -0.04416131,
        -0.01501628, -0.03169146],
       [-0.00054488,  0.03779386,  0.03071115, ...,  0.03494589,
        -0.00192948, -0.01491482],
       ..., 
       [-0.01792001, -0.0332757 , -0.03511935, ..., -0.02660589,
        -0.02870286, -0.0296263 ],
       [-0.01097497, -0.01258439, -0.03759458, ...,  0.01413019,
        -0.02485162, -0.02055037],
       [-0.04255074, -0.04967483, -0.02673387, ...,  0.01248583,
         0.0289001 , -0.00986743]]))
('X_train 1 shape ', (64000, 16384))
('Printing Train set ', array([[-0.02512396, -0.03287205, -0.03316736, ...,  0.10065543,
         0.02794481,  0.00411595],
       [ 0.02518618,  0.00925795,  0.0307598 , ..., -0.03124851,
        -0.03897436, -0.03171649],
       [ 0.05087735,  0.06243372,  0.09598123, ..., -0.01340537,
         0.02301167,  0.05911352],
       ..., 
       [ 0.01281872, -0.00571466, -0.03530059, ..., -0.02591705,
        -0.0062293 ,  0.01869127],
       [-0.05095224, -0.0446883 , -0.04354183, ..., -0.01251224,
        -0.01232889,  0.03422774],
       [-0.0315671 , -0.03121806, -0.03767376, ..., -0.00516524,
         0.00659046, -0.00170965]]))
('X_train 2 shape ', (64000, 16384))
('Theoretical model 1', (50, 16384))
('Theoretical model 1', (50, 16384))
('Training Set : ', array([[-0.03998352, -0.05528186, -0.05280267, ..., -0.0194216 ,
         0.02951546,  0.05939031],
       [-0.02844698, -0.02846816, -0.02252291, ..., -0.02432569,
         0.00133662,  0.05032596],
       [-0.00875278, -0.02689008, -0.01605242, ..., -0.02296178,
        -0.02262288, -0.0014685 ],
       ..., 
       [ 0.0476645 ,  0.10082894,  0.07310132, ...,  0.00864392,
         0.02176029, -0.00206087],
       [-0.00531599, -0.00166477, -0.03280015, ...,  0.0120587 ,
        -0.00327385,  0.01880234],
       [ 0.0127304 ,  0.02744193, -0.00559807, ..., -0.01589723,
         0.01459036,  0.01411436]]))
((80, 16384), (80,))
('Validation Set : ', array([[-0.01510192,  0.01430555, -0.02047864, ..., -0.00503177,
         0.03195835,  0.02592132],
       [-0.0035418 , -0.03245365, -0.04736507, ..., -0.02873204,
        -0.01952239, -0.01214737],
       [-0.00709098, -0.01577761, -0.00814227, ...,  0.00718993,
         0.00447928,  0.00829337],
       ..., 
       [-0.01233953,  0.0760166 ,  0.0826842 , ..., -0.0309173 ,
        -0.03997372, -0.00812683],
       [-0.04107382,  0.00814978, -0.02207329, ...,  0.02215646,
         0.01875386,  0.03181501],
       [-0.03998352, -0.05528186, -0.05280267, ..., -0.0194216 ,
         0.02951546,  0.05939031]]))
((10, 16384), (10,))
('Test Set : ', array([[-0.05316445, -0.03291396, -0.03778428, ..., -0.04388326,
        -0.02831268, -0.03706467],
       [ 0.06979747,  0.04295935,  0.03568224, ..., -0.01048767,
        -0.0165689 , -0.01002849],
       [-0.01000264, -0.01425472,  0.00780076, ...,  0.00100577,
         0.0051032 ,  0.01076345],
       ..., 
       [ 0.00878274,  0.00886719,  0.01421486, ...,  0.0698882 ,
         0.0761354 ,  0.09411378],
       [ 0.03537948,  0.00575853,  0.01334169, ..., -0.00477606,
        -0.00684919, -0.01880555],
       [-0.01460327,  0.02286154,  0.05324274, ...,  0.05127933,
         0.06834102,  0.08545148]]))
((10, 16384), (10,))
[ 0.00690552  0.00710263  0.00260974 ...,  0.00199266  0.00628097
  0.00798572]
[ 0.00122894  0.00153153  0.00098174 ...,  0.00109418  0.00131059
  0.00173074]
('Normalized Training data : ', array([[-1.33753547, -1.59409444, -1.76851186, ..., -0.64737799,
         0.64179989,  1.23562466],
       [-1.00844943, -0.90893102, -0.80211975, ..., -0.79563445,
        -0.13657673,  1.01774275],
       [-0.44666154, -0.86860696, -0.59561092, ..., -0.75440161,
        -0.79840347, -0.22725348],
       ..., 
       [ 1.16267242,  2.39496373,  2.24977038, ...,  0.20107549,
         0.42758101, -0.24149239],
       [-0.34862524, -0.22403123, -1.13012232, ...,  0.30430813,
        -0.26393035,  0.26000174],
       [ 0.166158  ,  0.51972471, -0.26195593, ..., -0.54083199,
         0.22952783,  0.14731572]]))
('Mean : ', -6.9388939039072284e-18)
('min : ', -2.9543978206000325)
('max : ', 8.3411070409897867)
('Valid set min : ', -2.9695777794152618)
('Valid set max : ', 17.816541706495947)
('Test set min : ', -2.9388478917431939)
('Test set max : ', 21.47013193767194)
((80, 1, 128, 128), (80,))
((10, 1, 128, 128), (10,))
((10, 1, 128, 128), (10,))
Saving sampled training images.......
Building model and compiling functions.........
('Input shape : ', (None, 1, 128, 128))
('Conv layer 1 : ', (None, 32, 64, 64))
('Conv layer 2 : ', (None, 32, 32, 32))
('Conv layer 3 : ', (None, 64, 16, 16))
('Conv layer 4 : ', (None, 64, 8, 8))
('Bottleneck layer: ', (None, 2048))
('Bottleneck layer: ', (None, 4096))
('Reshape Layer : ', (None, 64, 8, 8))
('Deconv layer 1 : ', (None, 64, 16, 16))
('Deconv layer 2 : ', (None, 32, 32, 32))
('Deconv layer 3 : ', (None, 32, 64, 64))
('Deconv layer 4 : ', (None, 1, 128, 128))
('Final layer Shape : ', (None, 1, 128, 128))
Created Lasagne Layers & Network established !!! 
('Get the output layer : ', Elemwise{add,no_inplace}.0)
('Get all the parameters : ', [W, b, W, b, W, b, W, b, W, b, W, b, W, b, W, b, W, b, W, b])
Starting training...
Epoch 1 of 800 took 2.605s
  training loss:		1.000321
  validation loss:		1.025325
('Average Reconstruction Error -- ', 1.000320994830171)
Plotting the learning curve .........
Plotting the valid learning curve .........
Network Parameters saved!!!!!!!!
Running prediction function on Validation data
Saving reconstructed images .........
Saving histogram of reconstructed image.....
Epoch 2 of 800 took 1.974s
  training loss:		1.000192
  validation loss:		1.024917
Epoch 3 of 800 took 2.048s
  training loss:		1.000075
  validation loss:		1.025101
Epoch 4 of 800 took 2.090s
  training loss:		0.999937
  validation loss:		1.024780
Epoch 5 of 800 took 2.082s
  training loss:		0.999835
  validation loss:		1.025021
Epoch 6 of 800 took 2.076s
  training loss:		0.999778
  validation loss:		1.024796
Epoch 7 of 800 took 2.014s
  training loss:		0.999655
  validation loss:		1.024800
Epoch 8 of 800 took 2.024s
  training loss:		0.999530
  validation loss:		1.024536
Epoch 9 of 800 took 2.022s
  training loss:		0.999358
  validation loss:		1.024563
Epoch 10 of 800 took 2.017s
  training loss:		0.999143
  validation loss:		1.024013
Epoch 11 of 800 took 2.019s
  training loss:		0.998830
  validation loss:		1.024116
('Average Reconstruction Error -- ', 0.99969587452802633)
Plotting the learning curve .........
Plotting the valid learning curve .........
Network Parameters saved!!!!!!!!
Running prediction function on Validation data
Saving reconstructed images .........
Saving histogram of reconstructed image.....
Epoch 12 of 800 took 1.953s
  training loss:		0.998390
  validation loss:		1.023101
Epoch 13 of 800 took 2.060s
  training loss:		0.997914
  validation loss:		1.023859
Epoch 14 of 800 took 2.076s
  training loss:		0.997273
  validation loss:		1.021141
Epoch 15 of 800 took 2.066s
  training loss:		0.996478
  validation loss:		1.023600
Epoch 16 of 800 took 2.076s
  training loss:		0.995210
  validation loss:		1.017580
Epoch 17 of 800 took 2.061s
  training loss:		0.993673
  validation loss:		1.023157
Epoch 18 of 800 took 2.061s
  training loss:		0.991794
  validation loss:		1.012866
Epoch 19 of 800 took 2.061s
  training loss:		0.990224
  validation loss:		1.037867
Epoch 20 of 800 took 2.061s
  training loss:		0.999330
  validation loss:		1.077317
Epoch 21 of 800 took 2.050s
  training loss:		1.076719
  validation loss:		1.071264
('Average Reconstruction Error -- ', 1.0016028327807456)
Plotting the learning curve .........
Plotting the valid learning curve .........
Network Parameters saved!!!!!!!!
Running prediction function on Validation data
Saving reconstructed images .........
Saving histogram of reconstructed image.....
Epoch 22 of 800 took 2.020s
  training loss:		1.027848
  validation loss:		1.020202
Epoch 23 of 800 took 2.037s
  training loss:		0.994899
  validation loss:		1.015202
Epoch 24 of 800 took 2.046s
  training loss:		0.982685
  validation loss:		0.999354
Epoch 25 of 800 took 2.047s
  training loss:		0.959747
  validation loss:		1.060234
Epoch 26 of 800 took 2.042s
  training loss:		1.047619
  validation loss:		1.250916
Epoch 27 of 800 took 2.059s
  training loss:		1.266804
  validation loss:		1.575863
Epoch 28 of 800 took 2.021s
  training loss:		1.627507
  validation loss:		1.209933
Epoch 29 of 800 took 2.016s
  training loss:		1.147709
  validation loss:		1.024862
Epoch 30 of 800 took 2.024s
  training loss:		1.000003
  validation loss:		1.025021
Epoch 31 of 800 took 2.015s
  training loss:		1.000000
  validation loss:		1.025021
('Average Reconstruction Error -- ', 1.0351122794582865)
Plotting the learning curve .........
Plotting the valid learning curve .........
Network Parameters saved!!!!!!!!
Running prediction function on Validation data
Saving reconstructed images .........
Saving histogram of reconstructed image.....
Epoch 32 of 800 took 2.465s
  training loss:		1.000000
  validation loss:		1.025021
Epoch 33 of 800 took 2.573s
  training loss:		1.000000
  validation loss:		1.025021
Epoch 34 of 800 took 2.564s
  training loss:		1.000000
  validation loss:		1.025021
Epoch 35 of 800 took 2.573s
  training loss:		1.000000
  validation loss:		1.025021
Epoch 36 of 800 took 2.570s
  training loss:		1.000000
  validation loss:		1.025021
Epoch 37 of 800 took 2.574s
  training loss:		1.000000
  validation loss:		1.025021
Epoch 38 of 800 took 2.569s
  training loss:		1.000000
  validation loss:		1.025021
Epoch 39 of 800 took 2.567s
  training loss:		1.000000
  validation loss:		1.025021
Epoch 40 of 800 took 2.564s
  training loss:		1.000000
  validation loss:		1.025021
Epoch 41 of 800 took 2.570s
  training loss:		1.000000
  validation loss:		1.025021
('Average Reconstruction Error -- ', 1.0265483088587128)
Plotting the learning curve .........
Plotting the valid learning curve .........
Network Parameters saved!!!!!!!!
Running prediction function on Validation data
Saving reconstructed images .........
Saving histogram of reconstructed image.....
Epoch 42 of 800 took 2.044s
  training loss:		1.000000
  validation loss:		1.025021
Epoch 43 of 800 took 2.033s
  training loss:		1.000000
  validation loss:		1.025021
Epoch 44 of 800 took 2.026s
  training loss:		1.000000
  validation loss:		1.025021
Epoch 45 of 800 took 2.040s
  training loss:		1.000000
  validation loss:		1.025021
Epoch 46 of 800 took 2.032s
  training loss:		1.000000
  validation loss:		1.025021
Epoch 47 of 800 took 2.033s
  training loss:		1.000000
  validation loss:		1.025021
Epoch 48 of 800 took 2.036s
  training loss:		1.000000
  validation loss:		1.025021
Epoch 49 of 800 took 2.010s
  training loss:		1.000000
  validation loss:		1.025021
Epoch 50 of 800 took 2.001s
  training loss:		1.000000
  validation loss:		1.025021
Epoch 51 of 800 took 2.003s
  training loss:		1.000000
  validation loss:		1.025021
('Average Reconstruction Error -- ', 1.0213427579437186)
Plotting the learning curve .........
Plotting the valid learning curve .........
Network Parameters saved!!!!!!!!
Running prediction function on Validation data
Saving reconstructed images .........
Saving histogram of reconstructed image.....
Epoch 52 of 800 took 2.040s
  training loss:		1.000000
  validation loss:		1.025021
Epoch 53 of 800 took 2.027s
  training loss:		1.000000
  validation loss:		1.025021
Epoch 54 of 800 took 2.027s
  training loss:		1.000000
  validation loss:		1.025021
Epoch 55 of 800 took 2.034s
  training loss:		1.000000
  validation loss:		1.025020
Epoch 56 of 800 took 2.027s
  training loss:		1.000000
  validation loss:		1.025020
Epoch 57 of 800 took 2.020s
  training loss:		1.000000
  validation loss:		1.025020
Epoch 58 of 800 took 2.031s
  training loss:		1.000000
  validation loss:		1.025020
Epoch 59 of 800 took 2.024s
  training loss:		0.999999
  validation loss:		1.025020
Epoch 60 of 800 took 2.020s
  training loss:		0.999999
  validation loss:		1.025019
Epoch 61 of 800 took 2.027s
  training loss:		0.999999
  validation loss:		1.025019
('Average Reconstruction Error -- ', 1.0178438776175092)
Plotting the learning curve .........
Plotting the valid learning curve .........
Network Parameters saved!!!!!!!!
Running prediction function on Validation data
Saving reconstructed images .........
Saving histogram of reconstructed image.....
Epoch 62 of 800 took 2.016s
  training loss:		0.999997
  validation loss:		1.025015
Epoch 63 of 800 took 2.017s
  training loss:		0.999995
  validation loss:		1.024999
Epoch 64 of 800 took 2.013s
  training loss:		0.999983
  validation loss:		1.024914
Epoch 65 of 800 took 2.019s
  training loss:		0.999935
  validation loss:		1.024788
Epoch 66 of 800 took 2.012s
  training loss:		0.999972
  validation loss:		1.025286
Epoch 67 of 800 took 2.022s
  training loss:		0.999925
  validation loss:		1.024828
Epoch 68 of 800 took 2.016s
  training loss:		0.999881
  validation loss:		1.024866
Epoch 69 of 800 took 2.014s
  training loss:		0.999848
  validation loss:		1.024591
Epoch 70 of 800 took 2.013s
  training loss:		0.999772
  validation loss:		1.024929
Epoch 71 of 800 took 2.012s
  training loss:		0.999705
  validation loss:		1.024563
('Average Reconstruction Error -- ', 1.0153167640067662)
Plotting the learning curve .........
Plotting the valid learning curve .........
Network Parameters saved!!!!!!!!
Running prediction function on Validation data
Saving reconstructed images .........
Saving histogram of reconstructed image.....
Epoch 72 of 800 took 2.047s
  training loss:		0.999615
  validation loss:		1.024633
Epoch 73 of 800 took 2.039s
  training loss:		0.999491
  validation loss:		1.024228
Epoch 74 of 800 took 2.516s
  training loss:		0.999324
  validation loss:		1.024204
Epoch 75 of 800 took 2.561s
  training loss:		0.999066
  validation loss:		1.023652
Epoch 76 of 800 took 2.563s
  training loss:		0.998706
  validation loss:		1.023255
Epoch 77 of 800 took 2.562s
  training loss:		0.998121
  validation loss:		1.022247
Epoch 78 of 800 took 2.561s
  training loss:		0.997225
  validation loss:		1.021256
Epoch 79 of 800 took 2.556s
  training loss:		0.995850
  validation loss:		1.018796
Epoch 80 of 800 took 2.565s
  training loss:		0.993521
  validation loss:		1.014261
Epoch 81 of 800 took 2.568s
  training loss:		0.988432
  validation loss:		1.005310
('Average Reconstruction Error -- ', 1.0130474211952427)
Plotting the learning curve .........
Plotting the valid learning curve .........
Network Parameters saved!!!!!!!!
Running prediction function on Validation data
Saving reconstructed images .........
Saving histogram of reconstructed image.....
Epoch 82 of 800 took 2.432s
  training loss:		0.978356
  validation loss:		1.007406
Epoch 83 of 800 took 2.564s
  training loss:		0.975838
  validation loss:		7.772609
Epoch 84 of 800 took 2.564s
  training loss:		6.525442
  validation loss:		16.653298
Epoch 85 of 800 took 2.546s
  training loss:		16.250255
  validation loss:		4.385025
Epoch 86 of 800 took 2.543s
  training loss:		4.542191
  validation loss:		1.025021
Epoch 87 of 800 took 2.536s
  training loss:		1.000000
  validation loss:		1.025021
Epoch 88 of 800 took 2.533s
  training loss:		1.000000
  validation loss:		1.025021
Epoch 89 of 800 took 2.542s
  training loss:		1.000000
  validation loss:		1.025021
Epoch 90 of 800 took 2.540s
  training loss:		1.000000
  validation loss:		1.025021
Epoch 91 of 800 took 2.536s
  training loss:		1.000000
  validation loss:		1.025021
('Average Reconstruction Error -- ', 1.2783398200180927)
Plotting the learning curve .........
Plotting the valid learning curve .........
Network Parameters saved!!!!!!!!
Running prediction function on Validation data
Saving reconstructed images .........
Saving histogram of reconstructed image.....
Epoch 92 of 800 took 2.462s
  training loss:		1.000000
  validation loss:		1.025021
Epoch 93 of 800 took 2.541s
  training loss:		1.000000
  validation loss:		1.025021
Epoch 94 of 800 took 2.539s
  training loss:		1.000000
  validation loss:		1.025021
Epoch 95 of 800 took 2.539s
  training loss:		0.999998
  validation loss:		1.025020
Epoch 96 of 800 took 2.534s
  training loss:		0.999990
  validation loss:		1.025014
Epoch 97 of 800 took 2.535s
  training loss:		0.999968
  validation loss:		1.024987
Epoch 98 of 800 took 2.540s
  training loss:		0.999889
  validation loss:		1.024845
Epoch 99 of 800 took 2.540s
  training loss:		0.999662
  validation loss:		1.024391
Epoch 100 of 800 took 2.538s
  training loss:		0.999074
  validation loss:		1.024268
Epoch 101 of 800 took 2.533s
  training loss:		0.998835
  validation loss:		1.022323
('Average Reconstruction Error -- ', 1.2507558342559701)
Plotting the learning curve .........
Plotting the valid learning curve .........
Network Parameters saved!!!!!!!!
Running prediction function on Validation data
Saving reconstructed images .........
Saving histogram of reconstructed image.....
Epoch 102 of 800 took 2.030s
  training loss:		0.997062
  validation loss:		1.029678
Epoch 103 of 800 took 2.042s
  training loss:		1.005511
  validation loss:		1.024973
Epoch 104 of 800 took 2.047s
  training loss:		1.007125
  validation loss:		1.028530
Epoch 105 of 800 took 2.042s
  training loss:		1.000790
  validation loss:		1.025791
Epoch 106 of 800 took 2.048s
  training loss:		1.000055
  validation loss:		1.025021
Epoch 107 of 800 took 2.037s
  training loss:		1.000000
  validation loss:		1.025021
Epoch 108 of 800 took 2.039s
  training loss:		1.000000
  validation loss:		1.025021
Epoch 109 of 800 took 2.037s
  training loss:		1.000000
  validation loss:		1.025021
Epoch 110 of 800 took 2.037s
  training loss:		0.999999
  validation loss:		1.025021
Epoch 111 of 800 took 2.043s
  training loss:		0.999999
  validation loss:		1.025021
('Average Reconstruction Error -- ', 1.2282601747215554)
Plotting the learning curve .........
Plotting the valid learning curve .........
Network Parameters saved!!!!!!!!
Running prediction function on Validation data
Saving reconstructed images .........
Saving histogram of reconstructed image.....
Epoch 112 of 800 took 2.507s
  training loss:		0.999999
  validation loss:		1.025021
Epoch 113 of 800 took 2.548s
  training loss:		0.999999
  validation loss:		1.025021
Epoch 114 of 800 took 2.546s
  training loss:		0.999998
  validation loss:		1.025021
Epoch 115 of 800 took 2.541s
  training loss:		0.999997
  validation loss:		1.025021
Epoch 116 of 800 took 2.546s
  training loss:		0.999996
  validation loss:		1.025022
Epoch 117 of 800 took 2.542s
  training loss:		0.999996
  validation loss:		1.025022
Epoch 118 of 800 took 2.545s
  training loss:		0.999991
  validation loss:		1.025025
Epoch 119 of 800 took 2.548s
  training loss:		0.999990
  validation loss:		1.025026
Epoch 120 of 800 took 2.542s
  training loss:		0.999985
  validation loss:		1.025028
Epoch 121 of 800 took 2.541s
  training loss:		0.999976
  validation loss:		1.025014
('Average Reconstruction Error -- ', 1.2093950902912822)
Plotting the learning curve .........
Plotting the valid learning curve .........
Network Parameters saved!!!!!!!!
Running prediction function on Validation data
Saving reconstructed images .........
Saving histogram of reconstructed image.....
Epoch 122 of 800 took 2.013s
  training loss:		0.999959
  validation loss:		1.024976
Epoch 123 of 800 took 2.027s
  training loss:		0.999936
  validation loss:		1.024873
Epoch 124 of 800 took 2.030s
  training loss:		0.999840
  validation loss:		1.024924
Epoch 125 of 800 took 2.150s
  training loss:		0.999326
  validation loss:		1.027682
Epoch 126 of 800 took 2.534s
  training loss:		1.000607
  validation loss:		1.023022
Epoch 127 of 800 took 2.528s
  training loss:		1.000892
  validation loss:		1.026758
Epoch 128 of 800 took 2.537s
  training loss:		1.000239
  validation loss:		1.025021
Epoch 129 of 800 took 2.535s
  training loss:		1.000000
  validation loss:		1.025021
Epoch 130 of 800 took 2.537s
  training loss:		1.000000
  validation loss:		1.025021
Epoch 131 of 800 took 2.535s
  training loss:		1.000000
  validation loss:		1.025021
('Average Reconstruction Error -- ', 1.1934168398898024)
Plotting the learning curve .........
Plotting the valid learning curve .........
Network Parameters saved!!!!!!!!
Running prediction function on Validation data
Saving reconstructed images .........
Saving histogram of reconstructed image.....
Epoch 132 of 800 took 1.960s
  training loss:		1.000000
  validation loss:		1.025021
Epoch 133 of 800 took 2.020s
  training loss:		1.000000
  validation loss:		1.025021
Epoch 134 of 800 took 2.026s
  training loss:		1.000000
  validation loss:		1.025021
Epoch 135 of 800 took 2.026s
  training loss:		0.999999
  validation loss:		1.025020
Epoch 136 of 800 took 2.019s
  training loss:		0.999998
  validation loss:		1.025020
Epoch 137 of 800 took 2.018s
  training loss:		0.999997
  validation loss:		1.025019
Epoch 138 of 800 took 2.017s
  training loss:		0.999988
  validation loss:		1.025015
Epoch 139 of 800 took 2.020s
  training loss:		0.999955
  validation loss:		1.024991
Epoch 140 of 800 took 2.026s
  training loss:		0.999834
  validation loss:		1.024578
Epoch 141 of 800 took 2.026s
  training loss:		0.997867
  validation loss:		1.354004
('Average Reconstruction Error -- ', 1.1796825685565826)
Plotting the learning curve .........
Plotting the valid learning curve .........
Network Parameters saved!!!!!!!!
Running prediction function on Validation data
Saving reconstructed images .........
Saving histogram of reconstructed image.....
Epoch 142 of 800 took 2.015s
  training loss:		1.816108
  validation loss:		1.556554
Epoch 143 of 800 took 2.031s
  training loss:		1.610808
  validation loss:		1.199282
Epoch 144 of 800 took 2.019s
  training loss:		1.138266
  validation loss:		1.024876
Epoch 145 of 800 took 2.029s
  training loss:		1.000004
  validation loss:		1.025143
Epoch 146 of 800 took 2.015s
  training loss:		1.000143
  validation loss:		1.025517
Epoch 147 of 800 took 2.026s
  training loss:		1.000504
  validation loss:		1.024959
Epoch 148 of 800 took 2.018s
  training loss:		1.000005
  validation loss:		1.025047
Epoch 149 of 800 took 2.029s
  training loss:		1.000006
  validation loss:		1.025014
Epoch 150 of 800 took 2.015s
  training loss:		1.000013
  validation loss:		1.025016
Epoch 151 of 800 took 2.012s
  training loss:		1.000013
  validation loss:		1.025016
('Average Reconstruction Error -- ', 1.1781530596364544)
Plotting the learning curve .........
Plotting the valid learning curve .........
Network Parameters saved!!!!!!!!
Running prediction function on Validation data
Saving reconstructed images .........
Saving histogram of reconstructed image.....
Epoch 152 of 800 took 2.498s
  training loss:		1.000021
  validation loss:		1.025015
Epoch 153 of 800 took 2.524s
  training loss:		1.000017
  validation loss:		1.025016
Epoch 154 of 800 took 2.526s
  training loss:		1.000011
  validation loss:		1.025019
Epoch 155 of 800 took 2.528s
  training loss:		1.000008
  validation loss:		1.025016
Epoch 156 of 800 took 2.520s
  training loss:		1.000006
  validation loss:		1.025015
Epoch 157 of 800 took 2.521s
  training loss:		1.000004
  validation loss:		1.025016
Epoch 158 of 800 took 2.526s
  training loss:		1.000002
  validation loss:		1.025020
Epoch 159 of 800 took 2.526s
  training loss:		1.000003
  validation loss:		1.025021
Epoch 160 of 800 took 2.526s
  training loss:		1.000002
  validation loss:		1.025021
Epoch 161 of 800 took 2.520s
  training loss:		1.000001
  validation loss:		1.025021
('Average Reconstruction Error -- ', 1.1670881217461746)
Plotting the learning curve .........
Plotting the valid learning curve .........
Network Parameters saved!!!!!!!!
Running prediction function on Validation data
Saving reconstructed images .........
Saving histogram of reconstructed image.....
Epoch 162 of 800 took 2.522s
  training loss:		1.000001
  validation loss:		1.025021
Epoch 163 of 800 took 2.563s
  training loss:		1.000001
  validation loss:		1.025021
Epoch 164 of 800 took 2.546s
  training loss:		1.000001
  validation loss:		1.025021
Epoch 165 of 800 took 2.002s
  training loss:		1.000001
  validation loss:		1.025021
Epoch 166 of 800 took 2.001s
  training loss:		1.000000
  validation loss:		1.025021
Epoch 167 of 800 took 2.000s
  training loss:		1.000001
  validation loss:		1.025021
Epoch 168 of 800 took 2.001s
  training loss:		1.000000
  validation loss:		1.025021
Epoch 169 of 800 took 1.994s
  training loss:		1.000000
  validation loss:		1.025021
Epoch 170 of 800 took 1.998s
  training loss:		1.000000
  validation loss:		1.025021
Epoch 171 of 800 took 1.995s
  training loss:		1.000000
  validation loss:		1.025021
('Average Reconstruction Error -- ', 1.1573169072271419)
Plotting the learning curve .........
Plotting the valid learning curve .........
Network Parameters saved!!!!!!!!
Running prediction function on Validation data
Saving reconstructed images .........
Saving histogram of reconstructed image.....
Epoch 172 of 800 took 2.009s
  training loss:		1.000000
  validation loss:		1.025021
Epoch 173 of 800 took 2.015s
  training loss:		1.000000
  validation loss:		1.025021
Epoch 174 of 800 took 2.020s
  training loss:		0.999999
  validation loss:		1.025021
Epoch 175 of 800 took 2.030s
  training loss:		0.999999
  validation loss:		1.025021
Epoch 176 of 800 took 2.030s
  training loss:		1.000000
  validation loss:		1.025021
Epoch 177 of 800 took 2.034s
  training loss:		0.999999
  validation loss:		1.025021
Epoch 178 of 800 took 2.034s
  training loss:		0.999999
  validation loss:		1.025021
Epoch 179 of 800 took 2.024s
  training loss:		0.999999
  validation loss:		1.025021
Epoch 180 of 800 took 2.024s
  training loss:		0.999999
  validation loss:		1.025021
Epoch 181 of 800 took 2.020s
  training loss:		0.999999
  validation loss:		1.025021
('Average Reconstruction Error -- ', 1.1486253322891959)
Plotting the learning curve .........
Plotting the valid learning curve .........
Network Parameters saved!!!!!!!!
Running prediction function on Validation data
Saving reconstructed images .........
Saving histogram of reconstructed image.....
Epoch 182 of 800 took 1.956s
  training loss:		1.000000
  validation loss:		1.025021
Epoch 183 of 800 took 2.023s
  training loss:		1.000000
  validation loss:		1.025021
Epoch 184 of 800 took 2.021s
  training loss:		0.999999
  validation loss:		1.025021
Epoch 185 of 800 took 2.018s
  training loss:		1.000000
  validation loss:		1.025021
Epoch 186 of 800 took 2.022s
  training loss:		0.999999
  validation loss:		1.025021
Epoch 187 of 800 took 2.024s
  training loss:		1.000000
  validation loss:		1.025021
Epoch 188 of 800 took 2.018s
  training loss:		0.999998
  validation loss:		1.025021
Epoch 189 of 800 took 2.028s
  training loss:		0.999999
  validation loss:		1.025021
Epoch 190 of 800 took 2.021s
  training loss:		0.999999
  validation loss:		1.025021
Epoch 191 of 800 took 2.022s
  training loss:		0.999998
  validation loss:		1.025021
('Average Reconstruction Error -- ', 1.140843861006142)
Plotting the learning curve .........
Plotting the valid learning curve .........
Network Parameters saved!!!!!!!!
Running prediction function on Validation data
Saving reconstructed images .........
Saving histogram of reconstructed image.....
Epoch 192 of 800 took 2.513s
  training loss:		0.999998
  validation loss:		1.025021
Epoch 193 of 800 took 2.537s
  training loss:		0.999999
  validation loss:		1.025021
Epoch 194 of 800 took 2.536s
  training loss:		0.999999
  validation loss:		1.025021
Epoch 195 of 800 took 2.534s
  training loss:		0.999999
  validation loss:		1.025021
Epoch 196 of 800 took 2.541s
  training loss:		0.999999
  validation loss:		1.025021
Epoch 197 of 800 took 2.533s
  training loss:		0.999999
  validation loss:		1.025021
Epoch 198 of 800 took 2.539s
  training loss:		0.999999
  validation loss:		1.025021
Epoch 199 of 800 took 2.540s
  training loss:		0.999999
  validation loss:		1.025021
Epoch 200 of 800 took 2.541s
  training loss:		0.999997
  validation loss:		1.025021
Epoch 201 of 800 took 2.534s
  training loss:		0.999998
  validation loss:		1.025021
('Average Reconstruction Error -- ', 1.1338366369462378)
Plotting the learning curve .........
Plotting the valid learning curve .........
Network Parameters saved!!!!!!!!
Running prediction function on Validation data
Saving reconstructed images .........
Saving histogram of reconstructed image.....
Epoch 202 of 800 took 2.493s
  training loss:		1.000001
  validation loss:		1.025022
Epoch 203 of 800 took 2.528s
  training loss:		0.999998
  validation loss:		1.025020
Epoch 204 of 800 took 2.527s
  training loss:		0.999998
  validation loss:		1.025021
Epoch 205 of 800 took 2.527s
  training loss:		0.999998
  validation loss:		1.025021
Epoch 206 of 800 took 2.516s
  training loss:		0.999996
  validation loss:		1.025021
Epoch 207 of 800 took 2.530s
  training loss:		0.999997
  validation loss:		1.025020
Epoch 208 of 800 took 2.534s
  training loss:		0.999996
  validation loss:		1.025021
Epoch 209 of 800 took 2.523s
  training loss:		0.999999
  validation loss:		1.025022
Epoch 210 of 800 took 2.529s
  training loss:		0.999995
  validation loss:		1.025021
Epoch 211 of 800 took 2.527s
  training loss:		0.999993
  validation loss:		1.025022
('Average Reconstruction Error -- ', 1.1274935323968873)
Plotting the learning curve .........
Plotting the valid learning curve .........
Network Parameters saved!!!!!!!!
Running prediction function on Validation data
Saving reconstructed images .........
Saving histogram of reconstructed image.....
Epoch 212 of 800 took 2.005s
  training loss:		0.999996
  validation loss:		1.025021
Epoch 213 of 800 took 2.020s
  training loss:		0.999987
  validation loss:		1.025027
Epoch 214 of 800 took 2.024s
  training loss:		0.999983
  validation loss:		1.025022
Epoch 215 of 800 took 2.019s
  training loss:		0.999983
  validation loss:		1.025027
Epoch 216 of 800 took 2.018s
  training loss:		0.999980
  validation loss:		1.025025
Epoch 217 of 800 took 2.023s
  training loss:		0.999976
  validation loss:		1.025025
Epoch 218 of 800 took 2.027s
  training loss:		0.999973
  validation loss:		1.025024
Epoch 219 of 800 took 2.017s
  training loss:		1.000010
  validation loss:		1.025027
Epoch 220 of 800 took 2.020s
  training loss:		0.999986
  validation loss:		1.025019
Epoch 221 of 800 took 2.031s
  training loss:		0.999976
  validation loss:		1.025024
('Average Reconstruction Error -- ', 1.1217239135077448)
Plotting the learning curve .........
Plotting the valid learning curve .........
Network Parameters saved!!!!!!!!
Running prediction function on Validation data
Saving reconstructed images .........
Saving histogram of reconstructed image.....
Epoch 222 of 800 took 2.025s
  training loss:		0.999989
  validation loss:		1.025020
Epoch 223 of 800 took 2.018s
  training loss:		0.999979
  validation loss:		1.025024
Epoch 224 of 800 took 2.035s
  training loss:		0.999975
  validation loss:		1.025025
Epoch 225 of 800 took 2.033s
  training loss:		0.999979
  validation loss:		1.025022
Epoch 226 of 800 took 2.018s
  training loss:		0.999976
  validation loss:		1.025026
Epoch 227 of 800 took 2.036s
  training loss:		0.999978
  validation loss:		1.025022
Epoch 228 of 800 took 2.022s
  training loss:		0.999975
  validation loss:		1.025025
Epoch 229 of 800 took 2.025s
  training loss:		0.999980
  validation loss:		1.025026
Epoch 230 of 800 took 2.024s
  training loss:		0.999974
  validation loss:		1.025023
Epoch 231 of 800 took 2.029s
  training loss:		0.999974
  validation loss:		1.025026
('Average Reconstruction Error -- ', 1.1164535246014775)
Plotting the learning curve .........
Plotting the valid learning curve .........
Network Parameters saved!!!!!!!!
Running prediction function on Validation data
Saving reconstructed images .........
Saving histogram of reconstructed image.....
Epoch 232 of 800 took 2.461s
  training loss:		0.999973
  validation loss:		1.025024
Epoch 233 of 800 took 2.541s
  training loss:		0.999975
  validation loss:		1.025022
Epoch 234 of 800 took 2.545s
  training loss:		0.999974
  validation loss:		1.025024
Epoch 235 of 800 took 2.539s
  training loss:		0.999970
  validation loss:		1.025024
Epoch 236 of 800 took 2.543s
  training loss:		0.999973
  validation loss:		1.025027
Epoch 237 of 800 took 2.543s
  training loss:		0.999971
  validation loss:		1.025022
Epoch 238 of 800 took 2.537s
  training loss:		0.999977
  validation loss:		1.025030
Epoch 239 of 800 took 2.544s
  training loss:		0.999974
  validation loss:		1.025025
Epoch 240 of 800 took 2.544s
  training loss:		0.999971
  validation loss:		1.025023
Epoch 241 of 800 took 2.538s
  training loss:		0.999973
  validation loss:		1.025023
('Average Reconstruction Error -- ', 1.1116203040677612)
Plotting the learning curve .........
Plotting the valid learning curve .........
Network Parameters saved!!!!!!!!
Running prediction function on Validation data
Saving reconstructed images .........
Saving histogram of reconstructed image.....
Epoch 242 of 800 took 2.514s
  training loss:		0.999972
  validation loss:		1.025027
Epoch 243 of 800 took 2.540s
  training loss:		0.999972
  validation loss:		1.025026
Epoch 244 of 800 took 2.541s
  training loss:		0.999971
  validation loss:		1.025024
Epoch 245 of 800 took 2.543s
  training loss:		0.999972
  validation loss:		1.025025
Epoch 246 of 800 took 2.545s
  training loss:		0.999977
  validation loss:		1.025021
Epoch 247 of 800 took 2.547s
  training loss:		0.999972
  validation loss:		1.025027
Epoch 248 of 800 took 2.547s
  training loss:		0.999978
  validation loss:		1.025021
Epoch 249 of 800 took 2.541s
  training loss:		0.999972
  validation loss:		1.025029
Epoch 250 of 800 took 2.542s
  training loss:		0.999971
  validation loss:		1.025025
Epoch 251 of 800 took 2.546s
  training loss:		0.999978
  validation loss:		1.025028
('Average Reconstruction Error -- ', 1.107172224202267)
Plotting the learning curve .........
Plotting the valid learning curve .........
Network Parameters saved!!!!!!!!
Running prediction function on Validation data
Saving reconstructed images .........
Saving histogram of reconstructed image.....
Epoch 252 of 800 took 2.061s
  training loss:		0.999971
  validation loss:		1.025024
Epoch 253 of 800 took 2.026s
  training loss:		0.999973
  validation loss:		1.025027
Epoch 254 of 800 took 2.037s
  training loss:		0.999971
  validation loss:		1.025022
Epoch 255 of 800 took 2.035s
  training loss:		0.999976
  validation loss:		1.025022
Epoch 256 of 800 took 2.028s
  training loss:		0.999974
  validation loss:		1.025023
Epoch 257 of 800 took 2.028s
  training loss:		0.999981
  validation loss:		1.025021
Epoch 258 of 800 took 2.025s
  training loss:		0.999969
  validation loss:		1.025027
Epoch 259 of 800 took 2.028s
  training loss:		0.999969
  validation loss:		1.025025
Epoch 260 of 800 took 2.027s
  training loss:		0.999969
  validation loss:		1.025026
Epoch 261 of 800 took 2.030s
  training loss:		0.999969
  validation loss:		1.025025
('Average Reconstruction Error -- ', 1.1030649469809248)
Plotting the learning curve .........
Plotting the valid learning curve .........
Network Parameters saved!!!!!!!!
Running prediction function on Validation data
Saving reconstructed images .........
Saving histogram of reconstructed image.....
Epoch 262 of 800 took 2.015s
  training loss:		0.999977
  validation loss:		1.025029
Epoch 263 of 800 took 2.028s
  training loss:		0.999972
  validation loss:		1.025023
Epoch 264 of 800 took 2.023s
  training loss:		0.999972
  validation loss:		1.025028
Epoch 265 of 800 took 2.022s
  training loss:		0.999971
  validation loss:		1.025022
Epoch 266 of 800 took 2.029s
  training loss:		0.999970
  validation loss:		1.025027
Epoch 267 of 800 took 2.022s
  training loss:		0.999969
  validation loss:		1.025023
Epoch 268 of 800 took 2.025s
  training loss:		0.999971
  validation loss:		1.025023
Epoch 269 of 800 took 2.027s
  training loss:		0.999969
  validation loss:		1.025026
Epoch 270 of 800 took 2.036s
  training loss:		0.999969
  validation loss:		1.025027
Epoch 271 of 800 took 2.028s
  training loss:		0.999969
  validation loss:		1.025023
('Average Reconstruction Error -- ', 1.0992607352162267)
Plotting the learning curve .........
Plotting the valid learning curve .........
Network Parameters saved!!!!!!!!
Running prediction function on Validation data
Saving reconstructed images .........
Saving histogram of reconstructed image.....
Epoch 272 of 800 took 2.004s
  training loss:		0.999969
  validation loss:		1.025027
Epoch 273 of 800 took 2.023s
  training loss:		0.999969
  validation loss:		1.025023
Epoch 274 of 800 took 2.014s
  training loss:		0.999968
  validation loss:		1.025025
Epoch 275 of 800 took 2.018s
  training loss:		0.999968
  validation loss:		1.025024
Epoch 276 of 800 took 2.016s
  training loss:		0.999969
  validation loss:		1.025026
Epoch 277 of 800 took 2.015s
  training loss:		0.999968
  validation loss:		1.025025
Epoch 278 of 800 took 2.022s
  training loss:		0.999977
  validation loss:		1.025030
Epoch 279 of 800 took 2.026s
  training loss:		0.999969
  validation loss:		1.025021
Epoch 280 of 800 took 2.012s
  training loss:		0.999967
  validation loss:		1.025027
Epoch 281 of 800 took 2.007s
  training loss:		0.999974
  validation loss:		1.025029
('Average Reconstruction Error -- ', 1.0957272519827033)
Plotting the learning curve .........
Plotting the valid learning curve .........
Network Parameters saved!!!!!!!!
Running prediction function on Validation data
Saving reconstructed images .........
Saving histogram of reconstructed image.....
Epoch 282 of 800 took 1.967s
  training loss:		0.999968
  validation loss:		1.025022
Epoch 283 of 800 took 2.029s
  training loss:		0.999968
  validation loss:		1.025026
Epoch 284 of 800 took 2.032s
  training loss:		0.999974
  validation loss:		1.025021
Epoch 285 of 800 took 2.043s
  training loss:		0.999977
  validation loss:		1.025022
Epoch 286 of 800 took 2.039s
  training loss:		0.999967
  validation loss:		1.025028
Epoch 287 of 800 took 2.037s
  training loss:		0.999968
  validation loss:		1.025024
Epoch 288 of 800 took 2.035s
  training loss:		0.999970
  validation loss:		1.025023
Epoch 289 of 800 took 2.036s
  training loss:		0.999967
  validation loss:		1.025028
Epoch 290 of 800 took 2.040s
  training loss:		0.999968
  validation loss:		1.025027
Epoch 291 of 800 took 2.043s
  training loss:		0.999974
  validation loss:		1.025028
('Average Reconstruction Error -- ', 1.0924366298708001)
Plotting the learning curve .........
Plotting the valid learning curve .........
Network Parameters saved!!!!!!!!
Running prediction function on Validation data
Saving reconstructed images .........
Saving histogram of reconstructed image.....
Epoch 292 of 800 took 1.872s
  training loss:		0.999967
  validation loss:		1.025022
Epoch 293 of 800 took 2.018s
  training loss:		0.999967
  validation loss:		1.025024
Epoch 294 of 800 took 2.018s
  training loss:		0.999968
  validation loss:		1.025027
Epoch 295 of 800 took 2.011s
  training loss:		0.999969
  validation loss:		1.025022
Epoch 296 of 800 took 2.009s
  training loss:		0.999967
  validation loss:		1.025025
Epoch 297 of 800 took 2.008s
  training loss:		0.999967
  validation loss:		1.025027
Epoch 298 of 800 took 2.004s
  training loss:		0.999967
  validation loss:		1.025024
Epoch 299 of 800 took 2.005s
  training loss:		0.999969
  validation loss:		1.025023
Epoch 300 of 800 took 2.017s
  training loss:		0.999968
  validation loss:		1.025028
Epoch 301 of 800 took 2.004s
  training loss:		0.999971
  validation loss:		1.025028
('Average Reconstruction Error -- ', 1.0893645815524942)
Plotting the learning curve .........
Plotting the valid learning curve .........
Network Parameters saved!!!!!!!!
Running prediction function on Validation data
Saving reconstructed images .........
Saving histogram of reconstructed image.....
Epoch 302 of 800 took 2.322s
  training loss:		0.999967
  validation loss:		1.025023
Epoch 303 of 800 took 2.505s
  training loss:		0.999967
  validation loss:		1.025025
Epoch 304 of 800 took 2.508s
  training loss:		0.999967
  validation loss:		1.025024
Epoch 305 of 800 took 2.521s
  training loss:		0.999967
  validation loss:		1.025026
Epoch 306 of 800 took 2.518s
  training loss:		0.999966
  validation loss:		1.025026
Epoch 307 of 800 took 2.518s
  training loss:		0.999967
  validation loss:		1.025024
Epoch 308 of 800 took 2.526s
  training loss:		0.999966
  validation loss:		1.025026
Epoch 309 of 800 took 2.520s
  training loss:		0.999966
  validation loss:		1.025025
Epoch 310 of 800 took 2.524s
  training loss:		0.999967
  validation loss:		1.025023
Epoch 311 of 800 took 2.525s
  training loss:		0.999967
  validation loss:		1.025027
('Average Reconstruction Error -- ', 1.0864900537422177)
Plotting the learning curve .........
Plotting the valid learning curve .........
Network Parameters saved!!!!!!!!
Running prediction function on Validation data
Saving reconstructed images .........
Saving histogram of reconstructed image.....
Epoch 312 of 800 took 2.528s
  training loss:		0.999966
  validation loss:		1.025026
Epoch 313 of 800 took 2.552s
  training loss:		0.999966
  validation loss:		1.025024
Epoch 314 of 800 took 2.549s
  training loss:		0.999972
  validation loss:		1.025029
Epoch 315 of 800 took 2.547s
  training loss:		0.999967
  validation loss:		1.025022
Epoch 316 of 800 took 2.548s
  training loss:		0.999967
  validation loss:		1.025028
Epoch 317 of 800 took 2.547s
  training loss:		0.999967
  validation loss:		1.025022
Epoch 318 of 800 took 2.551s
  training loss:		0.999970
  validation loss:		1.025023
Epoch 319 of 800 took 2.548s
  training loss:		0.999967
  validation loss:		1.025025
Epoch 320 of 800 took 2.551s
  training loss:		0.999967
  validation loss:		1.025024
Epoch 321 of 800 took 2.548s
  training loss:		0.999969
  validation loss:		1.025023
('Average Reconstruction Error -- ', 1.0837946582196352)
Plotting the learning curve .........
Plotting the valid learning curve .........
Network Parameters saved!!!!!!!!
Running prediction function on Validation data
Saving reconstructed images .........
Saving histogram of reconstructed image.....
Epoch 322 of 800 took 2.499s
  training loss:		0.999966
  validation loss:		1.025026
Epoch 323 of 800 took 2.511s
  training loss:		0.999967
  validation loss:		1.025027
Epoch 324 of 800 took 2.509s
  training loss:		0.999969
  validation loss:		1.025027
Epoch 325 of 800 took 2.517s
  training loss:		0.999972
  validation loss:		1.025028
Epoch 326 of 800 took 2.516s
  training loss:		0.999965
  validation loss:		1.025025
Epoch 327 of 800 took 2.518s
  training loss:		0.999964
  validation loss:		1.025025
Epoch 328 of 800 took 2.516s
  training loss:		0.999967
  validation loss:		1.025023
Epoch 329 of 800 took 2.509s
  training loss:		0.999963
  validation loss:		1.025026
Epoch 330 of 800 took 2.516s
  training loss:		0.999962
  validation loss:		1.025027
Epoch 331 of 800 took 2.512s
  training loss:		0.999965
  validation loss:		1.025024
('Average Reconstruction Error -- ', 1.0812620725189868)
Plotting the learning curve .........
Plotting the valid learning curve .........
Network Parameters saved!!!!!!!!
Running prediction function on Validation data
Saving reconstructed images .........
Saving histogram of reconstructed image.....
Epoch 332 of 800 took 2.335s
  training loss:		0.999962
  validation loss:		1.025026
Epoch 333 of 800 took 2.047s
  training loss:		0.999964
  validation loss:		1.025028
Epoch 334 of 800 took 2.001s
  training loss:		0.999962
  validation loss:		1.025025
Epoch 335 of 800 took 2.004s
  training loss:		0.999963
  validation loss:		1.025025
Epoch 336 of 800 took 2.017s
  training loss:		0.999962
  validation loss:		1.025026
Epoch 337 of 800 took 2.012s
  training loss:		0.999965
  validation loss:		1.025029
Epoch 338 of 800 took 2.015s
  training loss:		0.999963
  validation loss:		1.025025
Epoch 339 of 800 took 2.017s
  training loss:		0.999962
  validation loss:		1.025027
Epoch 340 of 800 took 2.003s
  training loss:		0.999962
  validation loss:		1.025025
Epoch 341 of 800 took 2.012s
  training loss:		0.999962
  validation loss:		1.025026
('Average Reconstruction Error -- ', 1.0788779241603179)
Plotting the learning curve .........
Plotting the valid learning curve .........
Network Parameters saved!!!!!!!!
Running prediction function on Validation data
Saving reconstructed images .........
Saving histogram of reconstructed image.....
Epoch 342 of 800 took 2.251s
  training loss:		0.999963
  validation loss:		1.025024
Epoch 343 of 800 took 2.027s
  training loss:		0.999962
  validation loss:		1.025026
Epoch 344 of 800 took 2.038s
  training loss:		0.999963
  validation loss:		1.025024
Epoch 345 of 800 took 2.035s
  training loss:		0.999962
  validation loss:		1.025026
Epoch 346 of 800 took 2.037s
  training loss:		0.999962
  validation loss:		1.025029
Epoch 347 of 800 took 2.039s
  training loss:		0.999962
  validation loss:		1.025027
Epoch 348 of 800 took 2.031s
  training loss:		0.999963
  validation loss:		1.025023
Epoch 349 of 800 took 2.030s
  training loss:		0.999962
  validation loss:		1.025029
Epoch 350 of 800 took 2.022s
  training loss:		0.999962
  validation loss:		1.025024
Epoch 351 of 800 took 2.028s
  training loss:		0.999964
  validation loss:		1.025023
('Average Reconstruction Error -- ', 1.0766296177354071)
Plotting the learning curve .........
Plotting the valid learning curve .........
Network Parameters saved!!!!!!!!
Running prediction function on Validation data
Saving reconstructed images .........
Saving histogram of reconstructed image.....
Epoch 352 of 800 took 2.076s
  training loss:		0.999965
  validation loss:		1.025031
Epoch 353 of 800 took 2.020s
  training loss:		0.999962
  validation loss:		1.025027
Epoch 354 of 800 took 2.021s
  training loss:		0.999961
  validation loss:		1.025026
Epoch 355 of 800 took 2.025s
  training loss:		0.999964
  validation loss:		1.025023
Epoch 356 of 800 took 2.031s
  training loss:		0.999961
  validation loss:		1.025029
Epoch 357 of 800 took 2.018s
  training loss:		0.999963
  validation loss:		1.025023
Epoch 358 of 800 took 2.023s
  training loss:		0.999960
  validation loss:		1.025028
Epoch 359 of 800 took 2.028s
  training loss:		0.999962
  validation loss:		1.025023
Epoch 360 of 800 took 2.026s
  training loss:		0.999961
  validation loss:		1.025025
Epoch 361 of 800 took 2.022s
  training loss:		0.999960
  validation loss:		1.025027
('Average Reconstruction Error -- ', 1.074505859944308)
Plotting the learning curve .........
Plotting the valid learning curve .........
Network Parameters saved!!!!!!!!
Running prediction function on Validation data
Saving reconstructed images .........
Saving histogram of reconstructed image.....
Epoch 362 of 800 took 2.101s
  training loss:		0.999963
  validation loss:		1.025030
Epoch 363 of 800 took 2.049s
  training loss:		0.999960
  validation loss:		1.025025
Epoch 364 of 800 took 2.045s
  training loss:		0.999960
  validation loss:		1.025027
Epoch 365 of 800 took 2.044s
  training loss:		0.999962
  validation loss:		1.025025
Epoch 366 of 800 took 2.035s
  training loss:		0.999960
  validation loss:		1.025025
Epoch 367 of 800 took 2.028s
  training loss:		0.999960
  validation loss:		1.025025
Epoch 368 of 800 took 2.000s
  training loss:		0.999961
  validation loss:		1.025029
Epoch 369 of 800 took 1.998s
  training loss:		0.999960
  validation loss:		1.025026
Epoch 370 of 800 took 1.998s
  training loss:		0.999960
  validation loss:		1.025025
Epoch 371 of 800 took 2.010s
  training loss:		0.999959
  validation loss:		1.025027
('Average Reconstruction Error -- ', 1.0724965564191056)
Plotting the learning curve .........
Plotting the valid learning curve .........
Network Parameters saved!!!!!!!!
Running prediction function on Validation data
Saving reconstructed images .........
Saving histogram of reconstructed image.....
Epoch 372 of 800 took 2.023s
  training loss:		0.999960
  validation loss:		1.025025
Epoch 373 of 800 took 2.036s
  training loss:		0.999960
  validation loss:		1.025026
Epoch 374 of 800 took 2.046s
  training loss:		0.999960
  validation loss:		1.025025
Epoch 375 of 800 took 2.033s
  training loss:		0.999961
  validation loss:		1.025029
Epoch 376 of 800 took 2.035s
  training loss:		0.999960
  validation loss:		1.025025
Epoch 377 of 800 took 2.042s
  training loss:		0.999960
  validation loss:		1.025027
Epoch 378 of 800 took 2.037s
  training loss:		0.999961
  validation loss:		1.025023
Epoch 379 of 800 took 2.046s
  training loss:		0.999959
  validation loss:		1.025028
Epoch 380 of 800 took 2.036s
  training loss:		0.999960
  validation loss:		1.025027
Epoch 381 of 800 took 2.042s
  training loss:		0.999959
  validation loss:		1.025025
('Average Reconstruction Error -- ', 1.0705927107345519)
Plotting the learning curve .........
Plotting the valid learning curve .........
Network Parameters saved!!!!!!!!
Running prediction function on Validation data
Saving reconstructed images .........
Saving histogram of reconstructed image.....
Epoch 382 of 800 took 2.000s
  training loss:		0.999959
  validation loss:		1.025027
Epoch 383 of 800 took 2.025s
  training loss:		0.999960
  validation loss:		1.025025
Epoch 384 of 800 took 2.021s
  training loss:		0.999960
  validation loss:		1.025026
Epoch 385 of 800 took 2.028s
  training loss:		0.999965
  validation loss:		1.025030
Epoch 386 of 800 took 2.028s
  training loss:		0.999960
  validation loss:		1.025023
Epoch 387 of 800 took 2.026s
  training loss:		0.999960
  validation loss:		1.025026
Epoch 388 of 800 took 2.017s
  training loss:		0.999959
  validation loss:		1.025025
Epoch 389 of 800 took 2.030s
  training loss:		0.999959
  validation loss:		1.025027
Epoch 390 of 800 took 2.022s
  training loss:		0.999960
  validation loss:		1.025028
Epoch 391 of 800 took 2.028s
  training loss:		0.999959
  validation loss:		1.025025
('Average Reconstruction Error -- ', 1.0687862477771879)
Plotting the learning curve .........
Plotting the valid learning curve .........
Network Parameters saved!!!!!!!!
Running prediction function on Validation data
Saving reconstructed images .........
Saving histogram of reconstructed image.....
Epoch 392 of 800 took 2.518s
  training loss:		0.999963
  validation loss:		1.025025
Epoch 393 of 800 took 2.548s
  training loss:		0.999961
  validation loss:		1.025030
Epoch 394 of 800 took 2.558s
  training loss:		0.999959
  validation loss:		1.025023
Epoch 395 of 800 took 2.545s
  training loss:		0.999958
  validation loss:		1.025027
Epoch 396 of 800 took 2.546s
  training loss:		0.999958
  validation loss:		1.025027
Epoch 397 of 800 took 2.553s
  training loss:		0.999961
  validation loss:		1.025028
Epoch 398 of 800 took 2.543s
  training loss:		0.999960
  validation loss:		1.025023
Epoch 399 of 800 took 2.550s
  training loss:		0.999960
  validation loss:		1.025025
Epoch 400 of 800 took 2.548s
  training loss:		0.999960
  validation loss:		1.025025
Epoch 401 of 800 took 2.549s
  training loss:		0.999959
  validation loss:		1.025028
('Average Reconstruction Error -- ', 1.0670698775830796)
Plotting the learning curve .........
Plotting the valid learning curve .........
Network Parameters saved!!!!!!!!
Running prediction function on Validation data
Saving reconstructed images .........
Saving histogram of reconstructed image.....
Epoch 402 of 800 took 2.519s
  training loss:		0.999958
  validation loss:		1.025027
Epoch 403 of 800 took 2.544s
  training loss:		0.999961
  validation loss:		1.025029
Epoch 404 of 800 took 2.550s
  training loss:		0.999962
  validation loss:		1.025022
Epoch 405 of 800 took 2.546s
  training loss:		0.999959
  validation loss:		1.025027
Epoch 406 of 800 took 2.550s
  training loss:		0.999960
  validation loss:		1.025024
Epoch 407 of 800 took 2.548s
  training loss:		0.999958
  validation loss:		1.025028
Epoch 408 of 800 took 2.547s
  training loss:		0.999958
  validation loss:		1.025027
Epoch 409 of 800 took 2.546s
  training loss:		0.999959
  validation loss:		1.025026
Epoch 410 of 800 took 2.546s
  training loss:		0.999958
  validation loss:		1.025026
Epoch 411 of 800 took 2.546s
  training loss:		0.999959
  validation loss:		1.025028
('Average Reconstruction Error -- ', 1.065437013755548)
Plotting the learning curve .........
Plotting the valid learning curve .........
Network Parameters saved!!!!!!!!
Running prediction function on Validation data
Saving reconstructed images .........
Saving histogram of reconstructed image.....
Epoch 412 of 800 took 2.535s
  training loss:		0.999958
  validation loss:		1.025025
Epoch 413 of 800 took 2.564s
  training loss:		0.999962
  validation loss:		1.025030
Epoch 414 of 800 took 2.572s
  training loss:		0.999963
  validation loss:		1.025021
Epoch 415 of 800 took 2.566s
  training loss:		0.999958
  validation loss:		1.025026
Epoch 416 of 800 took 2.573s
  training loss:		0.999957
  validation loss:		1.025029
Epoch 417 of 800 took 2.573s
  training loss:		0.999960
  validation loss:		1.025028
Epoch 418 of 800 took 2.566s
  training loss:		0.999957
  validation loss:		1.025024
Epoch 419 of 800 took 2.563s
  training loss:		0.999959
  validation loss:		1.025024
Epoch 420 of 800 took 2.566s
  training loss:		0.999957
  validation loss:		1.025028
Epoch 421 of 800 took 2.565s
  training loss:		0.999956
  validation loss:		1.025027
('Average Reconstruction Error -- ', 1.0638817110103349)
Plotting the learning curve .........
Plotting the valid learning curve .........
Network Parameters saved!!!!!!!!
Running prediction function on Validation data
Saving reconstructed images .........
Saving histogram of reconstructed image.....
Epoch 422 of 800 took 2.018s
  training loss:		0.999958
  validation loss:		1.025028
Epoch 423 of 800 took 2.032s
  training loss:		0.999956
  validation loss:		1.025025
Epoch 424 of 800 took 2.028s
  training loss:		0.999959
  validation loss:		1.025024
Epoch 425 of 800 took 2.032s
  training loss:		0.999956
  validation loss:		1.025028
Epoch 426 of 800 took 2.029s
  training loss:		0.999958
  validation loss:		1.025029
Epoch 427 of 800 took 2.029s
  training loss:		0.999957
  validation loss:		1.025024
Epoch 428 of 800 took 2.035s
  training loss:		0.999958
  validation loss:		1.025024
Epoch 429 of 800 took 2.032s
  training loss:		0.999956
  validation loss:		1.025028
Epoch 430 of 800 took 2.028s
  training loss:		0.999957
  validation loss:		1.025027
Epoch 431 of 800 took 2.027s
  training loss:		0.999958
  validation loss:		1.025023
('Average Reconstruction Error -- ', 1.0623985407409191)
Plotting the learning curve .........
Plotting the valid learning curve .........
Network Parameters saved!!!!!!!!
Running prediction function on Validation data
Saving reconstructed images .........
Saving histogram of reconstructed image.....
Epoch 432 of 800 took 2.471s
  training loss:		0.999956
  validation loss:		1.025028
Epoch 433 of 800 took 2.551s
  training loss:		0.999958
  validation loss:		1.025028
Epoch 434 of 800 took 2.555s
  training loss:		0.999956
  validation loss:		1.025025
Epoch 435 of 800 took 2.551s
  training loss:		0.999957
  validation loss:		1.025026
Epoch 436 of 800 took 2.546s
  training loss:		0.999961
  validation loss:		1.025027
Epoch 437 of 800 took 2.547s
  training loss:		0.999965
  validation loss:		1.025021
Epoch 438 of 800 took 2.550s
  training loss:		0.999959
  validation loss:		1.025026
Epoch 439 of 800 took 2.542s
  training loss:		0.999958
  validation loss:		1.025029
Epoch 440 of 800 took 2.549s
  training loss:		0.999957
  validation loss:		1.025025
Epoch 441 of 800 took 2.548s
  training loss:		0.999957
  validation loss:		1.025027
('Average Reconstruction Error -- ', 1.0609826630868593)
Plotting the learning curve .........
Plotting the valid learning curve .........
Network Parameters saved!!!!!!!!
Running prediction function on Validation data
Saving reconstructed images .........
Saving histogram of reconstructed image.....
Epoch 442 of 800 took 2.080s
  training loss:		0.999958
  validation loss:		1.025024
Epoch 443 of 800 took 2.546s
  training loss:		0.999957
  validation loss:		1.025028
Epoch 444 of 800 took 2.543s
  training loss:		0.999958
  validation loss:		1.025028
Epoch 445 of 800 took 2.545s
  training loss:		0.999957
  validation loss:		1.025026
Epoch 446 of 800 took 2.539s
  training loss:		0.999957
  validation loss:		1.025025
Epoch 447 of 800 took 2.547s
  training loss:		0.999958
  validation loss:		1.025024
Epoch 448 of 800 took 2.543s
  training loss:		0.999956
  validation loss:		1.025028
Epoch 449 of 800 took 2.544s
  training loss:		0.999957
  validation loss:		1.025027
Epoch 450 of 800 took 2.539s
  training loss:		0.999957
  validation loss:		1.025024
Epoch 451 of 800 took 2.544s
  training loss:		0.999956
  validation loss:		1.025029
('Average Reconstruction Error -- ', 1.0596295465916845)
Plotting the learning curve .........
Plotting the valid learning curve .........
Network Parameters saved!!!!!!!!
Running prediction function on Validation data
Saving reconstructed images .........
Saving histogram of reconstructed image.....
Epoch 452 of 800 took 2.004s
  training loss:		0.999961
  validation loss:		1.025022
Epoch 453 of 800 took 2.016s
  training loss:		0.999956
  validation loss:		1.025028
Epoch 454 of 800 took 2.011s
  training loss:		0.999956
  validation loss:		1.025027
Epoch 455 of 800 took 2.002s
  training loss:		0.999957
  validation loss:		1.025029
Epoch 456 of 800 took 2.001s
  training loss:		0.999956
  validation loss:		1.025026
Epoch 457 of 800 took 2.018s
  training loss:		0.999955
  validation loss:		1.025027
Epoch 458 of 800 took 2.017s
  training loss:		0.999956
  validation loss:		1.025024
Epoch 459 of 800 took 2.010s
  training loss:		0.999956
  validation loss:		1.025027
Epoch 460 of 800 took 2.009s
  training loss:		0.999956
  validation loss:		1.025028
Epoch 461 of 800 took 2.006s
  training loss:		0.999956
  validation loss:		1.025025
('Average Reconstruction Error -- ', 1.0583351238119727)
Plotting the learning curve .........
Plotting the valid learning curve .........
Network Parameters saved!!!!!!!!
Running prediction function on Validation data
Saving reconstructed images .........
Saving histogram of reconstructed image.....
Epoch 462 of 800 took 2.018s
  training loss:		0.999957
  validation loss:		1.025026
Epoch 463 of 800 took 1.999s
  training loss:		0.999963
  validation loss:		1.025022
Epoch 464 of 800 took 1.999s
  training loss:		0.999955
  validation loss:		1.025028
Epoch 465 of 800 took 1.995s
  training loss:		0.999956
  validation loss:		1.025027
Epoch 466 of 800 took 1.987s
  training loss:		0.999956
  validation loss:		1.025027
Epoch 467 of 800 took 1.984s
  training loss:		0.999956
  validation loss:		1.025026
Epoch 468 of 800 took 1.988s
  training loss:		0.999956
  validation loss:		1.025028
Epoch 469 of 800 took 1.999s
  training loss:		0.999956
  validation loss:		1.025024
Epoch 470 of 800 took 1.986s
  training loss:		0.999956
  validation loss:		1.025028
Epoch 471 of 800 took 1.993s
  training loss:		0.999956
  validation loss:		1.025026
('Average Reconstruction Error -- ', 1.0570956687107789)
Plotting the learning curve .........
Plotting the valid learning curve .........
Network Parameters saved!!!!!!!!
Running prediction function on Validation data
Saving reconstructed images .........
Saving histogram of reconstructed image.....
Epoch 472 of 800 took 2.016s
  training loss:		0.999957
  validation loss:		1.025024
Epoch 473 of 800 took 2.014s
  training loss:		0.999958
  validation loss:		1.025025
Epoch 474 of 800 took 2.016s
  training loss:		0.999957
  validation loss:		1.025025
Epoch 475 of 800 took 2.022s
  training loss:		0.999956
  validation loss:		1.025028
Epoch 476 of 800 took 2.022s
  training loss:		0.999957
  validation loss:		1.025027
Epoch 477 of 800 took 2.024s
  training loss:		0.999959
  validation loss:		1.025022
Epoch 478 of 800 took 2.016s
  training loss:		0.999956
  validation loss:		1.025028
Epoch 479 of 800 took 2.022s
  training loss:		0.999955
  validation loss:		1.025026
Epoch 480 of 800 took 2.023s
  training loss:		0.999955
  validation loss:		1.025026
Epoch 481 of 800 took 2.020s
  training loss:		0.999955
  validation loss:		1.025026
('Average Reconstruction Error -- ', 1.0559077425020473)
Plotting the learning curve .........
Plotting the valid learning curve .........
Network Parameters saved!!!!!!!!
Running prediction function on Validation data
Saving reconstructed images .........
Saving histogram of reconstructed image.....
Epoch 482 of 800 took 1.948s
  training loss:		0.999957
  validation loss:		1.025028
Epoch 483 of 800 took 2.032s
  training loss:		0.999957
  validation loss:		1.025024
Epoch 484 of 800 took 2.029s
  training loss:		0.999956
  validation loss:		1.025027
Epoch 485 of 800 took 2.030s
  training loss:		0.999957
  validation loss:		1.025026
Epoch 486 of 800 took 2.022s
  training loss:		0.999957
  validation loss:		1.025024
Epoch 487 of 800 took 2.023s
  training loss:		0.999955
  validation loss:		1.025027
Epoch 488 of 800 took 2.031s
  training loss:		0.999956
  validation loss:		1.025029
Epoch 489 of 800 took 2.037s
  training loss:		0.999959
  validation loss:		1.025030
Epoch 490 of 800 took 2.029s
  training loss:		0.999955
  validation loss:		1.025024
Epoch 491 of 800 took 2.027s
  training loss:		0.999956
  validation loss:		1.025025
('Average Reconstruction Error -- ', 1.0547682097518916)
Plotting the learning curve .........
Plotting the valid learning curve .........
Network Parameters saved!!!!!!!!
Running prediction function on Validation data
Saving reconstructed images .........
Saving histogram of reconstructed image.....
Epoch 492 of 800 took 1.985s
  training loss:		0.999958
  validation loss:		1.025024
Epoch 493 of 800 took 2.000s
  training loss:		0.999955
  validation loss:		1.025027
Epoch 494 of 800 took 2.000s
  training loss:		0.999955
  validation loss:		1.025026
Epoch 495 of 800 took 1.997s
  training loss:		0.999955
  validation loss:		1.025027
Epoch 496 of 800 took 2.005s
  training loss:		0.999955
  validation loss:		1.025027
Epoch 497 of 800 took 2.001s
  training loss:		0.999955
  validation loss:		1.025026
Epoch 498 of 800 took 2.005s
  training loss:		0.999955
  validation loss:		1.025028
Epoch 499 of 800 took 1.999s
  training loss:		0.999954
  validation loss:		1.025026
Epoch 500 of 800 took 1.995s
  training loss:		0.999954
  validation loss:		1.025025
Epoch 501 of 800 took 1.993s
  training loss:		0.999955
  validation loss:		1.025027
('Average Reconstruction Error -- ', 1.0536741340978557)
Plotting the learning curve .........
Plotting the valid learning curve .........
Network Parameters saved!!!!!!!!
Running prediction function on Validation data
Saving reconstructed images .........
Saving histogram of reconstructed image.....
Epoch 502 of 800 took 2.522s
  training loss:		0.999953
  validation loss:		1.025028
Epoch 503 of 800 took 2.564s
  training loss:		0.999953
  validation loss:		1.025027
Epoch 504 of 800 took 2.561s
  training loss:		0.999955
  validation loss:		1.025028
Epoch 505 of 800 took 2.568s
  training loss:		0.999951
  validation loss:		1.025026
Epoch 506 of 800 took 2.568s
  training loss:		0.999952
  validation loss:		1.025028
Epoch 507 of 800 took 2.561s
  training loss:		0.999951
  validation loss:		1.025026
Epoch 508 of 800 took 2.572s
  training loss:		0.999953
  validation loss:		1.025025
Epoch 509 of 800 took 2.567s
  training loss:		0.999952
  validation loss:		1.025026
Epoch 510 of 800 took 2.562s
  training loss:		0.999950
  validation loss:		1.025026
Epoch 511 of 800 took 2.567s
  training loss:		0.999951
  validation loss:		1.025028
('Average Reconstruction Error -- ', 1.0526228242539808)
Plotting the learning curve .........
Plotting the valid learning curve .........
Network Parameters saved!!!!!!!!
Running prediction function on Validation data
Saving reconstructed images .........
Saving histogram of reconstructed image.....
Epoch 512 of 800 took 2.488s
  training loss:		0.999949
  validation loss:		1.025024
Epoch 513 of 800 took 2.521s
  training loss:		0.999952
  validation loss:		1.025029
Epoch 514 of 800 took 2.549s
  training loss:		0.999947
  validation loss:		1.025098
Epoch 515 of 800 took 2.556s
  training loss:		0.999950
  validation loss:		1.025027
Epoch 516 of 800 took 2.563s
  training loss:		0.999945
  validation loss:		1.025025
Epoch 517 of 800 took 2.550s
  training loss:		0.999946
  validation loss:		1.025035
Epoch 518 of 800 took 2.552s
  training loss:		0.999947
  validation loss:		1.025031
Epoch 519 of 800 took 2.557s
  training loss:		0.999944
  validation loss:		1.025025
Epoch 520 of 800 took 2.556s
  training loss:		0.999943
  validation loss:		1.025027
Epoch 521 of 800 took 2.552s
  training loss:		0.999942
  validation loss:		1.025026
('Average Reconstruction Error -- ', 1.0516117600405968)
Plotting the learning curve .........
Plotting the valid learning curve .........
Network Parameters saved!!!!!!!!
Running prediction function on Validation data
Saving reconstructed images .........
Saving histogram of reconstructed image.....
Epoch 522 of 800 took 1.997s
  training loss:		0.999939
  validation loss:		1.025028
Epoch 523 of 800 took 2.020s
  training loss:		0.999948
  validation loss:		1.025029
Epoch 524 of 800 took 2.017s
  training loss:		0.999941
  validation loss:		1.025025
Epoch 525 of 800 took 2.016s
  training loss:		0.999939
  validation loss:		1.025028
Epoch 526 of 800 took 2.010s
  training loss:		0.999940
  validation loss:		1.025023
Epoch 527 of 800 took 2.019s
  training loss:		0.999936
  validation loss:		1.025029
Epoch 528 of 800 took 2.010s
  training loss:		0.999935
  validation loss:		1.025029
Epoch 529 of 800 took 2.019s
  training loss:		0.999934
  validation loss:		1.025029
Epoch 530 of 800 took 2.020s
  training loss:		0.999934
  validation loss:		1.025029
Epoch 531 of 800 took 2.007s
  training loss:		0.999931
  validation loss:		1.025027
('Average Reconstruction Error -- ', 1.0506386138426465)
Plotting the learning curve .........
Plotting the valid learning curve .........
Network Parameters saved!!!!!!!!
Running prediction function on Validation data
Saving reconstructed images .........
Saving histogram of reconstructed image.....
Epoch 532 of 800 took 1.987s
  training loss:		0.999931
  validation loss:		1.025029
Epoch 533 of 800 took 2.006s
  training loss:		0.999932
  validation loss:		1.025025
Epoch 534 of 800 took 2.008s
  training loss:		0.999933
  validation loss:		1.025024
Epoch 535 of 800 took 2.011s
  training loss:		0.999931
  validation loss:		1.025027
Epoch 536 of 800 took 2.005s
  training loss:		0.999930
  validation loss:		1.025027
Epoch 537 of 800 took 2.009s
  training loss:		0.999930
  validation loss:		1.025030
Epoch 538 of 800 took 2.004s
  training loss:		0.999935
  validation loss:		1.025035
Epoch 539 of 800 took 2.006s
  training loss:		0.999921
  validation loss:		1.025024
Epoch 540 of 800 took 2.014s
  training loss:		0.999906
  validation loss:		1.025011
Epoch 541 of 800 took 2.000s
  training loss:		0.999920
  validation loss:		1.025041
('Average Reconstruction Error -- ', 1.0497012428179369)
Plotting the learning curve .........
Plotting the valid learning curve .........
Network Parameters saved!!!!!!!!
Running prediction function on Validation data
Saving reconstructed images .........
Saving histogram of reconstructed image.....
Epoch 542 of 800 took 2.000s
  training loss:		0.999923
  validation loss:		1.025019
Epoch 543 of 800 took 1.989s
  training loss:		0.999922
  validation loss:		1.025027
Epoch 544 of 800 took 1.990s
  training loss:		0.999917
  validation loss:		1.025018
Epoch 545 of 800 took 2.004s
  training loss:		0.999916
  validation loss:		1.025016
Epoch 546 of 800 took 2.001s
  training loss:		0.999910
  validation loss:		1.024995
Epoch 547 of 800 took 1.989s
  training loss:		0.999903
  validation loss:		1.024992
Epoch 548 of 800 took 1.999s
  training loss:		0.999912
  validation loss:		1.025020
Epoch 549 of 800 took 1.991s
  training loss:		0.999909
  validation loss:		1.024963
Epoch 550 of 800 took 1.989s
  training loss:		0.999900
  validation loss:		1.024982
Epoch 551 of 800 took 1.994s
  training loss:		0.999898
  validation loss:		1.025027
('Average Reconstruction Error -- ', 1.0487976054878496)
Plotting the learning curve .........
Plotting the valid learning curve .........
Network Parameters saved!!!!!!!!
Running prediction function on Validation data
Saving reconstructed images .........
Saving histogram of reconstructed image.....
Epoch 552 of 800 took 1.974s
  training loss:		0.999905
  validation loss:		1.024980
Epoch 553 of 800 took 1.986s
  training loss:		0.999897
  validation loss:		1.024972
Epoch 554 of 800 took 1.984s
  training loss:		0.999900
  validation loss:		1.024993
Epoch 555 of 800 took 1.986s
  training loss:		0.999899
  validation loss:		1.024970
Epoch 556 of 800 took 1.986s
  training loss:		0.999899
  validation loss:		1.025006
Epoch 557 of 800 took 1.989s
  training loss:		0.999901
  validation loss:		1.024967
Epoch 558 of 800 took 1.987s
  training loss:		0.999895
  validation loss:		1.025017
Epoch 559 of 800 took 1.986s
  training loss:		0.999901
  validation loss:		1.024959
Epoch 560 of 800 took 1.983s
  training loss:		0.999891
  validation loss:		1.024972
Epoch 561 of 800 took 1.985s
  training loss:		0.999905
  validation loss:		1.024977
('Average Reconstruction Error -- ', 1.0479259773301168)
Plotting the learning curve .........
Plotting the valid learning curve .........
Network Parameters saved!!!!!!!!
Running prediction function on Validation data
Saving reconstructed images .........
Saving histogram of reconstructed image.....
Epoch 562 of 800 took 2.013s
  training loss:		0.999892
  validation loss:		1.024959
Epoch 563 of 800 took 1.994s
  training loss:		0.999891
  validation loss:		1.024967
Epoch 564 of 800 took 2.003s
  training loss:		0.999890
  validation loss:		1.024968
Epoch 565 of 800 took 1.992s
  training loss:		0.999886
  validation loss:		1.024964
Epoch 566 of 800 took 1.995s
  training loss:		0.999890
  validation loss:		1.024971
Epoch 567 of 800 took 2.002s
  training loss:		0.999886
  validation loss:		1.024960
Epoch 568 of 800 took 1.996s
  training loss:		0.999886
  validation loss:		1.024959
Epoch 569 of 800 took 2.000s
  training loss:		0.999886
  validation loss:		1.024958
Epoch 570 of 800 took 1.988s
  training loss:		0.999887
  validation loss:		1.024963
Epoch 571 of 800 took 1.997s
  training loss:		0.999883
  validation loss:		1.024953
('Average Reconstruction Error -- ', 1.0470846757861263)
Plotting the learning curve .........
Plotting the valid learning curve .........
Network Parameters saved!!!!!!!!
Running prediction function on Validation data
Saving reconstructed images .........
Saving histogram of reconstructed image.....
Epoch 572 of 800 took 1.985s
  training loss:		0.999882
  validation loss:		1.024956
Epoch 573 of 800 took 2.011s
  training loss:		0.999883
  validation loss:		1.024955
Epoch 574 of 800 took 2.000s
  training loss:		0.999891
  validation loss:		1.024972
Epoch 575 of 800 took 2.001s
  training loss:		0.999890
  validation loss:		1.024948
Epoch 576 of 800 took 2.010s
  training loss:		0.999887
  validation loss:		1.024951
Epoch 577 of 800 took 2.005s
  training loss:		0.999888
  validation loss:		1.024953
Epoch 578 of 800 took 2.011s
  training loss:		0.999886
  validation loss:		1.024970
Epoch 579 of 800 took 2.006s
  training loss:		0.999889
  validation loss:		1.024952
Epoch 580 of 800 took 2.001s
  training loss:		0.999887
  validation loss:		1.024950
Epoch 581 of 800 took 1.999s
  training loss:		0.999892
  validation loss:		1.024970
('Average Reconstruction Error -- ', 1.0462723307103714)
Plotting the learning curve .........
Plotting the valid learning curve .........
Network Parameters saved!!!!!!!!
Running prediction function on Validation data
Saving reconstructed images .........
Saving histogram of reconstructed image.....
Epoch 582 of 800 took 1.966s
  training loss:		0.999887
  validation loss:		1.024978
Epoch 583 of 800 took 2.024s
  training loss:		0.999890
  validation loss:		1.024955
Epoch 584 of 800 took 2.022s
  training loss:		0.999890
  validation loss:		1.024950
Epoch 585 of 800 took 2.028s
  training loss:		0.999887
  validation loss:		1.024955
Epoch 586 of 800 took 2.037s
  training loss:		0.999885
  validation loss:		1.024957
Epoch 587 of 800 took 2.018s
  training loss:		0.999892
  validation loss:		1.024955
Epoch 588 of 800 took 2.009s
  training loss:		0.999891
  validation loss:		1.024948
Epoch 589 of 800 took 2.005s
  training loss:		0.999885
  validation loss:		1.024954
Epoch 590 of 800 took 2.009s
  training loss:		0.999886
  validation loss:		1.024947
Epoch 591 of 800 took 2.010s
  training loss:		0.999884
  validation loss:		1.024948
('Average Reconstruction Error -- ', 1.0454874819009157)
Plotting the learning curve .........
Plotting the valid learning curve .........
Network Parameters saved!!!!!!!!
Running prediction function on Validation data
Saving reconstructed images .........
Saving histogram of reconstructed image.....
Epoch 592 of 800 took 1.980s
  training loss:		0.999883
  validation loss:		1.024945
Epoch 593 of 800 took 1.978s
  training loss:		0.999886
  validation loss:		1.024955
Epoch 594 of 800 took 1.977s
  training loss:		0.999883
  validation loss:		1.024944
Epoch 595 of 800 took 1.986s
  training loss:		0.999881
  validation loss:		1.024949
Epoch 596 of 800 took 1.986s
  training loss:		0.999882
  validation loss:		1.024948
Epoch 597 of 800 took 1.982s
  training loss:		0.999882
  validation loss:		1.024948
Epoch 598 of 800 took 1.977s
  training loss:		0.999883
  validation loss:		1.024940
Epoch 599 of 800 took 1.994s
  training loss:		0.999884
  validation loss:		1.024946
Epoch 600 of 800 took 1.981s
  training loss:		0.999879
  validation loss:		1.024943
Epoch 601 of 800 took 1.984s
  training loss:		0.999881
  validation loss:		1.024955
('Average Reconstruction Error -- ', 1.0447286631414796)
Plotting the learning curve .........
Plotting the valid learning curve .........
Network Parameters saved!!!!!!!!
Running prediction function on Validation data
Saving reconstructed images .........
Saving histogram of reconstructed image.....
Epoch 602 of 800 took 1.824s
  training loss:		0.999880
  validation loss:		1.024974
Epoch 603 of 800 took 1.978s
  training loss:		0.999878
  validation loss:		1.024948
Epoch 604 of 800 took 2.028s
  training loss:		0.999876
  validation loss:		1.024944
Epoch 605 of 800 took 2.018s
  training loss:		0.999877
  validation loss:		1.024943
Epoch 606 of 800 took 2.017s
  training loss:		0.999878
  validation loss:		1.024940
Epoch 607 of 800 took 2.017s
  training loss:		0.999880
  validation loss:		1.024950
Epoch 608 of 800 took 2.006s
  training loss:		0.999879
  validation loss:		1.024941
Epoch 609 of 800 took 2.022s
  training loss:		0.999876
  validation loss:		1.024940
Epoch 610 of 800 took 2.000s
  training loss:		0.999877
  validation loss:		1.024937
Epoch 611 of 800 took 2.008s
  training loss:		0.999880
  validation loss:		1.024951
('Average Reconstruction Error -- ', 1.0439946122787866)
Plotting the learning curve .........
Plotting the valid learning curve .........
Network Parameters saved!!!!!!!!
Running prediction function on Validation data
Saving reconstructed images .........
Saving histogram of reconstructed image.....
Epoch 612 of 800 took 2.454s
  training loss:		0.999880
  validation loss:		1.024936
Epoch 613 of 800 took 2.543s
  training loss:		0.999876
  validation loss:		1.024942
Epoch 614 of 800 took 2.541s
  training loss:		0.999874
  validation loss:		1.024942
Epoch 615 of 800 took 2.551s
  training loss:		0.999877
  validation loss:		1.024938
Epoch 616 of 800 took 2.539s
  training loss:		0.999880
  validation loss:		1.024936
Epoch 617 of 800 took 2.546s
  training loss:		0.999878
  validation loss:		1.024943
Epoch 618 of 800 took 2.547s
  training loss:		0.999884
  validation loss:		1.024946
Epoch 619 of 800 took 2.545s
  training loss:		0.999875
  validation loss:		1.024939
Epoch 620 of 800 took 2.546s
  training loss:		0.999875
  validation loss:		1.024940
Epoch 621 of 800 took 2.545s
  training loss:		0.999874
  validation loss:		1.024945
('Average Reconstruction Error -- ', 1.0432841894890241)
Plotting the learning curve .........
Plotting the valid learning curve .........
Network Parameters saved!!!!!!!!
Running prediction function on Validation data
Saving reconstructed images .........
Saving histogram of reconstructed image.....
Epoch 622 of 800 took 2.026s
  training loss:		0.999875
  validation loss:		1.024944
Epoch 623 of 800 took 2.018s
  training loss:		0.999875
  validation loss:		1.024937
Epoch 624 of 800 took 2.018s
  training loss:		0.999876
  validation loss:		1.024973
Epoch 625 of 800 took 2.027s
  training loss:		0.999875
  validation loss:		1.024947
Epoch 626 of 800 took 2.011s
  training loss:		0.999873
  validation loss:		1.024946
Epoch 627 of 800 took 2.011s
  training loss:		0.999878
  validation loss:		1.024939
Epoch 628 of 800 took 2.024s
  training loss:		0.999878
  validation loss:		1.024939
Epoch 629 of 800 took 2.010s
  training loss:		0.999876
  validation loss:		1.024942
Epoch 630 of 800 took 2.025s
  training loss:		0.999872
  validation loss:		1.024937
Epoch 631 of 800 took 2.017s
  training loss:		0.999874
  validation loss:		1.024941
('Average Reconstruction Error -- ', 1.042596249920728)
Plotting the learning curve .........
Plotting the valid learning curve .........
Network Parameters saved!!!!!!!!
Running prediction function on Validation data
Saving reconstructed images .........
Saving histogram of reconstructed image.....
Epoch 632 of 800 took 2.010s
  training loss:		0.999874
  validation loss:		1.024947
Epoch 633 of 800 took 2.021s
  training loss:		0.999879
  validation loss:		1.024934
Epoch 634 of 800 took 2.019s
  training loss:		0.999873
  validation loss:		1.024936
Epoch 635 of 800 took 2.027s
  training loss:		0.999874
  validation loss:		1.024942
Epoch 636 of 800 took 2.022s
  training loss:		0.999874
  validation loss:		1.024947
Epoch 637 of 800 took 2.021s
  training loss:		0.999872
  validation loss:		1.024938
Epoch 638 of 800 took 2.034s
  training loss:		0.999871
  validation loss:		1.024939
Epoch 639 of 800 took 2.026s
  training loss:		0.999872
  validation loss:		1.024938
Epoch 640 of 800 took 2.018s
  training loss:		0.999872
  validation loss:		1.024943
Epoch 641 of 800 took 2.027s
  training loss:		0.999872
  validation loss:		1.024951
('Average Reconstruction Error -- ', 1.0419297476340783)
Plotting the learning curve .........
Plotting the valid learning curve .........
Network Parameters saved!!!!!!!!
Running prediction function on Validation data
Saving reconstructed images .........
Saving histogram of reconstructed image.....
Epoch 642 of 800 took 2.035s
  training loss:		0.999873
  validation loss:		1.024947
Epoch 643 of 800 took 2.007s
  training loss:		0.999872
  validation loss:		1.024940
Epoch 644 of 800 took 2.016s
  training loss:		0.999873
  validation loss:		1.024942
Epoch 645 of 800 took 2.009s
  training loss:		0.999872
  validation loss:		1.024935
Epoch 646 of 800 took 2.001s
  training loss:		0.999875
  validation loss:		1.024940
Epoch 647 of 800 took 2.005s
  training loss:		0.999874
  validation loss:		1.024940
Epoch 648 of 800 took 2.017s
  training loss:		0.999875
  validation loss:		1.024934
Epoch 649 of 800 took 2.005s
  training loss:		0.999876
  validation loss:		1.024943
Epoch 650 of 800 took 2.004s
  training loss:		0.999873
  validation loss:		1.024935
Epoch 651 of 800 took 2.004s
  training loss:		0.999871
  validation loss:		1.024939
('Average Reconstruction Error -- ', 1.041283723080213)
Plotting the learning curve .........
Plotting the valid learning curve .........
Network Parameters saved!!!!!!!!
Running prediction function on Validation data
Saving reconstructed images .........
Saving histogram of reconstructed image.....
Epoch 652 of 800 took 2.083s
  training loss:		0.999871
  validation loss:		1.024939
Epoch 653 of 800 took 2.003s
  training loss:		0.999872
  validation loss:		1.024957
Epoch 654 of 800 took 1.989s
  training loss:		0.999871
  validation loss:		1.024937
Epoch 655 of 800 took 1.983s
  training loss:		0.999872
  validation loss:		1.024940
Epoch 656 of 800 took 1.990s
  training loss:		0.999872
  validation loss:		1.024940
Epoch 657 of 800 took 1.991s
  training loss:		0.999869
  validation loss:		1.024938
Epoch 658 of 800 took 1.989s
  training loss:		0.999870
  validation loss:		1.024937
Epoch 659 of 800 took 2.002s
  training loss:		0.999873
  validation loss:		1.024940
Epoch 660 of 800 took 2.000s
  training loss:		0.999869
  validation loss:		1.024937
Epoch 661 of 800 took 2.004s
  training loss:		0.999869
  validation loss:		1.024934
('Average Reconstruction Error -- ', 1.0406572039658399)
Plotting the learning curve .........
Plotting the valid learning curve .........
Network Parameters saved!!!!!!!!
Running prediction function on Validation data
Saving reconstructed images .........
Saving histogram of reconstructed image.....
Epoch 662 of 800 took 2.025s
  training loss:		0.999869
  validation loss:		1.024939
Epoch 663 of 800 took 1.983s
  training loss:		0.999868
  validation loss:		1.024939
Epoch 664 of 800 took 1.996s
  training loss:		0.999868
  validation loss:		1.024937
Epoch 665 of 800 took 1.980s
  training loss:		0.999869
  validation loss:		1.024938
Epoch 666 of 800 took 1.992s
  training loss:		0.999868
  validation loss:		1.024937
Epoch 667 of 800 took 1.984s
  training loss:		0.999867
  validation loss:		1.024941
Epoch 668 of 800 took 1.987s
  training loss:		0.999869
  validation loss:		1.024936
Epoch 669 of 800 took 1.995s
  training loss:		0.999868
  validation loss:		1.024942
Epoch 670 of 800 took 1.989s
  training loss:		0.999870
  validation loss:		1.024942
Epoch 671 of 800 took 1.992s
  training loss:		0.999871
  validation loss:		1.024933
('Average Reconstruction Error -- ', 1.0400493272623159)
Plotting the learning curve .........
Plotting the valid learning curve .........
Network Parameters saved!!!!!!!!
Running prediction function on Validation data
Saving reconstructed images .........
Saving histogram of reconstructed image.....
Epoch 672 of 800 took 2.024s
  training loss:		0.999871
  validation loss:		1.024945
Epoch 673 of 800 took 1.994s
  training loss:		0.999869
  validation loss:		1.024933
Epoch 674 of 800 took 1.992s
  training loss:		0.999867
  validation loss:		1.024938
Epoch 675 of 800 took 1.992s
  training loss:		0.999870
  validation loss:		1.024941
Epoch 676 of 800 took 1.987s
  training loss:		0.999870
  validation loss:		1.024937
Epoch 677 of 800 took 2.000s
  training loss:		0.999868
  validation loss:		1.024939
Epoch 678 of 800 took 1.999s
  training loss:		0.999859
  validation loss:		1.024939
Epoch 679 of 800 took 1.989s
  training loss:		0.999857
  validation loss:		1.024937
Epoch 680 of 800 took 2.001s
  training loss:		0.999855
  validation loss:		1.024940
Epoch 681 of 800 took 1.992s
  training loss:		0.999854
  validation loss:		1.024935
('Average Reconstruction Error -- ', 1.0394592349416567)
Plotting the learning curve .........
Plotting the valid learning curve .........
Network Parameters saved!!!!!!!!
Running prediction function on Validation data
Saving reconstructed images .........
Saving histogram of reconstructed image.....
Epoch 682 of 800 took 1.981s
  training loss:		0.999851
  validation loss:		1.024946
Epoch 683 of 800 took 2.003s
  training loss:		0.999854
  validation loss:		1.024941
Epoch 684 of 800 took 2.005s
  training loss:		0.999854
  validation loss:		1.024942
Epoch 685 of 800 took 2.013s
  training loss:		0.999851
  validation loss:		1.024941
Epoch 686 of 800 took 2.003s
  training loss:		0.999849
  validation loss:		1.024947
Epoch 687 of 800 took 2.000s
  training loss:		0.999848
  validation loss:		1.024935
Epoch 688 of 800 took 2.009s
  training loss:		0.999852
  validation loss:		1.024936
Epoch 689 of 800 took 2.009s
  training loss:		0.999845
  validation loss:		1.024942
Epoch 690 of 800 took 1.996s
  training loss:		0.999845
  validation loss:		1.024950
Epoch 691 of 800 took 2.004s
  training loss:		0.999842
  validation loss:		1.024935
('Average Reconstruction Error -- ', 1.0388860041128865)
Plotting the learning curve .........
Plotting the valid learning curve .........
Network Parameters saved!!!!!!!!
Running prediction function on Validation data
Saving reconstructed images .........
Saving histogram of reconstructed image.....
Epoch 692 of 800 took 2.038s
  training loss:		0.999841
  validation loss:		1.024938
Epoch 693 of 800 took 1.988s
  training loss:		0.999838
  validation loss:		1.024944
Epoch 694 of 800 took 2.004s
  training loss:		0.999846
  validation loss:		1.024941
Epoch 695 of 800 took 2.003s
  training loss:		0.999850
  validation loss:		1.024931
Epoch 696 of 800 took 1.996s
  training loss:		0.999834
  validation loss:		1.024959
Epoch 697 of 800 took 2.002s
  training loss:		0.999841
  validation loss:		1.024955
Epoch 698 of 800 took 1.988s
  training loss:		0.999851
  validation loss:		1.024932
Epoch 699 of 800 took 1.993s
  training loss:		0.999829
  validation loss:		1.024946
Epoch 700 of 800 took 1.987s
  training loss:		0.999827
  validation loss:		1.024936
Epoch 701 of 800 took 2.003s
  training loss:		0.999824
  validation loss:		1.024943
('Average Reconstruction Error -- ', 1.0383289755095073)
Plotting the learning curve .........
Plotting the valid learning curve .........
Network Parameters saved!!!!!!!!
Running prediction function on Validation data
Saving reconstructed images .........
Saving histogram of reconstructed image.....
Epoch 702 of 800 took 1.998s
  training loss:		0.999823
  validation loss:		1.024938
Epoch 703 of 800 took 2.019s
  training loss:		0.999820
  validation loss:		1.024944
Epoch 704 of 800 took 2.009s
  training loss:		0.999820
  validation loss:		1.024948
Epoch 705 of 800 took 2.009s
  training loss:		0.999824
  validation loss:		1.024935
Epoch 706 of 800 took 1.992s
  training loss:		0.999816
  validation loss:		1.024944
Epoch 707 of 800 took 1.999s
  training loss:		0.999814
  validation loss:		1.024936
Epoch 708 of 800 took 1.993s
  training loss:		0.999813
  validation loss:		1.024954
Epoch 709 of 800 took 1.986s
  training loss:		0.999816
  validation loss:		1.024916
Epoch 710 of 800 took 1.993s
  training loss:		0.999812
  validation loss:		1.024948
Epoch 711 of 800 took 1.990s
  training loss:		0.999804
  validation loss:		1.024922
('Average Reconstruction Error -- ', 1.0377873073432595)
Plotting the learning curve .........
Plotting the valid learning curve .........
Network Parameters saved!!!!!!!!
Running prediction function on Validation data
Saving reconstructed images .........
Saving histogram of reconstructed image.....
Epoch 712 of 800 took 2.003s
  training loss:		0.999804
  validation loss:		1.024931
Epoch 713 of 800 took 1.997s
  training loss:		0.999812
  validation loss:		1.024938
Epoch 714 of 800 took 1.984s
  training loss:		0.999818
  validation loss:		1.024974
Epoch 715 of 800 took 1.988s
  training loss:		0.999874
  validation loss:		1.024909
Epoch 716 of 800 took 1.982s
  training loss:		0.999812
  validation loss:		1.024944
Epoch 717 of 800 took 1.996s
  training loss:		0.999821
  validation loss:		1.024964
Epoch 718 of 800 took 2.002s
  training loss:		0.999832
  validation loss:		1.024907
Epoch 719 of 800 took 1.983s
  training loss:		0.999805
  validation loss:		1.024929
Epoch 720 of 800 took 1.987s
  training loss:		0.999807
  validation loss:		1.024945
Epoch 721 of 800 took 1.985s
  training loss:		0.999804
  validation loss:		1.024909
('Average Reconstruction Error -- ', 1.0372606996201232)
Plotting the learning curve .........
Plotting the valid learning curve .........
Network Parameters saved!!!!!!!!
Running prediction function on Validation data
Saving reconstructed images .........
Saving histogram of reconstructed image.....
Epoch 722 of 800 took 2.021s
  training loss:		0.999799
  validation loss:		1.024940
Epoch 723 of 800 took 2.011s
  training loss:		0.999795
  validation loss:		1.024922
Epoch 724 of 800 took 2.004s
  training loss:		0.999795
  validation loss:		1.024960
Epoch 725 of 800 took 2.005s
  training loss:		0.999809
  validation loss:		1.024908
Epoch 726 of 800 took 2.004s
  training loss:		0.999797
  validation loss:		1.024933
Epoch 727 of 800 took 2.008s
  training loss:		0.999802
  validation loss:		1.024906
Epoch 728 of 800 took 2.015s
  training loss:		0.999790
  validation loss:		1.024925
Epoch 729 of 800 took 2.005s
  training loss:		0.999786
  validation loss:		1.024950
Epoch 730 of 800 took 2.013s
  training loss:		0.999810
  validation loss:		1.024897
Epoch 731 of 800 took 2.013s
  training loss:		0.999774
  validation loss:		1.024921
('Average Reconstruction Error -- ', 1.0367481831282492)
Plotting the learning curve .........
Plotting the valid learning curve .........
Network Parameters saved!!!!!!!!
Running prediction function on Validation data
Saving reconstructed images .........
Saving histogram of reconstructed image.....
Epoch 732 of 800 took 1.975s
  training loss:		0.999778
  validation loss:		1.024924
Epoch 733 of 800 took 2.075s
  training loss:		0.999793
  validation loss:		1.024939
Epoch 734 of 800 took 2.020s
  training loss:		0.999792
  validation loss:		1.024900
Epoch 735 of 800 took 2.007s
  training loss:		0.999774
  validation loss:		1.024936
Epoch 736 of 800 took 2.013s
  training loss:		0.999816
  validation loss:		1.024977
Epoch 737 of 800 took 2.016s
  training loss:		0.999858
  validation loss:		1.024904
Epoch 738 of 800 took 2.009s
  training loss:		0.999825
  validation loss:		1.024936
Epoch 739 of 800 took 2.008s
  training loss:		0.999781
  validation loss:		1.024916
Epoch 740 of 800 took 2.014s
  training loss:		0.999764
  validation loss:		1.024916
Epoch 741 of 800 took 2.020s
  training loss:		0.999765
  validation loss:		1.024901
('Average Reconstruction Error -- ', 1.0362494849901109)
Plotting the learning curve .........
Plotting the valid learning curve .........
Network Parameters saved!!!!!!!!
Running prediction function on Validation data
Saving reconstructed images .........
Saving histogram of reconstructed image.....
Epoch 742 of 800 took 2.521s
  training loss:		0.999767
  validation loss:		1.024899
Epoch 743 of 800 took 2.555s
  training loss:		0.999754
  validation loss:		1.024907
Epoch 744 of 800 took 2.544s
  training loss:		0.999775
  validation loss:		1.024955
Epoch 745 of 800 took 2.547s
  training loss:		0.999802
  validation loss:		1.024909
Epoch 746 of 800 took 2.549s
  training loss:		0.999782
  validation loss:		1.024892
Epoch 747 of 800 took 2.559s
  training loss:		0.999754
  validation loss:		1.024912
Epoch 748 of 800 took 2.551s
  training loss:		0.999738
  validation loss:		1.024911
Epoch 749 of 800 took 2.555s
  training loss:		0.999746
  validation loss:		1.024905
Epoch 750 of 800 took 2.548s
  training loss:		0.999754
  validation loss:		1.024877
Epoch 751 of 800 took 2.550s
  training loss:		0.999739
  validation loss:		1.024886
('Average Reconstruction Error -- ', 1.0357636199518447)
Plotting the learning curve .........
Plotting the valid learning curve .........
Network Parameters saved!!!!!!!!
Running prediction function on Validation data
Saving reconstructed images .........
Saving histogram of reconstructed image.....
Epoch 752 of 800 took 2.017s
  training loss:		0.999740
  validation loss:		1.024898
Epoch 753 of 800 took 2.004s
  training loss:		0.999740
  validation loss:		1.024865
Epoch 754 of 800 took 1.994s
  training loss:		0.999731
  validation loss:		1.024881
Epoch 755 of 800 took 2.010s
  training loss:		0.999724
  validation loss:		1.024880
Epoch 756 of 800 took 2.006s
  training loss:		0.999739
  validation loss:		1.024920
Epoch 757 of 800 took 1.986s
  training loss:		0.999779
  validation loss:		1.024881
Epoch 758 of 800 took 1.997s
  training loss:		0.999738
  validation loss:		1.024894
Epoch 759 of 800 took 1.994s
  training loss:		0.999733
  validation loss:		1.024886
Epoch 760 of 800 took 1.996s
  training loss:		0.999722
  validation loss:		1.024871
Epoch 761 of 800 took 2.002s
  training loss:		0.999718
  validation loss:		1.024882
('Average Reconstruction Error -- ', 1.0352902003817885)
Plotting the learning curve .........
Plotting the valid learning curve .........
Network Parameters saved!!!!!!!!
Running prediction function on Validation data
Saving reconstructed images .........
Saving histogram of reconstructed image.....
Epoch 762 of 800 took 2.022s
  training loss:		0.999719
  validation loss:		1.024861
Epoch 763 of 800 took 2.024s
  training loss:		0.999715
  validation loss:		1.024887
Epoch 764 of 800 took 2.018s
  training loss:		0.999719
  validation loss:		1.024865
Epoch 765 of 800 took 2.007s
  training loss:		0.999711
  validation loss:		1.024885
Epoch 766 of 800 took 2.010s
  training loss:		0.999711
  validation loss:		1.024861
Epoch 767 of 800 took 2.003s
  training loss:		0.999717
  validation loss:		1.024914
Epoch 768 of 800 took 2.013s
  training loss:		0.999727
  validation loss:		1.024827
Epoch 769 of 800 took 2.006s
  training loss:		0.999696
  validation loss:		1.024879
Epoch 770 of 800 took 1.998s
  training loss:		0.999712
  validation loss:		1.024902
Epoch 771 of 800 took 2.007s
  training loss:		0.999737
  validation loss:		1.024835
('Average Reconstruction Error -- ', 1.0348288009686699)
Plotting the learning curve .........
Plotting the valid learning curve .........
Network Parameters saved!!!!!!!!
Running prediction function on Validation data
Saving reconstructed images .........
Saving histogram of reconstructed image.....
Epoch 772 of 800 took 2.010s
  training loss:		0.999677
  validation loss:		1.024774
Epoch 773 of 800 took 2.019s
  training loss:		0.999647
  validation loss:		1.024749
Epoch 774 of 800 took 2.017s
  training loss:		0.999615
  validation loss:		1.024754
Epoch 775 of 800 took 2.008s
  training loss:		0.999669
  validation loss:		1.024969
Epoch 776 of 800 took 2.023s
  training loss:		0.999816
  validation loss:		1.024805
Epoch 777 of 800 took 2.020s
  training loss:		0.999707
  validation loss:		1.024653
Epoch 778 of 800 took 2.013s
  training loss:		0.999579
  validation loss:		1.024654
Epoch 779 of 800 took 2.023s
  training loss:		0.999703
  validation loss:		1.025001
Epoch 780 of 800 took 2.010s
  training loss:		0.999912
  validation loss:		1.024998
Epoch 781 of 800 took 2.015s
  training loss:		0.999929
  validation loss:		1.024993
('Average Reconstruction Error -- ', 1.0343793355169628)
Plotting the learning curve .........
Plotting the valid learning curve .........
Network Parameters saved!!!!!!!!
Running prediction function on Validation data
Saving reconstructed images .........
Saving histogram of reconstructed image.....
Epoch 782 of 800 took 1.960s
  training loss:		0.999929
  validation loss:		1.025000
Epoch 783 of 800 took 2.022s
  training loss:		0.999923
  validation loss:		1.024920
Epoch 784 of 800 took 2.031s
  training loss:		0.999901
  validation loss:		1.024910
Epoch 785 of 800 took 2.020s
  training loss:		0.999899
  validation loss:		1.024917
Epoch 786 of 800 took 2.028s
  training loss:		0.999880
  validation loss:		1.024918
Epoch 787 of 800 took 2.028s
  training loss:		0.999880
  validation loss:		1.024905
Epoch 788 of 800 took 2.024s
  training loss:		0.999894
  validation loss:		1.024900
Epoch 789 of 800 took 2.032s
  training loss:		0.999877
  validation loss:		1.024905
Epoch 790 of 800 took 2.026s
  training loss:		0.999884
  validation loss:		1.024894
Epoch 791 of 800 took 2.027s
  training loss:		0.999880
  validation loss:		1.024900
('Average Reconstruction Error -- ', 1.0339433726394873)
Plotting the learning curve .........
Plotting the valid learning curve .........
Network Parameters saved!!!!!!!!
Running prediction function on Validation data
Saving reconstructed images .........
Saving histogram of reconstructed image.....
Epoch 792 of 800 took 2.025s
  training loss:		0.999881
  validation loss:		1.024893
Epoch 793 of 800 took 2.002s
  training loss:		0.999874
  validation loss:		1.024902
Epoch 794 of 800 took 1.987s
  training loss:		0.999873
  validation loss:		1.024897
Epoch 795 of 800 took 1.996s
  training loss:		0.999872
  validation loss:		1.024893
Epoch 796 of 800 took 1.983s
  training loss:		0.999864
  validation loss:		1.024895
Epoch 797 of 800 took 1.997s
  training loss:		0.999867
  validation loss:		1.024899
Epoch 798 of 800 took 1.993s
  training loss:		0.999860
  validation loss:		1.024892
Epoch 799 of 800 took 1.992s
  training loss:		0.999853
  validation loss:		1.024896
Epoch 800 of 800 took 1.985s
  training loss:		0.999852
  validation loss:		1.024898
Creating hdf5 file for 100 pred images and saving to ./output_files/.......
Visualizing Saliency map .........
Traceback (most recent call last):
  File "Unsupervised_DCAE.py", line 462, in <module>
    main(**{k:v for (k,v) in vars(args).items() if v is not None})
  File "Unsupervised_DCAE.py", line 429, in main
    visualize_saliency_map(X_train, X_sal, max_class, outfolder)
  File "/global/u1/s/ssingh79/convolutional_autoencoder-master/Models/Theoretical_model/visualize.py", line 223, in visualize_saliency_map
    plt.imshow((np.maximum(0, saliency) / saliency.max()))
  File "/usr/common/software/python/2.7-anaconda/envs/deeplearning/lib/python2.7/site-packages/matplotlib/pyplot.py", line 3022, in imshow
    **kwargs)
  File "/usr/common/software/python/2.7-anaconda/envs/deeplearning/lib/python2.7/site-packages/matplotlib/__init__.py", line 1812, in inner
    return func(ax, *args, **kwargs)
  File "/usr/common/software/python/2.7-anaconda/envs/deeplearning/lib/python2.7/site-packages/matplotlib/axes/_axes.py", line 4947, in imshow
    im.set_data(X)
  File "/usr/common/software/python/2.7-anaconda/envs/deeplearning/lib/python2.7/site-packages/matplotlib/image.py", line 453, in set_data
    raise TypeError("Invalid dimensions for image data")
TypeError: Invalid dimensions for image data
